Estimating the best threshold for each object in each situation ...
  bank_credit
  job_search_IT
  accommodation_search
  job_search_waiter_waitress
Done!
Extracting and Ranking optimal thresh per situ...
Estimating a tau max for each situation ...
  job_search_IT
{'notebook': [0.5, 1.0909090909090908], 'book': [0.96, 1.0], 'bicycle': [0.52, 1.0], 'mountain_bike': [0.82, 1.0], 'rowing': [0.0, 0.75], 'paddle': [0.41, 0.75], 'baseball': [0.0, 0.75], 'bookshop': [0.95, 0.5454545454545454], 'guitar': [0.9, 0.5], 'backpack': [0.42, 0.5], 'unicycle': [0.55, 0.5], 'ski': [0.34, 0.5], 'wheelchair': [0.0, 0.2727272727272727], 'stretcher': [0.89, 0.2727272727272727], 'laptop': [0.6, 0.2727272727272727], 'crib': [0.0, 0.2727272727272727], 'piano': [0.51, 0.25], 'trombone': [0.0, 0.25], 'trumpet': [0.0, 0.25], 'wicket': [0.0, 0.25], 'bow': [0.43, 0.25], 'boomerang': [0.35, 0.25], 'guacamole': [0.0, 0.25], 'wine': [0.39, -0.25], 'cocktail': [0.46, -0.25], 'jeep': [0.0, -0.25], 'fighter': [0.45, -0.25], 'ax': [0.84, -0.25], 'chain_saw': [0.37, -0.25], 'knife': [0.64, -0.5], 'chicha': [0.0, -1.0], 'scimitar': [0.0, -1.0], 'missile': [0.35, -1.0], 'bikini': [0.32, -1.0], 'slot': [0.83, -1.153846153846154], 'weed': [0.0, -1.5], 'stiletto': [0.0, -1.5], 'nude_body': [0.0, -1.5], 'cannabis_leaf': [0.0, -1.75], 'joint': [0.0, -1.75], 'cocain': [0.0, -2.0], 'rifle': [0.72, -2.0], 'bullet': [0.0, -2.0], 'pistol': [0.0, -2.5], 'machine_gun': [0.74, -2.5], 'revolver': [0.0, -2.5]}
  bank_credit
{'tennis': [0.57, 0.6923076923076923], 'guitar': [0.9, 0.5], 'piano': [0.51, 0.5], 'cello': [0.0, 0.5], 'bicycle': [0.76, 0.46153846153846156], 'canoe': [0.91, 0.46153846153846156], 'paddle': [0.41, 0.46153846153846156], 'ski': [0.34, 0.46153846153846156], 'volleyball': [0.0, 0.46153846153846156], 'mountain_bike': [0.95, 0.2727272727272727], 'castle': [0.49, 0.25], 'drum': [0.38, 0.25], 'trombone': [0.0, 0.25], 'suitcase': [0.56, 0.25], 'cress': [0.53, 0.25], 'hip': [0.73, 0.25], 'guacamole': [0.0, 0.25], 'cucumber': [0.66, 0.25], 'spinach': [0.0, 0.25], 'salmon': [0.95, 0.25], 'pomegranate': [0.0, 0.25], 'gown': [0.0, 0.23076923076923078], 'wicket': [0.0, 0.23076923076923078], 'rowing': [0.0, 0.23076923076923078], 'wine_glass': [0.54, -0.25], 'beer': [0.64, -0.25], 'cocktail': [0.46, -0.25], 'brew': [0.73, -0.25], 'canteen': [0.47, -0.25], 'doll': [0.33, -0.25], 'chain_saw': [0.37, -0.25], 'chisel': [0.0, -0.25], 'cookie': [0.39, -0.25], 'candy': [0.0, -0.25], 'muffin': [0.95, -0.25], 'ice_cream': [0.0, -0.25], 'espresso': [0.0, -0.25], 'hamburger': [0.0, -0.25], 'doughnut': [0.0, -0.25], 'hot_dog': [0.36, -0.25], 'christmas_tree': [0.82, -0.25], 'golf_ball': [0.0, -0.25], 'ipod': [0.36, -0.25], 'jeep': [0.0, -0.2727272727272727], 'fighter': [0.51, -0.2727272727272727], 'jockey': [0.93, -0.46153846153846156], 'wine': [0.0, -0.5], 'corkscrew': [0.32, -0.5], 'red_wine': [0.0, -0.5], 'aircraft_carrier': [0.61, -0.5454545454545454], 'interceptor': [0.33, -0.5454545454545454], 'missile': [0.0, -0.8181818181818181], 'limousine': [0.85, -1.0], 'demonstration': [0.0, -1.0909090909090908], 'police_van': [0.0, -1.0909090909090908], 'sword': [0.0, -1.153846153846154], 'nude_body': [0.0, -1.3846153846153846], 'knife': [0.0, -1.5], 'scimitar': [0.0, -1.6153846153846154], 'tank': [0.94, -1.6363636363636362], 'card': [0.0, -1.75], 'e_cig': [0.0, -1.75], 'chicha': [0.0, -1.75], 'stiletto': [0.0, -1.8461538461538463], 'slot': [0.82, -2.0], 'scratch_card': [0.0, -2.0], 'cigarette_pack': [0.0, -2.0], 'cigarette': [0.0, -2.0], 'casino': [0.0, -2.25], 'dice': [0.0, -2.25], 'cannabis_leaf': [0.0, -2.25], 'cocain': [0.0, -2.25], 'joint': [0.0, -2.5], 'pistol': [0.32, -2.5384615384615383], 'rifle': [0.72, -2.5384615384615383], 'bullet': [0.51, -2.5384615384615383], 'machine_gun': [0.74, -2.5384615384615383], 'revolver': [0.0, -2.769230769230769], 'weed': [0.0, -3.0]}
  job_search_waiter_waitress
{'parfait': [0.0, 1.3636363636363635], 'trifle': [0.0, 1.3636363636363635], 'tart': [0.34, 1.0909090909090908], 'cappuccino': [0.6, 1.0909090909090908], 'pizza': [0.0, 1.0909090909090908], 'shortcake': [0.0, 1.0909090909090908], 'hot_pot': [0.36, 1.0909090909090908], 'tiramisu': [0.0, 1.0909090909090908], 'dessert': [0.31, 1.0909090909090908], 'cookie': [0.0, 1.0909090909090908], 'orange_juice': [0.0, 1.0909090909090908], 'goblet': [0.59, 1.0909090909090908], 'brew': [0.44, 1.0909090909090908], 'eggnog': [0.0, 1.0909090909090908], 'sidecar': [0.0, 1.0909090909090908], 'ice_cream': [0.0, 0.8181818181818181], 'salad': [0.45, 0.8181818181818181], 'pasta': [0.7, 0.8181818181818181], 'tea': [0.0, 0.8181818181818181], 'pastry': [0.0, 0.8181818181818181], 'cocktail': [0.5, 0.8181818181818181], 'waffle': [0.0, 0.5454545454545454], 'muffin': [0.59, 0.5454545454545454], 'nacho': [0.0, 0.5454545454545454], 'shrimp': [0.0, 0.5454545454545454], 'beer': [0.56, 0.5454545454545454], 'gown': [0.0, 0.2727272727272727], 'sandwich': [0.55, 0.2727272727272727], 'lemon': [0.77, 0.2727272727272727], 'hamburger': [0.68, 0.2727272727272727], 'speedboat': [0.43, -0.30000000000000004], 'ax': [0.61, -0.5454545454545454], 'cannabis_leaf': [0.0, -1.0909090909090908], 'joint': [0.0, -1.3636363636363635], 'weed': [0.0, -1.3636363636363635], 'scimitar': [0.0, -1.3636363636363635], 'stiletto': [0.0, -1.3636363636363635], 'machine_gun': [0.74, -1.6363636363636362], 'rifle': [0.6, -1.6363636363636362], 'bullet': [0.51, -1.9090909090909092], 'pistol': [0.32, -2.1818181818181817], 'revolver': [0.0, -2.1818181818181817], 'cocain': [0.0, -2.727272727272727]}
  accommodation_search
{'book': [0.96, 1.153846153846154], 'ski': [0.41, 0.6923076923076923], 'hip': [0.73, 0.25], 'rowing': [0.0, 0.23076923076923078], 'beer': [0.34, -0.25], 'cocktail': [0.46, -0.25], 'missile': [0.0, -1.0], 'knife': [0.64, -1.153846153846154], 'dice': [0.42, -1.153846153846154], 'tank': [0.94, -1.3846153846153846], 'bob_marley': [0.0, -1.3846153846153846], 'sword': [0.0, -1.3846153846153846], 'scratch_card': [0.0, -1.6153846153846154], 'chicha': [0.0, -1.8461538461538463], 'scimitar': [0.0, -1.8461538461538463], 'slot': [0.77, -1.8461538461538463], 'casino': [0.0, -1.8461538461538463], 'stiletto': [0.0, -2.0769230769230766], 'cigarette': [0.0, -2.307692307692308], 'cannabis_leaf': [0.0, -2.307692307692308], 'cigarette_pack': [0.0, -2.5384615384615383], 'joint': [0.0, -2.769230769230769], 'machine_gun': [0.73, -2.769230769230769], 'rifle': [0.72, -2.769230769230769], 'cocain': [0.0, -3.0], 'weed': [0.0, -3.0], 'pistol': [0.32, -3.0], 'revolver': [0.0, -3.0], 'bullet': [0.51, -3.0]}
{'job_search_IT': 0.5456016757000192, 'bank_credit': 0.5891190297351705, 'job_search_waiter_waitress': 0.5875160715251413, 'accommodation_search': 0.6077398468160722}
Done!
Calculating final correlation by situation ...
  job_search_IT
Automatic Eval: 
[-0.18855236  0.29875571 -0.12540143  0.15601779  0.37207312  0.20412101
  0.12831778  0.30513205 -0.07891795  0.23756106  0.21488034  0.54229086
  0.02191754  0.48738536  0.33455395  0.5313619   0.20888004  0.13753483
  0.35569943  0.28160226  0.18800504 -0.08097088  0.48007044  0.40677655
  0.32627111  0.2312567   0.06453859  0.1807701   0.          0.23147355]
Manual Eval: 
[ 0.57142857  0.71428571  0.          0.28571429  0.42857143  0.85714286
  0.42857143  0.14285714  0.42857143  0.14285714  0.          0.85714286
  0.28571429  1.14285714 -0.28571429 -0.28571429  0.85714286  0.42857143
  1.42857143  0.14285714  0.71428571  0.42857143  0.14285714  1.14285714
  0.85714286  0.71428571  0.57142857  0.57142857  0.42857143 -0.14285714]
  bank_credit
Automatic Eval: 
[ 0.16141484 -0.50597601 -0.2925915   0.40145588  0.09947084  0.22269541
 -0.17437512 -0.04636444 -0.26158666  0.08140259  0.05259647  0.26730723
 -0.1932957  -0.05879702 -0.31142839 -0.10516809  0.13304034 -0.12443679
  0.15749985 -0.120076    0.08111597 -0.42343076  0.14782496 -0.08788745
  0.17899182  0.09366706  0.07983954  0.11216981  0.24418038  0.01652037]
Manual Eval: 
[ 0.28571429  0.14285714 -0.42857143 -0.57142857  0.85714286  0.57142857
  0.28571429 -0.14285714 -0.14285714 -0.28571429 -0.28571429  0.85714286
  0.28571429  0.14285714 -0.71428571 -0.57142857  0.42857143  0.28571429
  1.         -0.14285714  0.42857143  0.42857143 -0.57142857  0.71428571
  1.          0.71428571  0.85714286  0.42857143  0.28571429  0.        ]
  job_search_waiter_waitress
Automatic Eval: 
[-0.41138698  0.26164952  0.33589876  0.          0.48377273  0.35347947
 -0.56431839  0.46782122  0.60198839  0.60777678  0.22349811  0.
 -0.24931914  0.50328331  0.12865596  0.44576092  0.         -0.29522353
  0.          0.41823542  0.         -0.68171875 -0.00963009  0.38819048
 -0.49942316  0.          0.         -0.38962201 -0.1439482   0.55122726]
Manual Eval: 
[ 0.42857143  0.71428571  0.14285714  1.14285714  0.42857143  0.85714286
 -0.28571429  1.28571429  1.42857143  0.57142857  0.          0.71428571
  0.28571429  0.71428571 -0.42857143  0.71428571  0.14285714 -0.28571429
  0.57142857  1.57142857  0.42857143  0.28571429  0.28571429  0.14285714
  1.14285714  0.14285714  0.71428571  0.42857143  0.          0.14285714]
  accommodation_search
Automatic Eval: 
[ 0.          0.28948601 -0.29088963  0.08457778 -0.07729772 -1.55155063
 -1.31989422 -0.12233873 -0.27265492 -0.14189055 -0.13016781  0.
 -1.84372539  0.13352785  0.0392228   0.49871428  0.         -0.27164598
  0.          0.5301582   0.         -0.59991149  0.76392332  0.10380655
 -1.36604179  0.          0.04307383  0.          0.          0.        ]
Manual Eval: 
[ 0.71428571  0.14285714 -0.28571429 -0.71428571  0.85714286  0.42857143
 -0.14285714 -0.14285714 -0.28571429  0.         -0.57142857  0.85714286
 -0.28571429  0.28571429 -0.28571429  0.          1.          0.57142857
  1.28571429  0.          0.57142857  0.57142857  0.28571429  0.57142857
  0.85714286  0.71428571  1.          0.42857143  0.71428571 -0.14285714]
Done!
{'job_search_IT': 0.10093995943896777, 'bank_credit': 0.25223085962168806, 'job_search_waiter_waitress': 0.24267330086749556, 'accommodation_search': 0.047090908763177675}
