Estimating the best threshold for each object in each situation ...
  job_search_waiter_waitress
  job_search_IT
  bank_credit
  accommodation_search
Done!
Extracting and Ranking optimal thresh per situ...
Done !
Estimating a tau max for each situation ...
  job_search_IT
{'notebook': [0.31, 1.0909090909090908], 'book': [0.97, 1.0], 'bicycle': [0.73, 1.0], 'mountain_bike': [0.38, 1.0], 'web_site': [0.99, 0.8181818181818181], 'tennis': [0.95, 0.75], 'boat': [0.87, 0.75], 'rugby': [0.99, 0.75], 'rowing': [0.71, 0.75], 'volleyball': [0.91, 0.75], 'paddle': [0.0, 0.75], 'baseball': [0.34, 0.75], 'golf': [0.61, 0.75], 'drone': [1.0, 0.75], 'calculator': [0.0, 0.5454545454545454], 'headset': [0.66, 0.5454545454545454], 'bookshop': [0.83, 0.5454545454545454], 'nursery': [0.8, 0.5454545454545454], 'drum': [1.0, 0.5], 'guitar': [0.86, 0.5], 'violin': [0.95, 0.5], 'backpack': [0.95, 0.5], 'surfboard': [1.0, 0.5], 'jockey': [0.99, 0.5], 'stick': [0.0, 0.5], 'unicycle': [0.98, 0.5], 'ski': [0.45, 0.5], 'canoe': [0.98, 0.5], 'horse': [1.0, 0.5], 'salad': [0.98, 0.5], 'peach': [0.5, 0.5], 'fruit_salad': [0.94, 0.5], 'wheelchair': [0.63, 0.2727272727272727], 'stretcher': [0.79, 0.2727272727272727], 'tie': [1.0, 0.2727272727272727], 'sunflower': [1.0, 0.2727272727272727], 'houseplant': [0.73, 0.2727272727272727], 'microphone': [1.0, 0.2727272727272727], 'stamp': [0.93, 0.2727272727272727], 'laptop': [0.9, 0.2727272727272727], 'dome': [0.42, 0.2727272727272727], 'bonnet': [0.77, 0.2727272727272727], 'diaper': [0.98, 0.2727272727272727], 'crib': [0.83, 0.2727272727272727], 'gondola': [0.85, 0.2608695652173913], 'cello': [0.91, 0.25], 'castle': [0.0, 0.25], 'harp': [0.98, 0.25], 'piano': [0.33, 0.25], 'sculpture': [1.0, 0.25], 'trombone': [0.95, 0.25], 'dinosaur': [1.0, 0.25], 'flute': [1.0, 0.25], 'trumpet': [0.32, 0.25], 'roller_skates': [0.97, 0.25], 'skateboard': [0.36, 0.25], 'wicket': [1.0, 0.25], 'snorkel': [0.97, 0.25], 'segway': [0.0, 0.25], 'bow': [1.0, 0.25], 'boomerang': [0.81, 0.25], 'jet_ski': [0.76, 0.25], 'beer': [0.32, 0.25], 'tea': [0.99, 0.25], 'tomato': [1.0, 0.25], 'pomegranate': [1.0, 0.25], 'pineapple': [0.93, 0.25], 'waffle': [0.35, 0.25], 'tiramisu': [0.48, 0.25], 'mango': [0.75, 0.25], 'orange_juice': [0.68, 0.25], 'grapefruit': [0.61, 0.25], 'orange': [0.94, 0.25], 'croissant': [0.97, 0.25], 'guacamole': [1.0, 0.25], 'espresso': [0.8, 0.25], 'grape': [0.84, 0.25], 'coffee_cup': [0.44, 0.25], 'bell_pepper': [1.0, 0.25], 'motorcycle': [0.6, 0.25], 'liner': [0.32, 0.25], 'trimaran': [0.93, 0.25], 'trench_coat': [0.99, 0.25], 'dogsled': [0.98, 0.25], 'sea_lion': [0.96, 0.25], 'cannon': [0.0, 0.0], 'scissors': [0.0, 0.0], 'toilet': [0.0, 0.0], 'skull': [0.0, 0.0], 'fedora': [0.0, 0.0], 'printer': [0.0, 0.0], 'flower': [0.0, 0.0], 'bakery': [0.0, 0.0], 'limousine': [0.0, 0.0], 'perfume': [0.0, 0.0], 'golf_cart': [0.0, 0.0], 'ipod': [0.0, 0.0], 'golf_ball': [0.0, 0.0], 'oyster': [0.0, 0.0], 'parachute': [0.0, 0.0], 'corkscrew': [0.0, 0.0], 'eggnog': [0.0, 0.0], 'bottle_opener': [0.0, 0.0], 'goblet': [0.0, 0.0], 'canteen': [0.0, 0.0], 'champagne': [0.0, 0.0], 'wine_glass': [0.0, 0.0], 'fish': [0.0, 0.0], 'apple': [0.0, 0.0], 'sushi': [0.0, 0.0], 'cherry': [0.0, 0.0], 'dough': [0.0, 0.0], 'cheeseburger': [0.0, 0.0], 'trifle': [0.0, 0.0], 'pretzel': [0.0, 0.0], 'mushroom': [0.0, 0.0], 'spinach': [0.0, 0.0], 'acorn': [0.0, 0.0], 'banana': [0.0, 0.0], 'jam': [0.0, 0.0], 'corn': [0.0, 0.0], 'guava': [0.0, 0.0], 'jackfruit': [0.0, 0.0], 'sandwich': [0.0, 0.0], 'chowder': [0.0, 0.0], 'carbonara': [0.0, 0.0], 'strawberry': [0.0, 0.0], 'asparagus': [0.0, 0.0], 'salmon': [0.0, 0.0], 'parfait': [0.0, 0.0], 'french_fries': [0.0, 0.0], 'broccoli': [0.0, 0.0], 'hot_dog': [0.0, 0.0], 'dessert': [0.0, 0.0], 'meat_loaf': [0.0, 0.0], 'cucumber': [0.0, 0.0], 'pasta': [0.0, 0.0], 'barbecue': [0.0, 0.0], 'butternut_squash': [0.0, 0.0], 'porridge': [0.0, 0.0], 'chili': [0.0, 0.0], 'muffin': [0.0, 0.0], 'granny_smith': [0.0, 0.0], 'bok_choy': [0.0, 0.0], 'rapeseed': [0.0, 0.0], 'pancake': [0.0, 0.0], 'doughnut': [0.0, 0.0], 'coconut': [0.0, 0.0], 'soup': [0.0, 0.0], 'bagel': [0.0, 0.0], 'lobster': [0.0, 0.0], 'honey': [0.0, 0.0], 'pizza': [0.0, 0.0], 'spoon': [0.0, 0.0], 'carrot': [0.0, 0.0], 'artichoke': [0.0, 0.0], 'western': [0.0, 0.0], 'oatmeal': [0.0, 0.0], 'potato': [0.0, 0.0], 'durian': [0.0, 0.0], 'congee': [0.0, 0.0], 'nacho': [0.0, 0.0], 'egg': [0.0, 0.0], 'ice_cream': [0.0, 0.0], 'watermelon': [0.0, 0.0], 'rambutan': [0.0, 0.0], 'buckeye': [0.0, 0.0], 'candy': [0.0, 0.0], 'tart': [0.0, 0.0], 'cookie': [0.0, 0.0], 'lemon': [0.0, 0.0], 'cress': [0.0, 0.0], 'persimmon': [0.0, 0.0], 'pear': [0.0, 0.0], 'water_bottle': [0.0, 0.0], 'hot_pot': [0.0, 0.0], 'pumpkin': [0.0, 0.0], 'popcorn': [0.0, 0.0], 'marinara': [0.0, 0.0], 'pudding': [0.0, 0.0], 'cake': [0.0, 0.0], 'chard': [0.0, 0.0], 'bread': [0.0, 0.0], 'burrito': [0.0, 0.0], 'pastry': [0.0, 0.0], 'shortcake': [0.0, 0.0], 'milk': [0.0, 0.0], 'flan': [0.0, 0.0], 'spaghetti': [0.0, 0.0], 'jalapeno': [0.0, 0.0], 'gyro': [0.0, 0.0], 'parsnip': [0.0, 0.0], 'cauliflower': [0.0, 0.0], 'supermarket': [0.0, 0.0], 'hamburger': [0.0, 0.0], 'celery': [0.0, 0.0], 'chestnut': [0.0, 0.0], 'omelet': [0.0, 0.0], 'gazpacho': [0.0, 0.0], 'cabbage': [0.0, 0.0], 'hip': [0.0, 0.0], 'cappuccino': [0.0, 0.0], 'zucchini': [0.0, 0.0], 'quince': [0.0, 0.0], 'fig': [0.0, 0.0], 'lettuce': [0.0, 0.0], 'crab': [0.0, 0.0], 'shrimp': [0.0, 0.0], 'synagogue': [0.0, 0.0], 'cathedral': [0.0, 0.0], 'totem_pole': [0.0, 0.0], 'church': [0.0, 0.0], 'mosque': [0.0, 0.0], 'interceptor': [0.0, 0.0], 'tricycle': [0.0, 0.0], 'motorboat': [0.0, 0.0], 'aircraft_carrier': [0.0, 0.0], 'speedboat': [0.0, 0.0], 'seat_belt': [0.0, 0.0], 'chisel': [0.0, 0.0], 'hammer': [0.0, 0.0], 'drill': [0.0, 0.0], 'shovel': [0.0, 0.0], 'press': [0.0, 0.0], 'gown': [0.0, 0.0], 'collar': [0.0, 0.0], 'apron': [0.0, 0.0], 'maillot': [0.0, 0.0], 'sarong': [0.0, 0.0], 'bow_tie': [0.0, 0.0], 'fancy_dress': [0.0, 0.0], 'card': [0.0, 0.0], 'suitcase': [0.0, 0.0], 'palm_tree': [0.0, 0.0], 'record_player': [0.98, -0.25], 'bob_marley': [0.0, -0.25], 'wine': [0.95, -0.25], 'red_wine': [0.93, -0.25], 'cocktail': [0.38, -0.25], 'sidecar': [0.31, -0.25], 'wine_bottle': [0.53, -0.25], 'jeep': [0.85, -0.25], 'fighter': [0.65, -0.25], 'hatchet': [0.93, -0.25], 'saw': [0.63, -0.25], 'ax': [0.71, -0.25], 'chain_saw': [0.73, -0.25], 'police_boat': [0.0, -0.2727272727272727], 'police_van': [1.0, -0.2727272727272727], 'ambulance': [0.99, -0.2727272727272727], 'clipper': [0.78, -0.2727272727272727], 'sombrero': [0.95, -0.2727272727272727], 'christmas_tree': [0.62, -0.2727272727272727], 'doll': [0.54, -0.2727272727272727], 'dice': [0.99, -0.46153846153846156], 'e_cig': [0.0, -0.5], 'brew': [0.72, -0.5], 'knife': [0.99, -0.5], 'demonstration': [0.0, -0.5454545454545454], 'tank': [0.98, -0.5454545454545454], 'banner': [0.99, -0.5454545454545454], 'cigarette': [0.0, -0.75], 'cigarette_pack': [0.0, -0.75], 'sword': [0.91, -0.75], 'casino': [0.0, -0.9230769230769231], 'scratch_card': [0.0, -0.9230769230769231], 'chicha': [0.0, -1.0], 'scimitar': [0.53, -1.0], 'missile': [1.0, -1.0], 'bikini': [0.69, -1.0], 'slot': [1.0, -1.153846153846154], 'weed': [0.0, -1.5], 'stiletto': [0.82, -1.5], 'nude_body': [0.0, -1.5], 'cannabis_leaf': [0.0, -1.75], 'joint': [0.0, -1.75], 'cocain': [0.0, -2.0], 'rifle': [0.57, -2.0], 'bullet': [0.57, -2.0], 'pistol': [0.97, -2.5], 'machine_gun': [0.89, -2.5], 'revolver': [0.0, -2.5]}
  bank_credit
{'tennis': [0.82, 0.6923076923076923], 'cello': [0.91, 0.5], 'harp': [0.98, 0.5], 'flute': [0.99, 0.5], 'strawberry': [0.89, 0.5], 'watermelon': [0.87, 0.5], 'bicycle': [0.61, 0.46153846153846156], 'canoe': [0.48, 0.46153846153846156], 'snorkel': [0.97, 0.46153846153846156], 'paddle': [0.82, 0.46153846153846156], 'golf': [0.61, 0.46153846153846156], 'ski': [0.45, 0.46153846153846156], 'volleyball': [0.91, 0.46153846153846156], 'mountain_bike': [0.36, 0.2727272727272727], 'castle': [0.0, 0.25], 'book': [0.94, 0.25], 'trombone': [0.95, 0.25], 'dogsled': [0.37, 0.25], 'palm_tree': [0.68, 0.25], 'cress': [0.92, 0.25], 'tea': [0.98, 0.25], 'guacamole': [0.78, 0.25], 'cauliflower': [0.0, 0.25], 'gazpacho': [0.35, 0.25], 'apple': [0.95, 0.25], 'orange': [0.94, 0.25], 'peach': [0.5, 0.25], 'lobster': [0.94, 0.25], 'cabbage': [0.32, 0.25], 'spinach': [0.36, 0.25], 'artichoke': [0.85, 0.25], 'salmon': [0.7, 0.25], 'lettuce': [0.79, 0.25], 'pomegranate': [0.87, 0.25], 'bok_choy': [0.39, 0.25], 'granny_smith': [0.0, 0.25], 'golf_cart': [0.95, 0.25], 'gown': [0.33, 0.23076923076923078], 'surfboard': [0.99, 0.23076923076923078], 'boat': [0.91, 0.23076923076923078], 'wicket': [0.33, 0.23076923076923078], 'rowing': [0.49, 0.23076923076923078], 'jet_ski': [0.59, 0.23076923076923078], 'wheelchair': [0.99, -0.23076923076923078], 'scissors': [0.54, -0.23076923076923078], 'sarong': [0.98, -0.23076923076923078], 'champagne': [0.87, -0.25], 'beer': [0.97, -0.25], 'bottle_opener': [0.59, -0.25], 'cocktail': [0.66, -0.25], 'eggnog': [0.87, -0.25], 'brew': [0.58, -0.25], 'canteen': [0.31, -0.25], 'doll': [0.48, -0.25], 'nursery': [0.88, -0.25], 'hammer': [0.93, -0.25], 'chain_saw': [0.91, -0.25], 'chisel': [0.6, -0.25], 'drill': [0.6, -0.25], 'cookie': [0.98, -0.25], 'popcorn': [0.96, -0.25], 'muffin': [0.99, -0.25], 'supermarket': [0.0, -0.25], 'oyster': [0.94, -0.25], 'golf_ball': [0.0, -0.25], 'skull': [0.32, -0.2727272727272727], 'toilet': [0.0, -0.2727272727272727], 'web_site': [0.78, -0.2727272727272727], 'jeep': [0.46, -0.2727272727272727], 'fighter': [0.41, -0.2727272727272727], 'motorboat': [0.38, -0.2727272727272727], 'ambulance': [0.89, -0.46153846153846156], 'collar': [0.73, -0.46153846153846156], 'maillot': [0.51, -0.46153846153846156], 'jockey': [0.74, -0.46153846153846156], 'corkscrew': [0.94, -0.5], 'red_wine': [0.93, -0.5], 'hatchet': [0.93, -0.5], 'ax': [0.92, -0.5], 'aircraft_carrier': [0.58, -0.5454545454545454], 'interceptor': [0.88, -0.5454545454545454], 'wine_bottle': [0.38, -0.75], 'saw': [0.6, -0.75], 'cheeseburger': [0.62, -0.75], 'banner': [0.99, -0.8181818181818181], 'bikini': [0.93, -0.9230769230769231], 'limousine': [0.98, -1.0], 'demonstration': [0.0, -1.0909090909090908], 'police_van': [1.0, -1.0909090909090908], 'sword': [0.36, -1.153846153846154], 'nude_body': [0.0, -1.3846153846153846], 'knife': [0.97, -1.5], 'scimitar': [0.37, -1.6153846153846154], 'tank': [0.97, -1.6363636363636362], 'card': [0.0, -1.75], 'e_cig': [0.0, -1.75], 'chicha': [0.0, -1.75], 'stiletto': [0.59, -1.8461538461538463], 'slot': [0.98, -2.0], 'scratch_card': [0.0, -2.0], 'cigarette_pack': [0.0, -2.0], 'cigarette': [0.0, -2.0], 'casino': [0.0, -2.25], 'dice': [0.0, -2.25], 'cannabis_leaf': [0.0, -2.25], 'cocain': [0.0, -2.25], 'joint': [0.0, -2.5], 'pistol': [0.97, -2.5384615384615383], 'rifle': [0.54, -2.5384615384615383], 'bullet': [0.89, -2.5384615384615383], 'machine_gun': [0.86, -2.5384615384615383], 'revolver': [0.0, -2.769230769230769], 'weed': [0.0, -3.0]}
  job_search_waiter_waitress
{'parfait': [0.79, 1.3636363636363635], 'trifle': [0.67, 1.3636363636363635], 'tart': [0.32, 1.0909090909090908], 'cappuccino': [0.35, 1.0909090909090908], 'pizza': [0.78, 1.0909090909090908], 'shortcake': [0.0, 1.0909090909090908], 'hot_pot': [0.31, 1.0909090909090908], 'tiramisu': [0.0, 1.0909090909090908], 'dessert': [0.6, 1.0909090909090908], 'cookie': [0.33, 1.0909090909090908], 'orange_juice': [0.0, 1.0909090909090908], 'goblet': [0.31, 1.0909090909090908], 'brew': [0.36, 1.0909090909090908], 'eggnog': [0.33, 1.0909090909090908], 'sidecar': [0.31, 1.0909090909090908], 'guitar': [0.97, 0.8999999999999999], 'pumpkin': [0.99, 0.8181818181818181], 'cake': [0.52, 0.8181818181818181], 'pretzel': [0.37, 0.8181818181818181], 'omelet': [0.31, 0.8181818181818181], 'espresso': [0.41, 0.8181818181818181], 'ice_cream': [0.46, 0.8181818181818181], 'pancake': [0.0, 0.8181818181818181], 'flan': [0.37, 0.8181818181818181], 'dough': [0.0, 0.8181818181818181], 'salad': [0.35, 0.8181818181818181], 'water_bottle': [0.66, 0.8181818181818181], 'congee': [0.0, 0.8181818181818181], 'fruit_salad': [0.0, 0.8181818181818181], 'meat_loaf': [0.34, 0.8181818181818181], 'pasta': [0.0, 0.8181818181818181], 'tea': [0.85, 0.8181818181818181], 'fish': [0.96, 0.8181818181818181], 'spaghetti': [0.32, 0.8181818181818181], 'lobster': [0.33, 0.8181818181818181], 'pastry': [0.31, 0.8181818181818181], 'pudding': [0.36, 0.8181818181818181], 'rambutan': [0.97, 0.8181818181818181], 'milk': [0.33, 0.8181818181818181], 'cabbage': [0.48, 0.8181818181818181], 'cocktail': [0.71, 0.8181818181818181], 'wine': [0.83, 0.8181818181818181], 'cello': [0.89, 0.6000000000000001], 'flute': [1.0, 0.6000000000000001], 'trumpet': [1.0, 0.6000000000000001], 'drum': [0.94, 0.6000000000000001], 'piano': [1.0, 0.6000000000000001], 'violin': [0.93, 0.6000000000000001], 'trombone': [0.95, 0.6000000000000001], 'snorkel': [0.97, 0.5454545454545454], 'fancy_dress': [1.0, 0.5454545454545454], 'grape': [0.39, 0.5454545454545454], 'cauliflower': [0.0, 0.5454545454545454], 'grapefruit': [0.34, 0.5454545454545454], 'carrot': [0.0, 0.5454545454545454], 'guava': [0.0, 0.5454545454545454], 'french_fries': [0.0, 0.5454545454545454], 'peach': [0.53, 0.5454545454545454], 'asparagus': [0.32, 0.5454545454545454], 'candy': [0.35, 0.5454545454545454], 'granny_smith': [0.41, 0.5454545454545454], 'tomato': [0.34, 0.5454545454545454], 'fig': [0.94, 0.5454545454545454], 'mango': [0.0, 0.5454545454545454], 'gyro': [0.31, 0.5454545454545454], 'waffle': [0.0, 0.5454545454545454], 'carbonara': [0.37, 0.5454545454545454], 'marinara': [0.48, 0.5454545454545454], 'guacamole': [0.36, 0.5454545454545454], 'muffin': [0.35, 0.5454545454545454], 'orange': [0.42, 0.5454545454545454], 'parsnip': [0.34, 0.5454545454545454], 'butternut_squash': [0.0, 0.5454545454545454], 'broccoli': [0.37, 0.5454545454545454], 'lettuce': [0.83, 0.5454545454545454], 'pineapple': [0.89, 0.5454545454545454], 'artichoke': [0.98, 0.5454545454545454], 'watermelon': [0.78, 0.5454545454545454], 'salmon': [0.99, 0.5454545454545454], 'cucumber': [0.6, 0.5454545454545454], 'strawberry': [0.38, 0.5454545454545454], 'mushroom': [0.6, 0.5454545454545454], 'bread': [0.57, 0.5454545454545454], 'jalapeno': [0.63, 0.5454545454545454], 'spinach': [0.0, 0.5454545454545454], 'corn': [0.35, 0.5454545454545454], 'nacho': [0.4, 0.5454545454545454], 'apple': [0.0, 0.5454545454545454], 'honey': [0.32, 0.5454545454545454], 'hip': [0.56, 0.5454545454545454], 'bok_choy': [0.53, 0.5454545454545454], 'chestnut': [0.37, 0.5454545454545454], 'zucchini': [0.32, 0.5454545454545454], 'gazpacho': [0.0, 0.5454545454545454], 'jackfruit': [0.66, 0.5454545454545454], 'coffee_cup': [0.62, 0.5454545454545454], 'pear': [0.69, 0.5454545454545454], 'cheeseburger': [0.0, 0.5454545454545454], 'persimmon': [0.4, 0.5454545454545454], 'cress': [0.66, 0.5454545454545454], 'shrimp': [0.0, 0.5454545454545454], 'croissant': [0.0, 0.5454545454545454], 'acorn': [0.49, 0.5454545454545454], 'durian': [0.71, 0.5454545454545454], 'quince': [0.52, 0.5454545454545454], 'chili': [0.31, 0.5454545454545454], 'wine_glass': [0.4, 0.5454545454545454], 'beer': [0.37, 0.5454545454545454], 'corkscrew': [0.97, 0.5454545454545454], 'champagne': [0.31, 0.5454545454545454], 'red_wine': [0.42, 0.5454545454545454], 'wine_bottle': [0.32, 0.5454545454545454], 'mosque': [0.99, 0.30000000000000004], 'totem_pole': [0.95, 0.30000000000000004], 'cathedral': [0.75, 0.30000000000000004], 'church': [1.0, 0.30000000000000004], 'synagogue': [0.77, 0.30000000000000004], 'motorcycle': [1.0, 0.30000000000000004], 'liner': [1.0, 0.30000000000000004], 'sea_lion': [1.0, 0.30000000000000004], 'book': [0.77, 0.30000000000000004], 'harp': [0.98, 0.30000000000000004], 'record_player': [0.0, 0.30000000000000004], 'sculpture': [0.91, 0.30000000000000004], 'dinosaur': [1.0, 0.30000000000000004], 'castle': [0.99, 0.30000000000000004], 'canoe': [0.95, 0.2727272727272727], 'rowing': [0.85, 0.2727272727272727], 'paddle': [0.98, 0.2727272727272727], 'jockey': [0.99, 0.2727272727272727], 'horse': [1.0, 0.2727272727272727], 'ski': [1.0, 0.2727272727272727], 'wicket': [1.0, 0.2727272727272727], 'tennis': [0.99, 0.2727272727272727], 'rugby': [0.92, 0.2727272727272727], 'sarong': [1.0, 0.2727272727272727], 'maillot': [0.96, 0.2727272727272727], 'gown': [1.0, 0.2727272727272727], 'bow_tie': [0.95, 0.2727272727272727], 'apron': [0.95, 0.2727272727272727], 'microphone': [1.0, 0.2727272727272727], 'sunflower': [1.0, 0.2727272727272727], 'bakery': [0.81, 0.2727272727272727], 'sombrero': [1.0, 0.2727272727272727], 'perfume': [0.95, 0.2727272727272727], 'burrito': [0.35, 0.2727272727272727], 'bell_pepper': [0.74, 0.2727272727272727], 'rapeseed': [0.99, 0.2727272727272727], 'potato': [0.0, 0.2727272727272727], 'sandwich': [0.0, 0.2727272727272727], 'chard': [0.0, 0.2727272727272727], 'lemon': [0.78, 0.2727272727272727], 'supermarket': [0.92, 0.2727272727272727], 'buckeye': [0.88, 0.2727272727272727], 'pomegranate': [0.33, 0.2727272727272727], 'spoon': [0.0, 0.2727272727272727], 'popcorn': [0.82, 0.2727272727272727], 'crab': [0.99, 0.2727272727272727], 'chowder': [0.36, 0.2727272727272727], 'banana': [0.46, 0.2727272727272727], 'hot_dog': [0.32, 0.2727272727272727], 'soup': [0.31, 0.2727272727272727], 'hamburger': [0.43, 0.2727272727272727], 'sushi': [0.0, 0.2727272727272727], 'coconut': [0.95, 0.2727272727272727], 'barbecue': [0.41, 0.2727272727272727], 'bagel': [0.0, 0.2727272727272727], 'doughnut': [0.0, 0.2727272727272727], 'celery': [0.75, 0.2727272727272727], 'cherry': [0.39, 0.2727272727272727], 'porridge': [0.35, 0.2727272727272727], 'western': [0.0, 0.2727272727272727], 'oatmeal': [0.0, 0.2727272727272727], 'press': [0.86, 0.2727272727272727], 'shovel': [0.99, 0.2727272727272727], 'bottle_opener': [0.91, 0.2727272727272727], 'canteen': [0.97, 0.2727272727272727], 'card': [0.0, 0.0], 'slot': [0.0, 0.0], 'casino': [0.0, 0.0], 'scratch_card': [0.0, 0.0], 'dice': [0.0, 0.0], 'boat': [0.0, 0.0], 'surfboard': [0.0, 0.0], 'baseball': [0.0, 0.0], 'skateboard': [0.0, 0.0], 'boomerang': [0.0, 0.0], 'volleyball': [0.0, 0.0], 'golf': [0.0, 0.0], 'bow': [0.0, 0.0], 'stick': [0.0, 0.0], 'roller_skates': [0.0, 0.0], 'segway': [0.0, 0.0], 'trench_coat': [0.0, 0.0], 'nursery': [0.0, 0.0], 'interceptor': [0.0, 0.0], 'seat_belt': [0.0, 0.0], 'aircraft_carrier': [0.0, 0.0], 'tricycle': [0.0, 0.0], 'fighter': [0.0, 0.0], 'jeep': [0.0, 0.0], 'mountain_bike': [0.0, 0.0], 'gondola': [0.0, 0.0], 'scissors': [0.0, 0.0], 'clipper': [0.0, 0.0], 'dogsled': [0.0, 0.0], 'suitcase': [0.0, 0.0], 'palm_tree': [0.0, 0.0], 'drone': [0.0, 0.0], 'calculator': [0.0, 0.0], 'backpack': [0.0, 0.0], 'toilet': [0.0, 0.0], 'web_site': [0.0, 0.0], 'stamp': [0.0, 0.0], 'bookshop': [0.0, 0.0], 'laptop': [0.0, 0.0], 'notebook': [0.0, 0.0], 'flower': [0.0, 0.0], 'skull': [0.0, 0.0], 'dome': [0.0, 0.0], 'printer': [0.0, 0.0], 'tie': [0.0, 0.0], 'limousine': [0.0, 0.0], 'oyster': [0.0, 0.0], 'ipod': [0.0, 0.0], 'golf_ball': [0.0, 0.0], 'golf_cart': [0.0, 0.0], 'christmas_tree': [0.0, 0.0], 'tank': [0.0, 0.0], 'demonstration': [0.0, 0.0], 'bikini': [0.0, 0.0], 'egg': [0.0, 0.0], 'jam': [0.0, 0.0], 'bicycle': [0.92, -0.2727272727272727], 'unicycle': [0.41, -0.2727272727272727], 'jet_ski': [0.45, -0.2727272727272727], 'parachute': [0.34, -0.2727272727272727], 'collar': [0.74, -0.2727272727272727], 'crib': [0.78, -0.2727272727272727], 'diaper': [0.97, -0.2727272727272727], 'stretcher': [0.0, -0.2727272727272727], 'ambulance': [0.59, -0.2727272727272727], 'wheelchair': [0.66, -0.2727272727272727], 'fedora': [0.84, -0.2727272727272727], 'houseplant': [0.98, -0.2727272727272727], 'headset': [1.0, -0.2727272727272727], 'banner': [0.98, -0.2727272727272727], 'police_van': [0.32, -0.2727272727272727], 'nude_body': [0.0, -0.2727272727272727], 'hammer': [0.93, -0.2727272727272727], 'chain_saw': [0.81, -0.2727272727272727], 'knife': [1.0, -0.2727272727272727], 'drill': [0.46, -0.2727272727272727], 'saw': [0.32, -0.2727272727272727], 'hatchet': [0.38, -0.2727272727272727], 'bob_marley': [0.0, -0.2727272727272727], 'speedboat': [0.73, -0.30000000000000004], 'trimaran': [0.31, -0.30000000000000004], 'motorboat': [0.42, -0.30000000000000004], 'missile': [0.63, -0.30000000000000004], 'cannon': [0.39, -0.30000000000000004], 'doll': [0.49, -0.5454545454545454], 'bonnet': [0.86, -0.5454545454545454], 'police_boat': [0.0, -0.5454545454545454], 'chisel': [0.6, -0.5454545454545454], 'ax': [0.7, -0.5454545454545454], 'chicha': [0.0, -0.5454545454545454], 'cigarette_pack': [0.0, -0.5454545454545454], 'cigarette': [0.0, -0.5454545454545454], 'e_cig': [0.0, -0.5454545454545454], 'sword': [0.33, -0.8181818181818181], 'cannabis_leaf': [0.0, -1.0909090909090908], 'joint': [0.0, -1.3636363636363635], 'weed': [0.0, -1.3636363636363635], 'scimitar': [0.31, -1.3636363636363635], 'stiletto': [0.57, -1.3636363636363635], 'machine_gun': [0.85, -1.6363636363636362], 'rifle': [0.81, -1.6363636363636362], 'bullet': [0.89, -1.9090909090909092], 'pistol': [0.64, -2.1818181818181817], 'revolver': [0.66, -2.1818181818181817], 'cocain': [0.0, -2.727272727272727]}
  accommodation_search
{'book': [0.97, 1.153846153846154], 'ski': [0.49, 0.6923076923076923], 'unicycle': [0.0, 0.6923076923076923], 'canoe': [0.36, 0.6923076923076923], 'sculpture': [0.92, 0.6923076923076923], 'gondola': [0.43, 0.6000000000000001], 'trimaran': [0.94, 0.5], 'mountain_bike': [0.36, 0.5], 'marinara': [0.37, 0.5], 'cookie': [0.63, 0.5], 'tea': [0.99, 0.5], 'cake': [0.96, 0.5], 'salad': [0.56, 0.5], 'lobster': [0.94, 0.5], 'tiramisu': [0.48, 0.5], 'guacamole': [0.78, 0.5], 'fruit_salad': [0.43, 0.5], 'dessert': [0.9, 0.5], 'gazpacho': [0.35, 0.5], 'meat_loaf': [0.0, 0.5], 'muffin': [0.47, 0.5], 'palm_tree': [0.93, 0.46153846153846156], 'houseplant': [0.34, 0.46153846153846156], 'bookshop': [0.88, 0.46153846153846156], 'flower': [0.34, 0.46153846153846156], 'bicycle': [0.63, 0.46153846153846156], 'snorkel': [0.97, 0.46153846153846156], 'dinosaur': [0.65, 0.46153846153846156], 'cello': [0.91, 0.46153846153846156], 'record_player': [0.9, 0.46153846153846156], 'nursery': [0.39, 0.25], 'crib': [0.78, 0.25], 'cathedral': [0.32, 0.25], 'church': [0.91, 0.25], 'synagogue': [0.42, 0.25], 'hot_pot': [0.58, 0.25], 'broccoli': [0.73, 0.25], 'water_bottle': [0.86, 0.25], 'flan': [0.58, 0.25], 'bok_choy': [0.51, 0.25], 'croissant': [0.97, 0.25], 'bagel': [0.39, 0.25], 'corn': [0.7, 0.25], 'spaghetti': [0.6, 0.25], 'watermelon': [0.96, 0.25], 'butternut_squash': [0.94, 0.25], 'oatmeal': [0.0, 0.25], 'supermarket': [0.94, 0.25], 'parsnip': [0.94, 0.25], 'asparagus': [0.98, 0.25], 'parfait': [0.43, 0.25], 'porridge': [0.38, 0.25], 'fish': [0.92, 0.25], 'persimmon': [0.4, 0.25], 'potato': [0.95, 0.25], 'rapeseed': [0.97, 0.25], 'pizza': [0.99, 0.25], 'jalapeno': [0.63, 0.25], 'pomegranate': [0.85, 0.25], 'zucchini': [0.9, 0.25], 'apple': [0.93, 0.25], 'congee': [0.0, 0.25], 'ice_cream': [0.62, 0.25], 'banana': [0.53, 0.25], 'sushi': [0.75, 0.25], 'shrimp': [0.33, 0.25], 'pretzel': [0.0, 0.25], 'hip': [0.56, 0.25], 'espresso': [0.77, 0.25], 'nacho': [0.86, 0.25], 'artichoke': [0.98, 0.25], 'granny_smith': [0.38, 0.25], 'quince': [0.0, 0.25], 'grapefruit': [0.0, 0.25], 'carrot': [0.99, 0.25], 'jam': [0.87, 0.25], 'fig': [0.49, 0.25], 'chili': [0.67, 0.25], 'cappuccino': [0.32, 0.25], 'salmon': [0.69, 0.25], 'omelet': [0.61, 0.25], 'pastry': [0.32, 0.25], 'crab': [0.99, 0.25], 'cherry': [0.38, 0.25], 'coconut': [0.79, 0.25], 'coffee_cup': [0.77, 0.25], 'carbonara': [0.67, 0.25], 'shortcake': [0.0, 0.25], 'hot_dog': [0.83, 0.25], 'pudding': [0.31, 0.25], 'tomato': [0.39, 0.25], 'lettuce': [0.79, 0.25], 'strawberry': [0.82, 0.25], 'peach': [0.51, 0.25], 'spinach': [0.61, 0.25], 'orange_juice': [0.83, 0.25], 'acorn': [0.87, 0.25], 'chowder': [0.0, 0.25], 'waffle': [0.0, 0.25], 'soup': [0.7, 0.25], 'dough': [0.31, 0.25], 'grape': [0.79, 0.25], 'rambutan': [0.0, 0.25], 'dogsled': [0.95, 0.23076923076923078], 'wheelchair': [0.64, 0.23076923076923078], 'calculator': [0.62, 0.23076923076923078], 'notebook': [0.31, 0.23076923076923078], 'web_site': [0.99, 0.23076923076923078], 'laptop': [0.97, 0.23076923076923078], 'sunflower': [0.87, 0.23076923076923078], 'bakery': [0.84, 0.23076923076923078], 'golf_cart': [0.83, 0.23076923076923078], 'paddle': [0.86, 0.23076923076923078], 'roller_skates': [0.84, 0.23076923076923078], 'tennis': [0.82, 0.23076923076923078], 'volleyball': [0.68, 0.23076923076923078], 'surfboard': [0.0, 0.23076923076923078], 'rowing': [0.37, 0.23076923076923078], 'harp': [0.98, 0.23076923076923078], 'trombone': [0.95, 0.23076923076923078], 'apron': [0.87, 0.21428571428571427], 'gown': [0.33, 0.21428571428571427], 'ambulance': [0.89, -0.23076923076923078], 'scissors': [0.31, -0.23076923076923078], 'microphone': [0.0, -0.23076923076923078], 'stamp': [0.49, -0.23076923076923078], 'skateboard': [0.97, -0.23076923076923078], 'chisel': [0.35, -0.23076923076923078], 'beer': [0.45, -0.25], 'cocktail': [0.69, -0.25], 'brew': [0.37, -0.25], 'sidecar': [0.88, -0.25], 'eggnog': [0.78, -0.25], 'canteen': [0.0, -0.25], 'jeep': [0.74, -0.25], 'interceptor': [0.88, -0.25], 'fighter': [0.65, -0.25], 'french_fries': [0.98, -0.25], 'chain_saw': [0.48, -0.46153846153846156], 'saw': [0.57, -0.46153846153846156], 'hammer': [0.93, -0.46153846153846156], 'drum': [0.98, -0.46153846153846156], 'collar': [0.91, -0.6428571428571428], 'drill': [0.43, -0.6923076923076923], 'hatchet': [0.0, -0.9230769230769231], 'missile': [1.0, -1.0], 'knife': [0.97, -1.153846153846154], 'dice': [0.99, -1.153846153846154], 'tank': [0.97, -1.3846153846153846], 'bob_marley': [0.0, -1.3846153846153846], 'sword': [0.36, -1.3846153846153846], 'scratch_card': [0.0, -1.6153846153846154], 'chicha': [0.0, -1.8461538461538463], 'scimitar': [0.37, -1.8461538461538463], 'slot': [0.98, -1.8461538461538463], 'casino': [0.0, -1.8461538461538463], 'stiletto': [0.59, -2.0769230769230766], 'cigarette': [0.0, -2.307692307692308], 'cannabis_leaf': [0.0, -2.307692307692308], 'cigarette_pack': [0.0, -2.5384615384615383], 'joint': [0.0, -2.769230769230769], 'machine_gun': [0.86, -2.769230769230769], 'rifle': [0.54, -2.769230769230769], 'cocain': [0.0, -3.0], 'weed': [0.0, -3.0], 'pistol': [0.96, -3.0], 'revolver': [0.0, -3.0], 'bullet': [0.89, -3.0]}
{'job_search_IT': 0.4503331634453746, 'bank_credit': 0.45200813183933086, 'job_search_waiter_waitress': 0.7449623792588542, 'accommodation_search': 0.5822282771160886}
Done!
Calculating final correlation by situation ...
  job_search_IT
Automatic Eval: 
[ 0.24755434  0.10746306  0.12645224  0.17481089 -0.06062362  0.04846921
 -0.00209174  0.15436705  0.03564026  0.03931685 -0.08963113  0.09410804
  0.00581044  0.1117004   0.07605929  0.13722087  0.20323248  0.27163256
  0.13455604  0.10966833  0.17178185  0.16975191  0.26996461  0.23122645
  0.14484285  0.01168121  0.14443401  0.12857776 -0.00696615  0.01034142
  0.18124172  0.09285535  0.14195496  0.31697086  0.05354533 -0.29184405
 -0.04655828  0.18314021  0.01756749  0.08531273  0.16287353  0.12173583
  0.13004398 -0.04589184  0.0909532   0.09036679  0.01660977  0.08296508
  0.11077298  0.00402855  0.04802138  0.10608009  0.13667839  0.06915025
  0.07187772  0.08521567  0.03695021  0.20948113  0.16441481  0.15727125
 -0.00431441  0.10254575  0.24810311 -0.14650554  0.23517952  0.18416872
  0.07308094  0.35260285  0.11760438  0.02436453  0.25307548  0.32462458
  0.20067168  0.25441551  0.17098465  0.05426908  0.19328277  0.16380204
  0.18153889  0.07022815 -0.00569354  0.0566844   0.01956861  0.13192461
  0.08208794  0.09777455  0.23957135  0.08611326  0.23759799  0.0527422
  0.21492327  0.02852637  0.08540307  0.19967952  0.14157723  0.06169282
  0.05583456  0.21313045  0.11953951  0.19357574]
Manual Eval: 
[-0.09035895 -0.61279047 -0.07395974 -0.06280096  0.10641262 -0.51197918
 -0.20141335  0.41752268  0.04884685 -0.10991864 -0.11937499  0.07797838
  0.60715806  0.29214191  0.29029971  0.52492009 -1.17094992  0.65040745
 -0.0809849  -0.4816486   0.15937669 -1.37854342  0.13108099  0.77157485
  0.03387671  0.00466265 -0.24352487  0.05821648 -0.27867431  0.01527654
 -0.06919688 -0.40114377 -0.47362386  0.01154803 -0.34811745 -1.12364045
 -0.28795547 -0.3157143  -0.59703773  0.47824533 -0.56353906  0.44942692
  0.71543986 -0.84459337 -0.12539105 -0.48816062  0.26766236 -0.8919875
  0.13663341  0.31923345 -1.36376742 -0.04690213 -0.26771675  1.37322152
 -0.79514725 -0.17606126 -0.0341728   0.40132459 -0.33849221  0.38655728
 -0.10056181 -0.09555887 -0.98645257 -1.11169758 -0.0941659  -0.51886456
  0.36149183  0.38655728 -0.39051252 -0.535466    0.49326852  0.81986356
  0.15146082  0.36694012  0.31721367 -0.98125067 -0.58187089  0.32350684
  0.64562075  0.01154803 -0.82539953 -0.12211984 -0.80291702 -0.87838253
 -0.06464316  0.75354653  0.77789181 -0.21702554  0.90286667 -0.62840266
  0.08229092 -0.51781823 -0.01995745 -0.57299542 -0.1726485   0.02834143
 -0.35094121  0.056493    0.80982761  1.01109156]
  bank_credit
Automatic Eval: 
[-0.07751109 -0.22246563 -0.15224473 -0.18986799 -0.52123262 -0.41168822
 -0.5888959  -0.23154071 -0.427622   -0.39051686 -0.60859406 -0.33670444
 -0.43657844 -0.23534678 -0.34287084 -0.12500845 -0.09145823 -0.08228765
 -0.44171968 -0.27369294 -0.06737473 -0.27947589 -0.03742204 -0.10275314
 -0.25110858 -0.38592352 -0.34830842 -0.38351327 -0.489529   -0.4584953
 -0.16677529 -0.36909599 -0.32935593  0.09646546 -0.23603346 -1.03828526
 -0.74801301 -0.02064812 -0.48192728 -0.43096335 -0.20666462 -0.20834311
 -0.20238966 -0.59750099 -0.47832351 -0.14146242 -0.398193   -0.49512392
 -0.10546244 -0.42375784 -0.37479584 -0.42213686 -0.1782796  -0.53636182
 -0.35779396 -0.40038934 -0.30243359 -0.3267508  -0.2564224  -0.20723558
 -0.35379597 -0.39144978 -0.06949724 -0.72569275 -0.18569482 -0.2253695
 -0.47289879 -0.03933334 -0.28309658 -0.29947924 -0.14964767 -0.10091815
 -0.18490061 -0.05523569 -0.32112947 -0.69675011 -0.29793265 -0.22156072
 -0.02011066 -0.28259678 -0.45135658 -0.46313746 -0.1781636  -0.28659
 -0.243181   -0.20537059 -0.17709702 -0.27095775 -0.44772553 -0.39968491
 -0.07692143 -0.26969192 -0.36511139 -0.35476949 -0.17551454 -0.36655646
 -0.41968713 -0.33814262 -0.25199701 -0.26842774]
Manual Eval: 
[ 0.6816745   0.1478711  -0.35910192 -0.28290457  0.15324146 -0.78738908
 -0.5828613   0.20781011  0.5164541  -0.21865844 -0.28966169 -0.10345695
  0.56531137  0.24716026 -0.06167932  0.35710527 -0.33290463  0.41499083
 -0.21164574 -0.70548033  0.23240021 -0.38961937  0.8527151   0.59549543
 -0.02623777 -0.27162585  0.09915789  0.23748874 -1.05016838  0.07240815
  0.30402045 -0.70511893  0.14286587  0.62742448 -0.77444763 -1.0165188
  0.07422676  0.27715329 -1.18622131  0.19305006 -0.50326204  0.00406371
 -0.45256227 -0.73728602 -0.49548227 -0.23487569  0.31858491 -1.05013719
  0.29009474  0.80165078 -0.91072364  0.05292098  0.05946671  0.32221482
 -0.28784309  0.42024376  0.07111536 -0.03252063 -0.02623777  0.59447006
  0.78677331 -0.01558786 -2.01176139 -0.05410367 -0.01854925 -0.76477611
  0.01941685  0.08370269  0.49607146 -0.08809882 -0.41013191  0.57971001
  0.30074465  0.69068039 -0.04245501 -0.5828613   0.00774203  0.03816093
  0.26421184  0.41499083 -0.44762374  0.38057309  0.19830299 -0.93825932
  0.28011468  0.12126542  0.39102526  0.40023078 -0.85109448 -0.47797223
  0.01519385 -0.27350206  0.51120117  0.02734662  0.71225518 -0.4618126
  0.02605383 -0.3358842   0.60923011  0.21124444]
  job_search_waiter_waitress
Automatic Eval: 
[ 0.19610779  0.3944853   0.29216352  0.15891929  0.15795467 -0.02807861
  0.16912841  0.12970263  0.22984996  0.18255736  0.10121437  0.14156027
  0.04417355  0.09221618  0.22205146  0.37582011  0.1514509   0.01352762
  0.05302042  0.02639229  0.12258401  0.07576547  0.14720908  0.17761726
  0.15160379  0.20015547  0.07032088  0.11804896  0.13256849  0.04102829
  0.07257298  0.10965173  0.23614269  0.12811498  0.17105791 -0.00979788
  0.02888801  0.54065591  0.31067769  0.0544532   0.12179258  0.26587163
  0.08306117  0.04544352  0.26451394  0.09034899  0.11048919  0.07040787
  0.3188431   0.16173993  0.16764821  0.22386509  0.0725503   0.07138962
  0.13328088  0.21365839  0.44785325  0.07423316  0.19461079  0.15546539
  0.16009792  0.02585156  0.13312223  0.18390579  0.06383804  0.17691667
  0.19125795  0.13380681  0.2723221   0.45712241  0.21589474  0.09040104
  0.03846888  0.08810623  0.16107683  0.12670487  0.1883683   0.15652236
  0.63017565  0.28480014  0.055892    0.20333613  0.73056842  0.17081425
  0.43971033  0.14825586  0.09131831  0.11813244  0.22393676  0.12177487
  0.18230338  0.15336117  0.10807478  0.005875    0.17042175  0.48505254
  0.08208277  0.02515128  0.24950771  0.05623669]
Manual Eval: 
[ 0.20848324  0.59792459  0.21083304  0.10306436 -0.32837643 -0.30627889
 -0.77190003 -0.71318258  0.49663925  0.23622801 -0.11629673 -0.15828591
  0.02800349 -0.15384057  0.24719851 -0.75563873 -0.74268173 -0.1556614
 -0.43080869 -0.78843783  0.40014129 -1.09248514 -0.83684903 -0.58247843
 -0.21682396 -0.44268049  0.19484778  0.23935599 -0.62226803 -0.79701094
 -0.23655038 -0.96236798  0.27470314 -0.16450413 -0.68606225 -0.46387954
 -0.06761981  1.09279326  0.65906108 -0.42371809 -0.31521015  0.18065408
 -0.27182164 -0.50288382  0.80350567 -0.37853218 -0.07124412 -0.25858408
 -0.19511685  0.19478103 -0.4074914   0.2021459  -0.20092628 -0.56588744
 -0.27506297 -0.5623256   0.7264764  -0.30700609 -0.21725577 -0.12082582
  0.12346198 -0.02552292 -1.16477968 -0.5337747   0.01448032 -0.65291943
 -0.17808398  0.3251371  -0.49839008  0.50077043  0.15873595  0.10074721
 -0.3686086  -0.05641379  0.01932099 -0.79306624  0.2160474  -0.25742439
  1.68219159 -0.52068503 -0.46833724  0.10923238  1.43890749 -0.4295992
  1.0355351  -0.28555582 -0.51752858  0.2367138  -0.4132515  -0.63655068
 -0.29354424 -0.73092397  0.08954119 -0.36200378 -0.98227981  0.78949333
 -0.60489975 -0.76407017  0.40705964 -0.13901025]
  accommodation_search
Automatic Eval: 
[ 0.10354329  0.01199777  0.04984814  0.07627057 -0.07856268 -0.28883619
 -0.09392251  0.03741474  0.00376086  0.09039356 -0.21457869  0.14071801
 -0.01770753 -0.03553082  0.00613132  0.2112508   0.27399687  0.096997
  0.036485   -0.08292852  0.21040595  0.02099698  0.24047859  0.09190896
 -0.09390229  0.06423041 -0.07974269  0.05440332 -0.03565345 -0.22116892
  0.02844076 -0.05330471  0.22517934  0.26295765  0.05778463 -0.54974018
 -0.02559886  0.27957576 -0.12133706 -0.0669476  -0.0159982   0.20926193
  0.07432207 -0.33528772 -0.09463481  0.07446362 -0.014619   -0.12500256
  0.16793746 -0.06334313 -0.0218054   0.1091816   0.20072032 -0.14163207
  0.06433958 -0.11701195  0.17786268  0.07727721  0.34904958  0.03124786
 -0.03491901 -0.09773777  0.13659204 -0.29504348  0.17280104  0.033716
  0.19069275  0.1767894   0.04497219  0.1347278   0.2431392   0.16688054
  0.0484073   0.21644074  0.15480943 -0.37340216  0.01016194  0.11862935
  0.27986572  0.02604124 -0.1778349   0.06434177  0.18514234 -0.08503445
  0.20444416  0.16174502  0.11128136  0.16023488  0.11595321 -0.02588853
  0.07672912 -0.02365321  0.02557932 -0.09519223  0.24400438  0.18057943
 -0.26958467 -0.0122228   0.18228568  0.07495071]
Manual Eval: 
[ 0.21249214 -0.45863822 -0.37684941 -0.49401523 -0.15147592 -0.47608222
 -0.45148065  0.7292724   0.214244    0.14779693 -0.3066869   0.53437819
  0.29857781  0.14406029  0.15439246  0.63223454 -0.36764213  0.55448744
  0.0640426  -0.64228903  0.71042525 -1.01651015  0.67574038  0.16278873
 -0.35352113 -0.17903206 -0.44766251  0.25031395 -1.23641679 -0.3194167
  0.3724226  -0.57424434 -0.12613145  0.54086186 -0.63131469 -0.63059973
 -0.39026406  0.38522797 -0.67917114  0.38103028 -0.36399302  0.47505767
  0.05219204 -1.27855499  0.0177109  -0.12060169  0.32419261 -0.29115514
  0.48114946  0.90165588 -1.02446656  0.21835751 -0.26733231 -0.62516178
 -0.42137931  0.68373158  0.15686566  0.77489711 -0.02781705  0.84554187
  0.64556771  0.37039302 -1.43286773 -0.69014619 -0.02243921 -1.15644634
  0.34330703 -0.13729173 -0.2130059  -0.478713    0.02990429  0.4863247
 -0.37373356  0.54243871 -0.35289136 -0.86472827 -0.1302111   0.41042052
  0.34245595  0.231079   -0.49402404 -0.04024522  0.20218646 -0.84092992
  0.54363897  0.29629839  0.13143544  0.81186006 -0.48794015 -0.136384
 -0.27705848 -0.35795153  0.22382814 -0.42859629  0.64615629 -0.05076844
 -0.07410569 -0.2176056   0.66940009  0.69371757]
Done!
{'job_search_IT': 0.36024551161872814, 'bank_credit': 0.3297649346344103, 'job_search_waiter_waitress': 0.6520290400573133, 'accommodation_search': 0.4549430934063598}
