Estimating the best threshold for each object in each situation ...
  job_search_IT
  bank_credit
  accommodation_search
  job_search_waiter_waitress
Done!
Extracting and Ranking optimal thresh per situ...
Done !
Estimating a tau max for each situation ...
  job_search_IT
{'notebook': [0.0, 1.0909090909090908], 'book': [0.97, 1.0], 'bicycle': [0.73, 1.0], 'mountain_bike': [0.42, 1.0], 'web_site': [0.99, 0.8181818181818181], 'tennis': [0.95, 0.75], 'rugby': [0.7, 0.75], 'rowing': [0.71, 0.75], 'volleyball': [0.95, 0.75], 'paddle': [0.0, 0.75], 'baseball': [0.36, 0.75], 'golf': [0.85, 0.75], 'calculator': [0.59, 0.5454545454545454], 'headset': [0.52, 0.5454545454545454], 'bookshop': [0.83, 0.5454545454545454], 'nursery': [0.8, 0.5454545454545454], 'guitar': [0.86, 0.5], 'backpack': [0.84, 0.5], 'surfboard': [0.99, 0.5], 'stick': [0.46, 0.5], 'unicycle': [0.98, 0.5], 'ski': [0.45, 0.5], 'canoe': [0.98, 0.5], 'salad': [0.98, 0.5], 'peach': [0.5, 0.5], 'wheelchair': [0.64, 0.2727272727272727], 'stretcher': [0.79, 0.2727272727272727], 'houseplant': [0.73, 0.2727272727272727], 'microphone': [0.96, 0.2727272727272727], 'stamp': [0.54, 0.2727272727272727], 'laptop': [0.89, 0.2727272727272727], 'dome': [0.31, 0.2727272727272727], 'bonnet': [0.95, 0.2727272727272727], 'diaper': [0.79, 0.2727272727272727], 'crib': [0.83, 0.2727272727272727], 'gondola': [0.85, 0.2608695652173913], 'cello': [0.91, 0.25], 'castle': [0.99, 0.25], 'harp': [0.98, 0.25], 'piano': [0.33, 0.25], 'trombone': [0.95, 0.25], 'trumpet': [0.32, 0.25], 'roller_skates': [0.96, 0.25], 'wicket': [0.33, 0.25], 'snorkel': [0.97, 0.25], 'jet_ski': [0.76, 0.25], 'beer': [0.32, 0.25], 'tea': [0.99, 0.25], 'pomegranate': [0.93, 0.25], 'waffle': [0.35, 0.25], 'mango': [0.75, 0.25], 'orange_juice': [0.68, 0.25], 'grapefruit': [0.61, 0.25], 'croissant': [0.97, 0.25], 'espresso': [0.8, 0.25], 'grape': [0.84, 0.25], 'coffee_cup': [0.95, 0.25], 'motorcycle': [0.6, 0.25], 'liner': [0.0, 0.25], 'trimaran': [0.99, 0.25], 'dogsled': [0.95, 0.25], 'record_player': [0.99, -0.25], 'wine': [0.93, -0.25], 'red_wine': [0.51, -0.25], 'cocktail': [0.37, -0.25], 'sidecar': [0.31, -0.25], 'wine_bottle': [0.85, -0.25], 'jeep': [0.48, -0.25], 'fighter': [0.65, -0.25], 'hatchet': [0.93, -0.25], 'saw': [0.55, -0.25], 'chain_saw': [0.73, -0.25], 'ambulance': [0.98, -0.2727272727272727], 'clipper': [0.52, -0.2727272727272727], 'sombrero': [0.76, -0.2727272727272727], 'christmas_tree': [0.62, -0.2727272727272727], 'doll': [0.38, -0.2727272727272727], 'dice': [0.99, -0.46153846153846156], 'brew': [0.41, -0.5], 'knife': [0.97, -0.5], 'tank': [0.98, -0.5454545454545454], 'banner': [0.99, -0.5454545454545454], 'sword': [0.91, -0.75], 'chicha': [0.0, -1.0], 'scimitar': [0.53, -1.0], 'missile': [1.0, -1.0], 'bikini': [0.71, -1.0], 'slot': [1.0, -1.153846153846154], 'weed': [0.0, -1.5], 'stiletto': [0.59, -1.5], 'nude_body': [0.0, -1.5], 'cannabis_leaf': [0.0, -1.75], 'joint': [0.0, -1.75], 'cocain': [0.0, -2.0], 'rifle': [0.57, -2.0], 'bullet': [0.97, -2.0], 'pistol': [0.99, -2.5], 'machine_gun': [0.92, -2.5], 'revolver': [0.0, -2.5]}
  bank_credit
{'tennis': [0.83, 0.6923076923076923], 'tie': [0.98, 0.5454545454545454], 'guitar': [0.91, 0.5], 'piano': [0.98, 0.5], 'cello': [0.91, 0.5], 'violin': [0.95, 0.5], 'harp': [0.98, 0.5], 'flute': [0.99, 0.5], 'strawberry': [0.82, 0.5], 'watermelon': [0.87, 0.5], 'bicycle': [0.61, 0.46153846153846156], 'canoe': [0.98, 0.46153846153846156], 'snorkel': [0.97, 0.46153846153846156], 'paddle': [0.86, 0.46153846153846156], 'golf': [0.86, 0.46153846153846156], 'ski': [0.49, 0.46153846153846156], 'volleyball': [0.99, 0.46153846153846156], 'microphone': [0.99, 0.2727272727272727], 'mountain_bike': [0.34, 0.2727272727272727], 'castle': [0.0, 0.25], 'trumpet': [1.0, 0.25], 'drum': [1.0, 0.25], 'book': [0.97, 0.25], 'trombone': [0.95, 0.25], 'dogsled': [0.31, 0.25], 'palm_tree': [0.72, 0.25], 'suitcase': [0.75, 0.25], 'cress': [0.51, 0.25], 'tea': [0.99, 0.25], 'hip': [0.56, 0.25], 'mango': [0.71, 0.25], 'honey': [0.99, 0.25], 'guacamole': [0.78, 0.25], 'cauliflower': [0.0, 0.25], 'gazpacho': [0.54, 0.25], 'apple': [0.95, 0.25], 'cherry': [0.31, 0.25], 'orange': [0.94, 0.25], 'peach': [0.5, 0.25], 'cucumber': [0.98, 0.25], 'lobster': [0.94, 0.25], 'cabbage': [0.32, 0.25], 'spinach': [0.76, 0.25], 'artichoke': [0.81, 0.25], 'fruit_salad': [0.94, 0.25], 'salmon': [0.47, 0.25], 'lettuce': [0.79, 0.25], 'pomegranate': [0.87, 0.25], 'bok_choy': [0.41, 0.25], 'granny_smith': [0.54, 0.25], 'golf_cart': [0.96, 0.25], 'gown': [0.33, 0.23076923076923078], 'bow_tie': [1.0, 0.23076923076923078], 'surfboard': [0.48, 0.23076923076923078], 'boat': [0.33, 0.23076923076923078], 'wicket': [0.33, 0.23076923076923078], 'rowing': [0.37, 0.23076923076923078], 'jet_ski': [0.59, 0.23076923076923078], 'dinosaur': [0.0, 0.0], 'cannon': [0.0, 0.0], 'sculpture': [0.0, 0.0], 'record_player': [0.0, 0.0], 'goblet': [0.0, 0.0], 'synagogue': [0.0, 0.0], 'totem_pole': [0.0, 0.0], 'mosque': [0.0, 0.0], 'church': [0.0, 0.0], 'cathedral': [0.0, 0.0], 'backpack': [0.0, 0.0], 'bookshop': [0.0, 0.0], 'notebook': [0.0, 0.0], 'calculator': [0.0, 0.0], 'stamp': [0.0, 0.0], 'sunflower': [0.0, 0.0], 'headset': [0.0, 0.0], 'bakery': [0.0, 0.0], 'laptop': [0.0, 0.0], 'sombrero': [0.0, 0.0], 'gondola': [0.0, 0.0], 'fedora': [0.0, 0.0], 'houseplant': [0.0, 0.0], 'dome': [0.0, 0.0], 'flower': [0.0, 0.0], 'printer': [0.0, 0.0], 'sea_lion': [0.0, 0.0], 'drone': [0.0, 0.0], 'clipper': [0.0, 0.0], 'trimaran': [0.0, 0.0], 'liner': [0.0, 0.0], 'motorcycle': [0.0, 0.0], 'speedboat': [0.0, 0.0], 'tricycle': [0.0, 0.0], 'seat_belt': [0.0, 0.0], 'crib': [0.0, 0.0], 'bonnet': [0.0, 0.0], 'shovel': [0.0, 0.0], 'press': [0.0, 0.0], 'banana': [0.0, 0.0], 'pretzel': [0.0, 0.0], 'french_fries': [0.0, 0.0], 'lemon': [0.0, 0.0], 'porridge': [0.0, 0.0], 'spoon': [0.0, 0.0], 'oatmeal': [0.0, 0.0], 'pizza': [0.0, 0.0], 'pastry': [0.0, 0.0], 'buckeye': [0.0, 0.0], 'chestnut': [0.0, 0.0], 'coffee_cup': [0.0, 0.0], 'zucchini': [0.0, 0.0], 'cappuccino': [0.0, 0.0], 'bread': [0.0, 0.0], 'crab': [0.0, 0.0], 'sushi': [0.0, 0.0], 'mushroom': [0.0, 0.0], 'bell_pepper': [0.0, 0.0], 'pasta': [0.0, 0.0], 'pumpkin': [0.0, 0.0], 'sandwich': [0.0, 0.0], 'dessert': [0.0, 0.0], 'durian': [0.0, 0.0], 'tart': [0.0, 0.0], 'parsnip': [0.0, 0.0], 'gyro': [0.0, 0.0], 'spaghetti': [0.0, 0.0], 'pineapple': [0.0, 0.0], 'coconut': [0.0, 0.0], 'milk': [0.0, 0.0], 'western': [0.0, 0.0], 'cake': [0.0, 0.0], 'asparagus': [0.0, 0.0], 'carbonara': [0.0, 0.0], 'soup': [0.0, 0.0], 'rapeseed': [0.0, 0.0], 'rambutan': [0.0, 0.0], 'parfait': [0.0, 0.0], 'butternut_squash': [0.0, 0.0], 'orange_juice': [0.0, 0.0], 'pancake': [0.0, 0.0], 'dough': [0.0, 0.0], 'tomato': [0.0, 0.0], 'broccoli': [0.0, 0.0], 'grape': [0.0, 0.0], 'jalapeno': [0.0, 0.0], 'tiramisu': [0.0, 0.0], 'omelet': [0.0, 0.0], 'carrot': [0.0, 0.0], 'quince': [0.0, 0.0], 'salad': [0.0, 0.0], 'jam': [0.0, 0.0], 'pear': [0.0, 0.0], 'guava': [0.0, 0.0], 'waffle': [0.0, 0.0], 'water_bottle': [0.0, 0.0], 'potato': [0.0, 0.0], 'fish': [0.0, 0.0], 'marinara': [0.0, 0.0], 'pudding': [0.0, 0.0], 'jackfruit': [0.0, 0.0], 'meat_loaf': [0.0, 0.0], 'chard': [0.0, 0.0], 'grapefruit': [0.0, 0.0], 'corn': [0.0, 0.0], 'congee': [0.0, 0.0], 'barbecue': [0.0, 0.0], 'shrimp': [0.0, 0.0], 'chowder': [0.0, 0.0], 'hot_pot': [0.0, 0.0], 'shortcake': [0.0, 0.0], 'celery': [0.0, 0.0], 'fig': [0.0, 0.0], 'burrito': [0.0, 0.0], 'persimmon': [0.0, 0.0], 'egg': [0.0, 0.0], 'acorn': [0.0, 0.0], 'chili': [0.0, 0.0], 'bagel': [0.0, 0.0], 'croissant': [0.0, 0.0], 'perfume': [0.0, 0.0], 'fancy_dress': [0.0, 0.0], 'apron': [0.0, 0.0], 'trench_coat': [0.0, 0.0], 'unicycle': [0.0, 0.0], 'skateboard': [0.0, 0.0], 'rugby': [0.0, 0.0], 'roller_skates': [0.0, 0.0], 'boomerang': [0.0, 0.0], 'parachute': [0.0, 0.0], 'horse': [0.0, 0.0], 'segway': [0.0, 0.0], 'bow': [0.0, 0.0], 'baseball': [0.0, 0.0], 'wheelchair': [0.97, -0.23076923076923078], 'scissors': [0.59, -0.23076923076923078], 'sarong': [0.98, -0.23076923076923078], 'stick': [0.91, -0.23076923076923078], 'champagne': [0.87, -0.25], 'wine_glass': [0.6, -0.25], 'beer': [0.74, -0.25], 'bottle_opener': [0.32, -0.25], 'cocktail': [0.66, -0.25], 'eggnog': [0.87, -0.25], 'brew': [0.42, -0.25], 'canteen': [0.31, -0.25], 'doll': [0.46, -0.25], 'diaper': [1.0, -0.25], 'nursery': [0.69, -0.25], 'hammer': [0.93, -0.25], 'chain_saw': [0.97, -0.25], 'chisel': [0.35, -0.25], 'drill': [0.43, -0.25], 'cookie': [0.97, -0.25], 'popcorn': [0.96, -0.25], 'candy': [1.0, -0.25], 'muffin': [0.99, -0.25], 'trifle': [0.86, -0.25], 'ice_cream': [1.0, -0.25], 'espresso': [0.98, -0.25], 'nacho': [0.95, -0.25], 'hamburger': [0.39, -0.25], 'supermarket': [0.63, -0.25], 'doughnut': [0.81, -0.25], 'hot_dog': [0.4, -0.25], 'flan': [0.67, -0.25], 'oyster': [0.94, -0.25], 'christmas_tree': [0.99, -0.25], 'golf_ball': [0.79, -0.25], 'ipod': [0.84, -0.25], 'skull': [0.75, -0.2727272727272727], 'toilet': [0.0, -0.2727272727272727], 'web_site': [0.78, -0.2727272727272727], 'police_boat': [0.0, -0.2727272727272727], 'jeep': [0.47, -0.2727272727272727], 'fighter': [0.41, -0.2727272727272727], 'motorboat': [0.67, -0.2727272727272727], 'ambulance': [0.89, -0.46153846153846156], 'stretcher': [0.97, -0.46153846153846156], 'collar': [0.91, -0.46153846153846156], 'maillot': [0.48, -0.46153846153846156], 'jockey': [0.74, -0.46153846153846156], 'wine': [0.93, -0.5], 'corkscrew': [0.94, -0.5], 'red_wine': [0.93, -0.5], 'sidecar': [0.88, -0.5], 'bob_marley': [0.0, -0.5], 'hatchet': [0.0, -0.5], 'ax': [0.93, -0.5], 'aircraft_carrier': [0.62, -0.5454545454545454], 'interceptor': [0.35, -0.5454545454545454], 'wine_bottle': [0.57, -0.75], 'saw': [0.55, -0.75], 'cheeseburger': [0.62, -0.75], 'banner': [1.0, -0.8181818181818181], 'missile': [0.55, -0.8181818181818181], 'bikini': [0.95, -0.9230769230769231], 'limousine': [0.98, -1.0], 'demonstration': [0.0, -1.0909090909090908], 'police_van': [0.88, -1.0909090909090908], 'sword': [0.36, -1.153846153846154], 'nude_body': [0.0, -1.3846153846153846], 'knife': [0.97, -1.5], 'scimitar': [0.37, -1.6153846153846154], 'tank': [0.97, -1.6363636363636362], 'card': [0.0, -1.75], 'e_cig': [0.0, -1.75], 'chicha': [0.0, -1.75], 'stiletto': [0.59, -1.8461538461538463], 'slot': [0.98, -2.0], 'scratch_card': [0.0, -2.0], 'cigarette_pack': [0.0, -2.0], 'cigarette': [0.0, -2.0], 'casino': [0.0, -2.25], 'dice': [0.99, -2.25], 'cannabis_leaf': [0.0, -2.25], 'cocain': [0.0, -2.25], 'joint': [0.0, -2.5], 'pistol': [0.97, -2.5384615384615383], 'rifle': [0.54, -2.5384615384615383], 'bullet': [0.89, -2.5384615384615383], 'machine_gun': [0.89, -2.5384615384615383], 'revolver': [0.0, -2.769230769230769], 'weed': [0.0, -3.0]}
  job_search_waiter_waitress
{'parfait': [0.79, 1.3636363636363635], 'trifle': [0.67, 1.3636363636363635], 'tart': [0.31, 1.0909090909090908], 'cappuccino': [0.0, 1.0909090909090908], 'pizza': [0.77, 1.0909090909090908], 'shortcake': [0.0, 1.0909090909090908], 'hot_pot': [0.31, 1.0909090909090908], 'tiramisu': [0.0, 1.0909090909090908], 'dessert': [0.6, 1.0909090909090908], 'cookie': [0.33, 1.0909090909090908], 'orange_juice': [0.0, 1.0909090909090908], 'goblet': [0.31, 1.0909090909090908], 'brew': [0.36, 1.0909090909090908], 'eggnog': [0.31, 1.0909090909090908], 'sidecar': [0.31, 1.0909090909090908], 'guitar': [0.97, 0.8999999999999999], 'pumpkin': [0.75, 0.8181818181818181], 'cake': [0.52, 0.8181818181818181], 'pretzel': [0.37, 0.8181818181818181], 'omelet': [0.31, 0.8181818181818181], 'espresso': [0.41, 0.8181818181818181], 'ice_cream': [0.46, 0.8181818181818181], 'pancake': [0.0, 0.8181818181818181], 'flan': [0.35, 0.8181818181818181], 'dough': [0.0, 0.8181818181818181], 'salad': [0.35, 0.8181818181818181], 'water_bottle': [0.0, 0.8181818181818181], 'congee': [0.0, 0.8181818181818181], 'fruit_salad': [0.0, 0.8181818181818181], 'meat_loaf': [0.33, 0.8181818181818181], 'pasta': [0.0, 0.8181818181818181], 'tea': [0.91, 0.8181818181818181], 'fish': [0.4, 0.8181818181818181], 'spaghetti': [0.32, 0.8181818181818181], 'lobster': [0.35, 0.8181818181818181], 'pastry': [0.31, 0.8181818181818181], 'pudding': [0.37, 0.8181818181818181], 'rambutan': [0.97, 0.8181818181818181], 'milk': [0.31, 0.8181818181818181], 'cabbage': [0.43, 0.8181818181818181], 'cocktail': [0.71, 0.8181818181818181], 'wine': [0.48, 0.8181818181818181], 'cello': [0.9, 0.6000000000000001], 'flute': [1.0, 0.6000000000000001], 'trumpet': [1.0, 0.6000000000000001], 'drum': [0.91, 0.6000000000000001], 'piano': [0.31, 0.6000000000000001], 'violin': [0.93, 0.6000000000000001], 'trombone': [0.95, 0.6000000000000001], 'snorkel': [0.97, 0.5454545454545454], 'fancy_dress': [1.0, 0.5454545454545454], 'grape': [0.39, 0.5454545454545454], 'cauliflower': [0.0, 0.5454545454545454], 'grapefruit': [0.34, 0.5454545454545454], 'carrot': [0.0, 0.5454545454545454], 'guava': [0.0, 0.5454545454545454], 'french_fries': [0.0, 0.5454545454545454], 'peach': [0.53, 0.5454545454545454], 'asparagus': [0.81, 0.5454545454545454], 'candy': [0.33, 0.5454545454545454], 'granny_smith': [0.38, 0.5454545454545454], 'tomato': [0.34, 0.5454545454545454], 'fig': [0.94, 0.5454545454545454], 'mango': [0.0, 0.5454545454545454], 'gyro': [0.0, 0.5454545454545454], 'waffle': [0.0, 0.5454545454545454], 'carbonara': [0.37, 0.5454545454545454], 'marinara': [0.48, 0.5454545454545454], 'guacamole': [0.36, 0.5454545454545454], 'muffin': [0.35, 0.5454545454545454], 'orange': [0.94, 0.5454545454545454], 'parsnip': [0.34, 0.5454545454545454], 'butternut_squash': [0.0, 0.5454545454545454], 'broccoli': [0.37, 0.5454545454545454], 'lettuce': [0.83, 0.5454545454545454], 'pineapple': [0.89, 0.5454545454545454], 'artichoke': [1.0, 0.5454545454545454], 'watermelon': [0.78, 0.5454545454545454], 'salmon': [0.99, 0.5454545454545454], 'cucumber': [0.6, 0.5454545454545454], 'strawberry': [0.38, 0.5454545454545454], 'mushroom': [0.9, 0.5454545454545454], 'bread': [0.44, 0.5454545454545454], 'jalapeno': [0.53, 0.5454545454545454], 'spinach': [0.0, 0.5454545454545454], 'corn': [0.0, 0.5454545454545454], 'nacho': [0.33, 0.5454545454545454], 'apple': [0.0, 0.5454545454545454], 'honey': [0.32, 0.5454545454545454], 'hip': [0.56, 0.5454545454545454], 'bok_choy': [0.39, 0.5454545454545454], 'chestnut': [0.0, 0.5454545454545454], 'zucchini': [0.32, 0.5454545454545454], 'gazpacho': [0.0, 0.5454545454545454], 'jackfruit': [0.66, 0.5454545454545454], 'coffee_cup': [0.82, 0.5454545454545454], 'pear': [0.69, 0.5454545454545454], 'cheeseburger': [0.0, 0.5454545454545454], 'persimmon': [0.4, 0.5454545454545454], 'cress': [0.66, 0.5454545454545454], 'shrimp': [0.0, 0.5454545454545454], 'croissant': [0.0, 0.5454545454545454], 'acorn': [0.49, 0.5454545454545454], 'durian': [0.71, 0.5454545454545454], 'quince': [0.4, 0.5454545454545454], 'chili': [0.31, 0.5454545454545454], 'wine_glass': [0.34, 0.5454545454545454], 'beer': [0.36, 0.5454545454545454], 'corkscrew': [0.97, 0.5454545454545454], 'champagne': [0.31, 0.5454545454545454], 'red_wine': [0.42, 0.5454545454545454], 'wine_bottle': [0.31, 0.5454545454545454], 'mosque': [0.99, 0.30000000000000004], 'totem_pole': [0.95, 0.30000000000000004], 'cathedral': [0.75, 0.30000000000000004], 'church': [1.0, 0.30000000000000004], 'synagogue': [0.77, 0.30000000000000004], 'motorcycle': [1.0, 0.30000000000000004], 'liner': [1.0, 0.30000000000000004], 'sea_lion': [1.0, 0.30000000000000004], 'book': [0.77, 0.30000000000000004], 'harp': [0.98, 0.30000000000000004], 'record_player': [0.0, 0.30000000000000004], 'sculpture': [0.52, 0.30000000000000004], 'dinosaur': [1.0, 0.30000000000000004], 'castle': [0.99, 0.30000000000000004], 'canoe': [0.95, 0.2727272727272727], 'rowing': [0.71, 0.2727272727272727], 'paddle': [0.98, 0.2727272727272727], 'jockey': [0.99, 0.2727272727272727], 'horse': [1.0, 0.2727272727272727], 'ski': [1.0, 0.2727272727272727], 'wicket': [1.0, 0.2727272727272727], 'tennis': [1.0, 0.2727272727272727], 'rugby': [0.92, 0.2727272727272727], 'sarong': [0.92, 0.2727272727272727], 'maillot': [0.96, 0.2727272727272727], 'gown': [1.0, 0.2727272727272727], 'bow_tie': [0.95, 0.2727272727272727], 'apron': [0.95, 0.2727272727272727], 'microphone': [0.53, 0.2727272727272727], 'sunflower': [0.93, 0.2727272727272727], 'bakery': [0.81, 0.2727272727272727], 'sombrero': [1.0, 0.2727272727272727], 'perfume': [0.64, 0.2727272727272727], 'burrito': [0.35, 0.2727272727272727], 'bell_pepper': [0.0, 0.2727272727272727], 'rapeseed': [0.99, 0.2727272727272727], 'potato': [0.0, 0.2727272727272727], 'sandwich': [0.0, 0.2727272727272727], 'chard': [0.0, 0.2727272727272727], 'lemon': [0.82, 0.2727272727272727], 'supermarket': [0.9, 0.2727272727272727], 'buckeye': [0.88, 0.2727272727272727], 'pomegranate': [0.33, 0.2727272727272727], 'spoon': [0.0, 0.2727272727272727], 'popcorn': [0.82, 0.2727272727272727], 'crab': [0.99, 0.2727272727272727], 'chowder': [0.36, 0.2727272727272727], 'banana': [0.36, 0.2727272727272727], 'hot_dog': [0.4, 0.2727272727272727], 'soup': [0.31, 0.2727272727272727], 'hamburger': [0.43, 0.2727272727272727], 'sushi': [0.0, 0.2727272727272727], 'coconut': [0.95, 0.2727272727272727], 'barbecue': [0.47, 0.2727272727272727], 'bagel': [0.0, 0.2727272727272727], 'doughnut': [0.0, 0.2727272727272727], 'celery': [0.75, 0.2727272727272727], 'cherry': [0.64, 0.2727272727272727], 'porridge': [0.34, 0.2727272727272727], 'western': [0.0, 0.2727272727272727], 'oatmeal': [0.44, 0.2727272727272727], 'press': [0.86, 0.2727272727272727], 'shovel': [0.99, 0.2727272727272727], 'bottle_opener': [0.86, 0.2727272727272727], 'canteen': [0.89, 0.2727272727272727], 'card': [0.0, 0.0], 'slot': [0.0, 0.0], 'casino': [0.0, 0.0], 'scratch_card': [0.0, 0.0], 'dice': [0.0, 0.0], 'boat': [0.0, 0.0], 'surfboard': [0.0, 0.0], 'baseball': [0.0, 0.0], 'skateboard': [0.0, 0.0], 'boomerang': [0.0, 0.0], 'volleyball': [0.0, 0.0], 'golf': [0.0, 0.0], 'bow': [0.0, 0.0], 'stick': [0.0, 0.0], 'roller_skates': [0.0, 0.0], 'segway': [0.0, 0.0], 'trench_coat': [0.0, 0.0], 'nursery': [0.0, 0.0], 'interceptor': [0.0, 0.0], 'seat_belt': [0.0, 0.0], 'aircraft_carrier': [0.0, 0.0], 'tricycle': [0.0, 0.0], 'fighter': [0.0, 0.0], 'jeep': [0.0, 0.0], 'mountain_bike': [0.0, 0.0], 'gondola': [0.0, 0.0], 'scissors': [0.0, 0.0], 'clipper': [0.0, 0.0], 'dogsled': [0.0, 0.0], 'suitcase': [0.0, 0.0], 'palm_tree': [0.0, 0.0], 'drone': [0.0, 0.0], 'calculator': [0.0, 0.0], 'backpack': [0.0, 0.0], 'toilet': [0.0, 0.0], 'web_site': [0.0, 0.0], 'stamp': [0.0, 0.0], 'bookshop': [0.0, 0.0], 'laptop': [0.0, 0.0], 'notebook': [0.0, 0.0], 'flower': [0.0, 0.0], 'skull': [0.0, 0.0], 'dome': [0.0, 0.0], 'printer': [0.0, 0.0], 'tie': [0.0, 0.0], 'limousine': [0.0, 0.0], 'oyster': [0.0, 0.0], 'ipod': [0.0, 0.0], 'golf_ball': [0.0, 0.0], 'golf_cart': [0.0, 0.0], 'christmas_tree': [0.0, 0.0], 'tank': [0.0, 0.0], 'demonstration': [0.0, 0.0], 'bikini': [0.0, 0.0], 'egg': [0.0, 0.0], 'jam': [0.0, 0.0], 'bicycle': [0.91, -0.2727272727272727], 'unicycle': [0.41, -0.2727272727272727], 'jet_ski': [0.45, -0.2727272727272727], 'parachute': [0.34, -0.2727272727272727], 'collar': [0.98, -0.2727272727272727], 'crib': [0.83, -0.2727272727272727], 'diaper': [0.7, -0.2727272727272727], 'stretcher': [0.36, -0.2727272727272727], 'ambulance': [0.59, -0.2727272727272727], 'wheelchair': [0.67, -0.2727272727272727], 'fedora': [0.83, -0.2727272727272727], 'houseplant': [0.98, -0.2727272727272727], 'headset': [0.66, -0.2727272727272727], 'banner': [0.98, -0.2727272727272727], 'police_van': [0.94, -0.2727272727272727], 'nude_body': [0.0, -0.2727272727272727], 'hammer': [0.93, -0.2727272727272727], 'chain_saw': [0.81, -0.2727272727272727], 'knife': [1.0, -0.2727272727272727], 'drill': [0.74, -0.2727272727272727], 'saw': [0.52, -0.2727272727272727], 'hatchet': [0.75, -0.2727272727272727], 'bob_marley': [0.0, -0.2727272727272727], 'speedboat': [0.73, -0.30000000000000004], 'trimaran': [0.33, -0.30000000000000004], 'motorboat': [0.91, -0.30000000000000004], 'missile': [0.91, -0.30000000000000004], 'cannon': [0.4, -0.30000000000000004], 'doll': [0.95, -0.5454545454545454], 'bonnet': [0.61, -0.5454545454545454], 'police_boat': [0.0, -0.5454545454545454], 'chisel': [0.56, -0.5454545454545454], 'ax': [0.0, -0.5454545454545454], 'chicha': [0.0, -0.5454545454545454], 'cigarette_pack': [0.0, -0.5454545454545454], 'cigarette': [0.0, -0.5454545454545454], 'e_cig': [0.0, -0.5454545454545454], 'sword': [0.33, -0.8181818181818181], 'cannabis_leaf': [0.0, -1.0909090909090908], 'joint': [0.0, -1.3636363636363635], 'weed': [0.0, -1.3636363636363635], 'scimitar': [0.32, -1.3636363636363635], 'stiletto': [0.57, -1.3636363636363635], 'machine_gun': [0.86, -1.6363636363636362], 'rifle': [0.84, -1.6363636363636362], 'bullet': [0.9, -1.9090909090909092], 'pistol': [0.64, -2.1818181818181817], 'revolver': [0.6, -2.1818181818181817], 'cocain': [0.0, -2.727272727272727]}
  accommodation_search
{'book': [0.95, 1.153846153846154], 'ski': [0.49, 0.6923076923076923], 'unicycle': [0.98, 0.6923076923076923], 'canoe': [0.98, 0.6923076923076923], 'gondola': [0.43, 0.6000000000000001], 'trimaran': [0.85, 0.5], 'mountain_bike': [0.34, 0.5], 'cookie': [0.94, 0.5], 'tea': [0.99, 0.5], 'cake': [0.96, 0.5], 'salad': [0.97, 0.5], 'lobster': [0.94, 0.5], 'tiramisu': [0.48, 0.5], 'guacamole': [0.78, 0.5], 'dessert': [0.97, 0.5], 'gazpacho': [0.35, 0.5], 'muffin': [0.47, 0.5], 'palm_tree': [0.93, 0.46153846153846156], 'houseplant': [0.99, 0.46153846153846156], 'bookshop': [0.87, 0.46153846153846156], 'flower': [0.36, 0.46153846153846156], 'bicycle': [0.63, 0.46153846153846156], 'snorkel': [0.97, 0.46153846153846156], 'dinosaur': [0.89, 0.46153846153846156], 'cello': [0.91, 0.46153846153846156], 'record_player': [0.98, 0.46153846153846156], 'nursery': [0.39, 0.25], 'cathedral': [0.32, 0.25], 'church': [0.74, 0.25], 'synagogue': [0.32, 0.25], 'hot_pot': [0.97, 0.25], 'broccoli': [0.73, 0.25], 'water_bottle': [0.86, 0.25], 'bok_choy': [0.51, 0.25], 'croissant': [0.97, 0.25], 'watermelon': [0.97, 0.25], 'butternut_squash': [0.94, 0.25], 'oatmeal': [0.0, 0.25], 'supermarket': [0.55, 0.25], 'parsnip': [0.94, 0.25], 'asparagus': [0.89, 0.25], 'fish': [0.92, 0.25], 'western': [0.35, 0.25], 'persimmon': [0.4, 0.25], 'potato': [0.95, 0.25], 'rapeseed': [0.97, 0.25], 'jalapeno': [0.63, 0.25], 'egg': [0.99, 0.25], 'pomegranate': [0.85, 0.25], 'zucchini': [0.85, 0.25], 'apple': [0.94, 0.25], 'milk': [0.38, 0.25], 'congee': [0.0, 0.25], 'ice_cream': [0.84, 0.25], 'sushi': [0.58, 0.25], 'shrimp': [0.88, 0.25], 'hip': [0.56, 0.25], 'espresso': [0.77, 0.25], 'artichoke': [0.98, 0.25], 'granny_smith': [0.54, 0.25], 'quince': [0.41, 0.25], 'carrot': [0.99, 0.25], 'jam': [0.9, 0.25], 'chili': [0.39, 0.25], 'salmon': [0.69, 0.25], 'omelet': [0.61, 0.25], 'pastry': [0.76, 0.25], 'crab': [0.99, 0.25], 'cherry': [0.38, 0.25], 'coconut': [0.95, 0.25], 'coffee_cup': [0.77, 0.25], 'carbonara': [0.97, 0.25], 'mushroom': [0.51, 0.25], 'spoon': [0.85, 0.25], 'pudding': [0.31, 0.25], 'tomato': [0.96, 0.25], 'lettuce': [0.83, 0.25], 'strawberry': [0.82, 0.25], 'peach': [0.58, 0.25], 'orange_juice': [0.83, 0.25], 'acorn': [0.87, 0.25], 'chowder': [0.0, 0.25], 'waffle': [0.5, 0.25], 'soup': [0.7, 0.25], 'dough': [0.33, 0.25], 'bell_pepper': [0.74, 0.25], 'grape': [0.79, 0.25], 'cress': [0.0, 0.25], 'dogsled': [0.93, 0.23076923076923078], 'wheelchair': [0.86, 0.23076923076923078], 'calculator': [0.71, 0.23076923076923078], 'notebook': [0.31, 0.23076923076923078], 'web_site': [0.99, 0.23076923076923078], 'laptop': [0.89, 0.23076923076923078], 'sunflower': [0.88, 0.23076923076923078], 'bakery': [0.86, 0.23076923076923078], 'limousine': [0.63, 0.23076923076923078], 'golf_cart': [0.83, 0.23076923076923078], 'paddle': [0.0, 0.23076923076923078], 'roller_skates': [0.48, 0.23076923076923078], 'tennis': [0.86, 0.23076923076923078], 'volleyball': [0.91, 0.23076923076923078], 'surfboard': [0.0, 0.23076923076923078], 'rowing': [0.37, 0.23076923076923078], 'flute': [0.99, 0.23076923076923078], 'harp': [0.98, 0.23076923076923078], 'trombone': [0.95, 0.23076923076923078], 'gown': [0.33, 0.21428571428571427], 'ambulance': [0.89, -0.23076923076923078], 'scissors': [0.31, -0.23076923076923078], 'microphone': [0.0, -0.23076923076923078], 'stamp': [0.38, -0.23076923076923078], 'skateboard': [0.97, -0.23076923076923078], 'chisel': [0.35, -0.23076923076923078], 'beer': [0.51, -0.25], 'cocktail': [0.66, -0.25], 'brew': [0.37, -0.25], 'sidecar': [0.0, -0.25], 'eggnog': [0.87, -0.25], 'canteen': [0.31, -0.25], 'jeep': [0.74, -0.25], 'interceptor': [0.88, -0.25], 'fighter': [0.65, -0.25], 'hamburger': [0.33, -0.25], 'french_fries': [0.64, -0.25], 'chain_saw': [0.48, -0.46153846153846156], 'saw': [0.6, -0.46153846153846156], 'hammer': [0.93, -0.46153846153846156], 'drum': [0.98, -0.46153846153846156], 'collar': [0.91, -0.6428571428571428], 'drill': [0.48, -0.6923076923076923], 'ax': [0.7, -0.9230769230769231], 'hatchet': [0.0, -0.9230769230769231], 'missile': [1.0, -1.0], 'knife': [0.97, -1.153846153846154], 'dice': [0.99, -1.153846153846154], 'tank': [0.97, -1.3846153846153846], 'bob_marley': [0.0, -1.3846153846153846], 'sword': [0.36, -1.3846153846153846], 'scratch_card': [0.0, -1.6153846153846154], 'chicha': [0.0, -1.8461538461538463], 'scimitar': [0.37, -1.8461538461538463], 'slot': [0.97, -1.8461538461538463], 'casino': [0.0, -1.8461538461538463], 'stiletto': [0.59, -2.0769230769230766], 'cigarette': [0.0, -2.307692307692308], 'cannabis_leaf': [0.0, -2.307692307692308], 'cigarette_pack': [0.0, -2.5384615384615383], 'joint': [0.0, -2.769230769230769], 'machine_gun': [0.9, -2.769230769230769], 'rifle': [0.54, -2.769230769230769], 'cocain': [0.0, -3.0], 'weed': [0.0, -3.0], 'pistol': [0.99, -3.0], 'revolver': [0.0, -3.0], 'bullet': [0.89, -3.0]}
{'job_search_IT': 0.533783736384875, 'bank_credit': 0.5255413997244357, 'job_search_waiter_waitress': 0.6982545307879982, 'accommodation_search': 0.6389443121643388}
Done!
Calculating final correlation by situation ...
  job_search_IT
Automatic Eval: 
[ 0.2357387   0.04980872  0.0857036   0.2111003  -0.36715089 -0.03209285
 -0.07599003  0.15681748 -0.07061583 -0.12663459 -0.23981297  0.05761571
 -0.04353705  0.05675554  0.04273403  0.11031619  0.17775276  0.28484272
  0.10083721 -0.00176871  0.17290855  0.1358296   0.31028433  0.23280562
  0.11609887 -0.14422937  0.12517376  0.03919301 -0.12337495 -0.24548902
  0.14076586 -0.06224105  0.14371365  0.35695104 -0.01209912 -0.5258345
 -0.03008931  0.25985592 -0.05653941  0.08326682  0.06824236  0.24927903
  0.06061222 -0.19297338 -0.02088267 -0.02606391 -0.20318491  0.03932578
  0.1218854  -0.16066153 -0.03693548  0.13073311  0.18653523  0.01277032
  0.06578603  0.06191018 -0.00322565  0.20625117  0.18875019  0.11547699
 -0.07273396  0.05631297  0.18732605 -0.37267954  0.29986678  0.17017006
 -0.14174403  0.423827    0.10415662 -0.08785851  0.28683241  0.39127768
 -0.08265538  0.24928638  0.24624431 -0.0296248   0.1873541   0.18775192
  0.33574967  0.0668158  -0.15052984  0.06435208  0.0356812   0.08291802
  0.08649336  0.1707606   0.34506797  0.02057565  0.3231556  -0.0161893
  0.29745163 -0.02936134  0.01507119 -0.02769623  0.1275058   0.07738717
  0.01805344  0.16606958  0.08410948  0.13222919]
Manual Eval: 
[ 0.15405007 -0.56900157 -0.02671284  0.15405007 -0.38823866 -0.38823866
 -0.02671284  0.6963388   0.15405007  0.15405007 -0.20747575  0.33481298
  0.6963388   0.6963388   0.51557589  0.33481298 -0.93052739  1.05786462
 -0.02671284 -0.56900157  0.15405007 -1.29205321 -0.20747575  0.87710171
  0.15405007  0.51557589 -0.74976448  0.33481298  0.15405007 -0.56900157
 -0.38823866 -0.56900157 -0.74976448  0.15405007 -0.74976448 -1.83434194
 -0.56900157 -0.56900157 -0.74976448  0.51557589  0.15405007  1.05786462
  1.05786462 -0.93052739  0.15405007 -0.56900157  0.15405007 -1.1112903
 -0.38823866  0.33481298 -1.29205321 -0.02671284 -0.38823866  1.41939044
 -0.74976448 -0.38823866  0.15405007  0.6963388  -0.38823866  0.33481298
 -0.56900157 -0.38823866 -0.74976448 -1.1112903  -0.02671284 -0.02671284
  0.15405007  0.33481298 -0.38823866 -0.93052739  0.6963388   1.05786462
 -0.20747575  0.51557589  0.51557589 -0.56900157 -0.56900157  0.87710171
 -0.02671284  0.15405007 -0.38823866 -0.46054383 -1.1112903  -1.29205321
 -0.02671284  0.87710171  0.6963388  -0.38823866  0.87710171 -0.93052739
 -0.02671284  0.15405007  0.51557589 -0.20747575 -0.20747575 -0.02671284
 -0.74976448  1.05786462  0.6963388   1.05786462]
  bank_credit
Automatic Eval: 
[-0.02171379 -0.13192981 -0.03756372 -0.10419757 -0.25151529 -0.30120163
 -0.29937053 -0.17524166 -0.19172995 -0.18037894 -0.34348168 -0.18216551
 -0.24236125 -0.14375486 -0.1034173  -0.09189555 -0.10024106 -0.02913326
 -0.33396634 -0.16238884 -0.03162665 -0.21630496 -0.03437908 -0.0544346
 -0.17731769 -0.1576318  -0.20968563 -0.23121249 -0.22062213 -0.28911204
 -0.1160481  -0.17629044 -0.2263903   0.07231049 -0.10795322 -0.69258195
 -0.58964329  0.01362527 -0.34760446 -0.23661104 -0.08363657 -0.10594658
 -0.08587156 -0.35507673 -0.24563102 -0.09514073 -0.19865833 -0.19616537
 -0.0248933  -0.24046059 -0.15868309 -0.20908204 -0.10192854 -0.27280445
 -0.19733719 -0.13786527 -0.09131598 -0.22291817 -0.1322814  -0.08465288
 -0.20425275 -0.1523443  -0.03799948 -0.40478868 -0.08001315 -0.05382142
 -0.18770957 -0.02447655 -0.15671474 -0.16431463 -0.1010256  -0.01893974
 -0.11743763 -0.04892997 -0.18163995 -0.33004158 -0.15311556 -0.13846072
 -0.05876298 -0.05637411 -0.25096865 -0.16687316 -0.07767527 -0.04491936
 -0.16519769 -0.08279658 -0.10326289 -0.12528922 -0.26174893 -0.17802451
 -0.00758467 -0.16865525 -0.18861027 -0.22523183 -0.07832653 -0.16040284
 -0.29164921 -0.19631567 -0.18230983 -0.20110512]
Manual Eval: 
[ 0.42971389 -0.12309081  0.06117742  0.06117742  0.06117742 -0.67589551
 -0.12309081  0.42971389  0.42971389 -0.12309081 -0.30735904  0.24544565
  0.61398212  0.61398212  0.06117742  0.42971389 -0.49162728  0.42971389
 -0.12309081 -0.49162728  0.61398212 -0.86016374  0.42971389  0.79825035
 -0.12309081  0.06117742  0.06117742 -0.12309081 -0.86016374 -0.30735904
  0.42971389 -0.49162728 -0.34421269  0.42971389 -0.86016374 -1.04443198
 -0.12309081 -0.12309081 -0.67589551  0.42971389 -0.49162728  0.24544565
 -0.30735904 -1.22870021 -0.30735904 -0.30735904 -0.12309081 -1.04443198
 -0.30735904  0.61398212 -1.04443198  0.42971389 -0.12309081  0.24544565
 -0.12309081  0.42971389  0.24544565  0.06117742 -0.12309081  0.61398212
  0.42971389  0.24544565 -1.04443198 -0.67589551 -0.30735904 -0.12309081
  0.06117742  0.06117742 -0.30735904 -0.30735904 -0.30735904  0.61398212
  0.06117742  0.61398212 -0.30735904 -0.12309081 -0.12309081  0.42971389
  0.06117742  0.42971389 -0.12309081  0.54027483  0.42971389 -1.41296844
  0.42971389 -0.12309081 -0.12309081  0.42971389 -0.67589551 -0.67589551
 -0.12309081  0.24544565  0.42971389 -0.67589551  0.61398212 -0.12309081
 -0.12309081 -0.12309081  0.61398212  0.24544565]
  job_search_waiter_waitress
Automatic Eval: 
[ 0.19610779  0.3944853   0.29216352  0.15891929  0.15795467 -0.02807861
  0.16912841  0.12970263  0.22984996  0.18255736  0.10121437  0.14156027
  0.04417355  0.09221618  0.22205146  0.37582011  0.1514509   0.01352762
  0.05302042  0.02639229  0.12258401  0.07576547  0.14720908  0.17761726
  0.15160379  0.20015547  0.07032088  0.11804896  0.13256849  0.04102829
  0.07257298  0.10965173  0.23614269  0.12811498  0.17105791 -0.00979788
  0.02888801  0.54065591  0.31067769  0.0544532   0.12179258  0.26587163
  0.08306117  0.04544352  0.26451394  0.09034899  0.11048919  0.07040787
  0.3188431   0.16173993  0.16764821  0.22386509  0.0725503   0.07138962
  0.13328088  0.21365839  0.44785325  0.07423316  0.19461079  0.15546539
  0.16009792  0.02585156  0.13312223  0.18390579  0.06383804  0.17691667
  0.19125795  0.13380681  0.2723221   0.45712241  0.21589474  0.09040104
  0.03846888  0.08810623  0.16107683  0.12670487  0.1883683   0.15652236
  0.63017565  0.28480014  0.055892    0.20333613  0.73056842  0.17081425
  0.43971033  0.14825586  0.09131831  0.11813244  0.22393676  0.12177487
  0.18230338  0.15336117  0.10807478  0.005875    0.17042175  0.48505254
  0.08208277  0.02515128  0.24950771  0.05623669]
Manual Eval: 
[ 0.55016914  1.21682902  0.2168392  -0.11649074 -0.11649074 -0.28315571
 -0.61648565 -0.44982068  0.71683411 -0.11649074 -0.11649074 -0.28315571
 -0.11649074 -0.44982068  0.2168392  -1.28314554 -0.28315571 -0.11649074
 -0.28315571 -0.9498156   0.38350417 -1.28314554 -1.44981051 -0.78315062
 -0.11649074 -0.11649074  0.2168392   0.05017423 -0.44982068 -0.9498156
 -0.28315571 -0.78315062  0.15017321 -0.78315062 -0.61648565 -0.61648565
 -0.11649074  1.21682902  0.71683411 -0.44982068 -0.11649074  0.38350417
 -0.61648565 -0.78315062  1.05016405 -0.61648565 -0.28315571 -0.28315571
 -0.78315062 -0.11649074 -0.61648565  0.38350417 -0.61648565 -0.9498156
 -0.44982068 -0.61648565  0.88349908 -0.11649074 -0.11649074 -0.11649074
  0.2168392  -0.61648565 -0.9498156  -0.11649074  0.05017423 -0.11649074
 -0.44982068  0.2168392  -0.11649074  0.38350417  0.38350417  0.2168392
 -0.44982068  0.05017423  0.05017423 -0.28315571  0.55016914 -0.28315571
  1.38349399 -0.28315571 -0.28315571  0.01684123  1.8834889  -0.78315062
  0.88349908 -1.11648057 -1.11648057 -0.11649074 -0.44982068 -1.11648057
 -0.11649074 -0.28315571  0.05017423 -0.61648565 -1.11648057  1.21682902
 -1.11648057 -1.11648057  0.38350417 -0.11649074]
  accommodation_search
Automatic Eval: 
[ 0.08371372  0.0028999  -0.02559195  0.05060252 -0.22525477 -0.30388231
 -0.1474094   0.04140441 -0.05751894 -0.02657166 -0.2449196   0.02561394
 -0.13599065 -0.02765663 -0.20046113  0.16469602  0.24589969  0.07638803
  0.04322272 -0.14226186  0.15876394 -0.04374872  0.22672932  0.05335523
 -0.07396197  0.00637976 -0.12036048 -0.01922863 -0.16493197 -0.3242575
  0.01995404 -0.15061778  0.19616644  0.21038907  0.01747089 -0.62670057
 -0.01043812  0.23663315 -0.17433953 -0.08308412 -0.08881563  0.20377691
  0.06131463 -0.33782181 -0.23925756  0.03044122 -0.15874826 -0.14525573
  0.13711441 -0.16289575 -0.06119188  0.036302    0.18471194 -0.18103859
  0.03269802 -0.150832    0.14063316  0.06878976  0.27428163  0.01357736
 -0.03651792 -0.12720487  0.14515066 -0.45878567  0.12169637  0.00169385
 -0.24106508  0.15891466  0.02116247  0.08068444  0.22039505  0.16688054
 -0.07498087  0.20023281  0.1412217  -0.48714322  0.02583344  0.10878031
  0.25655402 -0.00799031 -0.23335381 -0.020046    0.14820369 -0.10665014
  0.15037645  0.16327757  0.10959947  0.11551429  0.1178366  -0.1353461
  0.07925449 -0.03000225 -0.01513542 -0.11036412  0.09745935  0.15394453
 -0.30663197 -0.00341735  0.07532964  0.0682017 ]
Manual Eval: 
[ 0.40329743 -0.63367914  0.05763857 -0.46084972  0.57612686 -0.979338
  0.05763857  0.57612686  0.40329743 -0.28802029 -0.28802029  0.57612686
  0.57612686  0.40329743 -0.11519086  0.57612686 -0.63367914  0.74895629
  0.05763857 -0.63367914  0.74895629 -0.80650857  0.230468    0.40329743
 -0.28802029  0.57612686 -0.46084972 -0.11519086 -0.63367914 -0.63367914
  0.40329743 -0.46084972 -0.35715206  0.40329743 -0.80650857 -1.15216743
 -0.80650857  0.230468   -0.63367914  0.57612686 -0.28802029  0.57612686
 -0.28802029 -1.32499686 -0.11519086  0.05763857  0.05763857 -0.46084972
  0.230468    0.92178572 -1.15216743  0.40329743 -0.63367914 -0.80650857
 -0.80650857  0.57612686  0.230468    0.57612686 -0.46084972  0.92178572
  0.40329743  0.40329743 -1.32499686 -0.979338   -0.28802029 -0.80650857
  0.230468   -0.11519086 -0.63367914 -0.28802029  0.05763857  0.57612686
 -0.11519086  0.57612686 -0.46084972 -0.46084972 -0.11519086  0.230468
 -0.11519086  0.230468   -0.28802029 -0.21888852  0.40329743 -0.979338
  0.57612686  0.230468   -0.979338    0.92178572 -0.28802029 -0.63367914
 -0.11519086  0.05763857  0.40329743 -0.28802029  0.40329743 -0.28802029
 -0.28802029  0.05763857  0.74895629  0.92178572]
Done!
{'job_search_IT': 0.4106923049265795, 'bank_credit': 0.32297799005075584, 'job_search_waiter_waitress': 0.6557740226968336, 'accommodation_search': 0.34405042160204796}
