Done!
Calculating final correlation by situation ...
  job_search_IT
Automatic Eval: 
[ 0.24755434  0.10746306  0.12645224  0.17481089 -0.06062362  0.04846921
 -0.00209174  0.15436705  0.03564026  0.03931685 -0.08963113  0.09410804
  0.00581044  0.1117004   0.07605929  0.13722087  0.20323248  0.27163256
  0.13455604  0.10966833  0.17178185  0.16975191  0.26996461  0.23122645
  0.14484285  0.01168121  0.14443401  0.12857776 -0.00696615  0.01034142
  0.18124172  0.09285535  0.14195496  0.31697086  0.05354533 -0.29184405
 -0.04655828  0.18314021  0.01756749  0.08531273  0.16287353  0.12173583
  0.13004398 -0.04589184  0.0909532   0.09036679  0.01660977  0.08296508
  0.11077298  0.00402855  0.04802138  0.10608009  0.13667839  0.06915025
  0.07187772  0.08521567  0.03695021  0.20948113  0.16441481  0.15727125
 -0.00431441  0.10254575  0.24810311 -0.14650554  0.23517952  0.18416872
  0.07308094  0.35260285  0.11760438  0.02436453  0.25307548  0.32462458
  0.20067168  0.25441551  0.17098465  0.05426908  0.19328277  0.16380204
  0.18153889  0.07022815 -0.00569354  0.0566844   0.01956861  0.13192461
  0.08208794  0.09777455  0.23957135  0.08611326  0.23759799  0.0527422
  0.21492327  0.02852637  0.08540307  0.19967952  0.14157723  0.06169282
  0.05583456  0.21313045  0.11953951  0.19357574]
Manual Eval: 
[-0.09035895 -0.61279047 -0.07395974 -0.06280096  0.10641262 -0.51197918
 -0.20141335  0.41752268  0.04884685 -0.10991864 -0.11937499  0.07797838
  0.60715806  0.29214191  0.29029971  0.52492009 -1.17094992  0.65040745
 -0.0809849  -0.4816486   0.15937669 -1.37854342  0.13108099  0.77157485
  0.03387671  0.00466265 -0.24352487  0.05821648 -0.27867431  0.01527654
 -0.06919688 -0.40114377 -0.47362386  0.01154803 -0.34811745 -1.12364045
 -0.28795547 -0.3157143  -0.59703773  0.47824533 -0.56353906  0.44942692
  0.71543986 -0.84459337 -0.12539105 -0.48816062  0.26766236 -0.8919875
  0.13663341  0.31923345 -1.36376742 -0.04690213 -0.26771675  1.37322152
 -0.79514725 -0.17606126 -0.0341728   0.40132459 -0.33849221  0.38655728
 -0.10056181 -0.09555887 -0.98645257 -1.11169758 -0.0941659  -0.51886456
  0.36149183  0.38655728 -0.39051252 -0.535466    0.49326852  0.81986356
  0.15146082  0.36694012  0.31721367 -0.98125067 -0.58187089  0.32350684
  0.64562075  0.01154803 -0.82539953 -0.12211984 -0.80291702 -0.87838253
 -0.06464316  0.75354653  0.77789181 -0.21702554  0.90286667 -0.62840266
  0.08229092 -0.51781823 -0.01995745 -0.57299542 -0.1726485   0.02834143
 -0.35094121  0.056493    0.80982761  1.01109156]
  bank_credit
Automatic Eval: 
[-0.02171379 -0.13192981 -0.03756372 -0.10419757 -0.25151529 -0.30120163
 -0.29937053 -0.17524166 -0.19172995 -0.18037894 -0.34348168 -0.18216551
 -0.24236125 -0.14375486 -0.1034173  -0.09189555 -0.10024106 -0.02913326
 -0.33396634 -0.16238884 -0.03162665 -0.21630496 -0.03437908 -0.0544346
 -0.17731769 -0.1576318  -0.20968563 -0.23121249 -0.22062213 -0.28911204
 -0.1160481  -0.17629044 -0.2263903   0.07231049 -0.10795322 -0.69258195
 -0.58964329  0.01362527 -0.34760446 -0.23661104 -0.08363657 -0.10594658
 -0.08587156 -0.35507673 -0.24563102 -0.09514073 -0.19865833 -0.19616537
 -0.0248933  -0.24046059 -0.15868309 -0.20908204 -0.10192854 -0.27280445
 -0.19733719 -0.13786527 -0.09131598 -0.22291817 -0.1322814  -0.08465288
 -0.20425275 -0.1523443  -0.03799948 -0.40478868 -0.08001315 -0.05382142
 -0.18770957 -0.02447655 -0.15671474 -0.16431463 -0.1010256  -0.01893974
 -0.11743763 -0.04892997 -0.18163995 -0.33004158 -0.15311556 -0.13846072
 -0.05876298 -0.05637411 -0.25096865 -0.16687316 -0.07767527 -0.04491936
 -0.16519769 -0.08279658 -0.10326289 -0.12528922 -0.26174893 -0.17802451
 -0.00758467 -0.16865525 -0.18861027 -0.22523183 -0.07832653 -0.16040284
 -0.29164921 -0.19631567 -0.18230983 -0.20110512]
Manual Eval: 
[ 0.6816745   0.1478711  -0.35910192 -0.28290457  0.15324146 -0.78738908
 -0.5828613   0.20781011  0.5164541  -0.21865844 -0.28966169 -0.10345695
  0.56531137  0.24716026 -0.06167932  0.35710527 -0.33290463  0.41499083
 -0.21164574 -0.70548033  0.23240021 -0.38961937  0.8527151   0.59549543
 -0.02623777 -0.27162585  0.09915789  0.23748874 -1.05016838  0.07240815
  0.30402045 -0.70511893  0.14286587  0.62742448 -0.77444763 -1.0165188
  0.07422676  0.27715329 -1.18622131  0.19305006 -0.50326204  0.00406371
 -0.45256227 -0.73728602 -0.49548227 -0.23487569  0.31858491 -1.05013719
  0.29009474  0.80165078 -0.91072364  0.05292098  0.05946671  0.32221482
 -0.28784309  0.42024376  0.07111536 -0.03252063 -0.02623777  0.59447006
  0.78677331 -0.01558786 -2.01176139 -0.05410367 -0.01854925 -0.76477611
  0.01941685  0.08370269  0.49607146 -0.08809882 -0.41013191  0.57971001
  0.30074465  0.69068039 -0.04245501 -0.5828613   0.00774203  0.03816093
  0.26421184  0.41499083 -0.44762374  0.38057309  0.19830299 -0.93825932
  0.28011468  0.12126542  0.39102526  0.40023078 -0.85109448 -0.47797223
  0.01519385 -0.27350206  0.51120117  0.02734662  0.71225518 -0.4618126
  0.02605383 -0.3358842   0.60923011  0.21124444]
  job_search_waiter_waitress
Automatic Eval: 
[ 0.19610779  0.3944853   0.29216352  0.15891929  0.15795467 -0.02807861
  0.16912841  0.12970263  0.22984996  0.18255736  0.10121437  0.14156027
  0.04417355  0.09221618  0.22205146  0.37582011  0.1514509   0.01352762
  0.05302042  0.02639229  0.12258401  0.07576547  0.14720908  0.17761726
  0.15160379  0.20015547  0.07032088  0.11804896  0.13256849  0.04102829
  0.07257298  0.10965173  0.23614269  0.12811498  0.17105791 -0.00979788
  0.02888801  0.54065591  0.31067769  0.0544532   0.12179258  0.26587163
  0.08306117  0.04544352  0.26451394  0.09034899  0.11048919  0.07040787
  0.3188431   0.16173993  0.16764821  0.22386509  0.0725503   0.07138962
  0.13328088  0.21365839  0.44785325  0.07423316  0.19461079  0.15546539
  0.16009792  0.02585156  0.13312223  0.18390579  0.06383804  0.17691667
  0.19125795  0.13380681  0.2723221   0.45712241  0.21589474  0.09040104
  0.03846888  0.08810623  0.16107683  0.12670487  0.1883683   0.15652236
  0.63017565  0.28480014  0.055892    0.20333613  0.73056842  0.17081425
  0.43971033  0.14825586  0.09131831  0.11813244  0.22393676  0.12177487
  0.18230338  0.15336117  0.10807478  0.005875    0.17042175  0.48505254
  0.08208277  0.02515128  0.24950771  0.05623669]
Manual Eval: 
[ 0.20848324  0.59792459  0.21083304  0.10306436 -0.32837643 -0.30627889
 -0.77190003 -0.71318258  0.49663925  0.23622801 -0.11629673 -0.15828591
  0.02800349 -0.15384057  0.24719851 -0.75563873 -0.74268173 -0.1556614
 -0.43080869 -0.78843783  0.40014129 -1.09248514 -0.83684903 -0.58247843
 -0.21682396 -0.44268049  0.19484778  0.23935599 -0.62226803 -0.79701094
 -0.23655038 -0.96236798  0.27470314 -0.16450413 -0.68606225 -0.46387954
 -0.06761981  1.09279326  0.65906108 -0.42371809 -0.31521015  0.18065408
 -0.27182164 -0.50288382  0.80350567 -0.37853218 -0.07124412 -0.25858408
 -0.19511685  0.19478103 -0.4074914   0.2021459  -0.20092628 -0.56588744
 -0.27506297 -0.5623256   0.7264764  -0.30700609 -0.21725577 -0.12082582
  0.12346198 -0.02552292 -1.16477968 -0.5337747   0.01448032 -0.65291943
 -0.17808398  0.3251371  -0.49839008  0.50077043  0.15873595  0.10074721
 -0.3686086  -0.05641379  0.01932099 -0.79306624  0.2160474  -0.25742439
  1.68219159 -0.52068503 -0.46833724  0.10923238  1.43890749 -0.4295992
  1.0355351  -0.28555582 -0.51752858  0.2367138  -0.4132515  -0.63655068
 -0.29354424 -0.73092397  0.08954119 -0.36200378 -0.98227981  0.78949333
 -0.60489975 -0.76407017  0.40705964 -0.13901025]
  accommodation_search
Automatic Eval: 
[ 0.10354329  0.01199777  0.04984814  0.07627057 -0.07856268 -0.28883619
 -0.09392251  0.03741474  0.00376086  0.09039356 -0.21457869  0.14071801
 -0.01770753 -0.03553082  0.00613132  0.2112508   0.27399687  0.096997
  0.036485   -0.08292852  0.21040595  0.02099698  0.24047859  0.09190896
 -0.09390229  0.06423041 -0.07974269  0.05440332 -0.03565345 -0.22116892
  0.02844076 -0.05330471  0.22517934  0.26295765  0.05778463 -0.54974018
 -0.02559886  0.27957576 -0.12133706 -0.0669476  -0.0159982   0.20926193
  0.07432207 -0.33528772 -0.09463481  0.07446362 -0.014619   -0.12500256
  0.16793746 -0.06334313 -0.0218054   0.1091816   0.20072032 -0.14163207
  0.06433958 -0.11701195  0.17786268  0.07727721  0.34904958  0.03124786
 -0.03491901 -0.09773777  0.13659204 -0.29504348  0.17280104  0.033716
  0.19069275  0.1767894   0.04497219  0.1347278   0.2431392   0.16688054
  0.0484073   0.21644074  0.15480943 -0.37340216  0.01016194  0.11862935
  0.27986572  0.02604124 -0.1778349   0.06434177  0.18514234 -0.08503445
  0.20444416  0.16174502  0.11128136  0.16023488  0.11595321 -0.02588853
  0.07672912 -0.02365321  0.02557932 -0.09519223  0.24400438  0.18057943
 -0.26958467 -0.0122228   0.18228568  0.07495071]
Manual Eval: 
[ 0.21249214 -0.45863822 -0.37684941 -0.49401523 -0.15147592 -0.47608222
 -0.45148065  0.7292724   0.214244    0.14779693 -0.3066869   0.53437819
  0.29857781  0.14406029  0.15439246  0.63223454 -0.36764213  0.55448744
  0.0640426  -0.64228903  0.71042525 -1.01651015  0.67574038  0.16278873
 -0.35352113 -0.17903206 -0.44766251  0.25031395 -1.23641679 -0.3194167
  0.3724226  -0.57424434 -0.12613145  0.54086186 -0.63131469 -0.63059973
 -0.39026406  0.38522797 -0.67917114  0.38103028 -0.36399302  0.47505767
  0.05219204 -1.27855499  0.0177109  -0.12060169  0.32419261 -0.29115514
  0.48114946  0.90165588 -1.02446656  0.21835751 -0.26733231 -0.62516178
 -0.42137931  0.68373158  0.15686566  0.77489711 -0.02781705  0.84554187
  0.64556771  0.37039302 -1.43286773 -0.69014619 -0.02243921 -1.15644634
  0.34330703 -0.13729173 -0.2130059  -0.478713    0.02990429  0.4863247
 -0.37373356  0.54243871 -0.35289136 -0.86472827 -0.1302111   0.41042052
  0.34245595  0.231079   -0.49402404 -0.04024522  0.20218646 -0.84092992
  0.54363897  0.29629839  0.13143544  0.81186006 -0.48794015 -0.136384
 -0.27705848 -0.35795153  0.22382814 -0.42859629  0.64615629 -0.05076844
 -0.07410569 -0.2176056   0.66940009  0.69371757]
Done!
{'job_search_IT': 0.36024551161872814, 'bank_credit': 0.2849743315581278, 'job_search_waiter_waitress': 0.6520290400573133, 'accommodation_search': 0.4549430934063598}