/scratch_global/vankhoa/flickr_download/flickr_metadata/trumpet/1
/scratch_global/vankhoa/flickr_download/flickr_metadata/trumpet/2
/scratch_global/vankhoa/flickr_download/flickr_metadata/trumpet/3
/scratch_global/vankhoa/flickr_download/flickr_metadata/trumpet/4
/scratch_global/vankhoa/flickr_download/flickr_metadata/trumpet/5
/scratch_global/vankhoa/flickr_download/flickr_metadata/trumpet/6
/scratch_global/vankhoa/flickr_download/flickr_metadata/snake/1
/scratch_global/vankhoa/flickr_download/flickr_metadata/snake/2
/scratch_global/vankhoa/flickr_download/flickr_metadata/snake/3
/scratch_global/vankhoa/flickr_download/flickr_metadata/snake/4
/scratch_global/vankhoa/flickr_download/flickr_metadata/snake/5
/scratch_global/vankhoa/flickr_download/flickr_metadata/snake/6
/scratch_global/vankhoa/flickr_download/flickr_metadata/piano/1
/scratch_global/vankhoa/flickr_download/flickr_metadata/piano/2
/scratch_global/vankhoa/flickr_download/flickr_metadata/piano/3
/scratch_global/vankhoa/flickr_download/flickr_metadata/piano/4
/scratch_global/vankhoa/flickr_download/flickr_metadata/piano/5
/scratch_global/vankhoa/flickr_download/flickr_metadata/piano/6
/scratch_global/vankhoa/flickr_download/flickr_metadata/saxophone/1
/scratch_global/vankhoa/flickr_download/flickr_metadata/saxophone/2
/scratch_global/vankhoa/flickr_download/flickr_metadata/saxophone/3
/scratch_global/vankhoa/flickr_download/flickr_metadata/saxophone/4
/scratch_global/vankhoa/flickr_download/flickr_metadata/saxophone/5
/scratch_global/vankhoa/flickr_download/flickr_metadata/saxophone/6
/scratch_global/vankhoa/flickr_download/flickr_metadata/diving/1
/scratch_global/vankhoa/flickr_download/flickr_metadata/diving/2
/scratch_global/vankhoa/flickr_download/flickr_metadata/diving/3
/scratch_global/vankhoa/flickr_download/flickr_metadata/diving/4
/scratch_global/vankhoa/flickr_download/flickr_metadata/diving/5
/scratch_global/vankhoa/flickr_download/flickr_metadata/diving/6
/scratch_global/vankhoa/flickr_download/flickr_metadata/diver/1
/scratch_global/vankhoa/flickr_download/flickr_metadata/diver/2
/scratch_global/vankhoa/flickr_download/flickr_metadata/diver/3
/scratch_global/vankhoa/flickr_download/flickr_metadata/diver/4
/scratch_global/vankhoa/flickr_download/flickr_metadata/diver/5
/scratch_global/vankhoa/flickr_download/flickr_metadata/diver/6
/scratch_global/vankhoa/flickr_download/flickr_metadata/computer_mouse/1
/scratch_global/vankhoa/flickr_download/flickr_metadata/computer_mouse/2
/scratch_global/vankhoa/flickr_download/flickr_metadata/computer_mouse/3
/scratch_global/vankhoa/flickr_download/flickr_metadata/computer_mouse/4
/scratch_global/vankhoa/flickr_download/flickr_metadata/computer_mouse/5
/scratch_global/vankhoa/flickr_download/flickr_metadata/computer_mouse/6
/scratch_global/vankhoa/flickr_download/flickr_metadata/electric_guitar/1
/scratch_global/vankhoa/flickr_download/flickr_metadata/electric_guitar/2
/scratch_global/vankhoa/flickr_download/flickr_metadata/electric_guitar/3
/scratch_global/vankhoa/flickr_download/flickr_metadata/electric_guitar/4
/scratch_global/vankhoa/flickr_download/flickr_metadata/electric_guitar/5
/scratch_global/vankhoa/flickr_download/flickr_metadata/electric_guitar/6
/scratch_global/vankhoa/flickr_download/flickr_metadata/bass_guitar/1
/scratch_global/vankhoa/flickr_download/flickr_metadata/bass_guitar/2
/scratch_global/vankhoa/flickr_download/flickr_metadata/bass_guitar/3
/scratch_global/vankhoa/flickr_download/flickr_metadata/bass_guitar/4
/scratch_global/vankhoa/flickr_download/flickr_metadata/bass_guitar/5
/scratch_global/vankhoa/flickr_download/flickr_metadata/bass_guitar/6
/scratch_global/vankhoa/flickr_download/flickr_metadata/volleyball/1
/scratch_global/vankhoa/flickr_download/flickr_metadata/volleyball/2
/scratch_global/vankhoa/flickr_download/flickr_metadata/volleyball/3
/scratch_global/vankhoa/flickr_download/flickr_metadata/volleyball/4
/scratch_global/vankhoa/flickr_download/flickr_metadata/volleyball/5
/scratch_global/vankhoa/flickr_download/flickr_metadata/volleyball/6
/scratch_global/vankhoa/flickr_download/flickr_metadata/missile/1
/scratch_global/vankhoa/flickr_download/flickr_metadata/missile/2
/scratch_global/vankhoa/flickr_download/flickr_metadata/missile/3
/scratch_global/vankhoa/flickr_download/flickr_metadata/missile/4
/scratch_global/vankhoa/flickr_download/flickr_metadata/missile/5
/scratch_global/vankhoa/flickr_download/flickr_metadata/missile/6
/scratch_global/vankhoa/flickr_download/flickr_metadata/whisky/1
/scratch_global/vankhoa/flickr_download/flickr_metadata/whisky/2
/scratch_global/vankhoa/flickr_download/flickr_metadata/whisky/3
/scratch_global/vankhoa/flickr_download/flickr_metadata/whisky/4
/scratch_global/vankhoa/flickr_download/flickr_metadata/whisky/5
/scratch_global/vankhoa/flickr_download/flickr_metadata/whisky/6
/scratch_global/vankhoa/flickr_download/flickr_metadata/whiskey/1
/scratch_global/vankhoa/flickr_download/flickr_metadata/whiskey/2
/scratch_global/vankhoa/flickr_download/flickr_metadata/whiskey/3
/scratch_global/vankhoa/flickr_download/flickr_metadata/whiskey/4
/scratch_global/vankhoa/flickr_download/flickr_metadata/whiskey/5
/scratch_global/vankhoa/flickr_download/flickr_metadata/whiskey/6
/scratch_global/vankhoa/flickr_download/flickr_metadata/limousine/1
/scratch_global/vankhoa/flickr_download/flickr_metadata/limousine/2
/scratch_global/vankhoa/flickr_download/flickr_metadata/limousine/3
/scratch_global/vankhoa/flickr_download/flickr_metadata/limousine/4
/scratch_global/vankhoa/flickr_download/flickr_metadata/limousine/5
/scratch_global/vankhoa/flickr_download/flickr_metadata/limousine/6
/scratch_global/vankhoa/flickr_download/flickr_metadata/snowmobile/1
/scratch_global/vankhoa/flickr_download/flickr_metadata/snowmobile/2
/scratch_global/vankhoa/flickr_download/flickr_metadata/snowmobile/3
/scratch_global/vankhoa/flickr_download/flickr_metadata/snowmobile/4
/scratch_global/vankhoa/flickr_download/flickr_metadata/snowmobile/5
/scratch_global/vankhoa/flickr_download/flickr_metadata/snowmobile/6
/scratch_global/vankhoa/flickr_download/flickr_metadata/flute/1
/scratch_global/vankhoa/flickr_download/flickr_metadata/flute/2
/scratch_global/vankhoa/flickr_download/flickr_metadata/flute/3
/scratch_global/vankhoa/flickr_download/flickr_metadata/flute/4
/scratch_global/vankhoa/flickr_download/flickr_metadata/flute/5
/scratch_global/vankhoa/flickr_download/flickr_metadata/flute/6
/scratch_global/vankhoa/flickr_download/flickr_metadata/harp/1
/scratch_global/vankhoa/flickr_download/flickr_metadata/harp/2
/scratch_global/vankhoa/flickr_download/flickr_metadata/harp/3
/scratch_global/vankhoa/flickr_download/flickr_metadata/harp/4
/scratch_global/vankhoa/flickr_download/flickr_metadata/harp/5
/scratch_global/vankhoa/flickr_download/flickr_metadata/harp/6
/scratch_global/vankhoa/flickr_download/flickr_metadata/diaper/1
/scratch_global/vankhoa/flickr_download/flickr_metadata/diaper/2
/scratch_global/vankhoa/flickr_download/flickr_metadata/diaper/3
/scratch_global/vankhoa/flickr_download/flickr_metadata/diaper/4
/scratch_global/vankhoa/flickr_download/flickr_metadata/diaper/5
/scratch_global/vankhoa/flickr_download/flickr_metadata/diaper/6
/scratch_global/vankhoa/flickr_download/flickr_metadata/axe/1
/scratch_global/vankhoa/flickr_download/flickr_metadata/axe/2
/scratch_global/vankhoa/flickr_download/flickr_metadata/axe/3
/scratch_global/vankhoa/flickr_download/flickr_metadata/axe/4
/scratch_global/vankhoa/flickr_download/flickr_metadata/axe/5
/scratch_global/vankhoa/flickr_download/flickr_metadata/axe/6
/scratch_global/vankhoa/flickr_download/flickr_metadata/theather_play/1
/scratch_global/vankhoa/flickr_download/flickr_metadata/theather_play/2
/scratch_global/vankhoa/flickr_download/flickr_metadata/theather_play/3
/scratch_global/vankhoa/flickr_download/flickr_metadata/theather_play/4
/scratch_global/vankhoa/flickr_download/flickr_metadata/theather_play/5
/scratch_global/vankhoa/flickr_download/flickr_metadata/theather_play/6
/scratch_global/vankhoa/flickr_download/flickr_metadata/choir/1
/scratch_global/vankhoa/flickr_download/flickr_metadata/choir/2
/scratch_global/vankhoa/flickr_download/flickr_metadata/choir/3
/scratch_global/vankhoa/flickr_download/flickr_metadata/choir/4
/scratch_global/vankhoa/flickr_download/flickr_metadata/choir/5
/scratch_global/vankhoa/flickr_download/flickr_metadata/choir/6
/scratch_global/vankhoa/flickr_download/flickr_metadata/dancing/1
/scratch_global/vankhoa/flickr_download/flickr_metadata/dancing/2
/scratch_global/vankhoa/flickr_download/flickr_metadata/dancing/3
/scratch_global/vankhoa/flickr_download/flickr_metadata/dancing/4
/scratch_global/vankhoa/flickr_download/flickr_metadata/dancing/5
/scratch_global/vankhoa/flickr_download/flickr_metadata/dancing/6
/scratch_global/vankhoa/flickr_download/flickr_metadata/ballet/1
/scratch_global/vankhoa/flickr_download/flickr_metadata/ballet/2
/scratch_global/vankhoa/flickr_download/flickr_metadata/ballet/3
/scratch_global/vankhoa/flickr_download/flickr_metadata/ballet/4
/scratch_global/vankhoa/flickr_download/flickr_metadata/ballet/5
/scratch_global/vankhoa/flickr_download/flickr_metadata/ballet/6
/scratch_global/vankhoa/flickr_download/flickr_metadata/origami/1
/scratch_global/vankhoa/flickr_download/flickr_metadata/origami/2
/scratch_global/vankhoa/flickr_download/flickr_metadata/origami/3
/scratch_global/vankhoa/flickr_download/flickr_metadata/origami/4
/scratch_global/vankhoa/flickr_download/flickr_metadata/origami/5
/scratch_global/vankhoa/flickr_download/flickr_metadata/origami/6
/scratch_global/vankhoa/flickr_download/flickr_metadata/puzzle/1
/scratch_global/vankhoa/flickr_download/flickr_metadata/puzzle/2
/scratch_global/vankhoa/flickr_download/flickr_metadata/puzzle/3
/scratch_global/vankhoa/flickr_download/flickr_metadata/puzzle/4
/scratch_global/vankhoa/flickr_download/flickr_metadata/puzzle/5
/scratch_global/vankhoa/flickr_download/flickr_metadata/puzzle/6
/scratch_global/vankhoa/flickr_download/flickr_metadata/snorkeling/1
/scratch_global/vankhoa/flickr_download/flickr_metadata/snorkeling/2
/scratch_global/vankhoa/flickr_download/flickr_metadata/snorkeling/3
/scratch_global/vankhoa/flickr_download/flickr_metadata/snorkeling/4
/scratch_global/vankhoa/flickr_download/flickr_metadata/snorkeling/5
/scratch_global/vankhoa/flickr_download/flickr_metadata/snorkeling/6
/scratch_global/vankhoa/flickr_download/flickr_metadata/swimming/1
/scratch_global/vankhoa/flickr_download/flickr_metadata/swimming/2
/scratch_global/vankhoa/flickr_download/flickr_metadata/swimming/3
/scratch_global/vankhoa/flickr_download/flickr_metadata/swimming/4
/scratch_global/vankhoa/flickr_download/flickr_metadata/swimming/5
/scratch_global/vankhoa/flickr_download/flickr_metadata/swimming/6
/scratch_global/vankhoa/flickr_download/flickr_metadata/drums/1
/scratch_global/vankhoa/flickr_download/flickr_metadata/drums/2
/scratch_global/vankhoa/flickr_download/flickr_metadata/drums/3
/scratch_global/vankhoa/flickr_download/flickr_metadata/drums/4
/scratch_global/vankhoa/flickr_download/flickr_metadata/drums/5
/scratch_global/vankhoa/flickr_download/flickr_metadata/drums/6
/scratch_global/vankhoa/flickr_download/flickr_metadata/camping/1
/scratch_global/vankhoa/flickr_download/flickr_metadata/camping/2
/scratch_global/vankhoa/flickr_download/flickr_metadata/camping/3
/scratch_global/vankhoa/flickr_download/flickr_metadata/camping/4
/scratch_global/vankhoa/flickr_download/flickr_metadata/camping/5
/scratch_global/vankhoa/flickr_download/flickr_metadata/camping/6
/scratch_global/vankhoa/flickr_download/flickr_metadata/knitting/1
/scratch_global/vankhoa/flickr_download/flickr_metadata/knitting/2
/scratch_global/vankhoa/flickr_download/flickr_metadata/knitting/3
/scratch_global/vankhoa/flickr_download/flickr_metadata/knitting/4
/scratch_global/vankhoa/flickr_download/flickr_metadata/knitting/5
/scratch_global/vankhoa/flickr_download/flickr_metadata/knitting/6
/scratch_global/vankhoa/flickr_download/flickr_metadata/percussion/1
/scratch_global/vankhoa/flickr_download/flickr_metadata/percussion/2
/scratch_global/vankhoa/flickr_download/flickr_metadata/percussion/3
/scratch_global/vankhoa/flickr_download/flickr_metadata/percussion/4
/scratch_global/vankhoa/flickr_download/flickr_metadata/percussion/5
/scratch_global/vankhoa/flickr_download/flickr_metadata/percussion/6
/scratch_global/vankhoa/flickr_download/flickr_metadata/cosplay/1
/scratch_global/vankhoa/flickr_download/flickr_metadata/cosplay/2
/scratch_global/vankhoa/flickr_download/flickr_metadata/cosplay/3
/scratch_global/vankhoa/flickr_download/flickr_metadata/cosplay/4
/scratch_global/vankhoa/flickr_download/flickr_metadata/cosplay/5
/scratch_global/vankhoa/flickr_download/flickr_metadata/cosplay/6
/scratch_global/vankhoa/flickr_download/flickr_metadata/ash_tray/1
/scratch_global/vankhoa/flickr_download/flickr_metadata/ash_tray/2
/scratch_global/vankhoa/flickr_download/flickr_metadata/ash_tray/3
/scratch_global/vankhoa/flickr_download/flickr_metadata/ash_tray/4
/scratch_global/vankhoa/flickr_download/flickr_metadata/ash_tray/5
/scratch_global/vankhoa/flickr_download/flickr_metadata/ash_tray/6
/scratch_global/vankhoa/flickr_download/flickr_metadata/speedometer/1
/scratch_global/vankhoa/flickr_download/flickr_metadata/speedometer/2
/scratch_global/vankhoa/flickr_download/flickr_metadata/speedometer/3
/scratch_global/vankhoa/flickr_download/flickr_metadata/speedometer/4
/scratch_global/vankhoa/flickr_download/flickr_metadata/speedometer/5
/scratch_global/vankhoa/flickr_download/flickr_metadata/speedometer/6
/scratch_global/vankhoa/flickr_download/flickr_metadata/horseback_riding/1
/scratch_global/vankhoa/flickr_download/flickr_metadata/horseback_riding/2
/scratch_global/vankhoa/flickr_download/flickr_metadata/horseback_riding/3
/scratch_global/vankhoa/flickr_download/flickr_metadata/horseback_riding/4
/scratch_global/vankhoa/flickr_download/flickr_metadata/horseback_riding/5
/scratch_global/vankhoa/flickr_download/flickr_metadata/horseback_riding/6
/scratch_global/vankhoa/flickr_download/flickr_metadata/cross_country_riding/1
/scratch_global/vankhoa/flickr_download/flickr_metadata/cross_country_riding/2
/scratch_global/vankhoa/flickr_download/flickr_metadata/cross_country_riding/3
/scratch_global/vankhoa/flickr_download/flickr_metadata/cross_country_riding/4
/scratch_global/vankhoa/flickr_download/flickr_metadata/cross_country_riding/5
/scratch_global/vankhoa/flickr_download/flickr_metadata/cross_country_riding/6
/scratch_global/vankhoa/flickr_download/flickr_metadata/gardening/1
/scratch_global/vankhoa/flickr_download/flickr_metadata/gardening/2
/scratch_global/vankhoa/flickr_download/flickr_metadata/gardening/3
/scratch_global/vankhoa/flickr_download/flickr_metadata/gardening/4
/scratch_global/vankhoa/flickr_download/flickr_metadata/gardening/5
/scratch_global/vankhoa/flickr_download/flickr_metadata/gardening/6
/scratch_global/vankhoa/flickr_download/flickr_metadata/classical_guitar/1
/scratch_global/vankhoa/flickr_download/flickr_metadata/classical_guitar/2
/scratch_global/vankhoa/flickr_download/flickr_metadata/classical_guitar/3
/scratch_global/vankhoa/flickr_download/flickr_metadata/classical_guitar/4
/scratch_global/vankhoa/flickr_download/flickr_metadata/classical_guitar/5
/scratch_global/vankhoa/flickr_download/flickr_metadata/classical_guitar/6
/scratch_global/vankhoa/flickr_download/flickr_metadata/golf/1
/scratch_global/vankhoa/flickr_download/flickr_metadata/golf/2
/scratch_global/vankhoa/flickr_download/flickr_metadata/golf/3
/scratch_global/vankhoa/flickr_download/flickr_metadata/golf/4
/scratch_global/vankhoa/flickr_download/flickr_metadata/golf/5
/scratch_global/vankhoa/flickr_download/flickr_metadata/golf/6
/scratch_global/vankhoa/flickr_download/flickr_metadata/ultimate/1
/scratch_global/vankhoa/flickr_download/flickr_metadata/ultimate/2
/scratch_global/vankhoa/flickr_download/flickr_metadata/ultimate/3
/scratch_global/vankhoa/flickr_download/flickr_metadata/ultimate/4
/scratch_global/vankhoa/flickr_download/flickr_metadata/ultimate/5
/scratch_global/vankhoa/flickr_download/flickr_metadata/ultimate/6
/scratch_global/vankhoa/flickr_download/flickr_metadata/tatoo/1
/scratch_global/vankhoa/flickr_download/flickr_metadata/tatoo/2
/scratch_global/vankhoa/flickr_download/flickr_metadata/tatoo/3
/scratch_global/vankhoa/flickr_download/flickr_metadata/tatoo/4
/scratch_global/vankhoa/flickr_download/flickr_metadata/tatoo/5
/scratch_global/vankhoa/flickr_download/flickr_metadata/tatoo/6
/scratch_global/vankhoa/flickr_download/flickr_metadata/messy_room/1
/scratch_global/vankhoa/flickr_download/flickr_metadata/messy_room/2
/scratch_global/vankhoa/flickr_download/flickr_metadata/messy_room/3
/scratch_global/vankhoa/flickr_download/flickr_metadata/messy_room/4
/scratch_global/vankhoa/flickr_download/flickr_metadata/messy_room/5
/scratch_global/vankhoa/flickr_download/flickr_metadata/messy_room/6
/scratch_global/vankhoa/flickr_download/flickr_metadata/rainbow_flag/1
/scratch_global/vankhoa/flickr_download/flickr_metadata/rainbow_flag/2
/scratch_global/vankhoa/flickr_download/flickr_metadata/rainbow_flag/3
/scratch_global/vankhoa/flickr_download/flickr_metadata/rainbow_flag/4
/scratch_global/vankhoa/flickr_download/flickr_metadata/rainbow_flag/5
/scratch_global/vankhoa/flickr_download/flickr_metadata/rainbow_flag/6
/scratch_global/vankhoa/flickr_download/flickr_metadata/skiing/1
/scratch_global/vankhoa/flickr_download/flickr_metadata/skiing/2
/scratch_global/vankhoa/flickr_download/flickr_metadata/skiing/3
/scratch_global/vankhoa/flickr_download/flickr_metadata/skiing/4
/scratch_global/vankhoa/flickr_download/flickr_metadata/skiing/5
/scratch_global/vankhoa/flickr_download/flickr_metadata/skiing/6
/scratch_global/vankhoa/flickr_download/flickr_metadata/bull_fighting/1
/scratch_global/vankhoa/flickr_download/flickr_metadata/bull_fighting/2
/scratch_global/vankhoa/flickr_download/flickr_metadata/bull_fighting/3
/scratch_global/vankhoa/flickr_download/flickr_metadata/bull_fighting/4
/scratch_global/vankhoa/flickr_download/flickr_metadata/bull_fighting/5
/scratch_global/vankhoa/flickr_download/flickr_metadata/bull_fighting/6
/scratch_global/vankhoa/flickr_download/flickr_metadata/corrida/1
/scratch_global/vankhoa/flickr_download/flickr_metadata/corrida/2
/scratch_global/vankhoa/flickr_download/flickr_metadata/corrida/3
/scratch_global/vankhoa/flickr_download/flickr_metadata/corrida/4
/scratch_global/vankhoa/flickr_download/flickr_metadata/corrida/5
/scratch_global/vankhoa/flickr_download/flickr_metadata/corrida/6
/scratch_global/vankhoa/flickr_download/flickr_metadata/bodysurfing/1
/scratch_global/vankhoa/flickr_download/flickr_metadata/bodysurfing/2
/scratch_global/vankhoa/flickr_download/flickr_metadata/bodysurfing/3
/scratch_global/vankhoa/flickr_download/flickr_metadata/bodysurfing/4
/scratch_global/vankhoa/flickr_download/flickr_metadata/bodysurfing/5
/scratch_global/vankhoa/flickr_download/flickr_metadata/bodysurfing/6
/scratch_global/vankhoa/flickr_download/flickr_metadata/ice_climbing/1
/scratch_global/vankhoa/flickr_download/flickr_metadata/ice_climbing/2
/scratch_global/vankhoa/flickr_download/flickr_metadata/ice_climbing/3
/scratch_global/vankhoa/flickr_download/flickr_metadata/ice_climbing/4
/scratch_global/vankhoa/flickr_download/flickr_metadata/ice_climbing/5
/scratch_global/vankhoa/flickr_download/flickr_metadata/ice_climbing/6
/scratch_global/vankhoa/flickr_download/flickr_metadata/parkour/1
/scratch_global/vankhoa/flickr_download/flickr_metadata/parkour/2
/scratch_global/vankhoa/flickr_download/flickr_metadata/parkour/3
/scratch_global/vankhoa/flickr_download/flickr_metadata/parkour/4
/scratch_global/vankhoa/flickr_download/flickr_metadata/parkour/5
/scratch_global/vankhoa/flickr_download/flickr_metadata/parkour/6
/scratch_global/vankhoa/flickr_download/flickr_metadata/motorcycle_racing/1
/scratch_global/vankhoa/flickr_download/flickr_metadata/motorcycle_racing/2
/scratch_global/vankhoa/flickr_download/flickr_metadata/motorcycle_racing/3
/scratch_global/vankhoa/flickr_download/flickr_metadata/motorcycle_racing/4
/scratch_global/vankhoa/flickr_download/flickr_metadata/motorcycle_racing/5
/scratch_global/vankhoa/flickr_download/flickr_metadata/motorcycle_racing/6
/scratch_global/vankhoa/flickr_download/flickr_metadata/auto_racing/1
/scratch_global/vankhoa/flickr_download/flickr_metadata/auto_racing/2
/scratch_global/vankhoa/flickr_download/flickr_metadata/auto_racing/3
/scratch_global/vankhoa/flickr_download/flickr_metadata/auto_racing/4
/scratch_global/vankhoa/flickr_download/flickr_metadata/auto_racing/5
/scratch_global/vankhoa/flickr_download/flickr_metadata/auto_racing/6
/scratch_global/vankhoa/flickr_download/flickr_metadata/bungee_jumping/1
/scratch_global/vankhoa/flickr_download/flickr_metadata/bungee_jumping/2
/scratch_global/vankhoa/flickr_download/flickr_metadata/bungee_jumping/3
/scratch_global/vankhoa/flickr_download/flickr_metadata/bungee_jumping/4
/scratch_global/vankhoa/flickr_download/flickr_metadata/bungee_jumping/5
/scratch_global/vankhoa/flickr_download/flickr_metadata/bungee_jumping/6
/scratch_global/vankhoa/flickr_download/flickr_metadata/bowling/1
/scratch_global/vankhoa/flickr_download/flickr_metadata/bowling/2
/scratch_global/vankhoa/flickr_download/flickr_metadata/bowling/3
/scratch_global/vankhoa/flickr_download/flickr_metadata/bowling/4
/scratch_global/vankhoa/flickr_download/flickr_metadata/bowling/5
/scratch_global/vankhoa/flickr_download/flickr_metadata/bowling/6
/scratch_global/vankhoa/flickr_download/flickr_metadata/whitewater_rafting/1
/scratch_global/vankhoa/flickr_download/flickr_metadata/whitewater_rafting/2
/scratch_global/vankhoa/flickr_download/flickr_metadata/whitewater_rafting/3
/scratch_global/vankhoa/flickr_download/flickr_metadata/whitewater_rafting/4
/scratch_global/vankhoa/flickr_download/flickr_metadata/whitewater_rafting/5
/scratch_global/vankhoa/flickr_download/flickr_metadata/whitewater_rafting/6
/scratch_global/vankhoa/flickr_download/flickr_metadata/first_person_shooter/1
/scratch_global/vankhoa/flickr_download/flickr_metadata/first_person_shooter/2
/scratch_global/vankhoa/flickr_download/flickr_metadata/first_person_shooter/3
/scratch_global/vankhoa/flickr_download/flickr_metadata/first_person_shooter/4
/scratch_global/vankhoa/flickr_download/flickr_metadata/first_person_shooter/5
/scratch_global/vankhoa/flickr_download/flickr_metadata/first_person_shooter/6
/scratch_global/vankhoa/flickr_download/flickr_metadata/fps/1
/scratch_global/vankhoa/flickr_download/flickr_metadata/fps/2
/scratch_global/vankhoa/flickr_download/flickr_metadata/fps/3
/scratch_global/vankhoa/flickr_download/flickr_metadata/fps/4
/scratch_global/vankhoa/flickr_download/flickr_metadata/fps/5
/scratch_global/vankhoa/flickr_download/flickr_metadata/fps/6
/scratch_global/vankhoa/flickr_download/flickr_metadata/poker/1
/scratch_global/vankhoa/flickr_download/flickr_metadata/poker/2
/scratch_global/vankhoa/flickr_download/flickr_metadata/poker/3
/scratch_global/vankhoa/flickr_download/flickr_metadata/poker/4
/scratch_global/vankhoa/flickr_download/flickr_metadata/poker/5
/scratch_global/vankhoa/flickr_download/flickr_metadata/poker/6
/scratch_global/vankhoa/flickr_download/flickr_metadata/pottery/1
/scratch_global/vankhoa/flickr_download/flickr_metadata/pottery/2
/scratch_global/vankhoa/flickr_download/flickr_metadata/pottery/3
/scratch_global/vankhoa/flickr_download/flickr_metadata/pottery/4
/scratch_global/vankhoa/flickr_download/flickr_metadata/pottery/5
/scratch_global/vankhoa/flickr_download/flickr_metadata/pottery/6
/scratch_global/vankhoa/flickr_download/flickr_metadata/seeds/1
/scratch_global/vankhoa/flickr_download/flickr_metadata/seeds/2
/scratch_global/vankhoa/flickr_download/flickr_metadata/seeds/3
/scratch_global/vankhoa/flickr_download/flickr_metadata/seeds/4
/scratch_global/vankhoa/flickr_download/flickr_metadata/seeds/5
/scratch_global/vankhoa/flickr_download/flickr_metadata/seeds/6
/scratch_global/vankhoa/flickr_download/flickr_metadata/aquarium/1
/scratch_global/vankhoa/flickr_download/flickr_metadata/aquarium/2
/scratch_global/vankhoa/flickr_download/flickr_metadata/aquarium/3
/scratch_global/vankhoa/flickr_download/flickr_metadata/aquarium/4
/scratch_global/vankhoa/flickr_download/flickr_metadata/aquarium/5
/scratch_global/vankhoa/flickr_download/flickr_metadata/aquarium/6
/scratch_global/vankhoa/flickr_download/flickr_metadata/surfing/1
/scratch_global/vankhoa/flickr_download/flickr_metadata/surfing/2
/scratch_global/vankhoa/flickr_download/flickr_metadata/surfing/3
/scratch_global/vankhoa/flickr_download/flickr_metadata/surfing/4
/scratch_global/vankhoa/flickr_download/flickr_metadata/surfing/5
/scratch_global/vankhoa/flickr_download/flickr_metadata/surfing/6
/scratch_global/vankhoa/flickr_download/flickr_metadata/lighter/1
/scratch_global/vankhoa/flickr_download/flickr_metadata/lighter/2
/scratch_global/vankhoa/flickr_download/flickr_metadata/lighter/3
/scratch_global/vankhoa/flickr_download/flickr_metadata/lighter/4
/scratch_global/vankhoa/flickr_download/flickr_metadata/lighter/5
/scratch_global/vankhoa/flickr_download/flickr_metadata/lighter/6
/scratch_global/vankhoa/flickr_download/flickr_metadata/arrest/1
/scratch_global/vankhoa/flickr_download/flickr_metadata/arrest/2
/scratch_global/vankhoa/flickr_download/flickr_metadata/arrest/3
/scratch_global/vankhoa/flickr_download/flickr_metadata/arrest/4
/scratch_global/vankhoa/flickr_download/flickr_metadata/arrest/5
/scratch_global/vankhoa/flickr_download/flickr_metadata/arrest/6
/scratch_global/vankhoa/flickr_download/flickr_metadata/fingerprint/1
/scratch_global/vankhoa/flickr_download/flickr_metadata/fingerprint/2
/scratch_global/vankhoa/flickr_download/flickr_metadata/fingerprint/3
/scratch_global/vankhoa/flickr_download/flickr_metadata/fingerprint/4
/scratch_global/vankhoa/flickr_download/flickr_metadata/fingerprint/5
/scratch_global/vankhoa/flickr_download/flickr_metadata/fingerprint/6
/scratch_global/vankhoa/flickr_download/flickr_metadata/chocolate_tab/1
/scratch_global/vankhoa/flickr_download/flickr_metadata/chocolate_tab/2
/scratch_global/vankhoa/flickr_download/flickr_metadata/chocolate_tab/3
/scratch_global/vankhoa/flickr_download/flickr_metadata/chocolate_tab/4
/scratch_global/vankhoa/flickr_download/flickr_metadata/chocolate_tab/5
/scratch_global/vankhoa/flickr_download/flickr_metadata/chocolate_tab/6
/scratch_global/vankhoa/flickr_download/flickr_metadata/hidden_face/1
/scratch_global/vankhoa/flickr_download/flickr_metadata/hidden_face/2
/scratch_global/vankhoa/flickr_download/flickr_metadata/hidden_face/3
/scratch_global/vankhoa/flickr_download/flickr_metadata/hidden_face/4
/scratch_global/vankhoa/flickr_download/flickr_metadata/hidden_face/5
/scratch_global/vankhoa/flickr_download/flickr_metadata/hidden_face/6
/scratch_global/vankhoa/flickr_download/flickr_metadata/painting_board/1
/scratch_global/vankhoa/flickr_download/flickr_metadata/painting_board/2
/scratch_global/vankhoa/flickr_download/flickr_metadata/painting_board/3
/scratch_global/vankhoa/flickr_download/flickr_metadata/painting_board/4
/scratch_global/vankhoa/flickr_download/flickr_metadata/painting_board/5
/scratch_global/vankhoa/flickr_download/flickr_metadata/painting_board/6
/scratch_global/vankhoa/flickr_download/flickr_metadata/pizza_box/1
/scratch_global/vankhoa/flickr_download/flickr_metadata/pizza_box/2
/scratch_global/vankhoa/flickr_download/flickr_metadata/pizza_box/3
/scratch_global/vankhoa/flickr_download/flickr_metadata/pizza_box/4
/scratch_global/vankhoa/flickr_download/flickr_metadata/pizza_box/5
/scratch_global/vankhoa/flickr_download/flickr_metadata/pizza_box/6
/scratch_global/vankhoa/flickr_download/flickr_metadata/weed/1
/scratch_global/vankhoa/flickr_download/flickr_metadata/weed/2
/scratch_global/vankhoa/flickr_download/flickr_metadata/weed/3
/scratch_global/vankhoa/flickr_download/flickr_metadata/weed/4
/scratch_global/vankhoa/flickr_download/flickr_metadata/weed/5
/scratch_global/vankhoa/flickr_download/flickr_metadata/weed/6
/scratch_global/vankhoa/flickr_download/flickr_metadata/passport/1
/scratch_global/vankhoa/flickr_download/flickr_metadata/passport/2
/scratch_global/vankhoa/flickr_download/flickr_metadata/passport/3
/scratch_global/vankhoa/flickr_download/flickr_metadata/passport/4
/scratch_global/vankhoa/flickr_download/flickr_metadata/passport/5
/scratch_global/vankhoa/flickr_download/flickr_metadata/passport/6
/scratch_global/vankhoa/flickr_download/flickr_metadata/cigarette/1
/scratch_global/vankhoa/flickr_download/flickr_metadata/cigarette/2
/scratch_global/vankhoa/flickr_download/flickr_metadata/cigarette/3
/scratch_global/vankhoa/flickr_download/flickr_metadata/cigarette/4
/scratch_global/vankhoa/flickr_download/flickr_metadata/cigarette/5
/scratch_global/vankhoa/flickr_download/flickr_metadata/cigarette/6
/scratch_global/vankhoa/flickr_download/flickr_metadata/cigar/1
/scratch_global/vankhoa/flickr_download/flickr_metadata/cigar/2
/scratch_global/vankhoa/flickr_download/flickr_metadata/cigar/3
/scratch_global/vankhoa/flickr_download/flickr_metadata/cigar/4
/scratch_global/vankhoa/flickr_download/flickr_metadata/cigar/5
/scratch_global/vankhoa/flickr_download/flickr_metadata/cigar/6
/scratch_global/vankhoa/flickr_download/flickr_metadata/chocolate_bar/1
/scratch_global/vankhoa/flickr_download/flickr_metadata/chocolate_bar/2
/scratch_global/vankhoa/flickr_download/flickr_metadata/chocolate_bar/3
/scratch_global/vankhoa/flickr_download/flickr_metadata/chocolate_bar/4
/scratch_global/vankhoa/flickr_download/flickr_metadata/chocolate_bar/5
/scratch_global/vankhoa/flickr_download/flickr_metadata/chocolate_bar/6
/scratch_global/vankhoa/flickr_download/flickr_metadata/joint/1
/scratch_global/vankhoa/flickr_download/flickr_metadata/joint/2
/scratch_global/vankhoa/flickr_download/flickr_metadata/joint/3
/scratch_global/vankhoa/flickr_download/flickr_metadata/joint/4
/scratch_global/vankhoa/flickr_download/flickr_metadata/joint/5
/scratch_global/vankhoa/flickr_download/flickr_metadata/joint/6
/scratch_global/vankhoa/flickr_download/flickr_metadata/fire/1
/scratch_global/vankhoa/flickr_download/flickr_metadata/fire/2
/scratch_global/vankhoa/flickr_download/flickr_metadata/fire/3
/scratch_global/vankhoa/flickr_download/flickr_metadata/fire/4
/scratch_global/vankhoa/flickr_download/flickr_metadata/fire/5
/scratch_global/vankhoa/flickr_download/flickr_metadata/fire/6
/scratch_global/vankhoa/flickr_download/flickr_metadata/nude/1
/scratch_global/vankhoa/flickr_download/flickr_metadata/nude/2
/scratch_global/vankhoa/flickr_download/flickr_metadata/nude/3
/scratch_global/vankhoa/flickr_download/flickr_metadata/nude/4
/scratch_global/vankhoa/flickr_download/flickr_metadata/nude/5
/scratch_global/vankhoa/flickr_download/flickr_metadata/nude/6
/scratch_global/vankhoa/flickr_download/flickr_metadata/casino/1
/scratch_global/vankhoa/flickr_download/flickr_metadata/casino/2
/scratch_global/vankhoa/flickr_download/flickr_metadata/casino/3
/scratch_global/vankhoa/flickr_download/flickr_metadata/casino/4
/scratch_global/vankhoa/flickr_download/flickr_metadata/casino/5
/scratch_global/vankhoa/flickr_download/flickr_metadata/casino/6
/scratch_global/vankhoa/flickr_download/flickr_metadata/smoke/1
/scratch_global/vankhoa/flickr_download/flickr_metadata/smoke/2
/scratch_global/vankhoa/flickr_download/flickr_metadata/smoke/3
/scratch_global/vankhoa/flickr_download/flickr_metadata/smoke/4
/scratch_global/vankhoa/flickr_download/flickr_metadata/smoke/5
/scratch_global/vankhoa/flickr_download/flickr_metadata/smoke/6
/scratch_global/vankhoa/flickr_download/flickr_metadata/roulette/1
/scratch_global/vankhoa/flickr_download/flickr_metadata/roulette/2
/scratch_global/vankhoa/flickr_download/flickr_metadata/roulette/3
/scratch_global/vankhoa/flickr_download/flickr_metadata/roulette/4
/scratch_global/vankhoa/flickr_download/flickr_metadata/roulette/5
/scratch_global/vankhoa/flickr_download/flickr_metadata/roulette/6
/scratch_global/vankhoa/flickr_download/flickr_metadata/roller/1
/scratch_global/vankhoa/flickr_download/flickr_metadata/roller/2
/scratch_global/vankhoa/flickr_download/flickr_metadata/roller/3
/scratch_global/vankhoa/flickr_download/flickr_metadata/roller/4
/scratch_global/vankhoa/flickr_download/flickr_metadata/roller/5
/scratch_global/vankhoa/flickr_download/flickr_metadata/roller/6
/scratch_global/vankhoa/flickr_download/flickr_metadata/roller_skating/1
/scratch_global/vankhoa/flickr_download/flickr_metadata/roller_skating/2
/scratch_global/vankhoa/flickr_download/flickr_metadata/roller_skating/3
/scratch_global/vankhoa/flickr_download/flickr_metadata/roller_skating/4
/scratch_global/vankhoa/flickr_download/flickr_metadata/roller_skating/5
/scratch_global/vankhoa/flickr_download/flickr_metadata/roller_skating/6
/scratch_global/vankhoa/flickr_download/flickr_metadata/chess/1
/scratch_global/vankhoa/flickr_download/flickr_metadata/chess/2
/scratch_global/vankhoa/flickr_download/flickr_metadata/chess/3
/scratch_global/vankhoa/flickr_download/flickr_metadata/chess/4
/scratch_global/vankhoa/flickr_download/flickr_metadata/chess/5
/scratch_global/vankhoa/flickr_download/flickr_metadata/chess/6
/scratch_global/vankhoa/flickr_download/flickr_metadata/gymnastics/1
/scratch_global/vankhoa/flickr_download/flickr_metadata/gymnastics/2
/scratch_global/vankhoa/flickr_download/flickr_metadata/gymnastics/3
/scratch_global/vankhoa/flickr_download/flickr_metadata/gymnastics/4
/scratch_global/vankhoa/flickr_download/flickr_metadata/gymnastics/5
/scratch_global/vankhoa/flickr_download/flickr_metadata/gymnastics/6
/scratch_global/vankhoa/flickr_download/flickr_metadata/plastered_arm/1
/scratch_global/vankhoa/flickr_download/flickr_metadata/plastered_arm/2
/scratch_global/vankhoa/flickr_download/flickr_metadata/plastered_arm/3
/scratch_global/vankhoa/flickr_download/flickr_metadata/plastered_arm/4
/scratch_global/vankhoa/flickr_download/flickr_metadata/plastered_arm/5
/scratch_global/vankhoa/flickr_download/flickr_metadata/plastered_arm/6
/scratch_global/vankhoa/flickr_download/flickr_metadata/demonstration/1
/scratch_global/vankhoa/flickr_download/flickr_metadata/demonstration/2
/scratch_global/vankhoa/flickr_download/flickr_metadata/demonstration/3
/scratch_global/vankhoa/flickr_download/flickr_metadata/demonstration/4
/scratch_global/vankhoa/flickr_download/flickr_metadata/demonstration/5
/scratch_global/vankhoa/flickr_download/flickr_metadata/demonstration/6
/scratch_global/vankhoa/flickr_download/flickr_metadata/protest/1
/scratch_global/vankhoa/flickr_download/flickr_metadata/protest/2
/scratch_global/vankhoa/flickr_download/flickr_metadata/protest/3
/scratch_global/vankhoa/flickr_download/flickr_metadata/protest/4
/scratch_global/vankhoa/flickr_download/flickr_metadata/protest/5
/scratch_global/vankhoa/flickr_download/flickr_metadata/protest/6
/scratch_global/vankhoa/flickr_download/flickr_metadata/powerpoint_presentation/1
/scratch_global/vankhoa/flickr_download/flickr_metadata/powerpoint_presentation/2
/scratch_global/vankhoa/flickr_download/flickr_metadata/powerpoint_presentation/3
/scratch_global/vankhoa/flickr_download/flickr_metadata/powerpoint_presentation/4
/scratch_global/vankhoa/flickr_download/flickr_metadata/powerpoint_presentation/5
/scratch_global/vankhoa/flickr_download/flickr_metadata/powerpoint_presentation/6
/scratch_global/vankhoa/flickr_download/flickr_metadata/identity_card/1
/scratch_global/vankhoa/flickr_download/flickr_metadata/identity_card/2
/scratch_global/vankhoa/flickr_download/flickr_metadata/identity_card/3
/scratch_global/vankhoa/flickr_download/flickr_metadata/identity_card/4
/scratch_global/vankhoa/flickr_download/flickr_metadata/identity_card/5
/scratch_global/vankhoa/flickr_download/flickr_metadata/identity_card/6
/scratch_global/vankhoa/flickr_download/flickr_metadata/id_card/1
/scratch_global/vankhoa/flickr_download/flickr_metadata/id_card/2
/scratch_global/vankhoa/flickr_download/flickr_metadata/id_card/3
/scratch_global/vankhoa/flickr_download/flickr_metadata/id_card/4
/scratch_global/vankhoa/flickr_download/flickr_metadata/id_card/5
/scratch_global/vankhoa/flickr_download/flickr_metadata/id_card/6
/scratch_global/vankhoa/flickr_download/flickr_metadata/birth_annoucement/1
/scratch_global/vankhoa/flickr_download/flickr_metadata/birth_annoucement/2
/scratch_global/vankhoa/flickr_download/flickr_metadata/birth_annoucement/3
/scratch_global/vankhoa/flickr_download/flickr_metadata/birth_annoucement/4
/scratch_global/vankhoa/flickr_download/flickr_metadata/birth_annoucement/5
/scratch_global/vankhoa/flickr_download/flickr_metadata/birth_annoucement/6
/scratch_global/vankhoa/flickr_download/flickr_metadata/hunting/1
/scratch_global/vankhoa/flickr_download/flickr_metadata/hunting/2
/scratch_global/vankhoa/flickr_download/flickr_metadata/hunting/3
/scratch_global/vankhoa/flickr_download/flickr_metadata/hunting/4
/scratch_global/vankhoa/flickr_download/flickr_metadata/hunting/5
/scratch_global/vankhoa/flickr_download/flickr_metadata/hunting/6
/scratch_global/vankhoa/flickr_download/flickr_metadata/luxury_car/1
/scratch_global/vankhoa/flickr_download/flickr_metadata/luxury_car/2
/scratch_global/vankhoa/flickr_download/flickr_metadata/luxury_car/3
/scratch_global/vankhoa/flickr_download/flickr_metadata/luxury_car/4
/scratch_global/vankhoa/flickr_download/flickr_metadata/luxury_car/5
/scratch_global/vankhoa/flickr_download/flickr_metadata/luxury_car/6
/scratch_global/vankhoa/flickr_download/flickr_metadata/fishing/1
/scratch_global/vankhoa/flickr_download/flickr_metadata/fishing/2
/scratch_global/vankhoa/flickr_download/flickr_metadata/fishing/3
/scratch_global/vankhoa/flickr_download/flickr_metadata/fishing/4
/scratch_global/vankhoa/flickr_download/flickr_metadata/fishing/5
/scratch_global/vankhoa/flickr_download/flickr_metadata/fishing/6
/scratch_global/vankhoa/flickr_download/flickr_metadata/yoga/1
/scratch_global/vankhoa/flickr_download/flickr_metadata/yoga/2
/scratch_global/vankhoa/flickr_download/flickr_metadata/yoga/3
/scratch_global/vankhoa/flickr_download/flickr_metadata/yoga/4
/scratch_global/vankhoa/flickr_download/flickr_metadata/yoga/5
/scratch_global/vankhoa/flickr_download/flickr_metadata/yoga/6
/scratch_global/vankhoa/flickr_download/flickr_metadata/telescope/1
/scratch_global/vankhoa/flickr_download/flickr_metadata/telescope/2
/scratch_global/vankhoa/flickr_download/flickr_metadata/telescope/3
/scratch_global/vankhoa/flickr_download/flickr_metadata/telescope/4
/scratch_global/vankhoa/flickr_download/flickr_metadata/telescope/5
/scratch_global/vankhoa/flickr_download/flickr_metadata/telescope/6
/scratch_global/vankhoa/flickr_download/flickr_metadata/easel/1
/scratch_global/vankhoa/flickr_download/flickr_metadata/easel/2
/scratch_global/vankhoa/flickr_download/flickr_metadata/easel/3
/scratch_global/vankhoa/flickr_download/flickr_metadata/easel/4
/scratch_global/vankhoa/flickr_download/flickr_metadata/easel/5
/scratch_global/vankhoa/flickr_download/flickr_metadata/easel/6
/scratch_global/vankhoa/flickr_download/flickr_metadata/canoeing/1
/scratch_global/vankhoa/flickr_download/flickr_metadata/canoeing/2
/scratch_global/vankhoa/flickr_download/flickr_metadata/canoeing/3
/scratch_global/vankhoa/flickr_download/flickr_metadata/canoeing/4
/scratch_global/vankhoa/flickr_download/flickr_metadata/canoeing/5
/scratch_global/vankhoa/flickr_download/flickr_metadata/canoeing/6
/scratch_global/vankhoa/flickr_download/flickr_metadata/sailing/1
/scratch_global/vankhoa/flickr_download/flickr_metadata/sailing/2
/scratch_global/vankhoa/flickr_download/flickr_metadata/sailing/3
/scratch_global/vankhoa/flickr_download/flickr_metadata/sailing/4
/scratch_global/vankhoa/flickr_download/flickr_metadata/sailing/5
/scratch_global/vankhoa/flickr_download/flickr_metadata/sailing/6
/scratch_global/vankhoa/flickr_download/flickr_metadata/judo/1
/scratch_global/vankhoa/flickr_download/flickr_metadata/judo/2
/scratch_global/vankhoa/flickr_download/flickr_metadata/judo/3
/scratch_global/vankhoa/flickr_download/flickr_metadata/judo/4
/scratch_global/vankhoa/flickr_download/flickr_metadata/judo/5
/scratch_global/vankhoa/flickr_download/flickr_metadata/judo/6
/scratch_global/vankhoa/flickr_download/flickr_metadata/karate/1
/scratch_global/vankhoa/flickr_download/flickr_metadata/karate/2
/scratch_global/vankhoa/flickr_download/flickr_metadata/karate/3
/scratch_global/vankhoa/flickr_download/flickr_metadata/karate/4
/scratch_global/vankhoa/flickr_download/flickr_metadata/karate/5
/scratch_global/vankhoa/flickr_download/flickr_metadata/karate/6
/scratch_global/vankhoa/flickr_download/flickr_metadata/boxing/1
/scratch_global/vankhoa/flickr_download/flickr_metadata/boxing/2
/scratch_global/vankhoa/flickr_download/flickr_metadata/boxing/3
/scratch_global/vankhoa/flickr_download/flickr_metadata/boxing/4
/scratch_global/vankhoa/flickr_download/flickr_metadata/boxing/5
/scratch_global/vankhoa/flickr_download/flickr_metadata/boxing/6
/scratch_global/vankhoa/flickr_download/flickr_metadata/bank_card/1
/scratch_global/vankhoa/flickr_download/flickr_metadata/bank_card/2
/scratch_global/vankhoa/flickr_download/flickr_metadata/bank_card/3
/scratch_global/vankhoa/flickr_download/flickr_metadata/bank_card/4
/scratch_global/vankhoa/flickr_download/flickr_metadata/bank_card/5
/scratch_global/vankhoa/flickr_download/flickr_metadata/bank_card/6
/scratch_global/vankhoa/flickr_download/flickr_metadata/credit_card/1
/scratch_global/vankhoa/flickr_download/flickr_metadata/credit_card/2
/scratch_global/vankhoa/flickr_download/flickr_metadata/credit_card/3
/scratch_global/vankhoa/flickr_download/flickr_metadata/credit_card/4
/scratch_global/vankhoa/flickr_download/flickr_metadata/credit_card/5
/scratch_global/vankhoa/flickr_download/flickr_metadata/credit_card/6
/scratch_global/vankhoa/flickr_download/flickr_metadata/base_jump/1
/scratch_global/vankhoa/flickr_download/flickr_metadata/base_jump/2
/scratch_global/vankhoa/flickr_download/flickr_metadata/base_jump/3
/scratch_global/vankhoa/flickr_download/flickr_metadata/base_jump/4
/scratch_global/vankhoa/flickr_download/flickr_metadata/base_jump/5
/scratch_global/vankhoa/flickr_download/flickr_metadata/base_jump/6
/scratch_global/vankhoa/flickr_download/flickr_metadata/base_jumping/1
/scratch_global/vankhoa/flickr_download/flickr_metadata/base_jumping/2
/scratch_global/vankhoa/flickr_download/flickr_metadata/base_jumping/3
/scratch_global/vankhoa/flickr_download/flickr_metadata/base_jumping/4
/scratch_global/vankhoa/flickr_download/flickr_metadata/base_jumping/5
/scratch_global/vankhoa/flickr_download/flickr_metadata/base_jumping/6
/scratch_global/vankhoa/flickr_download/flickr_metadata/armed_police/1
/scratch_global/vankhoa/flickr_download/flickr_metadata/armed_police/2
/scratch_global/vankhoa/flickr_download/flickr_metadata/armed_police/3
/scratch_global/vankhoa/flickr_download/flickr_metadata/armed_police/4
/scratch_global/vankhoa/flickr_download/flickr_metadata/armed_police/5
/scratch_global/vankhoa/flickr_download/flickr_metadata/armed_police/6
/scratch_global/vankhoa/flickr_download/flickr_metadata/bull_riding/1
/scratch_global/vankhoa/flickr_download/flickr_metadata/bull_riding/2
/scratch_global/vankhoa/flickr_download/flickr_metadata/bull_riding/3
/scratch_global/vankhoa/flickr_download/flickr_metadata/bull_riding/4
/scratch_global/vankhoa/flickr_download/flickr_metadata/bull_riding/5
/scratch_global/vankhoa/flickr_download/flickr_metadata/bull_riding/6
/scratch_global/vankhoa/flickr_download/flickr_metadata/skydiving/1
/scratch_global/vankhoa/flickr_download/flickr_metadata/skydiving/2
/scratch_global/vankhoa/flickr_download/flickr_metadata/skydiving/3
/scratch_global/vankhoa/flickr_download/flickr_metadata/skydiving/4
/scratch_global/vankhoa/flickr_download/flickr_metadata/skydiving/5
/scratch_global/vankhoa/flickr_download/flickr_metadata/skydiving/6
/scratch_global/vankhoa/flickr_download/flickr_metadata/bar_counter/1
/scratch_global/vankhoa/flickr_download/flickr_metadata/bar_counter/2
/scratch_global/vankhoa/flickr_download/flickr_metadata/bar_counter/3
/scratch_global/vankhoa/flickr_download/flickr_metadata/bar_counter/4
/scratch_global/vankhoa/flickr_download/flickr_metadata/bar_counter/5
/scratch_global/vankhoa/flickr_download/flickr_metadata/bar_counter/6
/scratch_global/vankhoa/flickr_download/flickr_metadata/cigarette_pack/1
/scratch_global/vankhoa/flickr_download/flickr_metadata/cigarette_pack/2
/scratch_global/vankhoa/flickr_download/flickr_metadata/cigarette_pack/3
/scratch_global/vankhoa/flickr_download/flickr_metadata/cigarette_pack/4
/scratch_global/vankhoa/flickr_download/flickr_metadata/cigarette_pack/5
/scratch_global/vankhoa/flickr_download/flickr_metadata/cigarette_pack/6
/scratch_global/vankhoa/flickr_download/flickr_metadata/electronic_cigarette/1
/scratch_global/vankhoa/flickr_download/flickr_metadata/electronic_cigarette/2
/scratch_global/vankhoa/flickr_download/flickr_metadata/electronic_cigarette/3
/scratch_global/vankhoa/flickr_download/flickr_metadata/electronic_cigarette/4
/scratch_global/vankhoa/flickr_download/flickr_metadata/electronic_cigarette/5
/scratch_global/vankhoa/flickr_download/flickr_metadata/electronic_cigarette/6
/scratch_global/vankhoa/flickr_download/flickr_metadata/e-cig/1
/scratch_global/vankhoa/flickr_download/flickr_metadata/e-cig/2
/scratch_global/vankhoa/flickr_download/flickr_metadata/e-cig/3
/scratch_global/vankhoa/flickr_download/flickr_metadata/e-cig/4
/scratch_global/vankhoa/flickr_download/flickr_metadata/e-cig/5
/scratch_global/vankhoa/flickr_download/flickr_metadata/e-cig/6
/scratch_global/vankhoa/flickr_download/flickr_metadata/chicha/1
/scratch_global/vankhoa/flickr_download/flickr_metadata/chicha/2
/scratch_global/vankhoa/flickr_download/flickr_metadata/chicha/3
/scratch_global/vankhoa/flickr_download/flickr_metadata/chicha/4
/scratch_global/vankhoa/flickr_download/flickr_metadata/chicha/5
/scratch_global/vankhoa/flickr_download/flickr_metadata/chicha/6
/scratch_global/vankhoa/flickr_download/flickr_metadata/rolling_paper/1
/scratch_global/vankhoa/flickr_download/flickr_metadata/rolling_paper/2
/scratch_global/vankhoa/flickr_download/flickr_metadata/rolling_paper/3
/scratch_global/vankhoa/flickr_download/flickr_metadata/rolling_paper/4
/scratch_global/vankhoa/flickr_download/flickr_metadata/rolling_paper/5
/scratch_global/vankhoa/flickr_download/flickr_metadata/rolling_paper/6
/scratch_global/vankhoa/flickr_download/flickr_metadata/cannabis_leaf/1
/scratch_global/vankhoa/flickr_download/flickr_metadata/cannabis_leaf/2
/scratch_global/vankhoa/flickr_download/flickr_metadata/cannabis_leaf/3
/scratch_global/vankhoa/flickr_download/flickr_metadata/cannabis_leaf/4
/scratch_global/vankhoa/flickr_download/flickr_metadata/cannabis_leaf/5
/scratch_global/vankhoa/flickr_download/flickr_metadata/cannabis_leaf/6
/scratch_global/vankhoa/flickr_download/flickr_metadata/bob_marley/1
/scratch_global/vankhoa/flickr_download/flickr_metadata/bob_marley/2
/scratch_global/vankhoa/flickr_download/flickr_metadata/bob_marley/3
/scratch_global/vankhoa/flickr_download/flickr_metadata/bob_marley/4
/scratch_global/vankhoa/flickr_download/flickr_metadata/bob_marley/5
/scratch_global/vankhoa/flickr_download/flickr_metadata/bob_marley/6
/scratch_global/vankhoa/flickr_download/flickr_metadata/chips/1
/scratch_global/vankhoa/flickr_download/flickr_metadata/chips/2
/scratch_global/vankhoa/flickr_download/flickr_metadata/chips/3
/scratch_global/vankhoa/flickr_download/flickr_metadata/chips/4
/scratch_global/vankhoa/flickr_download/flickr_metadata/chips/5
/scratch_global/vankhoa/flickr_download/flickr_metadata/chips/6
/scratch_global/vankhoa/flickr_download/flickr_metadata/casino_table/1
/scratch_global/vankhoa/flickr_download/flickr_metadata/casino_table/2
/scratch_global/vankhoa/flickr_download/flickr_metadata/casino_table/3
/scratch_global/vankhoa/flickr_download/flickr_metadata/casino_table/4
/scratch_global/vankhoa/flickr_download/flickr_metadata/casino_table/5
/scratch_global/vankhoa/flickr_download/flickr_metadata/casino_table/6
/scratch_global/vankhoa/flickr_download/flickr_metadata/loto_ticket/1
/scratch_global/vankhoa/flickr_download/flickr_metadata/loto_ticket/2
/scratch_global/vankhoa/flickr_download/flickr_metadata/loto_ticket/3
/scratch_global/vankhoa/flickr_download/flickr_metadata/loto_ticket/4
/scratch_global/vankhoa/flickr_download/flickr_metadata/loto_ticket/5
/scratch_global/vankhoa/flickr_download/flickr_metadata/loto_ticket/6
/scratch_global/vankhoa/flickr_download/flickr_metadata/scratch_card/1
/scratch_global/vankhoa/flickr_download/flickr_metadata/scratch_card/2
/scratch_global/vankhoa/flickr_download/flickr_metadata/scratch_card/3
/scratch_global/vankhoa/flickr_download/flickr_metadata/scratch_card/4
/scratch_global/vankhoa/flickr_download/flickr_metadata/scratch_card/5
/scratch_global/vankhoa/flickr_download/flickr_metadata/scratch_card/6
/scratch_global/vankhoa/flickr_download/flickr_metadata/scooter/1
/scratch_global/vankhoa/flickr_download/flickr_metadata/scooter/2
/scratch_global/vankhoa/flickr_download/flickr_metadata/scooter/3
/scratch_global/vankhoa/flickr_download/flickr_metadata/scooter/4
/scratch_global/vankhoa/flickr_download/flickr_metadata/scooter/5
/scratch_global/vankhoa/flickr_download/flickr_metadata/scooter/6
/scratch_global/vankhoa/flickr_download/flickr_metadata/clarinet/1
/scratch_global/vankhoa/flickr_download/flickr_metadata/clarinet/2
/scratch_global/vankhoa/flickr_download/flickr_metadata/clarinet/3
/scratch_global/vankhoa/flickr_download/flickr_metadata/clarinet/4
/scratch_global/vankhoa/flickr_download/flickr_metadata/clarinet/5
/scratch_global/vankhoa/flickr_download/flickr_metadata/clarinet/6
/scratch_global/vankhoa/flickr_download/flickr_metadata/soccer/1
/scratch_global/vankhoa/flickr_download/flickr_metadata/soccer/2
/scratch_global/vankhoa/flickr_download/flickr_metadata/soccer/3
/scratch_global/vankhoa/flickr_download/flickr_metadata/soccer/4
/scratch_global/vankhoa/flickr_download/flickr_metadata/soccer/5
/scratch_global/vankhoa/flickr_download/flickr_metadata/soccer/6
/scratch_global/vankhoa/flickr_download/flickr_metadata/orchestra/1
/scratch_global/vankhoa/flickr_download/flickr_metadata/orchestra/2
/scratch_global/vankhoa/flickr_download/flickr_metadata/orchestra/3
/scratch_global/vankhoa/flickr_download/flickr_metadata/orchestra/4
/scratch_global/vankhoa/flickr_download/flickr_metadata/orchestra/5
/scratch_global/vankhoa/flickr_download/flickr_metadata/orchestra/6
/scratch_global/vankhoa/flickr_download/flickr_metadata/baguette/1
/scratch_global/vankhoa/flickr_download/flickr_metadata/baguette/2
/scratch_global/vankhoa/flickr_download/flickr_metadata/baguette/3
/scratch_global/vankhoa/flickr_download/flickr_metadata/baguette/4
/scratch_global/vankhoa/flickr_download/flickr_metadata/baguette/5
/scratch_global/vankhoa/flickr_download/flickr_metadata/baguette/6
/scratch_global/vankhoa/flickr_download/flickr_metadata/beans/1
/scratch_global/vankhoa/flickr_download/flickr_metadata/beans/2
/scratch_global/vankhoa/flickr_download/flickr_metadata/beans/3
/scratch_global/vankhoa/flickr_download/flickr_metadata/beans/4
/scratch_global/vankhoa/flickr_download/flickr_metadata/beans/5
/scratch_global/vankhoa/flickr_download/flickr_metadata/beans/6
/scratch_global/vankhoa/flickr_download/flickr_metadata/muesli/1
/scratch_global/vankhoa/flickr_download/flickr_metadata/muesli/2
/scratch_global/vankhoa/flickr_download/flickr_metadata/muesli/3
/scratch_global/vankhoa/flickr_download/flickr_metadata/muesli/4
/scratch_global/vankhoa/flickr_download/flickr_metadata/muesli/5
/scratch_global/vankhoa/flickr_download/flickr_metadata/muesli/6
/scratch_global/vankhoa/flickr_download/flickr_metadata/dry_ham/1
/scratch_global/vankhoa/flickr_download/flickr_metadata/dry_ham/2
/scratch_global/vankhoa/flickr_download/flickr_metadata/dry_ham/3
/scratch_global/vankhoa/flickr_download/flickr_metadata/dry_ham/4
/scratch_global/vankhoa/flickr_download/flickr_metadata/dry_ham/5
/scratch_global/vankhoa/flickr_download/flickr_metadata/dry_ham/6
/scratch_global/vankhoa/flickr_download/flickr_metadata/french_tacos/1
/scratch_global/vankhoa/flickr_download/flickr_metadata/french_tacos/2
/scratch_global/vankhoa/flickr_download/flickr_metadata/french_tacos/3
/scratch_global/vankhoa/flickr_download/flickr_metadata/french_tacos/4
/scratch_global/vankhoa/flickr_download/flickr_metadata/french_tacos/5
/scratch_global/vankhoa/flickr_download/flickr_metadata/french_tacos/6
/scratch_global/vankhoa/flickr_download/flickr_metadata/dry_sausage/1
/scratch_global/vankhoa/flickr_download/flickr_metadata/dry_sausage/2
/scratch_global/vankhoa/flickr_download/flickr_metadata/dry_sausage/3
/scratch_global/vankhoa/flickr_download/flickr_metadata/dry_sausage/4
/scratch_global/vankhoa/flickr_download/flickr_metadata/dry_sausage/5
/scratch_global/vankhoa/flickr_download/flickr_metadata/dry_sausage/6
/scratch_global/vankhoa/flickr_download/flickr_metadata/peas/1
/scratch_global/vankhoa/flickr_download/flickr_metadata/peas/2
/scratch_global/vankhoa/flickr_download/flickr_metadata/peas/3
/scratch_global/vankhoa/flickr_download/flickr_metadata/peas/4
/scratch_global/vankhoa/flickr_download/flickr_metadata/peas/5
/scratch_global/vankhoa/flickr_download/flickr_metadata/peas/6
/scratch_global/vankhoa/flickr_download/flickr_metadata/ham/1
/scratch_global/vankhoa/flickr_download/flickr_metadata/ham/2
/scratch_global/vankhoa/flickr_download/flickr_metadata/ham/3
/scratch_global/vankhoa/flickr_download/flickr_metadata/ham/4
/scratch_global/vankhoa/flickr_download/flickr_metadata/ham/5
/scratch_global/vankhoa/flickr_download/flickr_metadata/ham/6
/scratch_global/vankhoa/flickr_download/flickr_metadata/crepe/1
/scratch_global/vankhoa/flickr_download/flickr_metadata/crepe/2
/scratch_global/vankhoa/flickr_download/flickr_metadata/crepe/3
/scratch_global/vankhoa/flickr_download/flickr_metadata/crepe/4
/scratch_global/vankhoa/flickr_download/flickr_metadata/crepe/5
/scratch_global/vankhoa/flickr_download/flickr_metadata/crepe/6
/scratch_global/vankhoa/flickr_download/flickr_metadata/curacao/1
/scratch_global/vankhoa/flickr_download/flickr_metadata/curacao/2
/scratch_global/vankhoa/flickr_download/flickr_metadata/curacao/3
/scratch_global/vankhoa/flickr_download/flickr_metadata/curacao/4
/scratch_global/vankhoa/flickr_download/flickr_metadata/curacao/5
/scratch_global/vankhoa/flickr_download/flickr_metadata/curacao/6
/scratch_global/vankhoa/flickr_download/flickr_metadata/signature/1
/scratch_global/vankhoa/flickr_download/flickr_metadata/signature/2
/scratch_global/vankhoa/flickr_download/flickr_metadata/signature/3
/scratch_global/vankhoa/flickr_download/flickr_metadata/signature/4
/scratch_global/vankhoa/flickr_download/flickr_metadata/signature/5
/scratch_global/vankhoa/flickr_download/flickr_metadata/signature/6
/scratch_global/vankhoa/flickr_download/flickr_metadata/viennoiserie/1
/scratch_global/vankhoa/flickr_download/flickr_metadata/viennoiserie/2
/scratch_global/vankhoa/flickr_download/flickr_metadata/viennoiserie/3
/scratch_global/vankhoa/flickr_download/flickr_metadata/viennoiserie/4
/scratch_global/vankhoa/flickr_download/flickr_metadata/viennoiserie/5
/scratch_global/vankhoa/flickr_download/flickr_metadata/viennoiserie/6
/scratch_global/vankhoa/flickr_download/flickr_metadata/goat_cheese/1
/scratch_global/vankhoa/flickr_download/flickr_metadata/goat_cheese/2
/scratch_global/vankhoa/flickr_download/flickr_metadata/goat_cheese/3
/scratch_global/vankhoa/flickr_download/flickr_metadata/goat_cheese/4
/scratch_global/vankhoa/flickr_download/flickr_metadata/goat_cheese/5
/scratch_global/vankhoa/flickr_download/flickr_metadata/goat_cheese/6
/scratch_global/vankhoa/flickr_download/flickr_metadata/chinese_food/1
/scratch_global/vankhoa/flickr_download/flickr_metadata/chinese_food/2
/scratch_global/vankhoa/flickr_download/flickr_metadata/chinese_food/3
/scratch_global/vankhoa/flickr_download/flickr_metadata/chinese_food/4
/scratch_global/vankhoa/flickr_download/flickr_metadata/chinese_food/5
/scratch_global/vankhoa/flickr_download/flickr_metadata/chinese_food/6
/scratch_global/vankhoa/flickr_download/flickr_metadata/pastis/1
/scratch_global/vankhoa/flickr_download/flickr_metadata/pastis/2
/scratch_global/vankhoa/flickr_download/flickr_metadata/pastis/3
/scratch_global/vankhoa/flickr_download/flickr_metadata/pastis/4
/scratch_global/vankhoa/flickr_download/flickr_metadata/pastis/5
/scratch_global/vankhoa/flickr_download/flickr_metadata/pastis/6
/scratch_global/vankhoa/flickr_download/flickr_metadata/cigar_smoker/1
/scratch_global/vankhoa/flickr_download/flickr_metadata/cigar_smoker/2
/scratch_global/vankhoa/flickr_download/flickr_metadata/cigar_smoker/3
/scratch_global/vankhoa/flickr_download/flickr_metadata/cigar_smoker/4
/scratch_global/vankhoa/flickr_download/flickr_metadata/cigar_smoker/5
/scratch_global/vankhoa/flickr_download/flickr_metadata/cigar_smoker/6
/scratch_global/vankhoa/flickr_download/flickr_metadata/sausage/1
/scratch_global/vankhoa/flickr_download/flickr_metadata/sausage/2
/scratch_global/vankhoa/flickr_download/flickr_metadata/sausage/3
/scratch_global/vankhoa/flickr_download/flickr_metadata/sausage/4
/scratch_global/vankhoa/flickr_download/flickr_metadata/sausage/5
/scratch_global/vankhoa/flickr_download/flickr_metadata/sausage/6
/scratch_global/vankhoa/flickr_download/flickr_metadata/cheese_fondue/1
/scratch_global/vankhoa/flickr_download/flickr_metadata/cheese_fondue/2
/scratch_global/vankhoa/flickr_download/flickr_metadata/cheese_fondue/3
/scratch_global/vankhoa/flickr_download/flickr_metadata/cheese_fondue/4
/scratch_global/vankhoa/flickr_download/flickr_metadata/cheese_fondue/5
/scratch_global/vankhoa/flickr_download/flickr_metadata/cheese_fondue/6
/scratch_global/vankhoa/flickr_download/flickr_metadata/pouch/1
/scratch_global/vankhoa/flickr_download/flickr_metadata/pouch/2
/scratch_global/vankhoa/flickr_download/flickr_metadata/pouch/3
/scratch_global/vankhoa/flickr_download/flickr_metadata/pouch/4
/scratch_global/vankhoa/flickr_download/flickr_metadata/pouch/5
/scratch_global/vankhoa/flickr_download/flickr_metadata/pouch/6
/scratch_global/vankhoa/flickr_download/flickr_metadata/jar/1
/scratch_global/vankhoa/flickr_download/flickr_metadata/jar/2
/scratch_global/vankhoa/flickr_download/flickr_metadata/jar/3
/scratch_global/vankhoa/flickr_download/flickr_metadata/jar/4
/scratch_global/vankhoa/flickr_download/flickr_metadata/jar/5
/scratch_global/vankhoa/flickr_download/flickr_metadata/jar/6
/scratch_global/vankhoa/flickr_download/flickr_metadata/salmon/1
/scratch_global/vankhoa/flickr_download/flickr_metadata/salmon/2
/scratch_global/vankhoa/flickr_download/flickr_metadata/salmon/3
/scratch_global/vankhoa/flickr_download/flickr_metadata/salmon/4
/scratch_global/vankhoa/flickr_download/flickr_metadata/salmon/5
/scratch_global/vankhoa/flickr_download/flickr_metadata/salmon/6
/scratch_global/vankhoa/flickr_download/flickr_metadata/lime/1
/scratch_global/vankhoa/flickr_download/flickr_metadata/lime/2
/scratch_global/vankhoa/flickr_download/flickr_metadata/lime/3
/scratch_global/vankhoa/flickr_download/flickr_metadata/lime/4
/scratch_global/vankhoa/flickr_download/flickr_metadata/lime/5
/scratch_global/vankhoa/flickr_download/flickr_metadata/lime/6
/scratch_global/vankhoa/flickr_download/flickr_metadata/rice/1
/scratch_global/vankhoa/flickr_download/flickr_metadata/rice/2
/scratch_global/vankhoa/flickr_download/flickr_metadata/rice/3
/scratch_global/vankhoa/flickr_download/flickr_metadata/rice/4
/scratch_global/vankhoa/flickr_download/flickr_metadata/rice/5
/scratch_global/vankhoa/flickr_download/flickr_metadata/rice/6
/scratch_global/vankhoa/flickr_download/flickr_metadata/stew/1
/scratch_global/vankhoa/flickr_download/flickr_metadata/stew/2
/scratch_global/vankhoa/flickr_download/flickr_metadata/stew/3
/scratch_global/vankhoa/flickr_download/flickr_metadata/stew/4
/scratch_global/vankhoa/flickr_download/flickr_metadata/stew/5
/scratch_global/vankhoa/flickr_download/flickr_metadata/stew/6
/scratch_global/vankhoa/flickr_download/flickr_metadata/fried_food/1
/scratch_global/vankhoa/flickr_download/flickr_metadata/fried_food/2
/scratch_global/vankhoa/flickr_download/flickr_metadata/fried_food/3
/scratch_global/vankhoa/flickr_download/flickr_metadata/fried_food/4
/scratch_global/vankhoa/flickr_download/flickr_metadata/fried_food/5
/scratch_global/vankhoa/flickr_download/flickr_metadata/fried_food/6
/scratch_global/vankhoa/flickr_download/flickr_metadata/cheese&ham_boards/1
missing meta file: /scratch_global/vankhoa/flickr_download/flickr_metadata/cheese&ham_boards/1
/scratch_global/vankhoa/flickr_download/flickr_metadata/cheese&ham_boards/2
missing meta file: /scratch_global/vankhoa/flickr_download/flickr_metadata/cheese&ham_boards/2
/scratch_global/vankhoa/flickr_download/flickr_metadata/cheese&ham_boards/3
missing meta file: /scratch_global/vankhoa/flickr_download/flickr_metadata/cheese&ham_boards/3
/scratch_global/vankhoa/flickr_download/flickr_metadata/cheese&ham_boards/4
missing meta file: /scratch_global/vankhoa/flickr_download/flickr_metadata/cheese&ham_boards/4
/scratch_global/vankhoa/flickr_download/flickr_metadata/cheese&ham_boards/5
missing meta file: /scratch_global/vankhoa/flickr_download/flickr_metadata/cheese&ham_boards/5
/scratch_global/vankhoa/flickr_download/flickr_metadata/cheese&ham_boards/6
missing meta file: /scratch_global/vankhoa/flickr_download/flickr_metadata/cheese&ham_boards/6
/scratch_global/vankhoa/flickr_download/flickr_metadata/raclette/1
/scratch_global/vankhoa/flickr_download/flickr_metadata/raclette/2
/scratch_global/vankhoa/flickr_download/flickr_metadata/raclette/3
/scratch_global/vankhoa/flickr_download/flickr_metadata/raclette/4
/scratch_global/vankhoa/flickr_download/flickr_metadata/raclette/5
/scratch_global/vankhoa/flickr_download/flickr_metadata/raclette/6
/scratch_global/vankhoa/flickr_download/flickr_metadata/quinoa/1
/scratch_global/vankhoa/flickr_download/flickr_metadata/quinoa/2
/scratch_global/vankhoa/flickr_download/flickr_metadata/quinoa/3
/scratch_global/vankhoa/flickr_download/flickr_metadata/quinoa/4
/scratch_global/vankhoa/flickr_download/flickr_metadata/quinoa/5
/scratch_global/vankhoa/flickr_download/flickr_metadata/quinoa/6
/scratch_global/vankhoa/flickr_download/flickr_metadata/vietnamese_food/1
/scratch_global/vankhoa/flickr_download/flickr_metadata/vietnamese_food/2
/scratch_global/vankhoa/flickr_download/flickr_metadata/vietnamese_food/3
/scratch_global/vankhoa/flickr_download/flickr_metadata/vietnamese_food/4
/scratch_global/vankhoa/flickr_download/flickr_metadata/vietnamese_food/5
/scratch_global/vankhoa/flickr_download/flickr_metadata/vietnamese_food/6
/scratch_global/vankhoa/flickr_download/flickr_metadata/card/1
/scratch_global/vankhoa/flickr_download/flickr_metadata/card/2
/scratch_global/vankhoa/flickr_download/flickr_metadata/card/3
/scratch_global/vankhoa/flickr_download/flickr_metadata/card/4
/scratch_global/vankhoa/flickr_download/flickr_metadata/card/5
/scratch_global/vankhoa/flickr_download/flickr_metadata/card/6
/scratch_global/vankhoa/flickr_download/flickr_metadata/casino_brands/1
/scratch_global/vankhoa/flickr_download/flickr_metadata/casino_brands/2
/scratch_global/vankhoa/flickr_download/flickr_metadata/casino_brands/3
/scratch_global/vankhoa/flickr_download/flickr_metadata/casino_brands/4
/scratch_global/vankhoa/flickr_download/flickr_metadata/casino_brands/5
/scratch_global/vankhoa/flickr_download/flickr_metadata/casino_brands/6
/scratch_global/vankhoa/flickr_download/flickr_metadata/eletric_scooter/1
/scratch_global/vankhoa/flickr_download/flickr_metadata/eletric_scooter/2
/scratch_global/vankhoa/flickr_download/flickr_metadata/eletric_scooter/3
/scratch_global/vankhoa/flickr_download/flickr_metadata/eletric_scooter/4
/scratch_global/vankhoa/flickr_download/flickr_metadata/eletric_scooter/5
/scratch_global/vankhoa/flickr_download/flickr_metadata/eletric_scooter/6
/scratch_global/vankhoa/flickr_download/flickr_metadata/bunny_jumping/1
/scratch_global/vankhoa/flickr_download/flickr_metadata/bunny_jumping/2
/scratch_global/vankhoa/flickr_download/flickr_metadata/bunny_jumping/3
/scratch_global/vankhoa/flickr_download/flickr_metadata/bunny_jumping/4
/scratch_global/vankhoa/flickr_download/flickr_metadata/bunny_jumping/5
/scratch_global/vankhoa/flickr_download/flickr_metadata/bunny_jumping/6
/scratch_global/vankhoa/flickr_download/flickr_metadata/plane_ticket/1
/scratch_global/vankhoa/flickr_download/flickr_metadata/plane_ticket/2
/scratch_global/vankhoa/flickr_download/flickr_metadata/plane_ticket/3
/scratch_global/vankhoa/flickr_download/flickr_metadata/plane_ticket/4
/scratch_global/vankhoa/flickr_download/flickr_metadata/plane_ticket/5
/scratch_global/vankhoa/flickr_download/flickr_metadata/plane_ticket/6
/scratch_global/vankhoa/flickr_download/flickr_metadata/paint_board/1
/scratch_global/vankhoa/flickr_download/flickr_metadata/paint_board/2
/scratch_global/vankhoa/flickr_download/flickr_metadata/paint_board/3
/scratch_global/vankhoa/flickr_download/flickr_metadata/paint_board/4
/scratch_global/vankhoa/flickr_download/flickr_metadata/paint_board/5
/scratch_global/vankhoa/flickr_download/flickr_metadata/paint_board/6
/scratch_global/vankhoa/flickr_download/flickr_metadata/gastronomy/1
/scratch_global/vankhoa/flickr_download/flickr_metadata/gastronomy/2
/scratch_global/vankhoa/flickr_download/flickr_metadata/gastronomy/3
/scratch_global/vankhoa/flickr_download/flickr_metadata/gastronomy/4
/scratch_global/vankhoa/flickr_download/flickr_metadata/gastronomy/5
/scratch_global/vankhoa/flickr_download/flickr_metadata/gastronomy/6
/scratch_global/vankhoa/flickr_download/flickr_metadata/bitume/1
/scratch_global/vankhoa/flickr_download/flickr_metadata/bitume/2
/scratch_global/vankhoa/flickr_download/flickr_metadata/bitume/3
/scratch_global/vankhoa/flickr_download/flickr_metadata/bitume/4
/scratch_global/vankhoa/flickr_download/flickr_metadata/bitume/5
/scratch_global/vankhoa/flickr_download/flickr_metadata/bitume/6
/scratch_global/vankhoa/flickr_download/flickr_metadata/mountains/1
/scratch_global/vankhoa/flickr_download/flickr_metadata/mountains/2
/scratch_global/vankhoa/flickr_download/flickr_metadata/mountains/3
/scratch_global/vankhoa/flickr_download/flickr_metadata/mountains/4
/scratch_global/vankhoa/flickr_download/flickr_metadata/mountains/5
/scratch_global/vankhoa/flickr_download/flickr_metadata/mountains/6
/scratch_global/vankhoa/flickr_download/flickr_metadata/hills/1
/scratch_global/vankhoa/flickr_download/flickr_metadata/hills/2
/scratch_global/vankhoa/flickr_download/flickr_metadata/hills/3
/scratch_global/vankhoa/flickr_download/flickr_metadata/hills/4
/scratch_global/vankhoa/flickr_download/flickr_metadata/hills/5
/scratch_global/vankhoa/flickr_download/flickr_metadata/hills/6
/scratch_global/vankhoa/flickr_download/flickr_metadata/rapids/1
/scratch_global/vankhoa/flickr_download/flickr_metadata/rapids/2
/scratch_global/vankhoa/flickr_download/flickr_metadata/rapids/3
/scratch_global/vankhoa/flickr_download/flickr_metadata/rapids/4
/scratch_global/vankhoa/flickr_download/flickr_metadata/rapids/5
/scratch_global/vankhoa/flickr_download/flickr_metadata/rapids/6
/scratch_global/vankhoa/flickr_download/flickr_metadata/political_meme/1
/scratch_global/vankhoa/flickr_download/flickr_metadata/political_meme/2
/scratch_global/vankhoa/flickr_download/flickr_metadata/political_meme/3
/scratch_global/vankhoa/flickr_download/flickr_metadata/political_meme/4
/scratch_global/vankhoa/flickr_download/flickr_metadata/political_meme/5
/scratch_global/vankhoa/flickr_download/flickr_metadata/political_meme/6
/scratch_global/vankhoa/flickr_download/flickr_metadata/landscapes/1
/scratch_global/vankhoa/flickr_download/flickr_metadata/landscapes/2
/scratch_global/vankhoa/flickr_download/flickr_metadata/landscapes/3
/scratch_global/vankhoa/flickr_download/flickr_metadata/landscapes/4
/scratch_global/vankhoa/flickr_download/flickr_metadata/landscapes/5
/scratch_global/vankhoa/flickr_download/flickr_metadata/landscapes/6
/scratch_global/vankhoa/flickr_download/flickr_metadata/peanuts/1
/scratch_global/vankhoa/flickr_download/flickr_metadata/peanuts/2
/scratch_global/vankhoa/flickr_download/flickr_metadata/peanuts/3
/scratch_global/vankhoa/flickr_download/flickr_metadata/peanuts/4
/scratch_global/vankhoa/flickr_download/flickr_metadata/peanuts/5
/scratch_global/vankhoa/flickr_download/flickr_metadata/peanuts/6
/scratch_global/vankhoa/flickr_download/flickr_metadata/snails/1
/scratch_global/vankhoa/flickr_download/flickr_metadata/snails/2
/scratch_global/vankhoa/flickr_download/flickr_metadata/snails/3
/scratch_global/vankhoa/flickr_download/flickr_metadata/snails/4
/scratch_global/vankhoa/flickr_download/flickr_metadata/snails/5
/scratch_global/vankhoa/flickr_download/flickr_metadata/snails/6
/scratch_global/vankhoa/flickr_download/flickr_metadata/humus/1
/scratch_global/vankhoa/flickr_download/flickr_metadata/humus/2
/scratch_global/vankhoa/flickr_download/flickr_metadata/humus/3
/scratch_global/vankhoa/flickr_download/flickr_metadata/humus/4
/scratch_global/vankhoa/flickr_download/flickr_metadata/humus/5
/scratch_global/vankhoa/flickr_download/flickr_metadata/humus/6
/scratch_global/vankhoa/flickr_download/flickr_metadata/eggplant_caviar/1
/scratch_global/vankhoa/flickr_download/flickr_metadata/eggplant_caviar/2
/scratch_global/vankhoa/flickr_download/flickr_metadata/eggplant_caviar/3
/scratch_global/vankhoa/flickr_download/flickr_metadata/eggplant_caviar/4
/scratch_global/vankhoa/flickr_download/flickr_metadata/eggplant_caviar/5
/scratch_global/vankhoa/flickr_download/flickr_metadata/eggplant_caviar/6
/scratch_global/vankhoa/flickr_download/flickr_metadata/poke_bowl/1
/scratch_global/vankhoa/flickr_download/flickr_metadata/poke_bowl/2
/scratch_global/vankhoa/flickr_download/flickr_metadata/poke_bowl/3
/scratch_global/vankhoa/flickr_download/flickr_metadata/poke_bowl/4
/scratch_global/vankhoa/flickr_download/flickr_metadata/poke_bowl/5
/scratch_global/vankhoa/flickr_download/flickr_metadata/poke_bowl/6
/scratch_global/vankhoa/flickr_download/flickr_metadata/brand_logos/1
/scratch_global/vankhoa/flickr_download/flickr_metadata/brand_logos/2
/scratch_global/vankhoa/flickr_download/flickr_metadata/brand_logos/3
/scratch_global/vankhoa/flickr_download/flickr_metadata/brand_logos/4
/scratch_global/vankhoa/flickr_download/flickr_metadata/brand_logos/5
/scratch_global/vankhoa/flickr_download/flickr_metadata/brand_logos/6
/scratch_global/vankhoa/flickr_download/flickr_metadata/vege_tart/1
/scratch_global/vankhoa/flickr_download/flickr_metadata/vege_tart/2
/scratch_global/vankhoa/flickr_download/flickr_metadata/vege_tart/3
/scratch_global/vankhoa/flickr_download/flickr_metadata/vege_tart/4
/scratch_global/vankhoa/flickr_download/flickr_metadata/vege_tart/5
/scratch_global/vankhoa/flickr_download/flickr_metadata/vege_tart/6
/scratch_global/vankhoa/flickr_download/flickr_metadata/vege_wrap/1
/scratch_global/vankhoa/flickr_download/flickr_metadata/vege_wrap/2
/scratch_global/vankhoa/flickr_download/flickr_metadata/vege_wrap/3
/scratch_global/vankhoa/flickr_download/flickr_metadata/vege_wrap/4
/scratch_global/vankhoa/flickr_download/flickr_metadata/vege_wrap/5
/scratch_global/vankhoa/flickr_download/flickr_metadata/vege_wrap/6
/scratch_global/vankhoa/flickr_download/flickr_metadata/indian_food/1
/scratch_global/vankhoa/flickr_download/flickr_metadata/indian_food/2
/scratch_global/vankhoa/flickr_download/flickr_metadata/indian_food/3
/scratch_global/vankhoa/flickr_download/flickr_metadata/indian_food/4
/scratch_global/vankhoa/flickr_download/flickr_metadata/indian_food/5
/scratch_global/vankhoa/flickr_download/flickr_metadata/indian_food/6
/scratch_global/vankhoa/flickr_download/flickr_metadata/aromatic_herbs/1
/scratch_global/vankhoa/flickr_download/flickr_metadata/aromatic_herbs/2
/scratch_global/vankhoa/flickr_download/flickr_metadata/aromatic_herbs/3
/scratch_global/vankhoa/flickr_download/flickr_metadata/aromatic_herbs/4
/scratch_global/vankhoa/flickr_download/flickr_metadata/aromatic_herbs/5
/scratch_global/vankhoa/flickr_download/flickr_metadata/aromatic_herbs/6
/scratch_global/vankhoa/flickr_download/flickr_metadata/plaster/1
/scratch_global/vankhoa/flickr_download/flickr_metadata/plaster/2
/scratch_global/vankhoa/flickr_download/flickr_metadata/plaster/3
/scratch_global/vankhoa/flickr_download/flickr_metadata/plaster/4
/scratch_global/vankhoa/flickr_download/flickr_metadata/plaster/5
/scratch_global/vankhoa/flickr_download/flickr_metadata/plaster/6
/scratch_global/vankhoa/flickr_download/flickr_metadata/sun/1
/scratch_global/vankhoa/flickr_download/flickr_metadata/sun/2
/scratch_global/vankhoa/flickr_download/flickr_metadata/sun/3
/scratch_global/vankhoa/flickr_download/flickr_metadata/sun/4
/scratch_global/vankhoa/flickr_download/flickr_metadata/sun/5
/scratch_global/vankhoa/flickr_download/flickr_metadata/sun/6
/scratch_global/vankhoa/flickr_download/flickr_metadata/hot_air_balloon/1
/scratch_global/vankhoa/flickr_download/flickr_metadata/hot_air_balloon/2
/scratch_global/vankhoa/flickr_download/flickr_metadata/hot_air_balloon/3
/scratch_global/vankhoa/flickr_download/flickr_metadata/hot_air_balloon/4
/scratch_global/vankhoa/flickr_download/flickr_metadata/hot_air_balloon/5
/scratch_global/vankhoa/flickr_download/flickr_metadata/hot_air_balloon/6
/scratch_global/vankhoa/flickr_download/flickr_metadata/baseball/1
/scratch_global/vankhoa/flickr_download/flickr_metadata/baseball/2
/scratch_global/vankhoa/flickr_download/flickr_metadata/baseball/3
/scratch_global/vankhoa/flickr_download/flickr_metadata/baseball/4
/scratch_global/vankhoa/flickr_download/flickr_metadata/baseball/5
/scratch_global/vankhoa/flickr_download/flickr_metadata/baseball/6
/scratch_global/vankhoa/flickr_download/flickr_metadata/cider/1
/scratch_global/vankhoa/flickr_download/flickr_metadata/cider/2
/scratch_global/vankhoa/flickr_download/flickr_metadata/cider/3
/scratch_global/vankhoa/flickr_download/flickr_metadata/cider/4
/scratch_global/vankhoa/flickr_download/flickr_metadata/cider/5
/scratch_global/vankhoa/flickr_download/flickr_metadata/cider/6
/scratch_global/vankhoa/flickr_download/flickr_metadata/vodka/1
/scratch_global/vankhoa/flickr_download/flickr_metadata/vodka/2
/scratch_global/vankhoa/flickr_download/flickr_metadata/vodka/3
/scratch_global/vankhoa/flickr_download/flickr_metadata/vodka/4
/scratch_global/vankhoa/flickr_download/flickr_metadata/vodka/5
/scratch_global/vankhoa/flickr_download/flickr_metadata/vodka/6
/scratch_global/vankhoa/flickr_download/flickr_metadata/champagne/1
/scratch_global/vankhoa/flickr_download/flickr_metadata/champagne/2
/scratch_global/vankhoa/flickr_download/flickr_metadata/champagne/3
/scratch_global/vankhoa/flickr_download/flickr_metadata/champagne/4
/scratch_global/vankhoa/flickr_download/flickr_metadata/champagne/5
/scratch_global/vankhoa/flickr_download/flickr_metadata/champagne/6
/scratch_global/vankhoa/flickr_download/flickr_metadata/beer_glass/1
/scratch_global/vankhoa/flickr_download/flickr_metadata/beer_glass/2
/scratch_global/vankhoa/flickr_download/flickr_metadata/beer_glass/3
/scratch_global/vankhoa/flickr_download/flickr_metadata/beer_glass/4
/scratch_global/vankhoa/flickr_download/flickr_metadata/beer_glass/5
/scratch_global/vankhoa/flickr_download/flickr_metadata/beer_glass/6
/scratch_global/vankhoa/flickr_download/flickr_metadata/cliff_diving/1
/scratch_global/vankhoa/flickr_download/flickr_metadata/cliff_diving/2
/scratch_global/vankhoa/flickr_download/flickr_metadata/cliff_diving/3
/scratch_global/vankhoa/flickr_download/flickr_metadata/cliff_diving/4
/scratch_global/vankhoa/flickr_download/flickr_metadata/cliff_diving/5
/scratch_global/vankhoa/flickr_download/flickr_metadata/cliff_diving/6
/scratch_global/vankhoa/flickr_download/flickr_metadata/snooker/1
/scratch_global/vankhoa/flickr_download/flickr_metadata/snooker/2
/scratch_global/vankhoa/flickr_download/flickr_metadata/snooker/3
/scratch_global/vankhoa/flickr_download/flickr_metadata/snooker/4
/scratch_global/vankhoa/flickr_download/flickr_metadata/snooker/5
/scratch_global/vankhoa/flickr_download/flickr_metadata/snooker/6
/scratch_global/vankhoa/flickr_download/flickr_metadata/tennis/1
/scratch_global/vankhoa/flickr_download/flickr_metadata/tennis/2
/scratch_global/vankhoa/flickr_download/flickr_metadata/tennis/3
/scratch_global/vankhoa/flickr_download/flickr_metadata/tennis/4
/scratch_global/vankhoa/flickr_download/flickr_metadata/tennis/5
/scratch_global/vankhoa/flickr_download/flickr_metadata/tennis/6
/scratch_global/vankhoa/flickr_download/flickr_metadata/table_tennis/1
/scratch_global/vankhoa/flickr_download/flickr_metadata/table_tennis/2
/scratch_global/vankhoa/flickr_download/flickr_metadata/table_tennis/3
/scratch_global/vankhoa/flickr_download/flickr_metadata/table_tennis/4
/scratch_global/vankhoa/flickr_download/flickr_metadata/table_tennis/5
/scratch_global/vankhoa/flickr_download/flickr_metadata/table_tennis/6
/scratch_global/vankhoa/flickr_download/flickr_metadata/cycling/1
/scratch_global/vankhoa/flickr_download/flickr_metadata/cycling/2
/scratch_global/vankhoa/flickr_download/flickr_metadata/cycling/3
/scratch_global/vankhoa/flickr_download/flickr_metadata/cycling/4
/scratch_global/vankhoa/flickr_download/flickr_metadata/cycling/5
/scratch_global/vankhoa/flickr_download/flickr_metadata/cycling/6
/scratch_global/vankhoa/flickr_download/flickr_metadata/badminton/1
/scratch_global/vankhoa/flickr_download/flickr_metadata/badminton/2
/scratch_global/vankhoa/flickr_download/flickr_metadata/badminton/3
/scratch_global/vankhoa/flickr_download/flickr_metadata/badminton/4
/scratch_global/vankhoa/flickr_download/flickr_metadata/badminton/5
/scratch_global/vankhoa/flickr_download/flickr_metadata/badminton/6
/scratch_global/vankhoa/flickr_download/flickr_metadata/moto_gp/1
/scratch_global/vankhoa/flickr_download/flickr_metadata/moto_gp/2
/scratch_global/vankhoa/flickr_download/flickr_metadata/moto_gp/3
/scratch_global/vankhoa/flickr_download/flickr_metadata/moto_gp/4
/scratch_global/vankhoa/flickr_download/flickr_metadata/moto_gp/5
/scratch_global/vankhoa/flickr_download/flickr_metadata/moto_gp/6
/scratch_global/vankhoa/flickr_download/flickr_metadata/car_racing/1
/scratch_global/vankhoa/flickr_download/flickr_metadata/car_racing/2
/scratch_global/vankhoa/flickr_download/flickr_metadata/car_racing/3
/scratch_global/vankhoa/flickr_download/flickr_metadata/car_racing/4
/scratch_global/vankhoa/flickr_download/flickr_metadata/car_racing/5
/scratch_global/vankhoa/flickr_download/flickr_metadata/car_racing/6
/scratch_global/vankhoa/flickr_download/flickr_metadata/auto_racing/1
/scratch_global/vankhoa/flickr_download/flickr_metadata/auto_racing/2
/scratch_global/vankhoa/flickr_download/flickr_metadata/auto_racing/3
/scratch_global/vankhoa/flickr_download/flickr_metadata/auto_racing/4
/scratch_global/vankhoa/flickr_download/flickr_metadata/auto_racing/5
/scratch_global/vankhoa/flickr_download/flickr_metadata/auto_racing/6
/scratch_global/vankhoa/flickr_download/flickr_metadata/motor_racing/1
/scratch_global/vankhoa/flickr_download/flickr_metadata/motor_racing/2
/scratch_global/vankhoa/flickr_download/flickr_metadata/motor_racing/3
/scratch_global/vankhoa/flickr_download/flickr_metadata/motor_racing/4
/scratch_global/vankhoa/flickr_download/flickr_metadata/motor_racing/5
/scratch_global/vankhoa/flickr_download/flickr_metadata/motor_racing/6
/scratch_global/vankhoa/flickr_download/flickr_metadata/presentation/1
/scratch_global/vankhoa/flickr_download/flickr_metadata/presentation/2
/scratch_global/vankhoa/flickr_download/flickr_metadata/presentation/3
/scratch_global/vankhoa/flickr_download/flickr_metadata/presentation/4
/scratch_global/vankhoa/flickr_download/flickr_metadata/presentation/5
/scratch_global/vankhoa/flickr_download/flickr_metadata/presentation/6
/scratch_global/vankhoa/flickr_download/flickr_metadata/athletics/1
/scratch_global/vankhoa/flickr_download/flickr_metadata/athletics/2
/scratch_global/vankhoa/flickr_download/flickr_metadata/athletics/3
/scratch_global/vankhoa/flickr_download/flickr_metadata/athletics/4
/scratch_global/vankhoa/flickr_download/flickr_metadata/athletics/5
/scratch_global/vankhoa/flickr_download/flickr_metadata/athletics/6
/scratch_global/vankhoa/flickr_download/flickr_metadata/field_hockey/1
/scratch_global/vankhoa/flickr_download/flickr_metadata/field_hockey/2
/scratch_global/vankhoa/flickr_download/flickr_metadata/field_hockey/3
/scratch_global/vankhoa/flickr_download/flickr_metadata/field_hockey/4
/scratch_global/vankhoa/flickr_download/flickr_metadata/field_hockey/5
/scratch_global/vankhoa/flickr_download/flickr_metadata/field_hockey/6
/scratch_global/vankhoa/flickr_download/flickr_metadata/beach_volleyball/1
/scratch_global/vankhoa/flickr_download/flickr_metadata/beach_volleyball/2
/scratch_global/vankhoa/flickr_download/flickr_metadata/beach_volleyball/3
/scratch_global/vankhoa/flickr_download/flickr_metadata/beach_volleyball/4
/scratch_global/vankhoa/flickr_download/flickr_metadata/beach_volleyball/5
/scratch_global/vankhoa/flickr_download/flickr_metadata/beach_volleyball/6
/scratch_global/vankhoa/flickr_download/flickr_metadata/handball/1
/scratch_global/vankhoa/flickr_download/flickr_metadata/handball/2
/scratch_global/vankhoa/flickr_download/flickr_metadata/handball/3
/scratch_global/vankhoa/flickr_download/flickr_metadata/handball/4
/scratch_global/vankhoa/flickr_download/flickr_metadata/handball/5
/scratch_global/vankhoa/flickr_download/flickr_metadata/handball/6
/scratch_global/vankhoa/flickr_download/flickr_metadata/cricket/1
/scratch_global/vankhoa/flickr_download/flickr_metadata/cricket/2
/scratch_global/vankhoa/flickr_download/flickr_metadata/cricket/3
/scratch_global/vankhoa/flickr_download/flickr_metadata/cricket/4
/scratch_global/vankhoa/flickr_download/flickr_metadata/cricket/5
/scratch_global/vankhoa/flickr_download/flickr_metadata/cricket/6
/scratch_global/vankhoa/flickr_download/flickr_metadata/basketball/1
/scratch_global/vankhoa/flickr_download/flickr_metadata/basketball/2
/scratch_global/vankhoa/flickr_download/flickr_metadata/basketball/3
/scratch_global/vankhoa/flickr_download/flickr_metadata/basketball/4
/scratch_global/vankhoa/flickr_download/flickr_metadata/basketball/5
/scratch_global/vankhoa/flickr_download/flickr_metadata/basketball/6
/scratch_global/vankhoa/flickr_download/flickr_metadata/white_powder/1
/scratch_global/vankhoa/flickr_download/flickr_metadata/white_powder/2
/scratch_global/vankhoa/flickr_download/flickr_metadata/white_powder/3
/scratch_global/vankhoa/flickr_download/flickr_metadata/white_powder/4
/scratch_global/vankhoa/flickr_download/flickr_metadata/white_powder/5
/scratch_global/vankhoa/flickr_download/flickr_metadata/white_powder/6
/scratch_global/vankhoa/flickr_download/flickr_metadata/nude_body/1
/scratch_global/vankhoa/flickr_download/flickr_metadata/nude_body/2
/scratch_global/vankhoa/flickr_download/flickr_metadata/nude_body/3
/scratch_global/vankhoa/flickr_download/flickr_metadata/nude_body/4
/scratch_global/vankhoa/flickr_download/flickr_metadata/nude_body/5
/scratch_global/vankhoa/flickr_download/flickr_metadata/nude_body/6
/scratch_global/vankhoa/flickr_download/flickr_metadata/concert/1
/scratch_global/vankhoa/flickr_download/flickr_metadata/concert/2
/scratch_global/vankhoa/flickr_download/flickr_metadata/concert/3
/scratch_global/vankhoa/flickr_download/flickr_metadata/concert/4
/scratch_global/vankhoa/flickr_download/flickr_metadata/concert/5
/scratch_global/vankhoa/flickr_download/flickr_metadata/concert/6
/scratch_global/vankhoa/flickr_download/flickr_metadata/oxygen_mask/1
/scratch_global/vankhoa/flickr_download/flickr_metadata/oxygen_mask/2
/scratch_global/vankhoa/flickr_download/flickr_metadata/oxygen_mask/3
/scratch_global/vankhoa/flickr_download/flickr_metadata/oxygen_mask/4
/scratch_global/vankhoa/flickr_download/flickr_metadata/oxygen_mask/5
/scratch_global/vankhoa/flickr_download/flickr_metadata/oxygen_mask/6
/scratch_global/vankhoa/flickr_download/flickr_metadata/hospital_bed/1
/scratch_global/vankhoa/flickr_download/flickr_metadata/hospital_bed/2
/scratch_global/vankhoa/flickr_download/flickr_metadata/hospital_bed/3
/scratch_global/vankhoa/flickr_download/flickr_metadata/hospital_bed/4
/scratch_global/vankhoa/flickr_download/flickr_metadata/hospital_bed/5
/scratch_global/vankhoa/flickr_download/flickr_metadata/hospital_bed/6
/scratch_global/vankhoa/flickr_download/flickr_metadata/gin/1
/scratch_global/vankhoa/flickr_download/flickr_metadata/gin/2
/scratch_global/vankhoa/flickr_download/flickr_metadata/gin/3
/scratch_global/vankhoa/flickr_download/flickr_metadata/gin/4
/scratch_global/vankhoa/flickr_download/flickr_metadata/gin/5
/scratch_global/vankhoa/flickr_download/flickr_metadata/gin/6
/scratch_global/vankhoa/flickr_download/flickr_metadata/coca_cola/1
/scratch_global/vankhoa/flickr_download/flickr_metadata/coca_cola/2
/scratch_global/vankhoa/flickr_download/flickr_metadata/coca_cola/3
/scratch_global/vankhoa/flickr_download/flickr_metadata/coca_cola/4
/scratch_global/vankhoa/flickr_download/flickr_metadata/coca_cola/5
/scratch_global/vankhoa/flickr_download/flickr_metadata/coca_cola/6
/scratch_global/vankhoa/flickr_download/flickr_metadata/pepsi/1
/scratch_global/vankhoa/flickr_download/flickr_metadata/pepsi/2
/scratch_global/vankhoa/flickr_download/flickr_metadata/pepsi/3
/scratch_global/vankhoa/flickr_download/flickr_metadata/pepsi/4
/scratch_global/vankhoa/flickr_download/flickr_metadata/pepsi/5
/scratch_global/vankhoa/flickr_download/flickr_metadata/pepsi/6
/scratch_global/vankhoa/flickr_download/flickr_metadata/red_bull/1
/scratch_global/vankhoa/flickr_download/flickr_metadata/red_bull/2
/scratch_global/vankhoa/flickr_download/flickr_metadata/red_bull/3
/scratch_global/vankhoa/flickr_download/flickr_metadata/red_bull/4
/scratch_global/vankhoa/flickr_download/flickr_metadata/red_bull/5
/scratch_global/vankhoa/flickr_download/flickr_metadata/red_bull/6
/scratch_global/vankhoa/flickr_download/flickr_metadata/grass/1
/scratch_global/vankhoa/flickr_download/flickr_metadata/grass/2
/scratch_global/vankhoa/flickr_download/flickr_metadata/grass/3
/scratch_global/vankhoa/flickr_download/flickr_metadata/grass/4
/scratch_global/vankhoa/flickr_download/flickr_metadata/grass/5
/scratch_global/vankhoa/flickr_download/flickr_metadata/grass/6
/scratch_global/vankhoa/flickr_download/flickr_metadata/beach/1
/scratch_global/vankhoa/flickr_download/flickr_metadata/beach/2
/scratch_global/vankhoa/flickr_download/flickr_metadata/beach/3
/scratch_global/vankhoa/flickr_download/flickr_metadata/beach/4
/scratch_global/vankhoa/flickr_download/flickr_metadata/beach/5
/scratch_global/vankhoa/flickr_download/flickr_metadata/beach/6
/scratch_global/vankhoa/flickr_download/flickr_metadata/snow/1
/scratch_global/vankhoa/flickr_download/flickr_metadata/snow/2
/scratch_global/vankhoa/flickr_download/flickr_metadata/snow/3
/scratch_global/vankhoa/flickr_download/flickr_metadata/snow/4
/scratch_global/vankhoa/flickr_download/flickr_metadata/snow/5
/scratch_global/vankhoa/flickr_download/flickr_metadata/snow/6
/scratch_global/vankhoa/flickr_download/flickr_metadata/cloud/1
/scratch_global/vankhoa/flickr_download/flickr_metadata/cloud/2
/scratch_global/vankhoa/flickr_download/flickr_metadata/cloud/3
/scratch_global/vankhoa/flickr_download/flickr_metadata/cloud/4
/scratch_global/vankhoa/flickr_download/flickr_metadata/cloud/5
/scratch_global/vankhoa/flickr_download/flickr_metadata/cloud/6
/scratch_global/vankhoa/flickr_download/flickr_metadata/sea/1
/scratch_global/vankhoa/flickr_download/flickr_metadata/sea/2
/scratch_global/vankhoa/flickr_download/flickr_metadata/sea/3
/scratch_global/vankhoa/flickr_download/flickr_metadata/sea/4
/scratch_global/vankhoa/flickr_download/flickr_metadata/sea/5
/scratch_global/vankhoa/flickr_download/flickr_metadata/sea/6
/scratch_global/vankhoa/flickr_download/flickr_metadata/sky/1
/scratch_global/vankhoa/flickr_download/flickr_metadata/sky/2
/scratch_global/vankhoa/flickr_download/flickr_metadata/sky/3
/scratch_global/vankhoa/flickr_download/flickr_metadata/sky/4
/scratch_global/vankhoa/flickr_download/flickr_metadata/sky/5
/scratch_global/vankhoa/flickr_download/flickr_metadata/sky/6
/scratch_global/vankhoa/flickr_download/flickr_metadata/nose_ring/1
/scratch_global/vankhoa/flickr_download/flickr_metadata/nose_ring/2
/scratch_global/vankhoa/flickr_download/flickr_metadata/nose_ring/3
/scratch_global/vankhoa/flickr_download/flickr_metadata/nose_ring/4
/scratch_global/vankhoa/flickr_download/flickr_metadata/nose_ring/5
/scratch_global/vankhoa/flickr_download/flickr_metadata/nose_ring/6
/scratch_global/vankhoa/flickr_download/flickr_metadata/earring/1
/scratch_global/vankhoa/flickr_download/flickr_metadata/earring/2
/scratch_global/vankhoa/flickr_download/flickr_metadata/earring/3
/scratch_global/vankhoa/flickr_download/flickr_metadata/earring/4
/scratch_global/vankhoa/flickr_download/flickr_metadata/earring/5
/scratch_global/vankhoa/flickr_download/flickr_metadata/earring/6
/scratch_global/vankhoa/flickr_download/flickr_metadata/ring/1
/scratch_global/vankhoa/flickr_download/flickr_metadata/ring/2
/scratch_global/vankhoa/flickr_download/flickr_metadata/ring/3
/scratch_global/vankhoa/flickr_download/flickr_metadata/ring/4
/scratch_global/vankhoa/flickr_download/flickr_metadata/ring/5
/scratch_global/vankhoa/flickr_download/flickr_metadata/ring/6
/scratch_global/vankhoa/flickr_download/flickr_metadata/business_jet/1
/scratch_global/vankhoa/flickr_download/flickr_metadata/business_jet/2
/scratch_global/vankhoa/flickr_download/flickr_metadata/business_jet/3
/scratch_global/vankhoa/flickr_download/flickr_metadata/business_jet/4
/scratch_global/vankhoa/flickr_download/flickr_metadata/business_jet/5
/scratch_global/vankhoa/flickr_download/flickr_metadata/business_jet/6
/scratch_global/vankhoa/flickr_download/flickr_metadata/private_jet/1
/scratch_global/vankhoa/flickr_download/flickr_metadata/private_jet/2
/scratch_global/vankhoa/flickr_download/flickr_metadata/private_jet/3
/scratch_global/vankhoa/flickr_download/flickr_metadata/private_jet/4
/scratch_global/vankhoa/flickr_download/flickr_metadata/private_jet/5
/scratch_global/vankhoa/flickr_download/flickr_metadata/private_jet/6
/scratch_global/vankhoa/flickr_download/flickr_metadata/bizjet/1
/scratch_global/vankhoa/flickr_download/flickr_metadata/bizjet/2
/scratch_global/vankhoa/flickr_download/flickr_metadata/bizjet/3
/scratch_global/vankhoa/flickr_download/flickr_metadata/bizjet/4
/scratch_global/vankhoa/flickr_download/flickr_metadata/bizjet/5
/scratch_global/vankhoa/flickr_download/flickr_metadata/bizjet/6
/scratch_global/vankhoa/flickr_download/flickr_metadata/yacht/1
/scratch_global/vankhoa/flickr_download/flickr_metadata/yacht/2
/scratch_global/vankhoa/flickr_download/flickr_metadata/yacht/3
/scratch_global/vankhoa/flickr_download/flickr_metadata/yacht/4
/scratch_global/vankhoa/flickr_download/flickr_metadata/yacht/5
/scratch_global/vankhoa/flickr_download/flickr_metadata/yacht/6
/scratch_global/vankhoa/flickr_download/flickr_metadata/statue/1
/scratch_global/vankhoa/flickr_download/flickr_metadata/statue/2
/scratch_global/vankhoa/flickr_download/flickr_metadata/statue/3
/scratch_global/vankhoa/flickr_download/flickr_metadata/statue/4
/scratch_global/vankhoa/flickr_download/flickr_metadata/statue/5
/scratch_global/vankhoa/flickr_download/flickr_metadata/statue/6
/scratch_global/vankhoa/flickr_download/flickr_metadata/painting/1
/scratch_global/vankhoa/flickr_download/flickr_metadata/painting/2
/scratch_global/vankhoa/flickr_download/flickr_metadata/painting/3
/scratch_global/vankhoa/flickr_download/flickr_metadata/painting/4
/scratch_global/vankhoa/flickr_download/flickr_metadata/painting/5
/scratch_global/vankhoa/flickr_download/flickr_metadata/painting/6
/scratch_global/vankhoa/flickr_download/flickr_metadata/dogfighting/1
/scratch_global/vankhoa/flickr_download/flickr_metadata/dogfighting/2
/scratch_global/vankhoa/flickr_download/flickr_metadata/dogfighting/3
/scratch_global/vankhoa/flickr_download/flickr_metadata/dogfighting/4
/scratch_global/vankhoa/flickr_download/flickr_metadata/dogfighting/5
/scratch_global/vankhoa/flickr_download/flickr_metadata/dogfighting/6
/scratch_global/vankhoa/flickr_download/flickr_metadata/cockfighting/1
/scratch_global/vankhoa/flickr_download/flickr_metadata/cockfighting/2
/scratch_global/vankhoa/flickr_download/flickr_metadata/cockfighting/3
/scratch_global/vankhoa/flickr_download/flickr_metadata/cockfighting/4
/scratch_global/vankhoa/flickr_download/flickr_metadata/cockfighting/5
/scratch_global/vankhoa/flickr_download/flickr_metadata/cockfighting/6
/scratch_global/vankhoa/flickr_download/flickr_metadata/wedding/1
/scratch_global/vankhoa/flickr_download/flickr_metadata/wedding/2
/scratch_global/vankhoa/flickr_download/flickr_metadata/wedding/3
/scratch_global/vankhoa/flickr_download/flickr_metadata/wedding/4
/scratch_global/vankhoa/flickr_download/flickr_metadata/wedding/5
/scratch_global/vankhoa/flickr_download/flickr_metadata/wedding/6
/scratch_global/vankhoa/flickr_download/flickr_metadata/smartphone/1
/scratch_global/vankhoa/flickr_download/flickr_metadata/smartphone/2
/scratch_global/vankhoa/flickr_download/flickr_metadata/smartphone/3
/scratch_global/vankhoa/flickr_download/flickr_metadata/smartphone/4
/scratch_global/vankhoa/flickr_download/flickr_metadata/smartphone/5
/scratch_global/vankhoa/flickr_download/flickr_metadata/smartphone/6
/scratch_global/vankhoa/flickr_download/flickr_metadata/drone/1
/scratch_global/vankhoa/flickr_download/flickr_metadata/drone/2
/scratch_global/vankhoa/flickr_download/flickr_metadata/drone/3
/scratch_global/vankhoa/flickr_download/flickr_metadata/drone/4
/scratch_global/vankhoa/flickr_download/flickr_metadata/drone/5
/scratch_global/vankhoa/flickr_download/flickr_metadata/drone/6
/scratch_global/vankhoa/flickr_download/flickr_metadata/dr_pepper/1
/scratch_global/vankhoa/flickr_download/flickr_metadata/dr_pepper/2
/scratch_global/vankhoa/flickr_download/flickr_metadata/dr_pepper/3
/scratch_global/vankhoa/flickr_download/flickr_metadata/dr_pepper/4
/scratch_global/vankhoa/flickr_download/flickr_metadata/dr_pepper/5
/scratch_global/vankhoa/flickr_download/flickr_metadata/dr_pepper/6
/scratch_global/vankhoa/flickr_download/flickr_metadata/montain_dew/1
/scratch_global/vankhoa/flickr_download/flickr_metadata/montain_dew/2
/scratch_global/vankhoa/flickr_download/flickr_metadata/montain_dew/3
/scratch_global/vankhoa/flickr_download/flickr_metadata/montain_dew/4
/scratch_global/vankhoa/flickr_download/flickr_metadata/montain_dew/5
/scratch_global/vankhoa/flickr_download/flickr_metadata/montain_dew/6
/scratch_global/vankhoa/flickr_download/flickr_metadata/gatorade/1
/scratch_global/vankhoa/flickr_download/flickr_metadata/gatorade/2
/scratch_global/vankhoa/flickr_download/flickr_metadata/gatorade/3
/scratch_global/vankhoa/flickr_download/flickr_metadata/gatorade/4
/scratch_global/vankhoa/flickr_download/flickr_metadata/gatorade/5
/scratch_global/vankhoa/flickr_download/flickr_metadata/gatorade/6
/scratch_global/vankhoa/flickr_download/flickr_metadata/sprite/1
/scratch_global/vankhoa/flickr_download/flickr_metadata/sprite/2
/scratch_global/vankhoa/flickr_download/flickr_metadata/sprite/3
/scratch_global/vankhoa/flickr_download/flickr_metadata/sprite/4
/scratch_global/vankhoa/flickr_download/flickr_metadata/sprite/5
/scratch_global/vankhoa/flickr_download/flickr_metadata/sprite/6
/scratch_global/vankhoa/flickr_download/flickr_metadata/fanta/1
/scratch_global/vankhoa/flickr_download/flickr_metadata/fanta/2
/scratch_global/vankhoa/flickr_download/flickr_metadata/fanta/3
/scratch_global/vankhoa/flickr_download/flickr_metadata/fanta/4
/scratch_global/vankhoa/flickr_download/flickr_metadata/fanta/5
/scratch_global/vankhoa/flickr_download/flickr_metadata/fanta/6
