Loading config /home/users/vnguyen/intern20/Vis-Priva-Expos/training_scripts/detectron2/detectron2/model_zoo/configs/COCO-Detection/../Base-RetinaNet.yaml with yaml.unsafe_load. Your machine may be at risk if the file contains malicious content.
Custom Parameters: 
{'dataset': {'train': {'name': 'custom_30cls', 'img_path': '/home/users/vnguyen/intern20/DATA/250_imgs_per_class_cluster_IMT/train', 'ann_path': '/home/users/vnguyen/intern20/ANNO/coco_formatted_dataset_imt.json'}, 'test': {'name': None, 'img_path': None, 'ann_path': None}}, 'data_loader': {'num_workers': 4}, 'output_dir': {'path': '/home/users/vnguyen/intern20/OUTPUTS/detec2'}, 'model': {'name': 'retinanet_R_50_FPN_1x', 'weight': '/home/users/vnguyen/intern20/Pretrained-Weight/dtec2/model_final_f10217.pkl', 'roi_heads': {'batch_size_per_image': 128, 'num_classes': 28}}, 'solver': {'ims_per_batch': 4, 'base_lr': 0.00025, 'max_iter': 300}}
Configuration: 
CUDNN_BENCHMARK: False
DATALOADER:
  ASPECT_RATIO_GROUPING: True
  FILTER_EMPTY_ANNOTATIONS: True
  NUM_WORKERS: 4
  REPEAT_THRESHOLD: 0.0
  SAMPLER_TRAIN: TrainingSampler
DATASETS:
  PRECOMPUTED_PROPOSAL_TOPK_TEST: 1000
  PRECOMPUTED_PROPOSAL_TOPK_TRAIN: 2000
  PROPOSAL_FILES_TEST: ()
  PROPOSAL_FILES_TRAIN: ()
  TEST: ('custom_30cls',)
  TRAIN: ('custom_30cls',)
GLOBAL:
  HACK: 1.0
INPUT:
  CROP:
    ENABLED: False
    SIZE: [0.9, 0.9]
    TYPE: relative_range
  FORMAT: BGR
  MASK_FORMAT: polygon
  MAX_SIZE_TEST: 1333
  MAX_SIZE_TRAIN: 1333
  MIN_SIZE_TEST: 800
  MIN_SIZE_TRAIN: (640, 672, 704, 736, 768, 800)
  MIN_SIZE_TRAIN_SAMPLING: choice
MODEL:
  ANCHOR_GENERATOR:
    ANGLES: [[-90, 0, 90]]
    ASPECT_RATIOS: [[0.5, 1.0, 2.0]]
    NAME: DefaultAnchorGenerator
    OFFSET: 0.0
    SIZES: [[32, 40.31747359663594, 50.79683366298238], [64, 80.63494719327188, 101.59366732596476], [128, 161.26989438654377, 203.18733465192952], [256, 322.53978877308754, 406.37466930385904], [512, 645.0795775461751, 812.7493386077181]]
  BACKBONE:
    FREEZE_AT: 2
    NAME: build_retinanet_resnet_fpn_backbone
  DEVICE: cuda
  FPN:
    FUSE_TYPE: sum
    IN_FEATURES: ['res3', 'res4', 'res5']
    NORM: 
    OUT_CHANNELS: 256
  KEYPOINT_ON: False
  LOAD_PROPOSALS: False
  MASK_ON: False
  META_ARCHITECTURE: RetinaNet
  PANOPTIC_FPN:
    COMBINE:
      ENABLED: True
      INSTANCES_CONFIDENCE_THRESH: 0.5
      OVERLAP_THRESH: 0.5
      STUFF_AREA_LIMIT: 4096
    INSTANCE_LOSS_WEIGHT: 1.0
  PIXEL_MEAN: [103.53, 116.28, 123.675]
  PIXEL_STD: [1.0, 1.0, 1.0]
  PROPOSAL_GENERATOR:
    MIN_SIZE: 0
    NAME: RPN
  RESNETS:
    DEFORM_MODULATED: False
    DEFORM_NUM_GROUPS: 1
    DEFORM_ON_PER_STAGE: [False, False, False, False]
    DEPTH: 50
    NORM: FrozenBN
    NUM_GROUPS: 1
    OUT_FEATURES: ['res3', 'res4', 'res5']
    RES2_OUT_CHANNELS: 256
    RES5_DILATION: 1
    STEM_OUT_CHANNELS: 64
    STRIDE_IN_1X1: True
    WIDTH_PER_GROUP: 64
  RETINANET:
    BBOX_REG_WEIGHTS: (1.0, 1.0, 1.0, 1.0)
    FOCAL_LOSS_ALPHA: 0.25
    FOCAL_LOSS_GAMMA: 2.0
    IN_FEATURES: ['p3', 'p4', 'p5', 'p6', 'p7']
    IOU_LABELS: [0, -1, 1]
    IOU_THRESHOLDS: [0.4, 0.5]
    NMS_THRESH_TEST: 0.5
    NUM_CLASSES: 80
    NUM_CONVS: 4
    PRIOR_PROB: 0.01
    SCORE_THRESH_TEST: 0.05
    SMOOTH_L1_LOSS_BETA: 0.0
    TOPK_CANDIDATES_TEST: 1000
  ROI_BOX_CASCADE_HEAD:
    BBOX_REG_WEIGHTS: ((10.0, 10.0, 5.0, 5.0), (20.0, 20.0, 10.0, 10.0), (30.0, 30.0, 15.0, 15.0))
    IOUS: (0.5, 0.6, 0.7)
  ROI_BOX_HEAD:
    BBOX_REG_LOSS_TYPE: smooth_l1
    BBOX_REG_LOSS_WEIGHT: 1.0
    BBOX_REG_WEIGHTS: (10.0, 10.0, 5.0, 5.0)
    CLS_AGNOSTIC_BBOX_REG: False
    CONV_DIM: 256
    FC_DIM: 1024
    NAME: 
    NORM: 
    NUM_CONV: 0
    NUM_FC: 0
    POOLER_RESOLUTION: 14
    POOLER_SAMPLING_RATIO: 0
    POOLER_TYPE: ROIAlignV2
    SMOOTH_L1_BETA: 0.0
    TRAIN_ON_PRED_BOXES: False
  ROI_HEADS:
    BATCH_SIZE_PER_IMAGE: 128
    IN_FEATURES: ['res4']
    IOU_LABELS: [0, 1]
    IOU_THRESHOLDS: [0.5]
    NAME: Res5ROIHeads
    NMS_THRESH_TEST: 0.5
    NUM_CLASSES: 28
    POSITIVE_FRACTION: 0.25
    PROPOSAL_APPEND_GT: True
    SCORE_THRESH_TEST: 0.05
  ROI_KEYPOINT_HEAD:
    CONV_DIMS: (512, 512, 512, 512, 512, 512, 512, 512)
    LOSS_WEIGHT: 1.0
    MIN_KEYPOINTS_PER_IMAGE: 1
    NAME: KRCNNConvDeconvUpsampleHead
    NORMALIZE_LOSS_BY_VISIBLE_KEYPOINTS: True
    NUM_KEYPOINTS: 17
    POOLER_RESOLUTION: 14
    POOLER_SAMPLING_RATIO: 0
    POOLER_TYPE: ROIAlignV2
  ROI_MASK_HEAD:
    CLS_AGNOSTIC_MASK: False
    CONV_DIM: 256
    NAME: MaskRCNNConvUpsampleHead
    NORM: 
    NUM_CONV: 0
    POOLER_RESOLUTION: 14
    POOLER_SAMPLING_RATIO: 0
    POOLER_TYPE: ROIAlignV2
  RPN:
    BATCH_SIZE_PER_IMAGE: 256
    BBOX_REG_LOSS_TYPE: smooth_l1
    BBOX_REG_LOSS_WEIGHT: 1.0
    BBOX_REG_WEIGHTS: (1.0, 1.0, 1.0, 1.0)
    BOUNDARY_THRESH: -1
    HEAD_NAME: StandardRPNHead
    IN_FEATURES: ['res4']
    IOU_LABELS: [0, -1, 1]
    IOU_THRESHOLDS: [0.3, 0.7]
    LOSS_WEIGHT: 1.0
    NMS_THRESH: 0.7
    POSITIVE_FRACTION: 0.5
    POST_NMS_TOPK_TEST: 1000
    POST_NMS_TOPK_TRAIN: 2000
    PRE_NMS_TOPK_TEST: 6000
    PRE_NMS_TOPK_TRAIN: 12000
    SMOOTH_L1_BETA: 0.0
  SEM_SEG_HEAD:
    COMMON_STRIDE: 4
    CONVS_DIM: 128
    IGNORE_VALUE: 255
    IN_FEATURES: ['p2', 'p3', 'p4', 'p5']
    LOSS_WEIGHT: 1.0
    NAME: SemSegFPNHead
    NORM: GN
    NUM_CLASSES: 54
  WEIGHTS: /home/users/vnguyen/intern20/Pretrained-Weight/dtec2/model_final_f10217.pkl
OUTPUT_DIR: /home/users/vnguyen/intern20/OUTPUTS/detec2
SEED: -1
SOLVER:
  BASE_LR: 0.00025
  BIAS_LR_FACTOR: 1.0
  CHECKPOINT_PERIOD: 5000
  CLIP_GRADIENTS:
    CLIP_TYPE: value
    CLIP_VALUE: 1.0
    ENABLED: False
    NORM_TYPE: 2.0
  GAMMA: 0.1
  IMS_PER_BATCH: 4
  LR_SCHEDULER_NAME: WarmupMultiStepLR
  MAX_ITER: 300
  MOMENTUM: 0.9
  NESTEROV: False
  REFERENCE_WORLD_SIZE: 0
  STEPS: (60000, 80000)
  WARMUP_FACTOR: 0.001
  WARMUP_ITERS: 1000
  WARMUP_METHOD: linear
  WEIGHT_DECAY: 0.0001
  WEIGHT_DECAY_BIAS: 0.0001
  WEIGHT_DECAY_NORM: 0.0
TEST:
  AUG:
    ENABLED: False
    FLIP: True
    MAX_SIZE: 4000
    MIN_SIZES: (400, 500, 600, 700, 800, 900, 1000, 1100, 1200)
  DETECTIONS_PER_IMAGE: 100
  EVAL_PERIOD: 0
  EXPECTED_RESULTS: []
  KEYPOINT_OKS_SIGMAS: []
  PRECISE_BN:
    ENABLED: False
    NUM_ITER: 200
VERSION: 2
VIS_PERIOD: 0
[32m[07/16 10:12:48 d2.engine.defaults]: [0mModel:
RetinaNet(
  (backbone): FPN(
    (fpn_lateral3): Conv2d(512, 256, kernel_size=(1, 1), stride=(1, 1))
    (fpn_output3): Conv2d(256, 256, kernel_size=(3, 3), stride=(1, 1), padding=(1, 1))
    (fpn_lateral4): Conv2d(1024, 256, kernel_size=(1, 1), stride=(1, 1))
    (fpn_output4): Conv2d(256, 256, kernel_size=(3, 3), stride=(1, 1), padding=(1, 1))
    (fpn_lateral5): Conv2d(2048, 256, kernel_size=(1, 1), stride=(1, 1))
    (fpn_output5): Conv2d(256, 256, kernel_size=(3, 3), stride=(1, 1), padding=(1, 1))
    (top_block): LastLevelP6P7(
      (p6): Conv2d(2048, 256, kernel_size=(3, 3), stride=(2, 2), padding=(1, 1))
      (p7): Conv2d(256, 256, kernel_size=(3, 3), stride=(2, 2), padding=(1, 1))
    )
    (bottom_up): ResNet(
      (stem): BasicStem(
        (conv1): Conv2d(
          3, 64, kernel_size=(7, 7), stride=(2, 2), padding=(3, 3), bias=False
          (norm): FrozenBatchNorm2d(num_features=64, eps=1e-05)
        )
      )
      (res2): Sequential(
        (0): BottleneckBlock(
          (shortcut): Conv2d(
            64, 256, kernel_size=(1, 1), stride=(1, 1), bias=False
            (norm): FrozenBatchNorm2d(num_features=256, eps=1e-05)
          )
          (conv1): Conv2d(
            64, 64, kernel_size=(1, 1), stride=(1, 1), bias=False
            (norm): FrozenBatchNorm2d(num_features=64, eps=1e-05)
          )
          (conv2): Conv2d(
            64, 64, kernel_size=(3, 3), stride=(1, 1), padding=(1, 1), bias=False
            (norm): FrozenBatchNorm2d(num_features=64, eps=1e-05)
          )
          (conv3): Conv2d(
            64, 256, kernel_size=(1, 1), stride=(1, 1), bias=False
            (norm): FrozenBatchNorm2d(num_features=256, eps=1e-05)
          )
        )
        (1): BottleneckBlock(
          (conv1): Conv2d(
            256, 64, kernel_size=(1, 1), stride=(1, 1), bias=False
            (norm): FrozenBatchNorm2d(num_features=64, eps=1e-05)
          )
          (conv2): Conv2d(
            64, 64, kernel_size=(3, 3), stride=(1, 1), padding=(1, 1), bias=False
            (norm): FrozenBatchNorm2d(num_features=64, eps=1e-05)
          )
          (conv3): Conv2d(
            64, 256, kernel_size=(1, 1), stride=(1, 1), bias=False
            (norm): FrozenBatchNorm2d(num_features=256, eps=1e-05)
          )
        )
        (2): BottleneckBlock(
          (conv1): Conv2d(
            256, 64, kernel_size=(1, 1), stride=(1, 1), bias=False
            (norm): FrozenBatchNorm2d(num_features=64, eps=1e-05)
          )
          (conv2): Conv2d(
            64, 64, kernel_size=(3, 3), stride=(1, 1), padding=(1, 1), bias=False
            (norm): FrozenBatchNorm2d(num_features=64, eps=1e-05)
          )
          (conv3): Conv2d(
            64, 256, kernel_size=(1, 1), stride=(1, 1), bias=False
            (norm): FrozenBatchNorm2d(num_features=256, eps=1e-05)
          )
        )
      )
      (res3): Sequential(
        (0): BottleneckBlock(
          (shortcut): Conv2d(
            256, 512, kernel_size=(1, 1), stride=(2, 2), bias=False
            (norm): FrozenBatchNorm2d(num_features=512, eps=1e-05)
          )
          (conv1): Conv2d(
            256, 128, kernel_size=(1, 1), stride=(2, 2), bias=False
            (norm): FrozenBatchNorm2d(num_features=128, eps=1e-05)
          )
          (conv2): Conv2d(
            128, 128, kernel_size=(3, 3), stride=(1, 1), padding=(1, 1), bias=False
            (norm): FrozenBatchNorm2d(num_features=128, eps=1e-05)
          )
          (conv3): Conv2d(
            128, 512, kernel_size=(1, 1), stride=(1, 1), bias=False
            (norm): FrozenBatchNorm2d(num_features=512, eps=1e-05)
          )
        )
        (1): BottleneckBlock(
          (conv1): Conv2d(
            512, 128, kernel_size=(1, 1), stride=(1, 1), bias=False
            (norm): FrozenBatchNorm2d(num_features=128, eps=1e-05)
          )
          (conv2): Conv2d(
            128, 128, kernel_size=(3, 3), stride=(1, 1), padding=(1, 1), bias=False
            (norm): FrozenBatchNorm2d(num_features=128, eps=1e-05)
          )
          (conv3): Conv2d(
            128, 512, kernel_size=(1, 1), stride=(1, 1), bias=False
            (norm): FrozenBatchNorm2d(num_features=512, eps=1e-05)
          )
        )
        (2): BottleneckBlock(
          (conv1): Conv2d(
            512, 128, kernel_size=(1, 1), stride=(1, 1), bias=False
            (norm): FrozenBatchNorm2d(num_features=128, eps=1e-05)
          )
          (conv2): Conv2d(
            128, 128, kernel_size=(3, 3), stride=(1, 1), padding=(1, 1), bias=False
            (norm): FrozenBatchNorm2d(num_features=128, eps=1e-05)
          )
          (conv3): Conv2d(
            128, 512, kernel_size=(1, 1), stride=(1, 1), bias=False
            (norm): FrozenBatchNorm2d(num_features=512, eps=1e-05)
          )
        )
        (3): BottleneckBlock(
          (conv1): Conv2d(
            512, 128, kernel_size=(1, 1), stride=(1, 1), bias=False
            (norm): FrozenBatchNorm2d(num_features=128, eps=1e-05)
          )
          (conv2): Conv2d(
            128, 128, kernel_size=(3, 3), stride=(1, 1), padding=(1, 1), bias=False
            (norm): FrozenBatchNorm2d(num_features=128, eps=1e-05)
          )
          (conv3): Conv2d(
            128, 512, kernel_size=(1, 1), stride=(1, 1), bias=False
            (norm): FrozenBatchNorm2d(num_features=512, eps=1e-05)
          )
        )
      )
      (res4): Sequential(
        (0): BottleneckBlock(
          (shortcut): Conv2d(
            512, 1024, kernel_size=(1, 1), stride=(2, 2), bias=False
            (norm): FrozenBatchNorm2d(num_features=1024, eps=1e-05)
          )
          (conv1): Conv2d(
            512, 256, kernel_size=(1, 1), stride=(2, 2), bias=False
            (norm): FrozenBatchNorm2d(num_features=256, eps=1e-05)
          )
          (conv2): Conv2d(
            256, 256, kernel_size=(3, 3), stride=(1, 1), padding=(1, 1), bias=False
            (norm): FrozenBatchNorm2d(num_features=256, eps=1e-05)
          )
          (conv3): Conv2d(
            256, 1024, kernel_size=(1, 1), stride=(1, 1), bias=False
            (norm): FrozenBatchNorm2d(num_features=1024, eps=1e-05)
          )
        )
        (1): BottleneckBlock(
          (conv1): Conv2d(
            1024, 256, kernel_size=(1, 1), stride=(1, 1), bias=False
            (norm): FrozenBatchNorm2d(num_features=256, eps=1e-05)
          )
          (conv2): Conv2d(
            256, 256, kernel_size=(3, 3), stride=(1, 1), padding=(1, 1), bias=False
            (norm): FrozenBatchNorm2d(num_features=256, eps=1e-05)
          )
          (conv3): Conv2d(
            256, 1024, kernel_size=(1, 1), stride=(1, 1), bias=False
            (norm): FrozenBatchNorm2d(num_features=1024, eps=1e-05)
          )
        )
        (2): BottleneckBlock(
          (conv1): Conv2d(
            1024, 256, kernel_size=(1, 1), stride=(1, 1), bias=False
            (norm): FrozenBatchNorm2d(num_features=256, eps=1e-05)
          )
          (conv2): Conv2d(
            256, 256, kernel_size=(3, 3), stride=(1, 1), padding=(1, 1), bias=False
            (norm): FrozenBatchNorm2d(num_features=256, eps=1e-05)
          )
          (conv3): Conv2d(
            256, 1024, kernel_size=(1, 1), stride=(1, 1), bias=False
            (norm): FrozenBatchNorm2d(num_features=1024, eps=1e-05)
          )
        )
        (3): BottleneckBlock(
          (conv1): Conv2d(
            1024, 256, kernel_size=(1, 1), stride=(1, 1), bias=False
            (norm): FrozenBatchNorm2d(num_features=256, eps=1e-05)
          )
          (conv2): Conv2d(
            256, 256, kernel_size=(3, 3), stride=(1, 1), padding=(1, 1), bias=False
            (norm): FrozenBatchNorm2d(num_features=256, eps=1e-05)
          )
          (conv3): Conv2d(
            256, 1024, kernel_size=(1, 1), stride=(1, 1), bias=False
            (norm): FrozenBatchNorm2d(num_features=1024, eps=1e-05)
          )
        )
        (4): BottleneckBlock(
          (conv1): Conv2d(
            1024, 256, kernel_size=(1, 1), stride=(1, 1), bias=False
            (norm): FrozenBatchNorm2d(num_features=256, eps=1e-05)
          )
          (conv2): Conv2d(
            256, 256, kernel_size=(3, 3), stride=(1, 1), padding=(1, 1), bias=False
            (norm): FrozenBatchNorm2d(num_features=256, eps=1e-05)
          )
          (conv3): Conv2d(
            256, 1024, kernel_size=(1, 1), stride=(1, 1), bias=False
            (norm): FrozenBatchNorm2d(num_features=1024, eps=1e-05)
          )
        )
        (5): BottleneckBlock(
          (conv1): Conv2d(
            1024, 256, kernel_size=(1, 1), stride=(1, 1), bias=False
            (norm): FrozenBatchNorm2d(num_features=256, eps=1e-05)
          )
          (conv2): Conv2d(
            256, 256, kernel_size=(3, 3), stride=(1, 1), padding=(1, 1), bias=False
            (norm): FrozenBatchNorm2d(num_features=256, eps=1e-05)
          )
          (conv3): Conv2d(
            256, 1024, kernel_size=(1, 1), stride=(1, 1), bias=False
            (norm): FrozenBatchNorm2d(num_features=1024, eps=1e-05)
          )
        )
      )
      (res5): Sequential(
        (0): BottleneckBlock(
          (shortcut): Conv2d(
            1024, 2048, kernel_size=(1, 1), stride=(2, 2), bias=False
            (norm): FrozenBatchNorm2d(num_features=2048, eps=1e-05)
          )
          (conv1): Conv2d(
            1024, 512, kernel_size=(1, 1), stride=(2, 2), bias=False
            (norm): FrozenBatchNorm2d(num_features=512, eps=1e-05)
          )
          (conv2): Conv2d(
            512, 512, kernel_size=(3, 3), stride=(1, 1), padding=(1, 1), bias=False
            (norm): FrozenBatchNorm2d(num_features=512, eps=1e-05)
          )
          (conv3): Conv2d(
            512, 2048, kernel_size=(1, 1), stride=(1, 1), bias=False
            (norm): FrozenBatchNorm2d(num_features=2048, eps=1e-05)
          )
        )
        (1): BottleneckBlock(
          (conv1): Conv2d(
            2048, 512, kernel_size=(1, 1), stride=(1, 1), bias=False
            (norm): FrozenBatchNorm2d(num_features=512, eps=1e-05)
          )
          (conv2): Conv2d(
            512, 512, kernel_size=(3, 3), stride=(1, 1), padding=(1, 1), bias=False
            (norm): FrozenBatchNorm2d(num_features=512, eps=1e-05)
          )
          (conv3): Conv2d(
            512, 2048, kernel_size=(1, 1), stride=(1, 1), bias=False
            (norm): FrozenBatchNorm2d(num_features=2048, eps=1e-05)
          )
        )
        (2): BottleneckBlock(
          (conv1): Conv2d(
            2048, 512, kernel_size=(1, 1), stride=(1, 1), bias=False
            (norm): FrozenBatchNorm2d(num_features=512, eps=1e-05)
          )
          (conv2): Conv2d(
            512, 512, kernel_size=(3, 3), stride=(1, 1), padding=(1, 1), bias=False
            (norm): FrozenBatchNorm2d(num_features=512, eps=1e-05)
          )
          (conv3): Conv2d(
            512, 2048, kernel_size=(1, 1), stride=(1, 1), bias=False
            (norm): FrozenBatchNorm2d(num_features=2048, eps=1e-05)
          )
        )
      )
    )
  )
  (head): RetinaNetHead(
    (cls_subnet): Sequential(
      (0): Conv2d(256, 256, kernel_size=(3, 3), stride=(1, 1), padding=(1, 1))
      (1): ReLU()
      (2): Conv2d(256, 256, kernel_size=(3, 3), stride=(1, 1), padding=(1, 1))
      (3): ReLU()
      (4): Conv2d(256, 256, kernel_size=(3, 3), stride=(1, 1), padding=(1, 1))
      (5): ReLU()
      (6): Conv2d(256, 256, kernel_size=(3, 3), stride=(1, 1), padding=(1, 1))
      (7): ReLU()
    )
    (bbox_subnet): Sequential(
      (0): Conv2d(256, 256, kernel_size=(3, 3), stride=(1, 1), padding=(1, 1))
      (1): ReLU()
      (2): Conv2d(256, 256, kernel_size=(3, 3), stride=(1, 1), padding=(1, 1))
      (3): ReLU()
      (4): Conv2d(256, 256, kernel_size=(3, 3), stride=(1, 1), padding=(1, 1))
      (5): ReLU()
      (6): Conv2d(256, 256, kernel_size=(3, 3), stride=(1, 1), padding=(1, 1))
      (7): ReLU()
    )
    (cls_score): Conv2d(256, 720, kernel_size=(3, 3), stride=(1, 1), padding=(1, 1))
    (bbox_pred): Conv2d(256, 36, kernel_size=(3, 3), stride=(1, 1), padding=(1, 1))
  )
  (anchor_generator): DefaultAnchorGenerator(
    (cell_anchors): BufferList()
  )
)
[32m[07/16 10:12:48 d2.data.datasets.coco]: [0mLoaded 3701 images in COCO format from /home/users/vnguyen/intern20/ANNO/coco_formatted_dataset_imt.json
[32m[07/16 10:12:48 d2.data.build]: [0mRemoved 0 images with no usable annotations. 3701 images left.
[32m[07/16 10:12:48 d2.data.build]: [0mDistribution of instances among all 28 categories:
[36m|  category  | #instances   |  category  | #instances   |  category  | #instances   |
|:----------:|:-------------|:----------:|:-------------|:----------:|:-------------|
|   person   | 252          |  bicycle   | 250          |    car     | 253          |
|  airplane  | 252          |    bus     | 250          |    boat    | 256          |
|   train    | 250          |   truck    | 250          |   bench    | 250          |
|    bird    | 256          |    cat     | 250          |    dog     | 250          |
|   horse    | 250          |   sheep    | 253          |   toilet   | 250          |
|    bed     | 250          |    tie     | 255          |  suitcase  | 250          |
|    kite    | 251          |    cup     | 251          |    fork    | 250          |
|   banana   | 251          |   pizza    | 250          |   couch    | 250          |
|   laptop   | 250          |   remote   | 251          |    book    | 254          |
| microwave  | 253          |            |              |            |              |
|   total    | 7038         |            |              |            |              |[0m
[32m[07/16 10:12:48 d2.data.common]: [0mSerializing 3701 elements to byte tensors and concatenating them all ...
[32m[07/16 10:12:48 d2.data.common]: [0mSerialized dataset takes 1.10 MiB
[32m[07/16 10:12:48 d2.data.dataset_mapper]: [0mAugmentations used in training: [ResizeShortestEdge(short_edge_length=(640, 672, 704, 736, 768, 800), max_size=1333, sample_style='choice'), RandomFlip()]
[32m[07/16 10:12:48 d2.data.build]: [0mUsing training sampler TrainingSampler
[32m[07/16 10:12:50 d2.engine.train_loop]: [0mStarting training from iteration 0
[32m[07/16 10:13:03 d2.utils.events]: [0m eta: 0:02:40  iter: 19  total_loss: 2.377  loss_cls: 1.629  loss_box_reg: 0.765  time: 0.5671  data_time: 0.0475  lr: 0.000005  max_mem: 7377M
[32m[07/16 10:13:14 d2.utils.events]: [0m eta: 0:02:25  iter: 39  total_loss: 2.244  loss_cls: 1.480  loss_box_reg: 0.752  time: 0.5520  data_time: 0.0061  lr: 0.000010  max_mem: 7377M
[32m[07/16 10:13:25 d2.utils.events]: [0m eta: 0:02:14  iter: 59  total_loss: 1.555  loss_cls: 1.068  loss_box_reg: 0.487  time: 0.5544  data_time: 0.0062  lr: 0.000015  max_mem: 7377M
[32m[07/16 10:13:36 d2.utils.events]: [0m eta: 0:02:02  iter: 79  total_loss: 1.795  loss_cls: 1.197  loss_box_reg: 0.586  time: 0.5500  data_time: 0.0060  lr: 0.000020  max_mem: 7377M
[32m[07/16 10:13:46 d2.utils.events]: [0m eta: 0:01:50  iter: 99  total_loss: 1.700  loss_cls: 1.129  loss_box_reg: 0.554  time: 0.5471  data_time: 0.0062  lr: 0.000025  max_mem: 7377M
[32m[07/16 10:13:57 d2.utils.events]: [0m eta: 0:01:39  iter: 119  total_loss: 1.821  loss_cls: 1.214  loss_box_reg: 0.623  time: 0.5461  data_time: 0.0063  lr: 0.000030  max_mem: 7377M
[32m[07/16 10:14:08 d2.utils.events]: [0m eta: 0:01:28  iter: 139  total_loss: 1.771  loss_cls: 1.181  loss_box_reg: 0.599  time: 0.5455  data_time: 0.0061  lr: 0.000035  max_mem: 7377M
[32m[07/16 10:14:19 d2.utils.events]: [0m eta: 0:01:17  iter: 159  total_loss: 1.641  loss_cls: 1.112  loss_box_reg: 0.530  time: 0.5477  data_time: 0.0063  lr: 0.000040  max_mem: 7377M
[32m[07/16 10:14:30 d2.utils.events]: [0m eta: 0:01:07  iter: 179  total_loss: 1.915  loss_cls: 1.330  loss_box_reg: 0.592  time: 0.5493  data_time: 0.0061  lr: 0.000045  max_mem: 7377M
[32m[07/16 10:14:41 d2.utils.events]: [0m eta: 0:00:55  iter: 199  total_loss: 1.769  loss_cls: 1.223  loss_box_reg: 0.568  time: 0.5466  data_time: 0.0066  lr: 0.000050  max_mem: 7377M
[32m[07/16 10:14:52 d2.utils.events]: [0m eta: 0:00:44  iter: 219  total_loss: 1.473  loss_cls: 0.995  loss_box_reg: 0.479  time: 0.5463  data_time: 0.0058  lr: 0.000055  max_mem: 7377M
[32m[07/16 10:15:03 d2.utils.events]: [0m eta: 0:00:33  iter: 239  total_loss: 1.670  loss_cls: 1.131  loss_box_reg: 0.539  time: 0.5472  data_time: 0.0064  lr: 0.000060  max_mem: 7377M
[32m[07/16 10:15:13 d2.utils.events]: [0m eta: 0:00:22  iter: 259  total_loss: 1.663  loss_cls: 1.138  loss_box_reg: 0.526  time: 0.5456  data_time: 0.0060  lr: 0.000065  max_mem: 7377M
[32m[07/16 10:15:24 d2.utils.events]: [0m eta: 0:00:11  iter: 279  total_loss: 1.940  loss_cls: 1.307  loss_box_reg: 0.618  time: 0.5453  data_time: 0.0065  lr: 0.000070  max_mem: 7378M
[32m[07/16 10:15:36 d2.data.datasets.coco]: [0mLoaded 3701 images in COCO format from /home/users/vnguyen/intern20/ANNO/coco_formatted_dataset_imt.json
[32m[07/16 10:15:36 d2.data.common]: [0mSerializing 3701 elements to byte tensors and concatenating them all ...
[32m[07/16 10:15:36 d2.data.common]: [0mSerialized dataset takes 1.10 MiB
[32m[07/16 10:15:36 d2.data.dataset_mapper]: [0mAugmentations used in training: [ResizeShortestEdge(short_edge_length=(800, 800), max_size=1333, sample_style='choice')]
[5m[31mWARNING[0m [32m[07/16 10:15:36 d2.engine.defaults]: [0mNo evaluator found. Use `DefaultTrainer.test(evaluators=)`, or implement its `build_evaluator` method.
[32m[07/16 10:15:36 d2.utils.events]: [0m eta: 0:00:00  iter: 299  total_loss: 1.692  loss_cls: 1.124  loss_box_reg: 0.576  time: 0.5449  data_time: 0.0061  lr: 0.000075  max_mem: 7378M
[32m[07/16 10:15:36 d2.engine.hooks]: [0mOverall training speed: 297 iterations in 0:02:42 (0.5468 s / it)
[32m[07/16 10:15:36 d2.engine.hooks]: [0mTotal training time: 0:02:43 (0:00:01 on hooks)
