##########################################
######## Focusing Exposure Search ########
###########################################
+++++++++++++++++++++++++++++
+++++ gamma =  0 +++++
+++++++++++++++++++++++++++++
Estimate exposure user photos ...
Done!
#### CLUSTERING ####
Calculate clustering photo features ...
Done!
Calculate clusters of users ...
Done!
##### REGRESSION #####
Calculate regression features ...
Done!
Combine and convert to numpy format ...
   job_search_IT
Number of training data:  61
Number of test data:  27
   bank_credit
Number of training data:  57
Number of test data:  24
   job_search_waiter_waitress
Number of training data:  64
Number of test data:  29
   accommodation_search
Number of training data:  69
Number of test data:  30
##########################
~~~~~~~~~~~~~~~~~~~~~~~~~~~
  job_search_IT
-------++++++++++++++---------------
0.12755455947629368
-------++++++++++++++---------------
0.021236048800201357
0.3695049424457405
0.41299994714300237
-------++++++++++++++---------------
0.04125172230228824
-------++++++++++++++---------------
0.19689131290270367
0.19666551626164408
0.1548555529297848
0.28290682988396443
0.02359567077601643
0.3660049166368098
-------++++++++++++++---------------
0.17214113658826635
0.12136505342073411
0.44300953620124617
0.20683618418537986
0.022614960807384454
0.16106226209988872
0.012182374901674842
0.2622803017114659
0.020771557175381816
0.16396024449763213
-------++++++++++++++---------------
0.5393796053272168
0.55208865857863
0.1870888089951086
0.26877748906524535
0.5796933082433745
0.37609646723228574
0.12730862997055736
0.21541846562491718
0.159859946331957
0.15653453846664356
0.2814890115411731
0.4527807168592126
0.3482574757691945
0.24457360729066013
0.13943450886292807
0.038625208341183326
0.3377949724805821
0.46169612751660294
0.29528102627659314
0.4845823754814198
0.26942250185651295
-------++++++++++++++---------------
0.048555433581923046
0.25319228676445016
0.03483111834923425
0.37691198292612027
0.08771881640576817
0.2692797754278463
0.015304585011110317
0.35696874332807216
0.1468440929402276
0.37103801315135465
0.014538175086970195
0.32871021265538714
0.07993102558916754
0.1558562157636415
0.09943914148961597
0.3674371381069048
0.2023011955223727
0.16606446117404794
0.35571199443362334
0.1946279341724203
0.28482637652705367
0.016594746440559915
0.3371075037228046
0.14239541359671593
0.3065355753918325
0.3287227269519465
0.12608073406494424
0.25577096914868724
-------++++++++++++++---------------
0.04429445233578211
0.12211285007191519
0.004721723057479199
0.3047743164701421
0.027379337741153198
0.07958510395540952
0.04573046924659885
0.051007003328892186
0.5328947259972323
0.005107236856880193
0.18076884822975292
0.13239893778777811
0.6167790696442166
0.06841128619958292
0.3043423602278188
0.31329009388880913
0.038515431370025666
0.05447894006378218
0.46707611909521585
0.232924972997669
0.15822025120463745
-------++++++++++++++---------------
0.013088852092087322
0.4804324317864612
0.43417599807496676
0.5014470817038861
0.1276087005379789
0.5506641906708186
0.5060978332415411
0.6022112533517441
0.19861069267994458
0.004502778122492446
0.04033311704846265
0.4034200799756614
0.02959807291499028
0.34937025289047074
0.35584741432651956
-------++++++++++++++---------------
0.038227876948038864
0.2609261732271415
0.3332844117672795
0.0084715165850483
0.37693928166673607
0.12187098223742876
0.30181193223026725
0.47084783949828113
0.01294487257173238
0.5656278699581381
0.2291408633299743
0.08504534751513226
0.25881535602107075
0.23346174772153194
0.3372247014164178
0.3826882030167853
0.04590362938178327
0.23960012611531234
0.45798385304550604
0.17542173195769184
0.19991919455246387
-------++++++++++++++---------------
0.5453274356901016
-------++++++++++++++---------------
0.23335125448065208
0.236775007922311
0.04014164950577581
sum_diff_situ:  0.23002046798316175
val1:  0.7142857142857143   val2:  0.8571428571428571
diff =  0.49097841306476164
val1:  0.7142857142857143   val2:  0.14285714285714285
diff =  0.49834767711004013
val1:  0.7142857142857143   val2:  0.0
diff =  0.48086055466583455
val1:  0.7142857142857143   val2:  0.8571428571428571
diff =  0.321507233645862
val1:  0.7142857142857143   val2:  0.2857142857142857
diff =  0.4573880856034682
val1:  0.7142857142857143   val2:  -0.2857142857142857
diff =  0.5020677029190134
val1:  0.7142857142857143   val2:  -0.2857142857142857
diff =  0.5368031597204981
val1:  0.7142857142857143   val2:  0.8571428571428571
diff =  0.37659927694590956
val1:  0.7142857142857143   val2:  0.42857142857142855
diff =  0.3094514095161556
val1:  0.7142857142857143   val2:  1.4285714285714286
diff =  0.23460605840883553
val1:  0.7142857142857143   val2:  0.42857142857142855
diff =  0.2836283710892211
val1:  0.7142857142857143   val2:  1.1428571428571428
diff =  0.599984079859819
val1:  0.7142857142857143   val2:  0.8571428571428571
diff =  0.44095503529605795
val1:  0.7142857142857143   val2:  0.7142857142857143
diff =  0.25736338775972245
val1:  0.7142857142857143   val2:  0.5714285714285714
diff =  0.35142560736685513
val1:  0.0   val2:  0.42857142857142855
diff =  0.2980993663863186
val1:  0.0   val2:  0.8571428571428571
diff =  0.3458129920621065
val1:  0.0   val2:  0.14285714285714285
diff =  0.31964004355856934
val1:  0.0   val2:  0.0
diff =  0.3365970244050188
val1:  0.0   val2:  0.2857142857142857
diff =  0.37905879524435815
val1:  0.0   val2:  -0.2857142857142857
diff =  0.4523247892339438
val1:  0.0   val2:  -0.2857142857142857
diff =  0.35443642275922016
val1:  0.0   val2:  0.42857142857142855
diff =  0.24696263174968625
val1:  0.0   val2:  0.42857142857142855
diff =  0.374789385848432
val1:  0.0   val2:  1.1428571428571428
diff =  0.35657609519184486
val1:  0.0   val2:  0.8571428571428571
diff =  0.2578127147669391
val1:  0.0   val2:  0.7142857142857143
diff =  0.43064319533211637
val1:  0.0   val2:  0.5714285714285714
diff =  0.29113001837749297
val1:  0.0   val2:  0.42857142857142855
diff =  0.3441385193774774
val1:  0.2857142857142857   val2:  0.8571428571428571
diff =  0.44324499568069886
val1:  0.2857142857142857   val2:  0.14285714285714285
diff =  0.4217228725164689
val1:  0.2857142857142857   val2:  0.0
diff =  0.4223324201926171
val1:  0.2857142857142857   val2:  0.8571428571428571
diff =  0.23677564378249483
val1:  0.2857142857142857   val2:  0.2857142857142857
diff =  0.39622990340393216
val1:  0.2857142857142857   val2:  -0.2857142857142857
diff =  0.4751750408735562
val1:  0.2857142857142857   val2:  -0.2857142857142857
diff =  0.44869395399955836
val1:  0.2857142857142857   val2:  0.42857142857142855
diff =  0.2702098092998688
val1:  0.2857142857142857   val2:  0.42857142857142855
diff =  0.3783396983090974
val1:  0.2857142857142857   val2:  1.1428571428571428
diff =  0.4636554483816848
val1:  0.2857142857142857   val2:  0.8571428571428571
diff =  0.3326509831549349
val1:  0.2857142857142857   val2:  0.7142857142857143
diff =  0.4108853546368726
val1:  0.2857142857142857   val2:  0.5714285714285714
diff =  0.35156479829711096
val1:  0.2857142857142857   val2:  0.42857142857142855
diff =  0.24491999457369096
val1:  0.42857142857142855   val2:  0.8571428571428571
diff =  0.6631217949232076
val1:  0.42857142857142855   val2:  0.42857142857142855
diff =  0.2485945560888424
val1:  0.42857142857142855   val2:  0.42857142857142855
diff =  0.43367833129573985
val1:  0.42857142857142855   val2:  0.14285714285714285
diff =  0.7142349754558225
val1:  0.42857142857142855   val2:  0.0
diff =  0.6522684686341031
val1:  0.42857142857142855   val2:  0.8571428571428571
diff =  0.41606951237914225
val1:  0.42857142857142855   val2:  0.2857142857142857
diff =  0.4974830013716429
val1:  0.42857142857142855   val2:  -0.2857142857142857
diff =  0.5354713621850131
val1:  0.42857142857142855   val2:  -0.2857142857142857
diff =  0.7227881662970548
val1:  0.42857142857142855   val2:  0.8571428571428571
diff =  0.5049193778081578
val1:  0.42857142857142855   val2:  0.42857142857142855
diff =  0.4125752752782368
val1:  0.42857142857142855   val2:  1.4285714285714286
diff =  0.46023242976167245
val1:  0.42857142857142855   val2:  0.42857142857142855
diff =  0.31473202583106696
val1:  0.42857142857142855   val2:  1.1428571428571428
diff =  0.8182656440219481
val1:  0.42857142857142855   val2:  0.8571428571428571
diff =  0.6306780600954703
val1:  0.42857142857142855   val2:  0.7142857142857143
diff =  0.23529780372951115
val1:  0.42857142857142855   val2:  0.5714285714285714
diff =  0.5062639287053756
val1:  0.42857142857142855   val2:  -0.14285714285714285
diff =  0.4146043570260395
val1:  0.8571428571428571   val2:  0.42857142857142855
diff =  0.28782343553286127
val1:  0.8571428571428571   val2:  0.14285714285714285
diff =  0.576787359487952
val1:  0.8571428571428571   val2:  0.42857142857142855
diff =  0.32011536189388345
val1:  0.8571428571428571   val2:  1.1428571428571428
diff =  0.4368263929404774
val1:  0.8571428571428571   val2:  1.4285714285714286
diff =  0.28106726073331745
val1:  0.8571428571428571   val2:  0.14285714285714285
diff =  0.4589087596705739
val1:  0.8571428571428571   val2:  0.14285714285714285
diff =  0.6758163819915572
val1:  0.8571428571428571   val2:  0.7142857142857143
diff =  0.2510828787600007
val1:  0.8571428571428571   val2:  0.42857142857142855
diff =  0.7474836280935624
val1:  0.8571428571428571   val2:  -0.14285714285714285
diff =  0.2700543654702835
val1:  0.42857142857142855   val2:  0.14285714285714285
diff =  0.26780298833585925
val1:  0.42857142857142855   val2:  0.0
diff =  0.27646807569666254
val1:  0.42857142857142855   val2:  0.2857142857142857
diff =  0.34478344758566526
val1:  0.42857142857142855   val2:  -0.2857142857142857
diff =  0.38754684106376425
val1:  0.42857142857142855   val2:  -0.2857142857142857
diff =  0.3098489219627668
val1:  0.42857142857142855   val2:  0.42857142857142855
diff =  0.24278896155918794
val1:  0.42857142857142855   val2:  0.14285714285714285
diff =  0.26662937796395125
val1:  0.42857142857142855   val2:  1.1428571428571428
diff =  0.3410806471966057
val1:  0.42857142857142855   val2:  0.8571428571428571
diff =  0.23050324866010474
val1:  0.42857142857142855   val2:  0.7142857142857143
diff =  0.28070525090383913
val1:  0.42857142857142855   val2:  0.42857142857142855
diff =  0.2854977900427641
val1:  0.14285714285714285   val2:  0.42857142857142855
diff =  0.3251829828159727
val1:  0.14285714285714285   val2:  0.14285714285714285
diff =  0.619566219452554
val1:  0.14285714285714285   val2:  0.0
diff =  0.5990701935860931
val1:  0.14285714285714285   val2:  0.8571428571428571
diff =  0.38897582344074133
val1:  0.14285714285714285   val2:  0.2857142857142857
diff =  0.5596455262786794
val1:  0.14285714285714285   val2:  -0.2857142857142857
diff =  0.6174160143766796
val1:  0.14285714285714285   val2:  -0.2857142857142857
diff =  0.6530189618777364
val1:  0.14285714285714285   val2:  0.8571428571428571
diff =  0.32636849422871095
val1:  0.14285714285714285   val2:  0.42857142857142855
diff =  0.45176476414038913
val1:  0.14285714285714285   val2:  1.4285714285714286
diff =  0.3082086008708964
val1:  0.14285714285714285   val2:  0.42857142857142855
diff =  0.42187005786843523
val1:  0.14285714285714285   val2:  1.1428571428571428
diff =  0.7108073658321377
val1:  0.14285714285714285   val2:  0.8571428571428571
diff =  0.572287022939863
val1:  0.14285714285714285   val2:  0.7142857142857143
diff =  0.37451743687126526
val1:  0.14285714285714285   val2:  0.5714285714285714
diff =  0.5020716390720386
val1:  0.14285714285714285   val2:  -0.14285714285714285
diff =  0.30386016991163844
val1:  0.42857142857142855   val2:  0.14285714285714285
diff =  0.2700702099850757
val1:  0.42857142857142855   val2:  0.0
diff =  0.2876447112948399
val1:  0.42857142857142855   val2:  0.2857142857142857
diff =  0.31027680375098554
val1:  0.42857142857142855   val2:  1.1428571428571428
diff =  0.24190862688201953
val1:  0.42857142857142855   val2:  -0.2857142857142857
diff =  0.3870915478086294
val1:  0.42857142857142855   val2:  -0.2857142857142857
diff =  0.287127606570474
val1:  0.42857142857142855   val2:  0.42857142857142855
diff =  0.3956216606244535
val1:  0.42857142857142855   val2:  0.14285714285714285
diff =  0.39255487354098206
val1:  0.42857142857142855   val2:  1.1428571428571428
diff =  0.2677257178415553
val1:  0.42857142857142855   val2:  0.7142857142857143
diff =  0.4914665250647693
val1:  0.42857142857142855   val2:  0.5714285714285714
diff =  0.2707790814535104
val1:  0.42857142857142855   val2:  0.42857142857142855
diff =  0.49387523462428484
val1:  0.14285714285714285   val2:  1.1428571428571428
diff =  0.45179982104847505
val1:  0.14285714285714285   val2:  1.4285714285714286
diff =  0.23529911490568256
val1:  0.14285714285714285   val2:  0.14285714285714285
diff =  0.4407593506347173
val1:  0.14285714285714285   val2:  0.14285714285714285
diff =  0.7225725074430125
val1:  0.14285714285714285   val2:  0.7142857142857143
diff =  0.31410742340636144
val1:  0.14285714285714285   val2:  0.42857142857142855
diff =  0.7985417078986236
val1:  0.0   val2:  1.1428571428571428
diff =  0.43248224723333173
val1:  0.0   val2:  1.4285714285714286
diff =  0.26353654698011186
val1:  0.0   val2:  0.14285714285714285
diff =  0.4299603800882206
val1:  0.0   val2:  0.14285714285714285
diff =  0.698612931134313
val1:  0.0   val2:  0.7142857142857143
diff =  0.2411105711308863
val1:  0.0   val2:  0.42857142857142855
diff =  0.7407346545088669
val1:  0.0   val2:  -0.14285714285714285
diff =  0.24802266000358641
val1:  0.8571428571428571   val2:  1.1428571428571428
diff =  0.2987922917874819
val1:  0.8571428571428571   val2:  0.14285714285714285
diff =  0.2503086169404618
val1:  0.8571428571428571   val2:  0.14285714285714285
diff =  0.47203697179837356
val1:  0.8571428571428571   val2:  0.42857142857142855
diff =  0.5056580175777541
val1:  0.2857142857142857   val2:  1.1428571428571428
diff =  0.4295791614375717
val1:  0.2857142857142857   val2:  1.4285714285714286
diff =  0.3355901268862478
val1:  0.2857142857142857   val2:  0.14285714285714285
diff =  0.38422980390509753
val1:  0.2857142857142857   val2:  0.14285714285714285
diff =  0.6386578975365709
val1:  0.2857142857142857   val2:  0.42857142857142855
diff =  0.5921760822433433
val1:  0.2857142857142857   val2:  -0.14285714285714285
diff =  0.3124538809618608
val1:  1.1428571428571428   val2:  -0.2857142857142857
diff =  0.4627346149395285
val1:  1.1428571428571428   val2:  -0.2857142857142857
diff =  0.491334427417066
val1:  1.1428571428571428   val2:  0.8571428571428571
diff =  0.35665296203986474
val1:  1.1428571428571428   val2:  0.42857142857142855
diff =  0.28184282345904976
val1:  1.1428571428571428   val2:  1.4285714285714286
diff =  0.2492627091654429
val1:  1.1428571428571428   val2:  0.42857142857142855
diff =  0.2344279130110032
val1:  1.1428571428571428   val2:  1.1428571428571428
diff =  0.5621241319388578
val1:  1.1428571428571428   val2:  0.8571428571428571
diff =  0.4100910186672879
val1:  1.1428571428571428   val2:  0.5714285714285714
diff =  0.30316155585761684
val1:  -0.2857142857142857   val2:  1.4285714285714286
diff =  0.4074233002245765
val1:  -0.2857142857142857   val2:  0.14285714285714285
diff =  0.4507219455005187
val1:  -0.2857142857142857   val2:  0.14285714285714285
diff =  0.6965746050466508
val1:  -0.2857142857142857   val2:  0.42857142857142855
diff =  0.628511630620191
val1:  -0.2857142857142857   val2:  -0.14285714285714285
diff =  0.37818648415555245
val1:  -0.2857142857142857   val2:  1.4285714285714286
diff =  0.2628403582979735
val1:  -0.2857142857142857   val2:  0.14285714285714285
diff =  0.46642624796828835
val1:  -0.2857142857142857   val2:  0.14285714285714285
diff =  0.7574231288292734
val1:  -0.2857142857142857   val2:  0.7142857142857143
diff =  0.29995561140512206
val1:  -0.2857142857142857   val2:  0.42857142857142855
diff =  0.8149766636584199
val1:  -0.2857142857142857   val2:  -0.14285714285714285
diff =  0.253590672069508
val1:  0.8571428571428571   val2:  0.14285714285714285
diff =  0.3002541305731745
val1:  0.8571428571428571   val2:  0.42857142857142855
diff =  0.252394455213408
val1:  0.8571428571428571   val2:  0.14285714285714285
diff =  0.4161398694506002
val1:  0.8571428571428571   val2:  0.7142857142857143
diff =  0.3450186624246666
val1:  0.8571428571428571   val2:  0.42857142857142855
diff =  0.5914344148661297
val1:  0.42857142857142855   val2:  0.14285714285714285
diff =  0.25192570621507737
val1:  0.42857142857142855   val2:  0.14285714285714285
diff =  0.5307396200249226
val1:  0.42857142857142855   val2:  0.42857142857142855
diff =  0.49699379269096855
val1:  1.4285714285714286   val2:  0.42857142857142855
diff =  0.40234572359679
val1:  1.4285714285714286   val2:  0.14285714285714285
diff =  0.3803245278117474
val1:  1.4285714285714286   val2:  1.1428571428571428
diff =  0.2411898245727997
val1:  1.4285714285714286   val2:  0.7142857142857143
diff =  0.4996057281150148
val1:  1.4285714285714286   val2:  0.5714285714285714
diff =  0.25459009097264573
val1:  1.4285714285714286   val2:  0.42857142857142855
diff =  0.5205355992846321
val1:  0.14285714285714285   val2:  0.42857142857142855
diff =  0.3184689686387908
val1:  0.14285714285714285   val2:  1.1428571428571428
diff =  0.4999056013804215
val1:  0.14285714285714285   val2:  0.8571428571428571
diff =  0.35003437650166414
val1:  0.14285714285714285   val2:  0.7142857142857143
diff =  0.33442842066158907
val1:  0.14285714285714285   val2:  0.5714285714285714
diff =  0.33231037170600786
val1:  0.42857142857142855   val2:  0.14285714285714285
diff =  0.47891345718565814
val1:  0.42857142857142855   val2:  1.1428571428571428
diff =  0.2679115001579121
val1:  0.42857142857142855   val2:  0.42857142857142855
diff =  0.3789188614819795
val1:  0.42857142857142855   val2:  -0.14285714285714285
diff =  0.3502143515932524
val1:  0.14285714285714285   val2:  1.1428571428571428
diff =  0.8207327365870302
val1:  0.14285714285714285   val2:  0.8571428571428571
diff =  0.6724340089712467
val1:  0.14285714285714285   val2:  0.7142857142857143
diff =  0.4120133108729255
val1:  0.14285714285714285   val2:  0.5714285714285714
diff =  0.5884156781557974
val1:  0.14285714285714285   val2:  -0.14285714285714285
diff =  0.3726012666757291
val1:  1.1428571428571428   val2:  0.7142857142857143
diff =  0.40840286287853433
val1:  1.1428571428571428   val2:  0.42857142857142855
diff =  0.9125811545059503
val1:  1.1428571428571428   val2:  -0.14285714285714285
diff =  0.24276803288049098
val1:  0.8571428571428571   val2:  0.7142857142857143
diff =  0.29286394194938414
val1:  0.8571428571428571   val2:  0.42857142857142855
diff =  0.7223248797190249
val1:  0.7142857142857143   val2:  0.42857142857142855
diff =  0.28391651788087513
val1:  0.7142857142857143   val2:  -0.14285714285714285
diff =  0.43968765880253413
val1:  0.5714285714285714   val2:  0.42857142857142855
diff =  0.5833342888041024
val1:  0.42857142857142855   val2:  -0.14285714285714285
diff =  0.47171258590788134
~~~~~~~~~~~~~~~~~~~~~~~~~~~
  bank_credit
-------++++++++++++++---------------
0.17527669327997952
-------++++++++++++++---------------
0.022163719065523724
-------++++++++++++++---------------
0.1081939262584588
-------++++++++++++++---------------
0.03825700683786781
0.3836441033511533
0.5855079476326641
0.1861947136652199
0.3784847590933592
0.6195259299322144
0.20501784992044902
0.057533735387265805
0.04915897733121544
0.1476466527039635
-------++++++++++++++---------------
0.10805345463821603
0.11162356688077035
0.09903350674597144
0.48538489086932124
0.33722196203649113
0.0699401510324722
0.007929654515494988
0.48706888292565587
0.444274446783836
0.06413163293519275
0.28085389793365234
0.22270603087839702
0.532469273572499
0.46865306349985025
0.03920123490654259
-------++++++++++++++---------------
0.2689449919149899
0.07076275589552927
0.0012178009750390961
0.5051706460637035
0.009066708671252477
0.13219200014456434
0.24486661569322865
0.0564354620468257
0.3658740212965965
0.05831236304662912
0.3341257410203373
0.11016925317714543
0.47968306282911777
0.01466226206908916
0.6257447597270641
-------++++++++++++++---------------
0.16101578735117783
0.034033295552034604
0.5821467774453827
0.03648274678137353
0.11016799031681968
0.3683807519732051
0.3215318176085362
0.2442642657730626
0.3162412315528219
0.022306475907904688
0.15490619165187047
0.7964914662878954
0.0017612178800863187
0.23101443992757265
0.5722775471604753
0.7979104568016706
0.29909903451286
0.21559238488518873
0.22249726367345646
0.5944147427907017
0.25420619739371486
-------++++++++++++++---------------
0.04741654146787866
0.24401710468201154
0.006692673858119003
0.26974908146541
0.04334597738158641
0.2803195914115987
-------++++++++++++++---------------
0.037536306858613755
0.07939757008800341
0.22702563267078568
0.18562360358043972
0.1063696152118192
0.4111302258447499
-------++++++++++++++---------------
0.5131564058652835
0.561339256102455
0.5837020882307659
0.06340699489137391
0.005721425859720464
0.15003393311310942
0.27521484862661805
0.13412983932558087
0.32190527903414523
0.4684793409883953
-------++++++++++++++---------------
0.050083438115947954
0.46452736422632346
0.47919222626252556
-------++++++++++++++---------------
0.31754938338686833
0.14557085641553513
0.2766938512682007
0.2274774163342197
0.16157062680066225
0.03543193225053809
sum_diff_situ:  0.20813852928474139
val1:  0.2857142857142857   val2:  -0.14285714285714285
diff =  0.26012124280815374
val1:  0.2857142857142857   val2:  -0.14285714285714285
diff =  0.3659289191178816
val1:  0.2857142857142857   val2:  0.2857142857142857
diff =  0.25140355880845733
val1:  0.2857142857142857   val2:  0.14285714285714285
diff =  0.31788990454340726
val1:  0.2857142857142857   val2:  -0.5714285714285714
diff =  0.34829872268157225
val1:  0.2857142857142857   val2:  0.42857142857142855
diff =  0.3627467552320982
val1:  0.2857142857142857   val2:  -0.5714285714285714
diff =  0.4717652176731454
val1:  0.2857142857142857   val2:  1.0
diff =  0.28551404583018203
val1:  0.2857142857142857   val2:  0.8571428571428571
diff =  0.28375744928896285
val1:  0.2857142857142857   val2:  0.0
diff =  0.27764247296759437
val1:  -0.42857142857142855   val2:  0.5714285714285714
diff =  0.30134426713002194
val1:  -0.42857142857142855   val2:  -0.14285714285714285
diff =  0.380570664875963
val1:  -0.42857142857142855   val2:  -0.14285714285714285
diff =  0.5444141457184626
val1:  -0.42857142857142855   val2:  0.2857142857142857
diff =  0.4672737426301692
val1:  -0.42857142857142855   val2:  0.14285714285714285
diff =  0.43483576397556245
val1:  -0.42857142857142855   val2:  -0.5714285714285714
diff =  0.5502222716238939
val1:  -0.42857142857142855   val2:  -0.14285714285714285
diff =  0.3422091172091235
val1:  -0.42857142857142855   val2:  0.42857142857142855
diff =  0.4974322930270463
val1:  -0.42857142857142855   val2:  -0.5714285714285714
diff =  0.2615133001953386
val1:  -0.42857142857142855   val2:  0.8571428571428571
diff =  0.3403454260103618
val1:  -0.42857142857142855   val2:  0.0
diff =  0.2648705571724135
val1:  -0.5714285714285714   val2:  0.5714285714285714
diff =  0.2501700310791195
val1:  -0.5714285714285714   val2:  -0.14285714285714285
diff =  0.29689190704847535
val1:  -0.5714285714285714   val2:  -0.14285714285714285
diff =  0.45064611089869233
val1:  -0.5714285714285714   val2:  0.2857142857142857
diff =  0.41342263692834336
val1:  -0.5714285714285714   val2:  0.14285714285714285
diff =  0.34421611525346074
val1:  -0.5714285714285714   val2:  -0.5714285714285714
diff =  0.46331890084577054
val1:  -0.5714285714285714   val2:  -0.14285714285714285
diff =  0.26583071958553306
val1:  -0.5714285714285714   val2:  0.42857142857142855
diff =  0.4031504921423541
val1:  -0.5714285714285714   val2:  -0.5714285714285714
diff =  0.2487177874228863
val1:  -0.5714285714285714   val2:  0.8571428571428571
diff =  0.25819727332350084
val1:  0.8571428571428571   val2:  -0.14285714285714285
diff =  0.2740570156923553
val1:  0.8571428571428571   val2:  -0.14285714285714285
diff =  0.36947687928961115
val1:  0.8571428571428571   val2:  0.2857142857142857
diff =  0.23830428962090633
val1:  0.8571428571428571   val2:  0.14285714285714285
diff =  0.3303667097657179
val1:  0.8571428571428571   val2:  -0.5714285714285714
diff =  0.35866039620430124
val1:  0.8571428571428571   val2:  -0.14285714285714285
diff =  0.21699847896049196
val1:  0.8571428571428571   val2:  0.42857142857142855
diff =  0.37367531060856674
val1:  0.8571428571428571   val2:  -0.5714285714285714
diff =  0.4837608534318
val1:  0.8571428571428571   val2:  1.0
diff =  0.3007116433344911
val1:  0.8571428571428571   val2:  0.8571428571428571
diff =  0.28966412001347464
val1:  0.8571428571428571   val2:  0.0
diff =  0.29423841658264016
val1:  0.5714285714285714   val2:  0.2857142857142857
diff =  0.31914294776961705
val1:  0.5714285714285714   val2:  -0.7142857142857143
diff =  0.4762106342847551
val1:  0.5714285714285714   val2:  0.42857142857142855
diff =  0.210813763834941
val1:  0.5714285714285714   val2:  -0.5714285714285714
diff =  0.7494187059815265
val1:  0.5714285714285714   val2:  0.7142857142857143
diff =  0.2605194848593484
val1:  0.5714285714285714   val2:  1.0
diff =  0.4877741258460283
val1:  0.5714285714285714   val2:  0.0
diff =  0.29749468574281124
val1:  0.2857142857142857   val2:  -0.14285714285714285
diff =  0.3798475002838888
val1:  0.2857142857142857   val2:  -0.14285714285714285
diff =  0.5555148872109781
val1:  0.2857142857142857   val2:  0.2857142857142857
diff =  0.4934929731263977
val1:  0.2857142857142857   val2:  0.14285714285714285
diff =  0.4358256719046425
val1:  0.2857142857142857   val2:  -0.5714285714285714
diff =  0.5540206324489536
val1:  0.2857142857142857   val2:  -0.14285714285714285
diff =  0.3441907500402611
val1:  0.2857142857142857   val2:  0.42857142857142855
diff =  0.500304881118829
val1:  0.2857142857142857   val2:  -0.5714285714285714
diff =  0.25078552677628585
val1:  0.2857142857142857   val2:  0.8571428571428571
diff =  0.34687825411882467
val1:  0.2857142857142857   val2:  0.0
diff =  0.25820307847866353
val1:  -0.14285714285714285   val2:  -0.2857142857142857
diff =  0.25537308880982956
val1:  -0.14285714285714285   val2:  0.2857142857142857
diff =  0.2265834891599955
val1:  -0.14285714285714285   val2:  -0.7142857142857143
diff =  0.453731772655917
val1:  -0.14285714285714285   val2:  0.42857142857142855
diff =  0.31872475715347526
val1:  -0.14285714285714285   val2:  -0.5714285714285714
diff =  0.554186405601522
val1:  -0.14285714285714285   val2:  0.7142857142857143
diff =  0.2778754242236404
val1:  -0.14285714285714285   val2:  1.0
diff =  0.3125028693387296
val1:  -0.14285714285714285   val2:  0.7142857142857143
diff =  0.2573636840712077
val1:  -0.14285714285714285   val2:  -0.2857142857142857
diff =  0.2929664629606725
val1:  -0.14285714285714285   val2:  -0.2857142857142857
diff =  0.3882190556419395
val1:  -0.14285714285714285   val2:  0.8571428571428571
diff =  0.21983169103090294
val1:  -0.14285714285714285   val2:  -0.7142857142857143
diff =  0.6573577631506278
val1:  -0.14285714285714285   val2:  0.42857142857142855
diff =  0.45022894664170376
val1:  -0.14285714285714285   val2:  -0.5714285714285714
diff =  0.7528509828767245
val1:  -0.14285714285714285   val2:  0.7142857142857143
diff =  0.443157980946954
val1:  -0.14285714285714285   val2:  1.0
diff =  0.49863317097250204
val1:  -0.14285714285714285   val2:  0.7142857142857143
diff =  0.35785764364466766
val1:  -0.14285714285714285   val2:  0.0
diff =  0.21042130592241126
val1:  -0.2857142857142857   val2:  0.2857142857142857
diff =  0.2723901479715819
val1:  -0.2857142857142857   val2:  0.14285714285714285
diff =  0.24983111670703628
val1:  -0.2857142857142857   val2:  -0.5714285714285714
diff =  0.3101433598600134
val1:  -0.2857142857142857   val2:  0.42857142857142855
diff =  0.3032655355318966
val1:  -0.2857142857142857   val2:  -0.5714285714285714
diff =  0.4040819529894617
val1:  -0.2857142857142857   val2:  0.2857142857142857
diff =  0.3259350680425367
val1:  -0.2857142857142857   val2:  0.14285714285714285
diff =  0.30671940305026346
val1:  -0.2857142857142857   val2:  -0.5714285714285714
diff =  0.3874810570327305
val1:  -0.2857142857142857   val2:  -0.14285714285714285
diff =  0.21526735963949706
val1:  -0.2857142857142857   val2:  0.42857142857142855
diff =  0.359260270546756
val1:  -0.2857142857142857   val2:  -0.5714285714285714
diff =  0.339536619716585
val1:  -0.2857142857142857   val2:  0.8571428571428571
diff =  0.2463149903414863
val1:  -0.2857142857142857   val2:  0.0
diff =  0.2098975042806439
val1:  0.8571428571428571   val2:  0.14285714285714285
diff =  0.24650140267552556
val1:  0.8571428571428571   val2:  -0.7142857142857143
diff =  0.35439789250411335
val1:  0.8571428571428571   val2:  -0.5714285714285714
diff =  0.21274222989207947
val1:  0.8571428571428571   val2:  0.42857142857142855
diff =  0.27190369243828183
val1:  0.8571428571428571   val2:  -0.5714285714285714
diff =  0.6826728378979684
val1:  0.8571428571428571   val2:  1.0
diff =  0.43369395200039296
val1:  0.8571428571428571   val2:  0.8571428571428571
diff =  0.24325171862092188
val1:  0.8571428571428571   val2:  0.0
diff =  0.31936643106970486
val1:  0.2857142857142857   val2:  0.14285714285714285
diff =  0.22947554259639336
val1:  0.2857142857142857   val2:  -0.7142857142857143
diff =  0.6938633563480142
val1:  0.2857142857142857   val2:  0.42857142857142855
diff =  0.36892188068486653
val1:  0.2857142857142857   val2:  0.42857142857142855
diff =  0.21115106723224508
val1:  0.2857142857142857   val2:  -0.5714285714285714
diff =  0.9387227781508312
val1:  0.2857142857142857   val2:  0.7142857142857143
diff =  0.44663403315425065
val1:  0.2857142857142857   val2:  1.0
diff =  0.7026119238884048
val1:  0.2857142857142857   val2:  0.7142857142857143
diff =  0.26791142860429873
val1:  0.2857142857142857   val2:  0.8571428571428571
diff =  0.28372501661768734
val1:  0.2857142857142857   val2:  0.0
diff =  0.46290233587186624
val1:  0.14285714285714285   val2:  -0.7142857142857143
diff =  0.513473615782321
val1:  0.14285714285714285   val2:  0.42857142857142855
diff =  0.38028642735204143
val1:  0.14285714285714285   val2:  -0.5714285714285714
diff =  0.5555212036700121
val1:  0.14285714285714285   val2:  0.7142857142857143
diff =  0.3357227916070006
val1:  0.14285714285714285   val2:  1.0
diff =  0.34258079827488663
val1:  0.14285714285714285   val2:  0.7142857142857143
diff =  0.3178476076120945
val1:  -0.7142857142857143   val2:  -0.5714285714285714
diff =  0.693551069287196
val1:  -0.7142857142857143   val2:  -0.14285714285714285
diff =  0.4514830021868812
val1:  -0.7142857142857143   val2:  0.42857142857142855
diff =  0.5943152352713807
val1:  -0.7142857142857143   val2:  0.8571428571428571
diff =  0.36689281286378217
val1:  -0.7142857142857143   val2:  0.0
diff =  0.2346080140001463
val1:  -0.5714285714285714   val2:  0.42857142857142855
diff =  0.4661702481332416
val1:  -0.5714285714285714   val2:  -0.5714285714285714
diff =  0.8357379521908807
val1:  -0.5714285714285714   val2:  0.7142857142857143
diff =  0.45525801396160226
val1:  -0.5714285714285714   val2:  1.0
diff =  0.566237010114502
val1:  -0.5714285714285714   val2:  0.7142857142857143
diff =  0.3691154820590653
val1:  -0.5714285714285714   val2:  0.0
diff =  0.26280828298434245
val1:  0.42857142857142855   val2:  -0.14285714285714285
diff =  0.28001672854400894
val1:  0.42857142857142855   val2:  0.42857142857142855
diff =  0.4401909692488629
val1:  0.42857142857142855   val2:  -0.5714285714285714
diff =  0.3362728532460303
val1:  0.42857142857142855   val2:  0.8571428571428571
diff =  0.28699782288283515
val1:  0.42857142857142855   val2:  0.0
diff =  0.24910695659853332
val1:  -0.14285714285714285   val2:  -0.5714285714285714
diff =  0.5933575544521337
val1:  -0.14285714285714285   val2:  0.7142857142857143
diff =  0.2574465788517619
val1:  -0.14285714285714285   val2:  1.0
diff =  0.34868736978421677
val1:  -0.14285714285714285   val2:  0.7142857142857143
diff =  0.2138818090942306
val1:  0.42857142857142855   val2:  -0.5714285714285714
diff =  0.6223759826322368
val1:  0.42857142857142855   val2:  0.7142857142857143
diff =  0.40135932887449655
val1:  0.42857142857142855   val2:  1.0
diff =  0.414324683924127
val1:  0.42857142857142855   val2:  0.7142857142857143
diff =  0.36883671725947775
val1:  -0.5714285714285714   val2:  0.7142857142857143
diff =  0.24429208888464005
val1:  -0.5714285714285714   val2:  0.7142857142857143
diff =  0.42700418469845414
val1:  -0.5714285714285714   val2:  0.8571428571428571
diff =  0.3898187409055146
val1:  -0.5714285714285714   val2:  0.0
diff =  0.23379257330098713
val1:  0.7142857142857143   val2:  0.8571428571428571
diff =  0.24648514939544652
val1:  1.0   val2:  0.7142857142857143
diff =  0.24184607535234526
val1:  0.7142857142857143   val2:  0.8571428571428571
diff =  0.24878519729534376
val1:  0.7142857142857143   val2:  0.0
diff =  0.2465982054687751
~~~~~~~~~~~~~~~~~~~~~~~~~~~
  job_search_waiter_waitress
-------++++++++++++++---------------
0.37501753354904566
-------++++++++++++++---------------
0.042236129331363004
0.03797030190069528
0.19123986420358852
0.3518658600273522
0.0035313018425505716
0.2851152996592532
0.46401933651532234
0.2908641952388783
0.4324164025777193
0.13155994600001986
-------++++++++++++++---------------
0.3005997033138079
0.4611798205365426
0.46826297114390425
0.3359674839360054
0.19766673640603316
0.27745370559748483
0.01336937368472324
0.01843794384678188
0.12782860136669183
0.19677024325620618
-------++++++++++++++---------------
0.12134013177765957
0.1935854077630007
0.16301396638502397
-------++++++++++++++---------------
0.7434112799850372
0.7993942549811376
0.719590584826358
0.5149324046933637
0.16707283561667485
0.028413451967452596
0.8093933389060353
0.581090383176748
0.04268118061281745
0.019768758632467298
0.028233406409921447
0.037176925250991366
0.36677591803879495
0.5813914290913911
0.010359343257888676
0.08756351969278997
0.6514667455693219
0.005212824441544139
0.05515468987797467
0.4790651667382685
0.6567493839669946
0.004043880786088194
0.06596543970977176
0.7145604332154648
0.03618676930263498
0.43857396295630857
0.5890046567953714
0.012755061783117139
0.04175275674669909
0.6373823835709027
0.24350567366669573
0.38539267105808406
0.053420120958066364
0.043817891868790926
0.43477128693409295
0.09061033432207088
0.4534709513953834
0.35673031689596235
0.16003242313469834
0.6624828253029025
0.5009895960599673
0.021421354399929204
0.06686406909937703
0.7278960520989572
0.5494247132474452
-------++++++++++++++---------------
0.3817854544598308
0.34580934949925546
0.18027323957680164
0.4124188029150575
0.07877744312464408
0.4580695920831638
0.6606518290321292
0.18565867087767696
0.1688194239445121
0.20466279627181394
0.0404250041283164
0.06316881701429533
0.007550656171300463
0.25643256145660087
0.014814973965950107
0.06009997439608117
0.04467269603658819
0.23182861554999112
0.0378134711781708
0.03959696748766539
0.019058915590645986
0.3267372211861349
0.023636630532189784
0.10129123381617922
0.048849656851076895
0.2849017859993479
0.041299101508452285
0.06386128903943944
0.16402831365208526
0.08484312039537822
0.21490704134381233
0.005282222488093624
0.17662715194119005
0.0051595133061626
0.31747546760114254
0.002135598527751026
0.04810270276265116
0.05582719130692704
0.28734874786087805
0.04659495209833098
0.361475021146873
0.5105304346405899
0.13443844388590442
0.10296020812705498
0.1500787313636638
0.03439320240657373
0.07767530143022983
0.33107871965598634
0.06681814597076141
0.1943098836570999
0.43715028511567167
0.17921795948200325
0.14903986341372044
0.0005951032510426169
0.16049363797222238
-------++++++++++++++---------------
0.01795508312255134
0.14639985655975374
0.21485374157386727
0.015798383727840593
0.1898152011994767
0.3384832871048058
0.004015037099694085
0.02913123471639134
0.1547155954796713
0.3365062472594593
0.0033385854792108427
0.2760063937437406
0.4908025591022481
0.016923928763597273
0.06783215417989985
0.3094533165910809
0.1333497665797797
0.2447506609375144
0.4262832530125581
0.10483599064941318
0.06583615782023122
0.30121688163710747
0.040042229821230846
0.04534843673592659
0.22365707412201818
0.1585073095013868
0.23068840915322963
0.46485345800614564
0.011397134949396315
0.05488529989522839
0.16383066263919854
0.18544058720110523
0.14308654415186473
0.35471406659511573
0.25853168105337576
0.018269712157435114
-------++++++++++++++---------------
0.39586122604951857
-------++++++++++++++---------------
0.0739008638235028
0.008593763871349469
0.007364737765851448
0.0015227125685794984
0.040606477790386175
0.41377493967114554
0.10026909239073156
0.11947713615771538
0.08374570086531019
0.015221739139282042
0.17042007844840823
0.005615910841872296
0.003228100367199338
0.04754717501024053
0.45924141249425177
0.0052711777974936425
0.06713457825487557
0.4842394205783538
0.042958685583123324
0.437263776109895
0.2356939970132632
-------++++++++++++++---------------
0.02841260422493108
0.23642535915421503
0.20742379304955616
-------++++++++++++++---------------
0.4860634458127404
sum_diff_situ:  0.2577793099368119
val1:  0.42857142857142855   val2:  0.7142857142857143
diff =  0.4981787920853219
val1:  0.42857142857142855   val2:  0.42857142857142855
diff =  0.7091531200501251
val1:  0.42857142857142855   val2:  1.2857142857142858
diff =  0.3420376127818002
val1:  0.42857142857142855   val2:  1.4285714285714286
diff =  0.4142721887237515
val1:  0.42857142857142855   val2:  0.5714285714285714
diff =  0.5508124808920469
val1:  0.42857142857142855   val2:  0.0
diff =  0.3750192828890567
val1:  0.42857142857142855   val2:  0.2857142857142857
diff =  0.2690740209661381
val1:  0.42857142857142855   val2:  0.7142857142857143
diff =  0.43295098920550446
val1:  0.42857142857142855   val2:  0.7142857142857143
diff =  0.4367553669826927
val1:  0.42857142857142855   val2:  0.14285714285714285
diff =  0.5843314841295928
val1:  0.42857142857142855   val2:  0.5714285714285714
diff =  0.5652530593034292
val1:  0.42857142857142855   val2:  1.5714285714285714
diff =  0.48190431679781454
val1:  0.42857142857142855   val2:  0.42857142857142855
diff =  0.5082967575143218
val1:  0.42857142857142855   val2:  0.2857142857142857
diff =  0.46446633492510814
val1:  0.42857142857142855   val2:  0.2857142857142857
diff =  0.4474895455674045
val1:  0.42857142857142855   val2:  0.14285714285714285
diff =  0.3075586078653534
val1:  0.42857142857142855   val2:  0.7142857142857143
diff =  0.5624198706487891
val1:  0.7142857142857143   val2:  0.14285714285714285
diff =  0.49644303729532946
val1:  0.7142857142857143   val2:  1.1428571428571428
diff =  0.37802422539460534
val1:  0.7142857142857143   val2:  0.8571428571428571
diff =  0.33156311871190103
val1:  0.7142857142857143   val2:  -0.2857142857142857
diff =  0.6169742095434372
val1:  0.7142857142857143   val2:  0.7142857142857143
diff =  0.6610036193639355
val1:  0.7142857142857143   val2:  -0.42857142857142855
diff =  0.47843714249475855
val1:  0.7142857142857143   val2:  1.1428571428571428
diff =  0.7118672589907058
val1:  0.7142857142857143   val2:  0.14285714285714285
diff =  0.6628717163335041
val1:  0.7142857142857143   val2:  0.42857142857142855
diff =  0.5070072217694015
val1:  0.7142857142857143   val2:  0.14285714285714285
diff =  0.4866366761594514
val1:  0.14285714285714285   val2:  0.42857142857142855
diff =  0.6206280545995901
val1:  0.14285714285714285   val2:  1.2857142857142858
diff =  0.4226696688647583
val1:  0.14285714285714285   val2:  1.4285714285714286
diff =  0.4806034165584183
val1:  0.14285714285714285   val2:  0.5714285714285714
diff =  0.5420400054337566
val1:  0.14285714285714285   val2:  0.0
diff =  0.42468094716865734
val1:  0.14285714285714285   val2:  0.2857142857142857
diff =  0.34887262332028757
val1:  0.14285714285714285   val2:  0.7142857142857143
diff =  0.4697330252240721
val1:  0.14285714285714285   val2:  0.7142857142857143
diff =  0.46932739728506623
val1:  0.14285714285714285   val2:  0.14285714285714285
diff =  0.5744637911875778
val1:  0.14285714285714285   val2:  0.5714285714285714
diff =  0.5554015635010852
val1:  0.14285714285714285   val2:  1.5714285714285714
diff =  0.5104552559963832
val1:  0.14285714285714285   val2:  0.42857142857142855
diff =  0.5292668751358218
val1:  0.14285714285714285   val2:  0.2857142857142857
diff =  0.5026329147535928
val1:  0.14285714285714285   val2:  0.2857142857142857
diff =  0.4475794519215407
val1:  0.14285714285714285   val2:  0.14285714285714285
diff =  0.39203344218314784
val1:  0.14285714285714285   val2:  0.7142857142857143
diff =  0.5665622165621851
val1:  1.1428571428571428   val2:  0.42857142857142855
diff =  0.5276027645179213
val1:  1.1428571428571428   val2:  1.2857142857142858
diff =  0.2753272242856357
val1:  1.1428571428571428   val2:  1.4285714285714286
diff =  0.3409434301442733
val1:  1.1428571428571428   val2:  0.5714285714285714
diff =  0.4207654135476606
val1:  1.1428571428571428   val2:  0.0
diff =  0.3058418448635871
val1:  1.1428571428571428   val2:  0.2857142857142857
diff =  0.3441704387496559
val1:  1.1428571428571428   val2:  0.7142857142857143
diff =  0.35479238928408563
val1:  1.1428571428571428   val2:  0.7142857142857143
diff =  0.33438772141001794
val1:  1.1428571428571428   val2:  0.14285714285714285
diff =  0.481623596423013
val1:  1.1428571428571428   val2:  0.5714285714285714
diff =  0.4908546904091926
val1:  1.1428571428571428   val2:  1.5714285714285714
diff =  0.3711654341100068
val1:  1.1428571428571428   val2:  0.42857142857142855
diff =  0.43232087157148913
val1:  1.1428571428571428   val2:  0.2857142857142857
diff =  0.4053253680855944
val1:  1.1428571428571428   val2:  0.2857142857142857
diff =  0.3325425328965942
val1:  1.1428571428571428   val2:  0.14285714285714285
diff =  0.25937849399375257
val1:  1.1428571428571428   val2:  0.7142857142857143
diff =  0.4816446126948215
val1:  0.42857142857142855   val2:  0.8571428571428571
diff =  0.5077344156833864
val1:  0.42857142857142855   val2:  -0.2857142857142857
diff =  0.8078665587560273
val1:  0.42857142857142855   val2:  0.7142857142857143
diff =  0.8727781398415391
val1:  0.42857142857142855   val2:  0.2857142857142857
diff =  0.2778207593859451
val1:  0.42857142857142855   val2:  -0.42857142857142855
diff =  0.6836958394374835
val1:  0.42857142857142855   val2:  -0.2857142857142857
diff =  0.32880639592378613
val1:  0.42857142857142855   val2:  1.1428571428571428
diff =  0.9367127536976042
val1:  0.42857142857142855   val2:  0.14285714285714285
diff =  0.8773968134474001
val1:  0.42857142857142855   val2:  0.42857142857142855
diff =  0.7098295569825069
val1:  0.42857142857142855   val2:  0.14285714285714285
diff =  0.6920726140888223
val1:  0.8571428571428571   val2:  1.4285714285714286
diff =  0.27454420865231244
val1:  0.8571428571428571   val2:  0.5714285714285714
diff =  0.37829170510211796
val1:  0.8571428571428571   val2:  0.7142857142857143
diff =  0.28385360638545487
val1:  0.8571428571428571   val2:  0.7142857142857143
diff =  0.28570601826885145
val1:  0.8571428571428571   val2:  0.14285714285714285
diff =  0.40829964422431886
val1:  0.8571428571428571   val2:  0.5714285714285714
diff =  0.3917444215565208
val1:  0.8571428571428571   val2:  1.5714285714285714
diff =  0.3268351246283976
val1:  0.8571428571428571   val2:  0.42857142857142855
diff =  0.3463275419532086
val1:  0.8571428571428571   val2:  0.2857142857142857
diff =  0.31114058010012113
val1:  0.8571428571428571   val2:  0.2857142857142857
diff =  0.2867319507419126
val1:  0.8571428571428571   val2:  0.7142857142857143
diff =  0.39202241372743396
val1:  -0.2857142857142857   val2:  1.2857142857142858
diff =  0.47281578963862503
val1:  -0.2857142857142857   val2:  1.4285714285714286
diff =  0.5518403629759512
val1:  -0.2857142857142857   val2:  0.5714285714285714
diff =  0.6720525066525026
val1:  -0.2857142857142857   val2:  0.0
diff =  0.5012840288062678
val1:  -0.2857142857142857   val2:  0.2857142857142857
diff =  0.3772749886748936
val1:  -0.2857142857142857   val2:  0.7142857142857143
diff =  0.5638710946353036
val1:  -0.2857142857142857   val2:  0.7142857142857143
diff =  0.5612747431297573
val1:  -0.2857142857142857   val2:  0.14285714285714285
diff =  0.7106466932477713
val1:  -0.2857142857142857   val2:  0.5714285714285714
diff =  0.691828392793806
val1:  -0.2857142857142857   val2:  1.5714285714285714
diff =  0.6080101619776621
val1:  -0.2857142857142857   val2:  0.42857142857142855
diff =  0.6399436449104354
val1:  -0.2857142857142857   val2:  0.2857142857142857
diff =  0.5987591482221444
val1:  -0.2857142857142857   val2:  0.2857142857142857
diff =  0.5603742809552834
val1:  -0.2857142857142857   val2:  0.14285714285714285
diff =  0.43834939735683254
val1:  -0.2857142857142857   val2:  0.7142857142857143
diff =  0.695837332761798
val1:  1.2857142857142858   val2:  0.7142857142857143
diff =  0.49754814698366046
val1:  1.2857142857142858   val2:  -0.42857142857142855
diff =  0.32704778132473056
val1:  1.2857142857142858   val2:  1.1428571428571428
diff =  0.5476149521881892
val1:  1.2857142857142858   val2:  0.14285714285714285
diff =  0.4969708319166205
val1:  1.2857142857142858   val2:  0.42857142857142855
diff =  0.35447150735060073
val1:  1.2857142857142858   val2:  0.14285714285714285
diff =  0.3379376471659864
val1:  1.4285714285714286   val2:  0.7142857142857143
diff =  0.5829353938411699
val1:  1.4285714285714286   val2:  -0.42857142857142855
diff =  0.39903605836326805
val1:  1.4285714285714286   val2:  1.1428571428571428
diff =  0.6288546687861409
val1:  1.4285714285714286   val2:  0.14285714285714285
diff =  0.5822499745303944
val1:  1.4285714285714286   val2:  0.42857142857142855
diff =  0.43155858297150873
val1:  1.4285714285714286   val2:  0.14285714285714285
diff =  0.40942686092813363
val1:  0.5714285714285714   val2:  0.7142857142857143
diff =  0.7183126187140036
val1:  0.5714285714285714   val2:  -0.42857142857142855
diff =  0.5302885102962798
val1:  0.5714285714285714   val2:  1.1428571428571428
diff =  0.7741806973054193
val1:  0.5714285714285714   val2:  0.14285714285714285
diff =  0.7202125099553548
val1:  0.5714285714285714   val2:  0.42857142857142855
diff =  0.5586066012752723
val1:  0.5714285714285714   val2:  0.14285714285714285
diff =  0.5398872215385564
val1:  0.0   val2:  0.7142857142857143
diff =  0.5211009461618517
val1:  0.0   val2:  -0.42857142857142855
diff =  0.3619111709502608
val1:  0.0   val2:  1.1428571428571428
diff =  0.5436224709845612
val1:  0.0   val2:  0.14285714285714285
diff =  0.5209044012095227
val1:  0.0   val2:  0.42857142857142855
diff =  0.3882102300914786
val1:  0.0   val2:  0.14285714285714285
diff =  0.3652198131919866
val1:  0.7142857142857143   val2:  0.2857142857142857
diff =  0.43963311197962474
val1:  0.7142857142857143   val2:  0.7142857142857143
diff =  0.5950324560232729
val1:  0.7142857142857143   val2:  0.7142857142857143
diff =  0.597384217011587
val1:  0.7142857142857143   val2:  0.14285714285714285
diff =  0.7701407798485959
val1:  0.7142857142857143   val2:  0.5714285714285714
diff =  0.754702025749995
val1:  0.7142857142857143   val2:  1.5714285714285714
diff =  0.6474829402284068
val1:  0.7142857142857143   val2:  0.42857142857142855
diff =  0.6941494596702311
val1:  0.7142857142857143   val2:  0.2857142857142857
diff =  0.649286728221428
val1:  0.7142857142857143   val2:  0.2857142857142857
diff =  0.6015023549868111
val1:  0.7142857142857143   val2:  0.14285714285714285
diff =  0.45049782048780496
val1:  0.7142857142857143   val2:  0.7142857142857143
diff =  0.7491562757509513
val1:  0.2857142857142857   val2:  -0.42857142857142855
diff =  0.2661742780243952
val1:  0.2857142857142857   val2:  1.1428571428571428
diff =  0.3924800856818893
val1:  0.2857142857142857   val2:  0.14285714285714285
diff =  0.43773195430304734
val1:  0.2857142857142857   val2:  0.42857142857142855
diff =  0.34880299973802087
val1:  0.7142857142857143   val2:  -0.42857142857142855
diff =  0.4184085281507278
val1:  0.7142857142857143   val2:  1.1428571428571428
diff =  0.6218854613583944
val1:  0.7142857142857143   val2:  0.14285714285714285
diff =  0.5950122227652265
val1:  0.7142857142857143   val2:  0.42857142857142855
diff =  0.4511353226303516
val1:  0.7142857142857143   val2:  0.14285714285714285
diff =  0.42302352318254544
val1:  -0.42857142857142855   val2:  0.7142857142857143
diff =  0.4184538731297185
val1:  -0.42857142857142855   val2:  0.14285714285714285
diff =  0.5660756684526547
val1:  -0.42857142857142855   val2:  0.5714285714285714
diff =  0.5500860048294691
val1:  -0.42857142857142855   val2:  1.5714285714285714
diff =  0.4626410716316368
val1:  -0.42857142857142855   val2:  0.42857142857142855
diff =  0.4923536952892613
val1:  -0.42857142857142855   val2:  0.2857142857142857
diff =  0.45013311548905277
val1:  -0.42857142857142855   val2:  0.2857142857142857
diff =  0.42815243321927066
val1:  -0.42857142857142855   val2:  0.14285714285714285
diff =  0.29616181525898777
val1:  -0.42857142857142855   val2:  0.7142857142857143
diff =  0.5472167694324149
val1:  0.7142857142857143   val2:  1.1428571428571428
diff =  0.6520282604907928
val1:  0.7142857142857143   val2:  0.14285714285714285
diff =  0.5982961280674373
val1:  0.7142857142857143   val2:  0.42857142857142855
diff =  0.4455308769678008
val1:  0.7142857142857143   val2:  0.14285714285714285
diff =  0.4287016238917698
val1:  0.14285714285714285   val2:  -0.2857142857142857
diff =  0.26154232748325434
val1:  0.14285714285714285   val2:  1.1428571428571428
diff =  0.8067316582893829
val1:  0.14285714285714285   val2:  0.14285714285714285
diff =  0.7713573327223893
val1:  0.14285714285714285   val2:  0.42857142857142855
diff =  0.6110893120228642
val1:  0.14285714285714285   val2:  0.14285714285714285
diff =  0.5725420425398797
val1:  0.5714285714285714   val2:  1.1428571428571428
diff =  0.7654411949300596
val1:  0.5714285714285714   val2:  0.14285714285714285
diff =  0.7554161458940729
val1:  0.5714285714285714   val2:  0.42857142857142855
diff =  0.6052755042995652
val1:  0.5714285714285714   val2:  0.14285714285714285
diff =  0.5510105928386229
val1:  1.5714285714285714   val2:  1.1428571428571428
diff =  0.7097723911728756
val1:  1.5714285714285714   val2:  0.14285714285714285
diff =  0.6484405864169331
val1:  1.5714285714285714   val2:  0.42857142857142855
diff =  0.4899337229799351
val1:  1.5714285714285714   val2:  0.14285714285714285
diff =  0.4749569703387433
val1:  0.42857142857142855   val2:  1.1428571428571428
diff =  0.7241457472296494
val1:  0.42857142857142855   val2:  0.14285714285714285
diff =  0.6943892879012905
val1:  0.42857142857142855   val2:  0.42857142857142855
diff =  0.5402851743469188
val1:  0.42857142857142855   val2:  0.14285714285714285
diff =  0.49836682342450267
val1:  0.2857142857142857   val2:  1.1428571428571428
diff =  0.6733093505535704
val1:  0.2857142857142857   val2:  0.14285714285714285
diff =  0.6489406291874491
val1:  0.2857142857142857   val2:  0.42857142857142855
diff =  0.49974934286625117
val1:  0.2857142857142857   val2:  0.14285714285714285
diff =  0.45536262066347455
val1:  0.2857142857142857   val2:  1.1428571428571428
diff =  0.6486674744005705
val1:  0.2857142857142857   val2:  0.14285714285714285
diff =  0.6036190646844102
val1:  0.2857142857142857   val2:  0.42857142857142855
diff =  0.45484275226064363
val1:  0.2857142857142857   val2:  0.14285714285714285
diff =  0.43482318019227195
val1:  0.14285714285714285   val2:  1.1428571428571428
diff =  0.4749179493583302
val1:  0.14285714285714285   val2:  0.14285714285714285
diff =  0.44934103766980527
val1:  0.14285714285714285   val2:  0.42857142857142855
diff =  0.3216334025429177
val1:  0.14285714285714285   val2:  0.14285714285714285
diff =  0.30106202588501263
val1:  1.1428571428571428   val2:  0.7142857142857143
diff =  0.7676245695460209
val1:  0.14285714285714285   val2:  0.7142857142857143
diff =  0.7493955420331467
val1:  0.7142857142857143   val2:  0.42857142857142855
diff =  0.5956336635363246
val1:  0.7142857142857143   val2:  0.14285714285714285
diff =  0.5504427984813757
~~~~~~~~~~~~~~~~~~~~~~~~~~~
  accommodation_search
-------++++++++++++++---------------
0.002949897599042406
-------++++++++++++++---------------
0.0014513480055881045
0.008441587882362267
0.005208248681866201
-------++++++++++++++---------------
0.017127316566799222
0.45015192433361473
0.3771127468703953
-------++++++++++++++---------------
0.4241096361715122
0.2704976365095866
0.13699882443446865
0.23882346479635053
0.026240044394365336
0.12212716852731265
0.7227829227047917
0.03692203594116705
0.5346260803323708
0.3623607175551541
-------++++++++++++++---------------
0.22897181362944763
0.021460598364267724
0.12148832955923516
0.019153029439318292
0.027693244734597222
0.14107506522310342
0.1822457876175948
0.28708506459066696
0.3549457252608951
0.3118052122349998
0.3107937230615112
0.09179026690714354
0.10677530531777923
0.13367627341999355
0.022142127394749744
0.05524223708135767
0.17894427722162798
0.2372274456493727
0.0596462054450454
0.05272842132041
0.4234741408460171
0.49037006239771386
0.010398769522738882
0.2480297967573203
0.30561461082023555
0.2659487427082743
0.31894627638136974
0.008439415174608
-------++++++++++++++---------------
0.024096410150608705
0.21837348432811354
0.16778121572827753
0.19687492690525732
0.22284626896183668
0.23753770404816854
0.2623036573070415
0.09829468008091713
0.11181583240283888
0.079208167803835
0.29444954315908933
0.3263981464072072
0.47098703411217446
0.5094286744237543
0.014385061329306392
-------++++++++++++++---------------
0.01051357776007722
0.37175143904338104
0.031592307313930035
0.024101538693878655
0.2802724961935047
0.04675869509295727
0.003055576012307659
0.49213473456372914
0.25017520203179233
0.05589530823478295
-------++++++++++++++---------------
0.2573467474280354
0.029155286411460812
0.03105162833247166
0.2337419043844644
0.19479503084885463
0.4094715002929711
0.32225507356180705
0.017560726830346596
0.026383656470301164
0.021430824282920424
0.3968833475457426
0.34666333821470074
0.30954527478479277
0.2593511722521824
0.004465315788416135
-------++++++++++++++---------------
0.021348746143688757
0.4235202854577129
0.016380492435849048
0.018182165116331417
0.22966361281104908
0.2552320554822033
0.3780165260119719
0.31541854328486607
0.18125437216149753
0.3428298898900696
0.011942519007243968
0.05687442939488829
0.17228989849498122
0.14344174293850587
0.3086218441873173
0.24032210934158482
0.14234142413906226
0.399726119380275
0.5769060245023934
0.048888577438600866
0.2203935698220535
0.07651954599366362
0.024333641462759514
0.17770837917558968
0.034643154699229184
0.1992941269726719
0.1686656226433949
0.3528907327181332
0.29732922010233476
0.15133752186687166
0.3421901292295553
0.32394783402906624
0.4865926481305861
0.44477085127173044
0.24331805706231002
0.1197050830359575
0.05828286638360047
0.024634801066438783
0.05550122240763722
0.18772858382326751
0.15700149430772314
0.12077690996772017
0.030107680822988758
0.06242335941581989
0.0901832591585866
-------++++++++++++++---------------
0.2698346993652675
0.6054956436619041
0.04650842300215541
0.022441874676269125
0.11369247634939161
0.1684357765131861
0.2251805850522064
0.44973339960303194
0.5674845622298499
0.04279039586598887
-------++++++++++++++---------------
0.051683196660228914
0.04334511805319663
0.08513999183612997
0.06305973429272782
0.1903656037434197
0.025278986836183126
0.09087125781079075
0.028449736123478564
0.1349165169697567
0.17005841352138917
0.0090563659388595
0.2579055153522468
0.19167968403594304
0.032473511013399126
0.25901951301538495
-------++++++++++++++---------------
0.01350543909585289
-------++++++++++++++---------------
0.41644619701480545
sum_diff_situ:  0.17716688671201644
val1:  0.7142857142857143   val2:  0.14285714285714285
diff =  0.3149722499158024
val1:  0.7142857142857143   val2:  -0.7142857142857143
diff =  0.2478729703761392
val1:  0.7142857142857143   val2:  0.42857142857142855
diff =  0.4044259777594449
val1:  0.7142857142857143   val2:  -0.14285714285714285
diff =  0.2313381936897112
val1:  0.7142857142857143   val2:  -0.2857142857142857
diff =  0.3025663223533087
val1:  0.7142857142857143   val2:  0.8571428571428571
diff =  0.26903618928848905
val1:  0.7142857142857143   val2:  -0.2857142857142857
diff =  0.2584905614019347
val1:  0.7142857142857143   val2:  0.0
diff =  0.2099102494739955
val1:  0.7142857142857143   val2:  0.5714285714285714
diff =  0.29222453565498563
val1:  0.7142857142857143   val2:  1.2857142857142858
diff =  0.23273600192910593
val1:  0.7142857142857143   val2:  0.2857142857142857
diff =  0.37659644777703505
val1:  0.7142857142857143   val2:  0.5714285714285714
diff =  0.2711042829734013
val1:  0.7142857142857143   val2:  0.8571428571428571
diff =  0.41880680199484555
val1:  0.7142857142857143   val2:  0.42857142857142855
diff =  0.4111589935887767
val1:  0.7142857142857143   val2:  0.7142857142857143
diff =  0.2978211101691497
val1:  0.7142857142857143   val2:  -0.14285714285714285
diff =  0.3034105743317774
val1:  0.14285714285714285   val2:  -0.7142857142857143
diff =  0.43009367088965955
val1:  0.14285714285714285   val2:  0.42857142857142855
diff =  0.26433978297777716
val1:  0.14285714285714285   val2:  -0.14285714285714285
diff =  0.26287857241669965
val1:  0.14285714285714285   val2:  0.0
diff =  0.2941577116965569
val1:  0.14285714285714285   val2:  0.0
diff =  0.2313807063605643
val1:  0.14285714285714285   val2:  1.0
diff =  0.17849558517508735
val1:  0.14285714285714285   val2:  0.0
diff =  0.3846926723410333
val1:  0.14285714285714285   val2:  0.5714285714285714
diff =  0.4191647635654524
val1:  0.14285714285714285   val2:  0.5714285714285714
diff =  0.1920685671133877
val1:  0.14285714285714285   val2:  0.5714285714285714
diff =  0.2035661923291281
val1:  0.14285714285714285   val2:  0.7142857142857143
diff =  0.3256741233603182
val1:  0.14285714285714285   val2:  0.42857142857142855
diff =  0.308929394482246
val1:  -0.2857142857142857   val2:  -0.7142857142857143
diff =  0.31608875335782394
val1:  -0.2857142857142857   val2:  0.42857142857142855
diff =  0.25598232462313064
val1:  -0.2857142857142857   val2:  0.0
diff =  0.21620619219854187
val1:  -0.2857142857142857   val2:  0.5714285714285714
diff =  0.28275700236923407
val1:  -0.2857142857142857   val2:  0.2857142857142857
diff =  0.17871139712416573
val1:  -0.2857142857142857   val2:  0.5714285714285714
diff =  0.189872332372636
val1:  -0.2857142857142857   val2:  0.42857142857142855
diff =  0.2810944829861415
val1:  -0.7142857142857143   val2:  -0.14285714285714285
diff =  0.38371612047867587
val1:  -0.7142857142857143   val2:  -0.14285714285714285
diff =  0.31995278768091684
val1:  -0.7142857142857143   val2:  -0.2857142857142857
diff =  0.417548021272225
val1:  -0.7142857142857143   val2:  0.0
diff =  0.34737841603474673
val1:  -0.7142857142857143   val2:  -0.5714285714285714
diff =  0.3199045704599456
val1:  -0.7142857142857143   val2:  0.2857142857142857
diff =  0.27498379530697437
val1:  -0.7142857142857143   val2:  -0.2857142857142857
diff =  0.2912016429114769
val1:  -0.7142857142857143   val2:  1.0
diff =  0.322125632328639
val1:  -0.7142857142857143   val2:  0.0
diff =  0.40993903148776034
val1:  -0.7142857142857143   val2:  0.5714285714285714
diff =  0.2644174085244455
val1:  -0.7142857142857143   val2:  0.5714285714285714
diff =  0.29688885543375465
val1:  -0.7142857142857143   val2:  0.2857142857142857
diff =  0.19277503535557372
val1:  -0.7142857142857143   val2:  0.8571428571428571
diff =  0.23196339373182417
val1:  -0.7142857142857143   val2:  0.7142857142857143
diff =  0.38479474651302226
val1:  -0.7142857142857143   val2:  1.0
diff =  0.2914363409596762
val1:  -0.7142857142857143   val2:  0.7142857142857143
diff =  0.213634442087818
val1:  0.8571428571428571   val2:  -0.14285714285714285
diff =  0.1972668844397677
val1:  0.8571428571428571   val2:  0.0
diff =  0.24021522012296848
val1:  0.8571428571428571   val2:  0.0
diff =  0.3218170688063203
val1:  0.8571428571428571   val2:  0.5714285714285714
diff =  0.2551206913658629
val1:  0.8571428571428571   val2:  0.7142857142857143
diff =  0.27881683176894634
val1:  0.42857142857142855   val2:  -0.14285714285714285
diff =  0.2715277366861142
val1:  0.42857142857142855   val2:  -0.14285714285714285
diff =  0.44909185111194183
val1:  0.42857142857142855   val2:  -0.2857142857142857
diff =  0.25624832210574444
val1:  0.42857142857142855   val2:  0.0
diff =  0.524468143006743
val1:  0.42857142857142855   val2:  -0.5714285714285714
diff =  0.30035360950408874
val1:  0.42857142857142855   val2:  0.2857142857142857
diff =  0.29398272654715873
val1:  0.42857142857142855   val2:  -0.2857142857142857
diff =  0.2063754764553961
val1:  0.42857142857142855   val2:  1.0
diff =  0.4279797639114915
val1:  0.42857142857142855   val2:  0.0
diff =  0.6226740690416644
val1:  0.42857142857142855   val2:  0.5714285714285714
diff =  0.5352807440076977
val1:  0.42857142857142855   val2:  0.5714285714285714
diff =  0.3752971364709794
val1:  0.42857142857142855   val2:  0.7142857142857143
diff =  0.5685206947559196
val1:  0.42857142857142855   val2:  1.0
diff =  0.2443658623707714
val1:  0.42857142857142855   val2:  0.7142857142857143
diff =  0.23071505204381137
val1:  -0.14285714285714285   val2:  -0.14285714285714285
diff =  0.18541294690738352
val1:  -0.14285714285714285   val2:  0.0
diff =  0.2111156631581298
val1:  -0.14285714285714285   val2:  0.0
diff =  0.20565540505681268
val1:  -0.14285714285714285   val2:  0.0
diff =  0.2916585350957035
val1:  -0.14285714285714285   val2:  0.5714285714285714
diff =  0.3249000537110629
val1:  -0.14285714285714285   val2:  0.2857142857142857
diff =  0.17988465410173549
val1:  -0.14285714285714285   val2:  0.5714285714285714
diff =  0.18951928012136499
val1:  -0.14285714285714285   val2:  0.7142857142857143
diff =  0.23972209284966106
val1:  -0.14285714285714285   val2:  0.42857142857142855
diff =  0.31231373226565884
val1:  -0.14285714285714285   val2:  -0.2857142857142857
diff =  0.2531655954930887
val1:  -0.14285714285714285   val2:  0.8571428571428571
diff =  0.2938204613065041
val1:  -0.14285714285714285   val2:  -0.2857142857142857
diff =  0.28498957502651523
val1:  -0.14285714285714285   val2:  0.0
diff =  0.2533130838148122
val1:  -0.14285714285714285   val2:  0.5714285714285714
diff =  0.3182927065484705
val1:  -0.14285714285714285   val2:  1.2857142857142858
diff =  0.26214652673254746
val1:  -0.14285714285714285   val2:  0.2857142857142857
diff =  0.3983230808546808
val1:  -0.14285714285714285   val2:  0.5714285714285714
diff =  0.3120198422217695
val1:  -0.14285714285714285   val2:  0.8571428571428571
diff =  0.4152867082915941
val1:  -0.14285714285714285   val2:  0.42857142857142855
diff =  0.4635039437005456
val1:  -0.14285714285714285   val2:  0.7142857142857143
diff =  0.28037617628955014
val1:  -0.14285714285714285   val2:  -0.14285714285714285
diff =  0.33154973815501
val1:  -0.2857142857142857   val2:  0.0
diff =  0.28465557244753614
val1:  -0.2857142857142857   val2:  0.0
diff =  0.2206036977774768
val1:  -0.2857142857142857   val2:  0.0
diff =  0.37454049215109886
val1:  -0.2857142857142857   val2:  0.5714285714285714
diff =  0.40508142773668976
val1:  -0.2857142857142857   val2:  0.5714285714285714
diff =  0.18369950234200216
val1:  -0.2857142857142857   val2:  0.5714285714285714
diff =  0.192812923849364
val1:  -0.2857142857142857   val2:  0.7142857142857143
diff =  0.3165953754664188
val1:  -0.2857142857142857   val2:  0.42857142857142855
diff =  0.30092263695669097
val1:  0.0   val2:  0.8571428571428571
diff =  0.3463846244622849
val1:  0.0   val2:  -0.2857142857142857
diff =  0.34273356987132164
val1:  0.0   val2:  0.0
diff =  0.31021512398996376
val1:  0.0   val2:  0.5714285714285714
diff =  0.37845139848516474
val1:  0.0   val2:  1.2857142857142858
diff =  0.31172964959778915
val1:  0.0   val2:  0.2857142857142857
diff =  0.4719398688498909
val1:  0.0   val2:  0.5714285714285714
diff =  0.36370169702316224
val1:  0.0   val2:  0.8571428571428571
diff =  0.4785785859470316
val1:  0.0   val2:  0.42857142857142855
diff =  0.5353189910963974
val1:  0.0   val2:  0.7142857142857143
diff =  0.30399977073947715
val1:  0.0   val2:  -0.14285714285714285
diff =  0.39420549599373345
val1:  -0.5714285714285714   val2:  0.0
diff =  0.18162197439307393
val1:  -0.5714285714285714   val2:  0.5714285714285714
diff =  0.1784760884452835
val1:  -0.5714285714285714   val2:  0.5714285714285714
diff =  0.21893616216456568
val1:  -0.5714285714285714   val2:  0.2857142857142857
diff =  0.22275486567656388
val1:  -0.5714285714285714   val2:  0.5714285714285714
diff =  0.2093593865959158
val1:  -0.5714285714285714   val2:  0.8571428571428571
diff =  0.19926621768059982
val1:  -0.5714285714285714   val2:  0.42857142857142855
diff =  0.32612339381392497
val1:  -0.5714285714285714   val2:  -0.14285714285714285
diff =  0.19065390512090474
val1:  0.8571428571428571   val2:  1.0
diff =  0.2525785289996324
val1:  0.8571428571428571   val2:  0.0
diff =  0.44147324754828887
val1:  0.8571428571428571   val2:  0.5714285714285714
diff =  0.3628065016568319
val1:  0.8571428571428571   val2:  0.5714285714285714
diff =  0.22939851766550157
val1:  0.8571428571428571   val2:  0.7142857142857143
diff =  0.3903614891539181
val1:  -0.2857142857142857   val2:  1.0
diff =  0.2526237264610408
val1:  -0.2857142857142857   val2:  0.0
diff =  0.43467828175603507
val1:  -0.2857142857142857   val2:  0.5714285714285714
diff =  0.3660897563619048
val1:  -0.2857142857142857   val2:  0.5714285714285714
diff =  0.221740039365381
val1:  -0.2857142857142857   val2:  0.7142857142857143
diff =  0.38455021296989067
val1:  0.2857142857142857   val2:  0.5714285714285714
diff =  0.18242558954017318
val1:  0.2857142857142857   val2:  0.2857142857142857
diff =  0.2335899819704066
val1:  0.2857142857142857   val2:  0.5714285714285714
diff =  0.2016574889555275
val1:  0.2857142857142857   val2:  0.8571428571428571
diff =  0.2323487553689334
val1:  0.2857142857142857   val2:  0.42857142857142855
diff =  0.3139908007638619
val1:  0.2857142857142857   val2:  -0.14285714285714285
diff =  0.19314527052813957
val1:  -0.2857142857142857   val2:  0.0
diff =  0.23213014352437622
val1:  -0.2857142857142857   val2:  0.5714285714285714
diff =  0.27924528281505556
val1:  -0.2857142857142857   val2:  0.7142857142857143
diff =  0.18398324573689973
val1:  -0.2857142857142857   val2:  0.42857142857142855
diff =  0.23772755081679486
val1:  0.0   val2:  1.0
diff =  0.2470199407582424
val1:  0.0   val2:  0.0
diff =  0.388719503154217
val1:  0.0   val2:  0.5714285714285714
diff =  0.31441998165142326
val1:  0.0   val2:  0.5714285714285714
diff =  0.20430834546308663
val1:  0.0   val2:  0.7142857142857143
diff =  0.3469966509465806
val1:  1.0   val2:  0.5714285714285714
diff =  0.2820838635397589
val1:  1.0   val2:  1.2857142857142858
diff =  0.2279814765364041
val1:  1.0   val2:  0.2857142857142857
diff =  0.3627321619302445
val1:  1.0   val2:  0.5714285714285714
diff =  0.2794493951658764
val1:  1.0   val2:  0.8571428571428571
diff =  0.36680032502083515
val1:  1.0   val2:  0.42857142857142855
diff =  0.4476227477611583
val1:  1.0   val2:  0.7142857142857143
diff =  0.22813788509090038
val1:  1.0   val2:  -0.14285714285714285
diff =  0.29751228088407633
val1:  0.5714285714285714   val2:  0.0
diff =  0.474586632301633
val1:  0.5714285714285714   val2:  0.5714285714285714
diff =  0.40339236155160063
val1:  0.5714285714285714   val2:  0.5714285714285714
diff =  0.2502108532763505
val1:  0.5714285714285714   val2:  0.7142857142857143
diff =  0.4216272677015507
val1:  1.2857142857142858   val2:  0.0
diff =  0.4009492337830438
val1:  1.2857142857142858   val2:  0.5714285714285714
diff =  0.3188890502811855
val1:  1.2857142857142858   val2:  0.5714285714285714
diff =  0.2049001606286126
val1:  1.2857142857142858   val2:  0.7142857142857143
diff =  0.35438538484005144
val1:  0.0   val2:  0.2857142857142857
diff =  0.5740345644708342
val1:  0.0   val2:  0.5714285714285714
diff =  0.4539294009013294
val1:  0.0   val2:  0.8571428571428571
diff =  0.5838301165546427
val1:  0.0   val2:  1.0
diff =  0.178772348482246
val1:  0.0   val2:  0.42857142857142855
diff =  0.6313045602849003
val1:  0.0   val2:  0.7142857142857143
diff =  0.38812749674170044
val1:  0.0   val2:  -0.14285714285714285
diff =  0.49058103404703446
val1:  0.5714285714285714   val2:  0.2857142857142857
diff =  0.5209514143501123
val1:  0.5714285714285714   val2:  0.5714285714285714
diff =  0.3471840988694873
val1:  0.5714285714285714   val2:  0.8571428571428571
diff =  0.5711333747915381
val1:  0.5714285714285714   val2:  1.0
diff =  0.2318599997724009
val1:  0.5714285714285714   val2:  0.42857142857142855
diff =  0.5315714142065917
val1:  0.5714285714285714   val2:  0.7142857142857143
diff =  0.3841253046521669
val1:  0.5714285714285714   val2:  -0.14285714285714285
diff =  0.41857973332282894
val1:  0.5714285714285714   val2:  0.2857142857142857
diff =  0.31828421946023844
val1:  0.5714285714285714   val2:  0.5714285714285714
diff =  0.25518983883657775
val1:  0.5714285714285714   val2:  0.8571428571428571
diff =  0.32834262664808667
val1:  0.5714285714285714   val2:  0.42857142857142855
diff =  0.3934573668843413
val1:  0.5714285714285714   val2:  0.7142857142857143
diff =  0.22130044658060577
val1:  0.5714285714285714   val2:  -0.14285714285714285
diff =  0.2626203735152458
val1:  0.2857142857142857   val2:  0.7142857142857143
diff =  0.5142653356529843
val1:  0.2857142857142857   val2:  0.7142857142857143
diff =  0.19072916372440352
val1:  0.5714285714285714   val2:  0.7142857142857143
diff =  0.4098599292422368
val1:  0.5714285714285714   val2:  0.7142857142857143
diff =  0.20537913823005605
val1:  0.8571428571428571   val2:  0.7142857142857143
diff =  0.5137741312395454
val1:  0.7142857142857143   val2:  0.42857142857142855
diff =  0.578753176441845
val1:  0.7142857142857143   val2:  0.7142857142857143
diff =  0.33037311140108316
val1:  0.7142857142857143   val2:  -0.14285714285714285
diff =  0.4374478864786173
val1:  1.0   val2:  0.42857142857142855
diff =  0.2733624464716652
val1:  0.42857142857142855   val2:  0.7142857142857143
diff =  0.2144500594800377
