[1,    20] loss: 0.203
[1,    40] loss: 0.162
[1,    60] loss: 0.155
[1,    80] loss: 0.167
[1,   100] loss: 0.157
[2,    20] loss: 0.158
[2,    40] loss: 0.172
[2,    60] loss: 0.174
[2,    80] loss: 0.167
[2,   100] loss: 0.163
[3,    20] loss: 0.171
[3,    40] loss: 0.154
[3,    60] loss: 0.156
[3,    80] loss: 0.169
[3,   100] loss: 0.174
[4,    20] loss: 0.169
[4,    40] loss: 0.171
[4,    60] loss: 0.149
[4,    80] loss: 0.159
[4,   100] loss: 0.166
[5,    20] loss: 0.199
[5,    40] loss: 0.161
[5,    60] loss: 0.154
[5,    80] loss: 0.147
[5,   100] loss: 0.147
[6,    20] loss: 0.202
[6,    40] loss: 0.143
[6,    60] loss: 0.149
[6,    80] loss: 0.155
[6,   100] loss: 0.154
[7,    20] loss: 0.169
[7,    40] loss: 0.170
[7,    60] loss: 0.175
[7,    80] loss: 0.130
[7,   100] loss: 0.151
[8,    20] loss: 0.148
[8,    40] loss: 0.180
[8,    60] loss: 0.133
[8,    80] loss: 0.176
[8,   100] loss: 0.157
[9,    20] loss: 0.163
[9,    40] loss: 0.154
[9,    60] loss: 0.179
[9,    80] loss: 0.162
[9,   100] loss: 0.133
[10,    20] loss: 0.162
[10,    40] loss: 0.176
[10,    60] loss: 0.153
[10,    80] loss: 0.147
[10,   100] loss: 0.146
[11,    20] loss: 0.152
[11,    40] loss: 0.196
[11,    60] loss: 0.146
[11,    80] loss: 0.156
[11,   100] loss: 0.134
[12,    20] loss: 0.159
[12,    40] loss: 0.149
[12,    60] loss: 0.158
[12,    80] loss: 0.159
[12,   100] loss: 0.159
[13,    20] loss: 0.138
[13,    40] loss: 0.150
[13,    60] loss: 0.180
[13,    80] loss: 0.156
[13,   100] loss: 0.154
[14,    20] loss: 0.182
[14,    40] loss: 0.138
[14,    60] loss: 0.171
[14,    80] loss: 0.134
[14,   100] loss: 0.153
[15,    20] loss: 0.149
[15,    40] loss: 0.137
[15,    60] loss: 0.140
[15,    80] loss: 0.184
[15,   100] loss: 0.166
[16,    20] loss: 0.175
[16,    40] loss: 0.159
[16,    60] loss: 0.146
[16,    80] loss: 0.160
[16,   100] loss: 0.134
[17,    20] loss: 0.150
[17,    40] loss: 0.142
[17,    60] loss: 0.158
[17,    80] loss: 0.165
[17,   100] loss: 0.152
[18,    20] loss: 0.137
[18,    40] loss: 0.153
[18,    60] loss: 0.174
[18,    80] loss: 0.160
[18,   100] loss: 0.143
[19,    20] loss: 0.163
[19,    40] loss: 0.151
[19,    60] loss: 0.124
[19,    80] loss: 0.175
[19,   100] loss: 0.159
[20,    20] loss: 0.192
[20,    40] loss: 0.147
[20,    60] loss: 0.140
[20,    80] loss: 0.144
[20,   100] loss: 0.148
[21,    20] loss: 0.166
[21,    40] loss: 0.124
[21,    60] loss: 0.143
[21,    80] loss: 0.164
[21,   100] loss: 0.166
[22,    20] loss: 0.119
[22,    40] loss: 0.156
[22,    60] loss: 0.170
[22,    80] loss: 0.176
[22,   100] loss: 0.141
[23,    20] loss: 0.152
[23,    40] loss: 0.155
[23,    60] loss: 0.140
[23,    80] loss: 0.165
[23,   100] loss: 0.148
[24,    20] loss: 0.156
[24,    40] loss: 0.152
[24,    60] loss: 0.150
[24,    80] loss: 0.152
[24,   100] loss: 0.146
[25,    20] loss: 0.187
[25,    40] loss: 0.131
[25,    60] loss: 0.157
[25,    80] loss: 0.147
[25,   100] loss: 0.133
[26,    20] loss: 0.144
[26,    40] loss: 0.149
[26,    60] loss: 0.157
[26,    80] loss: 0.162
[26,   100] loss: 0.142
[27,    20] loss: 0.149
[27,    40] loss: 0.146
[27,    60] loss: 0.182
[27,    80] loss: 0.156
[27,   100] loss: 0.126
[28,    20] loss: 0.112
[28,    40] loss: 0.169
[28,    60] loss: 0.160
[28,    80] loss: 0.143
[28,   100] loss: 0.167
[29,    20] loss: 0.124
[29,    40] loss: 0.157
[29,    60] loss: 0.151
[29,    80] loss: 0.150
[29,   100] loss: 0.172
[30,    20] loss: 0.154
[30,    40] loss: 0.141
[30,    60] loss: 0.150
[30,    80] loss: 0.155
[30,   100] loss: 0.149
[31,    20] loss: 0.173
[31,    40] loss: 0.162
[31,    60] loss: 0.156
[31,    80] loss: 0.135
[31,   100] loss: 0.124
[32,    20] loss: 0.145
[32,    40] loss: 0.182
[32,    60] loss: 0.135
[32,    80] loss: 0.129
[32,   100] loss: 0.158
[33,    20] loss: 0.144
[33,    40] loss: 0.133
[33,    60] loss: 0.145
[33,    80] loss: 0.150
[33,   100] loss: 0.172
[34,    20] loss: 0.150
[34,    40] loss: 0.153
[34,    60] loss: 0.152
[34,    80] loss: 0.152
[34,   100] loss: 0.145
[35,    20] loss: 0.131
[35,    40] loss: 0.149
[35,    60] loss: 0.162
[35,    80] loss: 0.124
[35,   100] loss: 0.174
[36,    20] loss: 0.161
[36,    40] loss: 0.146
[36,    60] loss: 0.164
[36,    80] loss: 0.133
[36,   100] loss: 0.137
[37,    20] loss: 0.162
[37,    40] loss: 0.141
[37,    60] loss: 0.180
[37,    80] loss: 0.138
[37,   100] loss: 0.129
[38,    20] loss: 0.154
[38,    40] loss: 0.152
[38,    60] loss: 0.132
[38,    80] loss: 0.145
[38,   100] loss: 0.157
[39,    20] loss: 0.165
[39,    40] loss: 0.155
[39,    60] loss: 0.133
[39,    80] loss: 0.147
[39,   100] loss: 0.145
[40,    20] loss: 0.113
[40,    40] loss: 0.164
[40,    60] loss: 0.147
[40,    80] loss: 0.167
[40,   100] loss: 0.142
[41,    20] loss: 0.150
[41,    40] loss: 0.157
[41,    60] loss: 0.148
[41,    80] loss: 0.127
[41,   100] loss: 0.154
[42,    20] loss: 0.139
[42,    40] loss: 0.176
[42,    60] loss: 0.156
[42,    80] loss: 0.127
[42,   100] loss: 0.142
[43,    20] loss: 0.156
[43,    40] loss: 0.143
[43,    60] loss: 0.147
[43,    80] loss: 0.139
[43,   100] loss: 0.151
[44,    20] loss: 0.152
[44,    40] loss: 0.153
[44,    60] loss: 0.146
[44,    80] loss: 0.145
[44,   100] loss: 0.140
[45,    20] loss: 0.113
[45,    40] loss: 0.192
[45,    60] loss: 0.150
[45,    80] loss: 0.138
[45,   100] loss: 0.136
[46,    20] loss: 0.170
[46,    40] loss: 0.159
[46,    60] loss: 0.129
[46,    80] loss: 0.135
[46,   100] loss: 0.137
[47,    20] loss: 0.144
[47,    40] loss: 0.155
[47,    60] loss: 0.132
[47,    80] loss: 0.152
[47,   100] loss: 0.159
[48,    20] loss: 0.161
[48,    40] loss: 0.134
[48,    60] loss: 0.141
[48,    80] loss: 0.135
[48,   100] loss: 0.157
[49,    20] loss: 0.148
[49,    40] loss: 0.118
[49,    60] loss: 0.181
[49,    80] loss: 0.145
[49,   100] loss: 0.138
[50,    20] loss: 0.116
[50,    40] loss: 0.181
[50,    60] loss: 0.134
[50,    80] loss: 0.139
[50,   100] loss: 0.151
[51,    20] loss: 0.142
[51,    40] loss: 0.139
[51,    60] loss: 0.148
[51,    80] loss: 0.128
[51,   100] loss: 0.171
[52,    20] loss: 0.176
[52,    40] loss: 0.156
[52,    60] loss: 0.146
[52,    80] loss: 0.127
[52,   100] loss: 0.114
[53,    20] loss: 0.144
[53,    40] loss: 0.151
[53,    60] loss: 0.141
[53,    80] loss: 0.146
[53,   100] loss: 0.140
[54,    20] loss: 0.137
[54,    40] loss: 0.134
[54,    60] loss: 0.129
[54,    80] loss: 0.157
[54,   100] loss: 0.163
[55,    20] loss: 0.158
[55,    40] loss: 0.154
[55,    60] loss: 0.128
[55,    80] loss: 0.128
[55,   100] loss: 0.151
[56,    20] loss: 0.131
[56,    40] loss: 0.150
[56,    60] loss: 0.182
[56,    80] loss: 0.128
[56,   100] loss: 0.124
[57,    20] loss: 0.124
[57,    40] loss: 0.152
[57,    60] loss: 0.151
[57,    80] loss: 0.131
[57,   100] loss: 0.159
[58,    20] loss: 0.139
[58,    40] loss: 0.160
[58,    60] loss: 0.129
[58,    80] loss: 0.140
[58,   100] loss: 0.147
[59,    20] loss: 0.109
[59,    40] loss: 0.162
[59,    60] loss: 0.157
[59,    80] loss: 0.127
[59,   100] loss: 0.159
[60,    20] loss: 0.133
[60,    40] loss: 0.160
[60,    60] loss: 0.128
[60,    80] loss: 0.139
[60,   100] loss: 0.165
[61,    20] loss: 0.142
[61,    40] loss: 0.144
[61,    60] loss: 0.133
[61,    80] loss: 0.128
[61,   100] loss: 0.163
[62,    20] loss: 0.144
[62,    40] loss: 0.151
[62,    60] loss: 0.152
[62,    80] loss: 0.150
[62,   100] loss: 0.129
[63,    20] loss: 0.132
[63,    40] loss: 0.144
[63,    60] loss: 0.152
[63,    80] loss: 0.143
[63,   100] loss: 0.146
[64,    20] loss: 0.167
[64,    40] loss: 0.137
[64,    60] loss: 0.141
[64,    80] loss: 0.132
[64,   100] loss: 0.134
[65,    20] loss: 0.136
[65,    40] loss: 0.167
[65,    60] loss: 0.123
[65,    80] loss: 0.131
[65,   100] loss: 0.153
[66,    20] loss: 0.136
[66,    40] loss: 0.150
[66,    60] loss: 0.142
[66,    80] loss: 0.130
[66,   100] loss: 0.151
[67,    20] loss: 0.127
[67,    40] loss: 0.156
[67,    60] loss: 0.148
[67,    80] loss: 0.131
[67,   100] loss: 0.148
[68,    20] loss: 0.140
[68,    40] loss: 0.125
[68,    60] loss: 0.134
[68,    80] loss: 0.167
[68,   100] loss: 0.139
[69,    20] loss: 0.147
[69,    40] loss: 0.156
[69,    60] loss: 0.122
[69,    80] loss: 0.131
[69,   100] loss: 0.146
[70,    20] loss: 0.159
[70,    40] loss: 0.167
[70,    60] loss: 0.121
[70,    80] loss: 0.128
[70,   100] loss: 0.134
[71,    20] loss: 0.123
[71,    40] loss: 0.146
[71,    60] loss: 0.153
[71,    80] loss: 0.126
[71,   100] loss: 0.161
[72,    20] loss: 0.177
[72,    40] loss: 0.125
[72,    60] loss: 0.132
[72,    80] loss: 0.124
[72,   100] loss: 0.142
[73,    20] loss: 0.154
[73,    40] loss: 0.135
[73,    60] loss: 0.117
[73,    80] loss: 0.139
[73,   100] loss: 0.159
[74,    20] loss: 0.146
[74,    40] loss: 0.140
[74,    60] loss: 0.123
[74,    80] loss: 0.147
[74,   100] loss: 0.146
[75,    20] loss: 0.117
[75,    40] loss: 0.115
[75,    60] loss: 0.144
[75,    80] loss: 0.157
[75,   100] loss: 0.167
[76,    20] loss: 0.145
[76,    40] loss: 0.140
[76,    60] loss: 0.144
[76,    80] loss: 0.154
[76,   100] loss: 0.111
[77,    20] loss: 0.140
[77,    40] loss: 0.130
[77,    60] loss: 0.149
[77,    80] loss: 0.138
[77,   100] loss: 0.143
[78,    20] loss: 0.127
[78,    40] loss: 0.158
[78,    60] loss: 0.122
[78,    80] loss: 0.133
[78,   100] loss: 0.159
[79,    20] loss: 0.151
[79,    40] loss: 0.148
[79,    60] loss: 0.135
[79,    80] loss: 0.129
[79,   100] loss: 0.137
[80,    20] loss: 0.135
[80,    40] loss: 0.142
[80,    60] loss: 0.140
[80,    80] loss: 0.144
[80,   100] loss: 0.131
[81,    20] loss: 0.128
[81,    40] loss: 0.146
[81,    60] loss: 0.133
[81,    80] loss: 0.152
[81,   100] loss: 0.135
[82,    20] loss: 0.135
[82,    40] loss: 0.132
[82,    60] loss: 0.143
[82,    80] loss: 0.130
[82,   100] loss: 0.145
[83,    20] loss: 0.135
[83,    40] loss: 0.155
[83,    60] loss: 0.134
[83,    80] loss: 0.139
[83,   100] loss: 0.125
[84,    20] loss: 0.134
[84,    40] loss: 0.127
[84,    60] loss: 0.147
[84,    80] loss: 0.124
[84,   100] loss: 0.151
[85,    20] loss: 0.160
[85,    40] loss: 0.137
[85,    60] loss: 0.124
[85,    80] loss: 0.133
[85,   100] loss: 0.143
[86,    20] loss: 0.153
[86,    40] loss: 0.130
[86,    60] loss: 0.148
[86,    80] loss: 0.133
[86,   100] loss: 0.124
[87,    20] loss: 0.125
[87,    40] loss: 0.132
[87,    60] loss: 0.123
[87,    80] loss: 0.150
[87,   100] loss: 0.151
[88,    20] loss: 0.150
[88,    40] loss: 0.126
[88,    60] loss: 0.138
[88,    80] loss: 0.149
[88,   100] loss: 0.127
[89,    20] loss: 0.138
[89,    40] loss: 0.140
[89,    60] loss: 0.137
[89,    80] loss: 0.129
[89,   100] loss: 0.137
[90,    20] loss: 0.119
[90,    40] loss: 0.132
[90,    60] loss: 0.140
[90,    80] loss: 0.152
[90,   100] loss: 0.143
[91,    20] loss: 0.133
[91,    40] loss: 0.106
[91,    60] loss: 0.149
[91,    80] loss: 0.136
[91,   100] loss: 0.159
[92,    20] loss: 0.139
[92,    40] loss: 0.123
[92,    60] loss: 0.130
[92,    80] loss: 0.135
[92,   100] loss: 0.149
[93,    20] loss: 0.147
[93,    40] loss: 0.115
[93,    60] loss: 0.142
[93,    80] loss: 0.142
[93,   100] loss: 0.130
[94,    20] loss: 0.118
[94,    40] loss: 0.131
[94,    60] loss: 0.133
[94,    80] loss: 0.150
[94,   100] loss: 0.148
[95,    20] loss: 0.118
[95,    40] loss: 0.149
[95,    60] loss: 0.125
[95,    80] loss: 0.146
[95,   100] loss: 0.143
[96,    20] loss: 0.144
[96,    40] loss: 0.139
[96,    60] loss: 0.128
[96,    80] loss: 0.107
[96,   100] loss: 0.159
[97,    20] loss: 0.153
[97,    40] loss: 0.136
[97,    60] loss: 0.121
[97,    80] loss: 0.124
[97,   100] loss: 0.147
[98,    20] loss: 0.145
[98,    40] loss: 0.124
[98,    60] loss: 0.129
[98,    80] loss: 0.149
[98,   100] loss: 0.132
[99,    20] loss: 0.141
[99,    40] loss: 0.121
[99,    60] loss: 0.135
[99,    80] loss: 0.164
[99,   100] loss: 0.121
[100,    20] loss: 0.147
[100,    40] loss: 0.135
[100,    60] loss: 0.127
[100,    80] loss: 0.154
[100,   100] loss: 0.107
[101,    20] loss: 0.126
[101,    40] loss: 0.162
[101,    60] loss: 0.149
[101,    80] loss: 0.110
[101,   100] loss: 0.131
[102,    20] loss: 0.165
[102,    40] loss: 0.120
[102,    60] loss: 0.136
[102,    80] loss: 0.124
[102,   100] loss: 0.129
[103,    20] loss: 0.146
[103,    40] loss: 0.116
[103,    60] loss: 0.134
[103,    80] loss: 0.130
[103,   100] loss: 0.150
[104,    20] loss: 0.132
[104,    40] loss: 0.104
[104,    60] loss: 0.145
[104,    80] loss: 0.127
[104,   100] loss: 0.156
[105,    20] loss: 0.119
[105,    40] loss: 0.148
[105,    60] loss: 0.136
[105,    80] loss: 0.139
[105,   100] loss: 0.129
[106,    20] loss: 0.162
[106,    40] loss: 0.122
[106,    60] loss: 0.114
[106,    80] loss: 0.139
[106,   100] loss: 0.128
[107,    20] loss: 0.143
[107,    40] loss: 0.125
[107,    60] loss: 0.109
[107,    80] loss: 0.143
[107,   100] loss: 0.142
[108,    20] loss: 0.137
[108,    40] loss: 0.132
[108,    60] loss: 0.152
[108,    80] loss: 0.132
[108,   100] loss: 0.127
[109,    20] loss: 0.110
[109,    40] loss: 0.136
[109,    60] loss: 0.152
[109,    80] loss: 0.122
[109,   100] loss: 0.139
[110,    20] loss: 0.104
[110,    40] loss: 0.152
[110,    60] loss: 0.135
[110,    80] loss: 0.152
[110,   100] loss: 0.121
[111,    20] loss: 0.140
[111,    40] loss: 0.132
[111,    60] loss: 0.125
[111,    80] loss: 0.141
[111,   100] loss: 0.122
[112,    20] loss: 0.122
[112,    40] loss: 0.133
[112,    60] loss: 0.137
[112,    80] loss: 0.121
[112,   100] loss: 0.140
[113,    20] loss: 0.163
[113,    40] loss: 0.119
[113,    60] loss: 0.130
[113,    80] loss: 0.108
[113,   100] loss: 0.137
[114,    20] loss: 0.152
[114,    40] loss: 0.099
[114,    60] loss: 0.129
[114,    80] loss: 0.142
[114,   100] loss: 0.144
[115,    20] loss: 0.145
[115,    40] loss: 0.135
[115,    60] loss: 0.145
[115,    80] loss: 0.104
[115,   100] loss: 0.123
[116,    20] loss: 0.157
[116,    40] loss: 0.115
[116,    60] loss: 0.112
[116,    80] loss: 0.132
[116,   100] loss: 0.141
[117,    20] loss: 0.122
[117,    40] loss: 0.124
[117,    60] loss: 0.129
[117,    80] loss: 0.144
[117,   100] loss: 0.134
[118,    20] loss: 0.091
[118,    40] loss: 0.146
[118,    60] loss: 0.124
[118,    80] loss: 0.139
[118,   100] loss: 0.150
[119,    20] loss: 0.125
[119,    40] loss: 0.126
[119,    60] loss: 0.119
[119,    80] loss: 0.124
[119,   100] loss: 0.164
[120,    20] loss: 0.122
[120,    40] loss: 0.099
[120,    60] loss: 0.134
[120,    80] loss: 0.143
[120,   100] loss: 0.154
[121,    20] loss: 0.100
[121,    40] loss: 0.150
[121,    60] loss: 0.149
[121,    80] loss: 0.136
[121,   100] loss: 0.110
[122,    20] loss: 0.118
[122,    40] loss: 0.141
[122,    60] loss: 0.130
[122,    80] loss: 0.123
[122,   100] loss: 0.131
[123,    20] loss: 0.118
[123,    40] loss: 0.115
[123,    60] loss: 0.125
[123,    80] loss: 0.123
[123,   100] loss: 0.163
[124,    20] loss: 0.114
[124,    40] loss: 0.160
[124,    60] loss: 0.110
[124,    80] loss: 0.125
[124,   100] loss: 0.141
[125,    20] loss: 0.154
[125,    40] loss: 0.139
[125,    60] loss: 0.123
[125,    80] loss: 0.108
[125,   100] loss: 0.120
[126,    20] loss: 0.106
[126,    40] loss: 0.139
[126,    60] loss: 0.135
[126,    80] loss: 0.153
[126,   100] loss: 0.123
[127,    20] loss: 0.139
[127,    40] loss: 0.116
[127,    60] loss: 0.124
[127,    80] loss: 0.131
[127,   100] loss: 0.144
[128,    20] loss: 0.133
[128,    40] loss: 0.118
[128,    60] loss: 0.136
[128,    80] loss: 0.124
[128,   100] loss: 0.141
[129,    20] loss: 0.139
[129,    40] loss: 0.110
[129,    60] loss: 0.140
[129,    80] loss: 0.126
[129,   100] loss: 0.133
[130,    20] loss: 0.128
[130,    40] loss: 0.158
[130,    60] loss: 0.115
[130,    80] loss: 0.125
[130,   100] loss: 0.120
[131,    20] loss: 0.118
[131,    40] loss: 0.121
[131,    60] loss: 0.137
[131,    80] loss: 0.147
[131,   100] loss: 0.114
[132,    20] loss: 0.137
[132,    40] loss: 0.132
[132,    60] loss: 0.108
[132,    80] loss: 0.140
[132,   100] loss: 0.133
[133,    20] loss: 0.109
[133,    40] loss: 0.150
[133,    60] loss: 0.127
[133,    80] loss: 0.129
[133,   100] loss: 0.130
[134,    20] loss: 0.133
[134,    40] loss: 0.113
[134,    60] loss: 0.128
[134,    80] loss: 0.140
[134,   100] loss: 0.131
[135,    20] loss: 0.127
[135,    40] loss: 0.112
[135,    60] loss: 0.170
[135,    80] loss: 0.093
[135,   100] loss: 0.141
[136,    20] loss: 0.128
[136,    40] loss: 0.132
[136,    60] loss: 0.111
[136,    80] loss: 0.130
[136,   100] loss: 0.136
[137,    20] loss: 0.132
[137,    40] loss: 0.120
[137,    60] loss: 0.110
[137,    80] loss: 0.134
[137,   100] loss: 0.133
[138,    20] loss: 0.119
[138,    40] loss: 0.114
[138,    60] loss: 0.133
[138,    80] loss: 0.144
[138,   100] loss: 0.122
[139,    20] loss: 0.132
[139,    40] loss: 0.124
[139,    60] loss: 0.126
[139,    80] loss: 0.114
[139,   100] loss: 0.136
[140,    20] loss: 0.126
[140,    40] loss: 0.150
[140,    60] loss: 0.112
[140,    80] loss: 0.126
[140,   100] loss: 0.119
[141,    20] loss: 0.139
[141,    40] loss: 0.133
[141,    60] loss: 0.113
[141,    80] loss: 0.124
[141,   100] loss: 0.124
[142,    20] loss: 0.121
[142,    40] loss: 0.142
[142,    60] loss: 0.124
[142,    80] loss: 0.133
[142,   100] loss: 0.106
[143,    20] loss: 0.132
[143,    40] loss: 0.113
[143,    60] loss: 0.155
[143,    80] loss: 0.111
[143,   100] loss: 0.127
[144,    20] loss: 0.124
[144,    40] loss: 0.121
[144,    60] loss: 0.130
[144,    80] loss: 0.112
[144,   100] loss: 0.135
[145,    20] loss: 0.114
[145,    40] loss: 0.118
[145,    60] loss: 0.144
[145,    80] loss: 0.129
[145,   100] loss: 0.123
[146,    20] loss: 0.132
[146,    40] loss: 0.129
[146,    60] loss: 0.124
[146,    80] loss: 0.119
[146,   100] loss: 0.121
[147,    20] loss: 0.132
[147,    40] loss: 0.129
[147,    60] loss: 0.102
[147,    80] loss: 0.123
[147,   100] loss: 0.149
[148,    20] loss: 0.078
[148,    40] loss: 0.119
[148,    60] loss: 0.168
[148,    80] loss: 0.137
[148,   100] loss: 0.120
[149,    20] loss: 0.107
[149,    40] loss: 0.114
[149,    60] loss: 0.179
[149,    80] loss: 0.127
[149,   100] loss: 0.095
[150,    20] loss: 0.129
[150,    40] loss: 0.123
[150,    60] loss: 0.130
[150,    80] loss: 0.129
[150,   100] loss: 0.107
[151,    20] loss: 0.110
[151,    40] loss: 0.115
[151,    60] loss: 0.118
[151,    80] loss: 0.134
[151,   100] loss: 0.136
[152,    20] loss: 0.161
[152,    40] loss: 0.106
[152,    60] loss: 0.121
[152,    80] loss: 0.117
[152,   100] loss: 0.116
[153,    20] loss: 0.104
[153,    40] loss: 0.122
[153,    60] loss: 0.138
[153,    80] loss: 0.133
[153,   100] loss: 0.118
[154,    20] loss: 0.104
[154,    40] loss: 0.120
[154,    60] loss: 0.147
[154,    80] loss: 0.115
[154,   100] loss: 0.131
[155,    20] loss: 0.128
[155,    40] loss: 0.142
[155,    60] loss: 0.149
[155,    80] loss: 0.101
[155,   100] loss: 0.099
[156,    20] loss: 0.122
[156,    40] loss: 0.129
[156,    60] loss: 0.114
[156,    80] loss: 0.110
[156,   100] loss: 0.134
[157,    20] loss: 0.135
[157,    40] loss: 0.152
[157,    60] loss: 0.116
[157,    80] loss: 0.093
[157,   100] loss: 0.115
[158,    20] loss: 0.110
[158,    40] loss: 0.131
[158,    60] loss: 0.137
[158,    80] loss: 0.121
[158,   100] loss: 0.112
[159,    20] loss: 0.106
[159,    40] loss: 0.134
[159,    60] loss: 0.123
[159,    80] loss: 0.116
[159,   100] loss: 0.132
[160,    20] loss: 0.108
[160,    40] loss: 0.137
[160,    60] loss: 0.120
[160,    80] loss: 0.137
[160,   100] loss: 0.110
[161,    20] loss: 0.120
[161,    40] loss: 0.103
[161,    60] loss: 0.138
[161,    80] loss: 0.132
[161,   100] loss: 0.112
[162,    20] loss: 0.129
[162,    40] loss: 0.116
[162,    60] loss: 0.131
[162,    80] loss: 0.116
[162,   100] loss: 0.119
[163,    20] loss: 0.113
[163,    40] loss: 0.141
[163,    60] loss: 0.115
[163,    80] loss: 0.110
[163,   100] loss: 0.125
[164,    20] loss: 0.113
[164,    40] loss: 0.121
[164,    60] loss: 0.127
[164,    80] loss: 0.105
[164,   100] loss: 0.142
[165,    20] loss: 0.124
[165,    40] loss: 0.121
[165,    60] loss: 0.098
[165,    80] loss: 0.116
[165,   100] loss: 0.145
[166,    20] loss: 0.132
[166,    40] loss: 0.100
[166,    60] loss: 0.126
[166,    80] loss: 0.141
[166,   100] loss: 0.103
[167,    20] loss: 0.126
[167,    40] loss: 0.103
[167,    60] loss: 0.135
[167,    80] loss: 0.133
[167,   100] loss: 0.105
[168,    20] loss: 0.119
[168,    40] loss: 0.115
[168,    60] loss: 0.130
[168,    80] loss: 0.111
[168,   100] loss: 0.126
[169,    20] loss: 0.124
[169,    40] loss: 0.124
[169,    60] loss: 0.124
[169,    80] loss: 0.129
[169,   100] loss: 0.115
[170,    20] loss: 0.142
[170,    40] loss: 0.133
[170,    60] loss: 0.101
[170,    80] loss: 0.100
[170,   100] loss: 0.132
[171,    20] loss: 0.101
[171,    40] loss: 0.128
[171,    60] loss: 0.145
[171,    80] loss: 0.106
[171,   100] loss: 0.122
[172,    20] loss: 0.111
[172,    40] loss: 0.118
[172,    60] loss: 0.100
[172,    80] loss: 0.130
[172,   100] loss: 0.143
[173,    20] loss: 0.130
[173,    40] loss: 0.118
[173,    60] loss: 0.102
[173,    80] loss: 0.116
[173,   100] loss: 0.135
[174,    20] loss: 0.115
[174,    40] loss: 0.100
[174,    60] loss: 0.138
[174,    80] loss: 0.119
[174,   100] loss: 0.124
[175,    20] loss: 0.122
[175,    40] loss: 0.132
[175,    60] loss: 0.112
[175,    80] loss: 0.109
[175,   100] loss: 0.121
[176,    20] loss: 0.113
[176,    40] loss: 0.111
[176,    60] loss: 0.121
[176,    80] loss: 0.144
[176,   100] loss: 0.101
[177,    20] loss: 0.139
[177,    40] loss: 0.130
[177,    60] loss: 0.111
[177,    80] loss: 0.119
[177,   100] loss: 0.100
[178,    20] loss: 0.110
[178,    40] loss: 0.121
[178,    60] loss: 0.125
[178,    80] loss: 0.104
[178,   100] loss: 0.135
[179,    20] loss: 0.117
[179,    40] loss: 0.104
[179,    60] loss: 0.133
[179,    80] loss: 0.126
[179,   100] loss: 0.111
[180,    20] loss: 0.119
[180,    40] loss: 0.129
[180,    60] loss: 0.121
[180,    80] loss: 0.122
[180,   100] loss: 0.103
[181,    20] loss: 0.121
[181,    40] loss: 0.122
[181,    60] loss: 0.108
[181,    80] loss: 0.122
[181,   100] loss: 0.130
[182,    20] loss: 0.100
[182,    40] loss: 0.108
[182,    60] loss: 0.148
[182,    80] loss: 0.111
[182,   100] loss: 0.127
[183,    20] loss: 0.129
[183,    40] loss: 0.121
[183,    60] loss: 0.103
[183,    80] loss: 0.115
[183,   100] loss: 0.125
[184,    20] loss: 0.129
[184,    40] loss: 0.117
[184,    60] loss: 0.132
[184,    80] loss: 0.103
[184,   100] loss: 0.121
[185,    20] loss: 0.124
[185,    40] loss: 0.110
[185,    60] loss: 0.126
[185,    80] loss: 0.113
[185,   100] loss: 0.123
[186,    20] loss: 0.096
[186,    40] loss: 0.127
[186,    60] loss: 0.129
[186,    80] loss: 0.126
[186,   100] loss: 0.108
[187,    20] loss: 0.103
[187,    40] loss: 0.125
[187,    60] loss: 0.136
[187,    80] loss: 0.107
[187,   100] loss: 0.114
[188,    20] loss: 0.125
[188,    40] loss: 0.131
[188,    60] loss: 0.119
[188,    80] loss: 0.103
[188,   100] loss: 0.109
[189,    20] loss: 0.129
[189,    40] loss: 0.081
[189,    60] loss: 0.169
[189,    80] loss: 0.104
[189,   100] loss: 0.103
[190,    20] loss: 0.130
[190,    40] loss: 0.128
[190,    60] loss: 0.105
[190,    80] loss: 0.106
[190,   100] loss: 0.114
[191,    20] loss: 0.134
[191,    40] loss: 0.092
[191,    60] loss: 0.105
[191,    80] loss: 0.133
[191,   100] loss: 0.132
[192,    20] loss: 0.118
[192,    40] loss: 0.110
[192,    60] loss: 0.124
[192,    80] loss: 0.112
[192,   100] loss: 0.122
[193,    20] loss: 0.132
[193,    40] loss: 0.135
[193,    60] loss: 0.110
[193,    80] loss: 0.097
[193,   100] loss: 0.113
[194,    20] loss: 0.153
[194,    40] loss: 0.106
[194,    60] loss: 0.111
[194,    80] loss: 0.090
[194,   100] loss: 0.127
[195,    20] loss: 0.122
[195,    40] loss: 0.124
[195,    60] loss: 0.115
[195,    80] loss: 0.102
[195,   100] loss: 0.122
[196,    20] loss: 0.112
[196,    40] loss: 0.125
[196,    60] loss: 0.107
[196,    80] loss: 0.109
[196,   100] loss: 0.134
[197,    20] loss: 0.105
[197,    40] loss: 0.115
[197,    60] loss: 0.159
[197,    80] loss: 0.112
[197,   100] loss: 0.090
[198,    20] loss: 0.102
[198,    40] loss: 0.149
[198,    60] loss: 0.118
[198,    80] loss: 0.105
[198,   100] loss: 0.109
[199,    20] loss: 0.118
[199,    40] loss: 0.115
[199,    60] loss: 0.098
[199,    80] loss: 0.142
[199,   100] loss: 0.109
[200,    20] loss: 0.101
[200,    40] loss: 0.110
[200,    60] loss: 0.108
[200,    80] loss: 0.136
[200,   100] loss: 0.120
[201,    20] loss: 0.127
[201,    40] loss: 0.112
[201,    60] loss: 0.139
[201,    80] loss: 0.108
[201,   100] loss: 0.095
[202,    20] loss: 0.107
[202,    40] loss: 0.142
[202,    60] loss: 0.112
[202,    80] loss: 0.099
[202,   100] loss: 0.119
[203,    20] loss: 0.114
[203,    40] loss: 0.122
[203,    60] loss: 0.126
[203,    80] loss: 0.107
[203,   100] loss: 0.118
[204,    20] loss: 0.125
[204,    40] loss: 0.121
[204,    60] loss: 0.103
[204,    80] loss: 0.144
[204,   100] loss: 0.104
[205,    20] loss: 0.148
[205,    40] loss: 0.104
[205,    60] loss: 0.089
[205,    80] loss: 0.120
[205,   100] loss: 0.117
[206,    20] loss: 0.117
[206,    40] loss: 0.114
[206,    60] loss: 0.110
[206,    80] loss: 0.128
[206,   100] loss: 0.107
[207,    20] loss: 0.110
[207,    40] loss: 0.123
[207,    60] loss: 0.128
[207,    80] loss: 0.113
[207,   100] loss: 0.104
[208,    20] loss: 0.124
[208,    40] loss: 0.117
[208,    60] loss: 0.117
[208,    80] loss: 0.105
[208,   100] loss: 0.108
[209,    20] loss: 0.097
[209,    40] loss: 0.124
[209,    60] loss: 0.132
[209,    80] loss: 0.101
[209,   100] loss: 0.122
[210,    20] loss: 0.103
[210,    40] loss: 0.105
[210,    60] loss: 0.120
[210,    80] loss: 0.119
[210,   100] loss: 0.125
[211,    20] loss: 0.129
[211,    40] loss: 0.124
[211,    60] loss: 0.107
[211,    80] loss: 0.118
[211,   100] loss: 0.096
[212,    20] loss: 0.125
[212,    40] loss: 0.111
[212,    60] loss: 0.135
[212,    80] loss: 0.111
[212,   100] loss: 0.098
[213,    20] loss: 0.103
[213,    40] loss: 0.125
[213,    60] loss: 0.120
[213,    80] loss: 0.107
[213,   100] loss: 0.122
[214,    20] loss: 0.117
[214,    40] loss: 0.114
[214,    60] loss: 0.099
[214,    80] loss: 0.121
[214,   100] loss: 0.125
[215,    20] loss: 0.127
[215,    40] loss: 0.110
[215,    60] loss: 0.114
[215,    80] loss: 0.098
[215,   100] loss: 0.118
[216,    20] loss: 0.127
[216,    40] loss: 0.094
[216,    60] loss: 0.153
[216,    80] loss: 0.102
[216,   100] loss: 0.100
[217,    20] loss: 0.131
[217,    40] loss: 0.123
[217,    60] loss: 0.096
[217,    80] loss: 0.106
[217,   100] loss: 0.117
[218,    20] loss: 0.120
[218,    40] loss: 0.121
[218,    60] loss: 0.119
[218,    80] loss: 0.135
[218,   100] loss: 0.083
[219,    20] loss: 0.106
[219,    40] loss: 0.134
[219,    60] loss: 0.106
[219,    80] loss: 0.101
[219,   100] loss: 0.129
[220,    20] loss: 0.097
[220,    40] loss: 0.100
[220,    60] loss: 0.109
[220,    80] loss: 0.132
[220,   100] loss: 0.129
[221,    20] loss: 0.102
[221,    40] loss: 0.138
[221,    60] loss: 0.103
[221,    80] loss: 0.109
[221,   100] loss: 0.123
[222,    20] loss: 0.097
[222,    40] loss: 0.112
[222,    60] loss: 0.124
[222,    80] loss: 0.130
[222,   100] loss: 0.108
[223,    20] loss: 0.105
[223,    40] loss: 0.097
[223,    60] loss: 0.128
[223,    80] loss: 0.133
[223,   100] loss: 0.107
[224,    20] loss: 0.086
[224,    40] loss: 0.095
[224,    60] loss: 0.129
[224,    80] loss: 0.113
[224,   100] loss: 0.141
[225,    20] loss: 0.104
[225,    40] loss: 0.112
[225,    60] loss: 0.120
[225,    80] loss: 0.112
[225,   100] loss: 0.121
[226,    20] loss: 0.121
[226,    40] loss: 0.094
[226,    60] loss: 0.139
[226,    80] loss: 0.109
[226,   100] loss: 0.105
[227,    20] loss: 0.113
[227,    40] loss: 0.108
[227,    60] loss: 0.099
[227,    80] loss: 0.116
[227,   100] loss: 0.127
[228,    20] loss: 0.081
[228,    40] loss: 0.151
[228,    60] loss: 0.123
[228,    80] loss: 0.095
[228,   100] loss: 0.112
[229,    20] loss: 0.120
[229,    40] loss: 0.131
[229,    60] loss: 0.108
[229,    80] loss: 0.116
[229,   100] loss: 0.088
[230,    20] loss: 0.129
[230,    40] loss: 0.101
[230,    60] loss: 0.110
[230,    80] loss: 0.110
[230,   100] loss: 0.122
[231,    20] loss: 0.118
[231,    40] loss: 0.107
[231,    60] loss: 0.117
[231,    80] loss: 0.101
[231,   100] loss: 0.135
[232,    20] loss: 0.100
[232,    40] loss: 0.117
[232,    60] loss: 0.122
[232,    80] loss: 0.119
[232,   100] loss: 0.109
[233,    20] loss: 0.118
[233,    40] loss: 0.110
[233,    60] loss: 0.117
[233,    80] loss: 0.118
[233,   100] loss: 0.097
[234,    20] loss: 0.081
[234,    40] loss: 0.130
[234,    60] loss: 0.106
[234,    80] loss: 0.139
[234,   100] loss: 0.106
[235,    20] loss: 0.101
[235,    40] loss: 0.096
[235,    60] loss: 0.127
[235,    80] loss: 0.112
[235,   100] loss: 0.127
[236,    20] loss: 0.127
[236,    40] loss: 0.097
[236,    60] loss: 0.101
[236,    80] loss: 0.114
[236,   100] loss: 0.121
[237,    20] loss: 0.089
[237,    40] loss: 0.135
[237,    60] loss: 0.126
[237,    80] loss: 0.096
[237,   100] loss: 0.113
[238,    20] loss: 0.096
[238,    40] loss: 0.117
[238,    60] loss: 0.124
[238,    80] loss: 0.099
[238,   100] loss: 0.123
[239,    20] loss: 0.111
[239,    40] loss: 0.090
[239,    60] loss: 0.128
[239,    80] loss: 0.118
[239,   100] loss: 0.114
[240,    20] loss: 0.093
[240,    40] loss: 0.107
[240,    60] loss: 0.115
[240,    80] loss: 0.133
[240,   100] loss: 0.110
[241,    20] loss: 0.122
[241,    40] loss: 0.089
[241,    60] loss: 0.110
[241,    80] loss: 0.111
[241,   100] loss: 0.128
[242,    20] loss: 0.112
[242,    40] loss: 0.092
[242,    60] loss: 0.104
[242,    80] loss: 0.130
[242,   100] loss: 0.118
[243,    20] loss: 0.111
[243,    40] loss: 0.098
[243,    60] loss: 0.110
[243,    80] loss: 0.105
[243,   100] loss: 0.131
[244,    20] loss: 0.118
[244,    40] loss: 0.105
[244,    60] loss: 0.114
[244,    80] loss: 0.105
[244,   100] loss: 0.116
[245,    20] loss: 0.103
[245,    40] loss: 0.104
[245,    60] loss: 0.089
[245,    80] loss: 0.133
[245,   100] loss: 0.131
[246,    20] loss: 0.114
[246,    40] loss: 0.114
[246,    60] loss: 0.102
[246,    80] loss: 0.115
[246,   100] loss: 0.116
[247,    20] loss: 0.119
[247,    40] loss: 0.114
[247,    60] loss: 0.086
[247,    80] loss: 0.136
[247,   100] loss: 0.102
[248,    20] loss: 0.102
[248,    40] loss: 0.102
[248,    60] loss: 0.105
[248,    80] loss: 0.133
[248,   100] loss: 0.115
[249,    20] loss: 0.112
[249,    40] loss: 0.121
[249,    60] loss: 0.126
[249,    80] loss: 0.084
[249,   100] loss: 0.121
[250,    20] loss: 0.102
[250,    40] loss: 0.115
[250,    60] loss: 0.111
[250,    80] loss: 0.125
[250,   100] loss: 0.103
[251,    20] loss: 0.108
[251,    40] loss: 0.108
[251,    60] loss: 0.114
[251,    80] loss: 0.101
[251,   100] loss: 0.128
[252,    20] loss: 0.128
[252,    40] loss: 0.124
[252,    60] loss: 0.095
[252,    80] loss: 0.112
[252,   100] loss: 0.097
[253,    20] loss: 0.110
[253,    40] loss: 0.130
[253,    60] loss: 0.128
[253,    80] loss: 0.109
[253,   100] loss: 0.081
[254,    20] loss: 0.119
[254,    40] loss: 0.125
[254,    60] loss: 0.107
[254,    80] loss: 0.107
[254,   100] loss: 0.095
[255,    20] loss: 0.091
[255,    40] loss: 0.103
[255,    60] loss: 0.115
[255,    80] loss: 0.126
[255,   100] loss: 0.122
[256,    20] loss: 0.132
[256,    40] loss: 0.092
[256,    60] loss: 0.118
[256,    80] loss: 0.107
[256,   100] loss: 0.103
[257,    20] loss: 0.123
[257,    40] loss: 0.111
[257,    60] loss: 0.083
[257,    80] loss: 0.103
[257,   100] loss: 0.131
[258,    20] loss: 0.092
[258,    40] loss: 0.134
[258,    60] loss: 0.112
[258,    80] loss: 0.115
[258,   100] loss: 0.102
[259,    20] loss: 0.121
[259,    40] loss: 0.097
[259,    60] loss: 0.121
[259,    80] loss: 0.112
[259,   100] loss: 0.102
[260,    20] loss: 0.109
[260,    40] loss: 0.109
[260,    60] loss: 0.111
[260,    80] loss: 0.088
[260,   100] loss: 0.133
[261,    20] loss: 0.111
[261,    40] loss: 0.120
[261,    60] loss: 0.115
[261,    80] loss: 0.080
[261,   100] loss: 0.124
[262,    20] loss: 0.097
[262,    40] loss: 0.121
[262,    60] loss: 0.112
[262,    80] loss: 0.103
[262,   100] loss: 0.118
[263,    20] loss: 0.087
[263,    40] loss: 0.099
[263,    60] loss: 0.119
[263,    80] loss: 0.121
[263,   100] loss: 0.127
[264,    20] loss: 0.101
[264,    40] loss: 0.112
[264,    60] loss: 0.113
[264,    80] loss: 0.108
[264,   100] loss: 0.117
[265,    20] loss: 0.103
[265,    40] loss: 0.094
[265,    60] loss: 0.117
[265,    80] loss: 0.114
[265,   100] loss: 0.122
[266,    20] loss: 0.098
[266,    40] loss: 0.129
[266,    60] loss: 0.117
[266,    80] loss: 0.101
[266,   100] loss: 0.107
[267,    20] loss: 0.127
[267,    40] loss: 0.125
[267,    60] loss: 0.109
[267,    80] loss: 0.097
[267,   100] loss: 0.092
[268,    20] loss: 0.104
[268,    40] loss: 0.109
[268,    60] loss: 0.146
[268,    80] loss: 0.088
[268,   100] loss: 0.104
[269,    20] loss: 0.119
[269,    40] loss: 0.101
[269,    60] loss: 0.122
[269,    80] loss: 0.107
[269,   100] loss: 0.105
[270,    20] loss: 0.106
[270,    40] loss: 0.129
[270,    60] loss: 0.106
[270,    80] loss: 0.114
[270,   100] loss: 0.096
[271,    20] loss: 0.095
[271,    40] loss: 0.114
[271,    60] loss: 0.135
[271,    80] loss: 0.111
[271,   100] loss: 0.099
[272,    20] loss: 0.096
[272,    40] loss: 0.107
[272,    60] loss: 0.126
[272,    80] loss: 0.103
[272,   100] loss: 0.121
[273,    20] loss: 0.118
[273,    40] loss: 0.109
[273,    60] loss: 0.106
[273,    80] loss: 0.109
[273,   100] loss: 0.108
[274,    20] loss: 0.105
[274,    40] loss: 0.080
[274,    60] loss: 0.109
[274,    80] loss: 0.131
[274,   100] loss: 0.123
[275,    20] loss: 0.097
[275,    40] loss: 0.104
[275,    60] loss: 0.106
[275,    80] loss: 0.129
[275,   100] loss: 0.115
[276,    20] loss: 0.125
[276,    40] loss: 0.128
[276,    60] loss: 0.109
[276,    80] loss: 0.094
[276,   100] loss: 0.091
[277,    20] loss: 0.108
[277,    40] loss: 0.100
[277,    60] loss: 0.102
[277,    80] loss: 0.102
[277,   100] loss: 0.137
[278,    20] loss: 0.114
[278,    40] loss: 0.101
[278,    60] loss: 0.124
[278,    80] loss: 0.102
[278,   100] loss: 0.112
[279,    20] loss: 0.111
[279,    40] loss: 0.101
[279,    60] loss: 0.097
[279,    80] loss: 0.108
[279,   100] loss: 0.137
[280,    20] loss: 0.104
[280,    40] loss: 0.117
[280,    60] loss: 0.101
[280,    80] loss: 0.108
[280,   100] loss: 0.118
[281,    20] loss: 0.087
[281,    40] loss: 0.085
[281,    60] loss: 0.140
[281,    80] loss: 0.111
[281,   100] loss: 0.132
[282,    20] loss: 0.094
[282,    40] loss: 0.138
[282,    60] loss: 0.124
[282,    80] loss: 0.111
[282,   100] loss: 0.092
[283,    20] loss: 0.099
[283,    40] loss: 0.102
[283,    60] loss: 0.109
[283,    80] loss: 0.110
[283,   100] loss: 0.128
[284,    20] loss: 0.104
[284,    40] loss: 0.092
[284,    60] loss: 0.120
[284,    80] loss: 0.116
[284,   100] loss: 0.113
[285,    20] loss: 0.096
[285,    40] loss: 0.111
[285,    60] loss: 0.111
[285,    80] loss: 0.123
[285,   100] loss: 0.108
[286,    20] loss: 0.087
[286,    40] loss: 0.096
[286,    60] loss: 0.127
[286,    80] loss: 0.115
[286,   100] loss: 0.119
[287,    20] loss: 0.120
[287,    40] loss: 0.108
[287,    60] loss: 0.101
[287,    80] loss: 0.092
[287,   100] loss: 0.124
[288,    20] loss: 0.108
[288,    40] loss: 0.097
[288,    60] loss: 0.102
[288,    80] loss: 0.105
[288,   100] loss: 0.137
[289,    20] loss: 0.106
[289,    40] loss: 0.111
[289,    60] loss: 0.098
[289,    80] loss: 0.129
[289,   100] loss: 0.104
[290,    20] loss: 0.106
[290,    40] loss: 0.113
[290,    60] loss: 0.120
[290,    80] loss: 0.096
[290,   100] loss: 0.117
[291,    20] loss: 0.105
[291,    40] loss: 0.107
[291,    60] loss: 0.102
[291,    80] loss: 0.120
[291,   100] loss: 0.112
[292,    20] loss: 0.110
[292,    40] loss: 0.117
[292,    60] loss: 0.104
[292,    80] loss: 0.124
[292,   100] loss: 0.089
[293,    20] loss: 0.098
[293,    40] loss: 0.116
[293,    60] loss: 0.114
[293,    80] loss: 0.102
[293,   100] loss: 0.114
[294,    20] loss: 0.100
[294,    40] loss: 0.122
[294,    60] loss: 0.114
[294,    80] loss: 0.104
[294,   100] loss: 0.113
[295,    20] loss: 0.120
[295,    40] loss: 0.106
[295,    60] loss: 0.097
[295,    80] loss: 0.110
[295,   100] loss: 0.114
[296,    20] loss: 0.101
[296,    40] loss: 0.109
[296,    60] loss: 0.101
[296,    80] loss: 0.124
[296,   100] loss: 0.108
[297,    20] loss: 0.112
[297,    40] loss: 0.106
[297,    60] loss: 0.113
[297,    80] loss: 0.106
[297,   100] loss: 0.105
[298,    20] loss: 0.117
[298,    40] loss: 0.115
[298,    60] loss: 0.102
[298,    80] loss: 0.107
[298,   100] loss: 0.103
[299,    20] loss: 0.088
[299,    40] loss: 0.124
[299,    60] loss: 0.117
[299,    80] loss: 0.107
[299,   100] loss: 0.106
[300,    20] loss: 0.086
[300,    40] loss: 0.113
[300,    60] loss: 0.123
[300,    80] loss: 0.111
[300,   100] loss: 0.111
Finished Training
Save model !!
