##########################################
######## Focusing Exposure Search ########
###########################################
+++++++++++++++++++++++++++++
+++++ gamma =  0 +++++
+++++++++++++++++++++++++++++
Estimate exposure user photos ...
Done!
#### CLUSTERING ####
Calculate clustering photo features ...
Done!
Calculate clusters of users ...
Done!
##### REGRESSION #####
Calculate regression features ...
Done!
Combine and convert to numpy format ...
   job_search_IT
Number of training data:  63
Number of test data:  28
   bank_credit
Number of training data:  64
Number of test data:  28
   job_search_waiter_waitress
Number of training data:  67
Number of test data:  30
   accommodation_search
Number of training data:  69
Number of test data:  30
Done!
********************************************
  job_search_IT
Searching best parameters by regressor ...
Best parameters:
{'C': 5, 'gamma': 0.001, 'kernel': 'linear'}
Evaluation on train sets: 
Pearson score:  0.4679132419005868
mse:  0.17872233117199637
Evaluation on test sets: 
pearson score:  0.2268421938494774
mse:  0.1780102402149865
********************************************
  bank_credit
Searching best parameters by regressor ...
Best parameters:
{'C': 1, 'gamma': 0.001, 'kernel': 'linear'}
Evaluation on train sets: 
Pearson score:  0.5099627748500553
mse:  0.22129783901040379
Evaluation on test sets: 
pearson score:  0.25794943168006707
mse:  0.31593763274036313
********************************************
  job_search_waiter_waitress
Searching best parameters by regressor ...
Best parameters:
{'C': 10, 'gamma': 0.001, 'kernel': 'linear'}
Evaluation on train sets: 
Pearson score:  0.7379276165351532
mse:  0.1131185888894999
Evaluation on test sets: 
pearson score:  0.36679950120150484
mse:  0.24442420452968122
********************************************
  accommodation_search
Searching best parameters by regressor ...
Best parameters:
{'C': 10, 'gamma': 0.001, 'kernel': 'linear'}
Evaluation on train sets: 
Pearson score:  0.5350101331389335
mse:  0.22827065592050866
Evaluation on test sets: 
pearson score:  0.3042401531082942
mse:  0.806750362719249
Done!
+++++++++++++++++++++++++++++
+++++ gamma =  1 +++++
+++++++++++++++++++++++++++++
Estimate exposure user photos ...
Done!
#### CLUSTERING ####
Calculate clustering photo features ...
Done!
Calculate clusters of users ...
Done!
##### REGRESSION #####
Calculate regression features ...
Done!
Combine and convert to numpy format ...
   job_search_IT
Number of training data:  63
Number of test data:  28
   bank_credit
Number of training data:  64
Number of test data:  28
   job_search_waiter_waitress
Number of training data:  67
Number of test data:  30
   accommodation_search
Number of training data:  69
Number of test data:  30
Done!
********************************************
  job_search_IT
Searching best parameters by regressor ...
Best parameters:
{'C': 10, 'gamma': 0.001, 'kernel': 'rbf'}
Evaluation on train sets: 
Pearson score:  0.48268627590576085
mse:  0.19455281169362088
Evaluation on test sets: 
pearson score:  0.040650045048595165
mse:  0.1836419083609301
********************************************
  bank_credit
Searching best parameters by regressor ...
Best parameters:
{'C': 1, 'gamma': 0.0001, 'kernel': 'rbf'}
Evaluation on train sets: 
Pearson score:  0.4568015950134553
mse:  0.29462655146213923
Evaluation on test sets: 
pearson score:  0.3115898582094222
mse:  0.2553958983138323
********************************************
  job_search_waiter_waitress
Searching best parameters by regressor ...
Best parameters:
{'C': 5, 'gamma': 0.001, 'kernel': 'linear'}
Evaluation on train sets: 
Pearson score:  0.7158840072110312
mse:  0.12085421010273903
Evaluation on test sets: 
pearson score:  0.4024791057450524
mse:  0.23114816032568003
********************************************
  accommodation_search
Searching best parameters by regressor ...
Best parameters:
{'C': 5, 'gamma': 0.001, 'kernel': 'rbf'}
Evaluation on train sets: 
Pearson score:  0.3903020791084084
mse:  0.27415904526066914
Evaluation on test sets: 
pearson score:  0.2004048210164166
mse:  0.26485020088659383
Done!
+++++++++++++++++++++++++++++
+++++ gamma =  2 +++++
+++++++++++++++++++++++++++++
Estimate exposure user photos ...
Done!
#### CLUSTERING ####
Calculate clustering photo features ...
Done!
Calculate clusters of users ...
Done!
##### REGRESSION #####
Calculate regression features ...
Done!
Combine and convert to numpy format ...
   job_search_IT
Number of training data:  63
Number of test data:  28
   bank_credit
Number of training data:  64
Number of test data:  28
   job_search_waiter_waitress
Number of training data:  67
Number of test data:  30
   accommodation_search
Number of training data:  69
Number of test data:  30
Done!
********************************************
  job_search_IT
Searching best parameters by regressor ...
Best parameters:
{'C': 10, 'gamma': 0.001, 'kernel': 'rbf'}
Evaluation on train sets: 
Pearson score:  0.48619223610717854
mse:  0.19277402864245555
Evaluation on test sets: 
pearson score:  0.03525218311576851
mse:  0.18568506603687668
********************************************
  bank_credit
Searching best parameters by regressor ...
Best parameters:
{'C': 1, 'gamma': 0.0001, 'kernel': 'rbf'}
Evaluation on train sets: 
Pearson score:  0.34627603755908587
mse:  0.29415775506630415
Evaluation on test sets: 
pearson score:  0.3208759572647363
mse:  0.2516192253192931
********************************************
  job_search_waiter_waitress
Searching best parameters by regressor ...
Best parameters:
{'C': 7, 'gamma': 0.001, 'kernel': 'linear'}
Evaluation on train sets: 
Pearson score:  0.7128532507435814
mse:  0.12254615929152024
Evaluation on test sets: 
pearson score:  0.42376346310945345
mse:  0.22451199945482928
********************************************
  accommodation_search
Searching best parameters by regressor ...
Best parameters:
{'C': 10, 'gamma': 0.001, 'kernel': 'linear'}
Evaluation on train sets: 
Pearson score:  0.5909951014384811
mse:  0.2060387875261447
Evaluation on test sets: 
pearson score:  0.3535865677738617
mse:  0.2707508550190921
Done!
+++++++++++++++++++++++++++++
+++++ gamma =  3 +++++
+++++++++++++++++++++++++++++
Estimate exposure user photos ...
Done!
#### CLUSTERING ####
Calculate clustering photo features ...
Done!
Calculate clusters of users ...
Done!
##### REGRESSION #####
Calculate regression features ...
Done!
Combine and convert to numpy format ...
   job_search_IT
Number of training data:  63
Number of test data:  28
   bank_credit
Number of training data:  64
Number of test data:  28
   job_search_waiter_waitress
Number of training data:  67
Number of test data:  30
   accommodation_search
Number of training data:  69
Number of test data:  30
Done!
********************************************
  job_search_IT
Searching best parameters by regressor ...
Best parameters:
{'C': 10, 'gamma': 0.001, 'kernel': 'rbf'}
Evaluation on train sets: 
Pearson score:  0.49128901390283325
mse:  0.1919783986064662
Evaluation on test sets: 
pearson score:  0.15682135012493834
mse:  0.17645274275819264
********************************************
  bank_credit
Searching best parameters by regressor ...
Best parameters:
{'C': 1, 'gamma': 0.0001, 'kernel': 'rbf'}
Evaluation on train sets: 
Pearson score:  0.30281136118394225
mse:  0.29293625333898365
Evaluation on test sets: 
pearson score:  0.3211557370353007
mse:  0.24601822535577364
********************************************
  job_search_waiter_waitress
Searching best parameters by regressor ...
Best parameters:
{'C': 7, 'gamma': 0.001, 'kernel': 'linear'}
Evaluation on train sets: 
Pearson score:  0.7065334770753353
mse:  0.12743818663081902
Evaluation on test sets: 
pearson score:  0.4507839641829733
mse:  0.21912521820767245
********************************************
  accommodation_search
Searching best parameters by regressor ...
Best parameters:
{'C': 5, 'gamma': 0.0001, 'kernel': 'sigmoid'}
Evaluation on train sets: 
Pearson score:  0.33529699468104734
mse:  0.2989551256965352
Evaluation on test sets: 
pearson score:  0.2452679911262915
mse:  0.26439207487804145
Done!
Saving files ...
**** Plotting gamma ....
Done!
