##########################################
######## Focusing Exposure Search ########
###########################################
+++++++++++++++++++++++++++++
+++++ gamma =  0 +++++
+++++++++++++++++++++++++++++
Estimate exposure user photos ...
Done!
#### CLUSTERING ####
Calculate clustering photo features ...
Done!
Calculate clusters of users ...
Done!
##### REGRESSION #####
Calculate regression features ...
Done!
Combine and convert to numpy format ...
   job_search_IT
Number of training data:  63
Number of test data:  28
   bank_credit
Number of training data:  64
Number of test data:  28
   job_search_waiter_waitress
Number of training data:  67
Number of test data:  30
   accommodation_search
Number of training data:  69
Number of test data:  30
Done!
********************************************
  job_search_IT
Searching best parameters by regressor ...
Best parameters:
{'C': 7, 'gamma': 0.001, 'kernel': 'linear'}
Evaluation on train sets: 
Pearson score:  0.4005566890576302
mse:  0.19065258934260249
Evaluation on test sets: 
pearson score:  0.19303481148511903
mse:  0.17494189495199347
********************************************
  bank_credit
Searching best parameters by regressor ...
Best parameters:
{'C': 5, 'gamma': 0.001, 'kernel': 'linear'}
Evaluation on train sets: 
Pearson score:  0.5944717745734315
mse:  0.1931970733742665
Evaluation on test sets: 
pearson score:  0.2992784667911131
mse:  0.36071869700231524
********************************************
  job_search_waiter_waitress
Searching best parameters by regressor ...
Best parameters:
{'C': 10, 'gamma': 0.001, 'kernel': 'rbf'}
Evaluation on train sets: 
Pearson score:  0.6037175168104161
mse:  0.20547073119586798
Evaluation on test sets: 
pearson score:  0.32493320603852777
mse:  0.22907212252199885
********************************************
  accommodation_search
Searching best parameters by regressor ...
Best parameters:
{'C': 10, 'gamma': 0.001, 'kernel': 'rbf'}
Evaluation on train sets: 
Pearson score:  0.4367199242009573
mse:  0.26398601990949916
Evaluation on test sets: 
pearson score:  0.3764200690332553
mse:  0.23691558980867022
Done!
+++++++++++++++++++++++++++++
+++++ gamma =  1 +++++
+++++++++++++++++++++++++++++
Estimate exposure user photos ...
Done!
#### CLUSTERING ####
Calculate clustering photo features ...
Done!
Calculate clusters of users ...
Done!
##### REGRESSION #####
Calculate regression features ...
Done!
Combine and convert to numpy format ...
   job_search_IT
Number of training data:  63
Number of test data:  28
   bank_credit
Number of training data:  64
Number of test data:  28
   job_search_waiter_waitress
Number of training data:  67
Number of test data:  30
   accommodation_search
Number of training data:  69
Number of test data:  30
Done!
********************************************
  job_search_IT
Searching best parameters by regressor ...
Best parameters:
{'C': 5, 'gamma': 0.001, 'kernel': 'linear'}
Evaluation on train sets: 
Pearson score:  0.4238629983102163
mse:  0.18572670076912362
Evaluation on test sets: 
pearson score:  0.20875568125440228
mse:  0.1750549344732637
********************************************
  bank_credit
Searching best parameters by regressor ...
Best parameters:
{'C': 5, 'gamma': 0.001, 'kernel': 'linear'}
Evaluation on train sets: 
Pearson score:  0.5243044835628583
mse:  0.21591605978061706
Evaluation on test sets: 
pearson score:  0.3276945598612745
mse:  0.34782073384315737
********************************************
  job_search_waiter_waitress
Searching best parameters by regressor ...
Best parameters:
{'C': 5, 'gamma': 0.001, 'kernel': 'linear'}
Evaluation on train sets: 
Pearson score:  0.5154431483489431
mse:  0.18374527619840544
Evaluation on test sets: 
pearson score:  0.04415394608733719
mse:  0.2755072098628914
********************************************
  accommodation_search
Searching best parameters by regressor ...
Best parameters:
{'C': 10, 'gamma': 0.001, 'kernel': 'rbf'}
Evaluation on train sets: 
Pearson score:  0.4102701815781097
mse:  0.26306671091039857
Evaluation on test sets: 
pearson score:  0.37801920489392904
mse:  0.23507107710902175
Done!
+++++++++++++++++++++++++++++
+++++ gamma =  2 +++++
+++++++++++++++++++++++++++++
Estimate exposure user photos ...
Done!
#### CLUSTERING ####
Calculate clustering photo features ...
Done!
Calculate clusters of users ...
Done!
##### REGRESSION #####
Calculate regression features ...
Done!
Combine and convert to numpy format ...
   job_search_IT
Number of training data:  63
Number of test data:  28
   bank_credit
Number of training data:  64
Number of test data:  28
   job_search_waiter_waitress
Number of training data:  67
Number of test data:  30
   accommodation_search
Number of training data:  69
Number of test data:  30
Done!
********************************************
  job_search_IT
Searching best parameters by regressor ...
Best parameters:
{'C': 1, 'gamma': 0.001, 'kernel': 'linear'}
Evaluation on train sets: 
Pearson score:  0.3918764742419985
mse:  0.19144964423135744
Evaluation on test sets: 
pearson score:  0.18696123241006157
mse:  0.17730218548119275
********************************************
  bank_credit
Searching best parameters by regressor ...
Best parameters:
{'C': 5, 'gamma': 0.001, 'kernel': 'linear'}
Evaluation on train sets: 
Pearson score:  0.35492055806404793
mse:  0.26739198164897293
Evaluation on test sets: 
pearson score:  0.3433215740702105
mse:  0.44953093520525794
********************************************
  job_search_waiter_waitress
Searching best parameters by regressor ...
Best parameters:
{'C': 1, 'gamma': 0.001, 'kernel': 'linear'}
Evaluation on train sets: 
Pearson score:  0.4957761111131982
mse:  0.19208185959442892
Evaluation on test sets: 
pearson score:  0.0278769415589374
mse:  0.27480919121702335
********************************************
  accommodation_search
Searching best parameters by regressor ...
Best parameters:
{'C': 10, 'gamma': 0.001, 'kernel': 'rbf'}
Evaluation on train sets: 
Pearson score:  0.39573379494151395
mse:  0.26450068926473913
Evaluation on test sets: 
pearson score:  0.3708597067640178
mse:  0.23675719027803319
Done!
+++++++++++++++++++++++++++++
+++++ gamma =  3 +++++
+++++++++++++++++++++++++++++
Estimate exposure user photos ...
Done!
#### CLUSTERING ####
Calculate clustering photo features ...
Done!
Calculate clusters of users ...
Done!
##### REGRESSION #####
Calculate regression features ...
Done!
Combine and convert to numpy format ...
   job_search_IT
Number of training data:  63
Number of test data:  28
   bank_credit
Number of training data:  64
Number of test data:  28
   job_search_waiter_waitress
Number of training data:  67
Number of test data:  30
   accommodation_search
Number of training data:  69
Number of test data:  30
Done!
********************************************
  job_search_IT
Searching best parameters by regressor ...
Best parameters:
{'C': 5, 'gamma': 0.001, 'kernel': 'rbf'}
Evaluation on train sets: 
Pearson score:  0.3716424347261089
mse:  0.20618503931416549
Evaluation on test sets: 
pearson score:  0.18453631680271865
mse:  0.1736962042277543
********************************************
  bank_credit
Searching best parameters by regressor ...
Best parameters:
{'C': 1, 'gamma': 0.001, 'kernel': 'rbf'}
Evaluation on train sets: 
Pearson score:  0.24134582166997215
mse:  0.28566383452163185
Evaluation on test sets: 
pearson score:  0.16942055723563676
mse:  0.25281542357677644
********************************************
  job_search_waiter_waitress
Searching best parameters by regressor ...
Best parameters:
{'C': 7, 'gamma': 0.0001, 'kernel': 'rbf'}
Evaluation on train sets: 
Pearson score:  0.26658782917064394
mse:  0.23303020656329917
Evaluation on test sets: 
pearson score:  0.10890701142335148
mse:  0.24165260559337992
********************************************
  accommodation_search
Searching best parameters by regressor ...
Best parameters:
{'C': 7, 'gamma': 0.001, 'kernel': 'rbf'}
Evaluation on train sets: 
Pearson score:  0.38485138640206773
mse:  0.26673576873023264
Evaluation on test sets: 
pearson score:  0.3596535839005869
mse:  0.2418029963357081
Done!
Saving files ...
**** Plotting gamma ....
Done!
