##########################################
######## Focusing Exposure Search ########
###########################################
Estimate exposure user photos ...
Done!
#### CLUSTERING ####
Calculate clustering photo features ...
Done!
Calculate clusters of users ...
Done!
##### REGRESSION #####
Calculate regression features ...
Done!
Split into train and test sets ...
   job_search_IT
     nb of users:  99
     train profiles: 80
   bank_credit
     nb of users:  99
     train profiles: 80
   job_search_waiter_waitress
     nb of users:  99
     train profiles: 80
   accommodation_search
     nb of users:  99
     train profiles: 80
Done!
********************************************
  job_search_IT
Searching best parameters by regressor ...
Best parameters:
{'C': 1, 'gamma': 0.001, 'kernel': 'linear'}
Evaluation on train sets: 
Pearson score:  0.5172637164952457
mse:  0.14961814781811447
Evaluation on test sets: 
pearson score:  0.1889300369428168
mse:  0.24020493234931264
********************************************
  bank_credit
Searching best parameters by regressor ...
Best parameters:
{'C': 10, 'gamma': 0.0001, 'kernel': 'sigmoid'}
Evaluation on train sets: 
Pearson score:  0.2697039136064059
mse:  0.293586153828577
Evaluation on test sets: 
pearson score:  0.38040509876643647
mse:  0.20113626423031175
********************************************
  job_search_waiter_waitress
Searching best parameters by regressor ...
Best parameters:
{'C': 10, 'gamma': 0.001, 'kernel': 'linear'}
Evaluation on train sets: 
Pearson score:  0.6451068221623887
mse:  0.13872121565665202
Evaluation on test sets: 
pearson score:  0.4648220427108471
mse:  0.21628902906350342
********************************************
  accommodation_search
Searching best parameters by regressor ...
Best parameters:
{'C': 10, 'gamma': 0.0001, 'kernel': 'sigmoid'}
Evaluation on train sets: 
Pearson score:  0.3206425920532293
mse:  0.29275628160444045
Evaluation on test sets: 
pearson score:  0.5068029097095553
mse:  0.22160804231405087
Done!
Estimate exposure user photos ...
Done!
#### CLUSTERING ####
Calculate clustering photo features ...
Done!
Calculate clusters of users ...
Done!
##### REGRESSION #####
Calculate regression features ...
Done!
Split into train and test sets ...
   job_search_IT
     nb of users:  99
     train profiles: 80
   bank_credit
     nb of users:  99
     train profiles: 80
   job_search_waiter_waitress
     nb of users:  99
     train profiles: 80
   accommodation_search
     nb of users:  99
     train profiles: 80
Done!
********************************************
  job_search_IT
Searching best parameters by regressor ...
Best parameters:
{'C': 5, 'gamma': 0.001, 'kernel': 'sigmoid'}
Evaluation on train sets: 
Pearson score:  0.5112301228081219
mse:  0.159873866549117
Evaluation on test sets: 
pearson score:  0.4606992468107177
mse:  0.18553222915866882
********************************************
  bank_credit
Searching best parameters by regressor ...
Best parameters:
{'C': 7, 'gamma': 0.001, 'kernel': 'sigmoid'}
Evaluation on train sets: 
Pearson score:  -0.12274033359453154
mse:  8.744863202713914
Evaluation on test sets: 
pearson score:  0.546882416167479
mse:  1.3046130889583376
********************************************
  job_search_waiter_waitress
Searching best parameters by regressor ...
Best parameters:
{'C': 1, 'gamma': 0.001, 'kernel': 'linear'}
Evaluation on train sets: 
Pearson score:  0.6882940372314587
mse:  0.12546959008840114
Evaluation on test sets: 
pearson score:  0.07937303233220516
mse:  0.4264686827804761
********************************************
  accommodation_search
Searching best parameters by regressor ...
Best parameters:
{'C': 1, 'gamma': 1e-05, 'kernel': 'sigmoid'}
Evaluation on train sets: 
Pearson score:  0.24103161932576433
mse:  0.3205698321879669
Evaluation on test sets: 
pearson score:  0.38991417429021136
mse:  0.27077322002761683
Done!
Estimate exposure user photos ...
Done!
#### CLUSTERING ####
Calculate clustering photo features ...
Done!
Calculate clusters of users ...
Done!
##### REGRESSION #####
Calculate regression features ...
Done!
Split into train and test sets ...
   job_search_IT
     nb of users:  99
     train profiles: 80
   bank_credit
     nb of users:  99
     train profiles: 80
   job_search_waiter_waitress
     nb of users:  99
     train profiles: 80
   accommodation_search
     nb of users:  99
     train profiles: 80
Done!
********************************************
  job_search_IT
Searching best parameters by regressor ...
Best parameters:
{'C': 5, 'gamma': 0.0001, 'kernel': 'sigmoid'}
Evaluation on train sets: 
Pearson score:  0.24526678381201872
mse:  0.19064061708402807
Evaluation on test sets: 
pearson score:  -0.2029731584526926
mse:  0.24044238866115886
********************************************
  bank_credit
Searching best parameters by regressor ...
Best parameters:
{'C': 1, 'gamma': 1e-05, 'kernel': 'sigmoid'}
Evaluation on train sets: 
Pearson score:  0.2534920053676881
mse:  0.28810192847010196
Evaluation on test sets: 
pearson score:  0.3936537116244681
mse:  0.2049921906879097
********************************************
  job_search_waiter_waitress
Searching best parameters by regressor ...
Best parameters:
{'C': 1, 'gamma': 0.001, 'kernel': 'linear'}
Evaluation on train sets: 
Pearson score:  0.7155617940782885
mse:  0.1169699606777113
Evaluation on test sets: 
pearson score:  -0.1326629650652613
mse:  1.4329697339662868
********************************************
  accommodation_search
Searching best parameters by regressor ...
Best parameters:
{'C': 1, 'gamma': 1e-05, 'kernel': 'sigmoid'}
Evaluation on train sets: 
Pearson score:  0.22690694925694016
mse:  0.3140547951321814
Evaluation on test sets: 
pearson score:  0.37676524140456913
mse:  0.2692026453175498
Done!
Estimate exposure user photos ...
Done!
#### CLUSTERING ####
Calculate clustering photo features ...
Done!
Calculate clusters of users ...
Done!
##### REGRESSION #####
Calculate regression features ...
Done!
Split into train and test sets ...
   job_search_IT
     nb of users:  99
     train profiles: 80
   bank_credit
     nb of users:  99
     train profiles: 80
   job_search_waiter_waitress
     nb of users:  99
     train profiles: 80
   accommodation_search
     nb of users:  99
     train profiles: 80
Done!
********************************************
  job_search_IT
Searching best parameters by regressor ...
Best parameters:
{'C': 10, 'gamma': 0.001, 'kernel': 'linear'}
Evaluation on train sets: 
Pearson score:  0.47267260972978076
mse:  0.15924264388868098
Evaluation on test sets: 
pearson score:  0.31917042581299426
mse:  0.4918998258302647
********************************************
  bank_credit
Searching best parameters by regressor ...
Best parameters:
{'C': 1, 'gamma': 1e-05, 'kernel': 'sigmoid'}
Evaluation on train sets: 
Pearson score:  0.06765097125788858
mse:  0.3378194601993504
Evaluation on test sets: 
pearson score:  0.43011013092363665
mse:  0.20648699051844188
********************************************
  job_search_waiter_waitress
Searching best parameters by regressor ...
Best parameters:
{'C': 1, 'gamma': 0.001, 'kernel': 'linear'}
Evaluation on train sets: 
Pearson score:  0.7157370000846661
mse:  0.11648819389760293
Evaluation on test sets: 
pearson score:  -0.09049333068517137
mse:  2.742082147551867
********************************************
  accommodation_search
Searching best parameters by regressor ...
Best parameters:
{'C': 5, 'gamma': 1e-05, 'kernel': 'rbf'}
Evaluation on train sets: 
Pearson score:  0.3164188960912664
mse:  0.2908629906237902
Evaluation on test sets: 
pearson score:  0.40079385670118367
mse:  0.24131250619048403
Done!
Saving files ...
