Estimate exposure user photos ...
Done!
####################
#### CLUSTERING ####
####################
Calculate clustering photo features ...
Done!
Calculate clusters of users ...
Done!
######################
##### REGRESSION #####
######################
Calculate regression features ...
Done!
Split into train and test sets ...
   job_search_IT
     nb of users:  99
     train profiles: 80
   bank_credit
     nb of users:  99
     train profiles: 80
   job_search_waiter_waitress
     nb of users:  99
     train profiles: 80
   accommodation_search
     nb of users:  99
     train profiles: 80
Done!
Train and test regressor by situation ...
  job_search_IT
Training...
Testing...
train
gt =  0.7142857142857143  prediction = 0.37711255934926774
gt =  0.8571428571428571  prediction = 0.368441313101936
gt =  0.7142857142857143  prediction = 0.3780172826786588
gt =  0.8571428571428571  prediction = 0.4493355672877218
gt =  0.0  prediction = 0.3624664196692509
gt =  0.0  prediction = 0.36517628373880456
gt =  -0.14285714285714285  prediction = 0.36501713318725854
gt =  0.8571428571428571  prediction = 0.4167390063174005
gt =  0.7142857142857143  prediction = 0.6143855447672989
gt =  0.42857142857142855  prediction = 0.3951471890520764
gt =  -0.14285714285714285  prediction = 0.39425028379518506
gt =  0.8571428571428571  prediction = 0.40936347538283485
gt =  -0.5714285714285714  prediction = 0.28283353523009763
gt =  0.2857142857142857  prediction = 0.40424679398751245
gt =  0.14285714285714285  prediction = 0.059995669616844834
gt =  0.42857142857142855  prediction = 0.3766590350168683
gt =  0.42857142857142855  prediction = 0.3470585310946212
gt =  -0.42857142857142855  prediction = -0.3287146092899036
gt =  0.42857142857142855  prediction = 0.38627416733966763
gt =  0.14285714285714285  prediction = 0.4096081284468834
gt =  0.5714285714285714  prediction = 0.3694480435882091
gt =  0.7142857142857143  prediction = 0.385858641342747
gt =  0.0  prediction = 0.4368616215866325
gt =  0.8571428571428571  prediction = 0.4583896787858584
gt =  0.14285714285714285  prediction = 0.35985716005103213
gt =  0.2857142857142857  prediction = 0.4437398828569567
gt =  0.42857142857142855  prediction = 0.32861083802959995
gt =  0.5714285714285714  prediction = 0.4462315162394101
gt =  0.5714285714285714  prediction = 0.37933413455177695
gt =  0.2857142857142857  prediction = 0.3903480162281297
gt =  1.1428571428571428  prediction = 0.4980906671605983
gt =  0.42857142857142855  prediction = 0.38775763713372874
gt =  0.7142857142857143  prediction = 0.4402351211903171
gt =  -0.14285714285714285  prediction = 0.332009568179276
gt =  0.14285714285714285  prediction = 0.3447357475818658
gt =  -0.2857142857142857  prediction = 0.4903251651004316
gt =  -0.2857142857142857  prediction = 0.4304951185263914
gt =  0.42857142857142855  prediction = 0.36079753033112444
gt =  -0.42857142857142855  prediction = -0.32829872600923804
gt =  0.42857142857142855  prediction = 0.3764429321718003
gt =  0.8571428571428571  prediction = 0.4258850044145665
gt =  0.0  prediction = 0.36672064876653526
gt =  0.8571428571428571  prediction = 0.3853598230136947
gt =  0.5714285714285714  prediction = 0.43906058622043814
gt =  -0.2857142857142857  prediction = -0.1620761665299782
gt =  0.5  prediction = 0.35316917817597276
gt =  2.0  prediction = 0.510215151891202
gt =  0.7142857142857143  prediction = 0.38254435449416774
gt =  0.14285714285714285  prediction = 0.3842411718804258
gt =  0.14285714285714285  prediction = 0.32074814087153364
gt =  0.2857142857142857  prediction = 0.38574161511795574
gt =  0.42857142857142855  prediction = 0.4416079390654865
gt =  -0.2857142857142857  prediction = 0.3802126487145909
gt =  0.5714285714285714  prediction = 0.37903146424641937
gt =  -0.2857142857142857  prediction = 0.3937918510570038
gt =  0.7142857142857143  prediction = 0.4303232500575634
gt =  0.2857142857142857  prediction = 0.4647641252948536
gt =  0.2857142857142857  prediction = 0.3958282473078993
gt =  0.7142857142857143  prediction = 0.43208872352220845
gt =  0.2857142857142857  prediction = 0.38598667594462793
gt =  0.5714285714285714  prediction = 0.42921286052561197
gt =  -0.2857142857142857  prediction = 0.41982513460509935
gt =  1.1428571428571428  prediction = 0.4295891683563317
gt =  0.42857142857142855  prediction = 0.40459564851416413
gt =  0.7142857142857143  prediction = 0.3519556544888743
gt =  0.14285714285714285  prediction = 0.04262895242719702
gt =  1.5714285714285714  prediction = 0.34583407309907405
gt =  0.42857142857142855  prediction = 0.42485748327850587
gt =  0.2857142857142857  prediction = 0.38571426355024413
gt =  0.5714285714285714  prediction = 0.4710884269978964
gt =  0.2857142857142857  prediction = 0.4201449572846752
gt =  0.14285714285714285  prediction = 0.26689479000458477
gt =  0.0  prediction = 0.34776394749619605
gt =  0.5714285714285714  prediction = 0.43991430350991506
gt =  0.8571428571428571  prediction = 0.37626599522801724
gt =  0.8571428571428571  prediction = 0.39890203750627157
gt =  0.42857142857142855  prediction = 0.3975171442811804
gt =  -0.14285714285714285  prediction = 0.38546890898693337
gt =  1.0  prediction = 0.4061903590933839
gt =  0.2857142857142857  prediction = 0.4409481399185628
Pearson correlation =  0.4364691712924582
test
gt =  0.5714285714285714  prediction = 0.38459925483420127
gt =  0.8571428571428571  prediction = 0.4276859939112327
gt =  0.2857142857142857  prediction = 0.36649581934988346
gt =  0.42857142857142855  prediction = 0.3836309867128918
gt =  0.7142857142857143  prediction = 0.049676206623412454
gt =  1.0  prediction = 0.43283442873137506
gt =  0.8571428571428571  prediction = 0.36143755254456017
gt =  1.1428571428571428  prediction = 0.2669577225808549
gt =  0.25  prediction = 0.3270603300195963
gt =  0.42857142857142855  prediction = 0.4321414988095164
gt =  1.1428571428571428  prediction = 0.37429177708804456
gt =  0.14285714285714285  prediction = 0.39898680761108024
gt =  -0.14285714285714285  prediction = 0.4358650433253602
gt =  0.42857142857142855  prediction = 0.45110430923754724
gt =  0.14285714285714285  prediction = 0.360034157915832
gt =  1.4285714285714286  prediction = 0.4293471406535952
gt =  0.5714285714285714  prediction = 0.3203485634117557
gt =  1.1428571428571428  prediction = 0.532734997482685
gt =  0.0  prediction = -0.23620615525522204
Pearson correlation =  0.2808992645653837
  bank_credit
Training...
Testing...
train
gt =  -0.42857142857142855  prediction = 0.23738090114003924
gt =  0.42857142857142855  prediction = 0.2688418787631078
gt =  0.5714285714285714  prediction = 0.34821318844568633
gt =  1.0  prediction = 0.37403220258772557
gt =  -0.42857142857142855  prediction = 0.12735630945431325
gt =  -0.14285714285714285  prediction = 0.15212856791911883
gt =  0.14285714285714285  prediction = 0.17069667704751207
gt =  0.7142857142857143  prediction = 0.27380289108983796
gt =  0.14285714285714285  prediction = 0.17608055885102808
gt =  0.5714285714285714  prediction = 0.2030000835660591
gt =  -0.2857142857142857  prediction = 0.34728292725039395
gt =  0.5714285714285714  prediction = 0.2153020363912193
gt =  -0.5714285714285714  prediction = -0.32660167696363973
gt =  0.0  prediction = 0.2436064753775779
gt =  -0.5714285714285714  prediction = 0.2506826162485057
gt =  0.14285714285714285  prediction = 0.24277115896693963
gt =  0.8571428571428571  prediction = 0.322210102248425
gt =  -0.7142857142857143  prediction = -0.6147409028350623
gt =  0.2857142857142857  prediction = 0.2638913419861482
gt =  -0.14285714285714285  prediction = 0.20687694390562456
gt =  0.8571428571428571  prediction = 0.2409324539247943
gt =  0.7142857142857143  prediction = 0.3409534703452864
gt =  -0.2857142857142857  prediction = 0.22799024560101439
gt =  1.1428571428571428  prediction = 0.2064719605023833
gt =  0.5714285714285714  prediction = 0.3714320504105973
gt =  0.14285714285714285  prediction = 0.3638695167731379
gt =  0.14285714285714285  prediction = 0.05385083433876074
gt =  0.42857142857142855  prediction = 0.3281362701638431
gt =  0.5714285714285714  prediction = 0.2566751489796885
gt =  -0.5714285714285714  prediction = 0.24725512774033115
gt =  1.4285714285714286  prediction = 0.37406304174822275
gt =  0.2857142857142857  prediction = 0.34987078377166564
gt =  0.8571428571428571  prediction = 0.7575552337278466
gt =  0.0  prediction = 0.1484786155840186
gt =  -0.14285714285714285  prediction = 0.2432943690653135
gt =  -0.5714285714285714  prediction = 0.2394495367997646
gt =  -0.7142857142857143  prediction = -0.6139709062207367
gt =  0.14285714285714285  prediction = 0.1778066427251313
gt =  -0.2857142857142857  prediction = -0.18530390318289328
gt =  0.2857142857142857  prediction = 0.38527923803832126
gt =  0.5714285714285714  prediction = 0.18904976666562673
gt =  -0.2857142857142857  prediction = 0.20194505455773953
gt =  0.5714285714285714  prediction = 0.19929439909547148
gt =  0.7142857142857143  prediction = 0.23073490759625365
gt =  0.0  prediction = -0.10008479315820032
gt =  0.625  prediction = 0.24717840000733776
gt =  1.0  prediction = 0.208659713865384
gt =  0.7142857142857143  prediction = 0.27045256340349794
gt =  -0.2857142857142857  prediction = 0.21983981456710106
gt =  -0.14285714285714285  prediction = 0.18533856143918087
gt =  0.14285714285714285  prediction = 0.25705763937341325
gt =  0.2857142857142857  prediction = 0.18542176155023982
gt =  -1.2857142857142858  prediction = 0.24427504323711352
gt =  0.2857142857142857  prediction = 0.2505953241668834
gt =  -0.14285714285714285  prediction = 0.315209242626629
gt =  0.42857142857142855  prediction = 0.11420707966645642
gt =  -0.2857142857142857  prediction = -0.18543457710909367
gt =  0.8571428571428571  prediction = 0.34351129302298483
gt =  0.2857142857142857  prediction = 0.21794505673275505
gt =  0.0  prediction = -0.16871088747953683
gt =  -0.14285714285714285  prediction = 0.19042905037924424
gt =  -0.8571428571428571  prediction = 0.14970131859590513
gt =  0.7142857142857143  prediction = 0.21695105508559515
gt =  -0.2857142857142857  prediction = 0.2951756393332318
gt =  0.42857142857142855  prediction = 0.29951092852751676
gt =  0.0  prediction = -0.09962870948980825
gt =  1.4285714285714286  prediction = 0.27700754096069197
gt =  -0.14285714285714285  prediction = 0.21668810341082806
gt =  0.2857142857142857  prediction = 0.17342045517265464
gt =  -0.7142857142857143  prediction = 0.20465442585562849
gt =  0.5714285714285714  prediction = 0.18355840426746223
gt =  0.42857142857142855  prediction = 0.3541183230083215
gt =  -0.42857142857142855  prediction = 0.3083945788049492
gt =  0.2857142857142857  prediction = 0.2169539265997718
gt =  0.8571428571428571  prediction = 0.2552675645859482
gt =  0.0  prediction = 0.23601957897000486
gt =  0.42857142857142855  prediction = 0.2625513033643316
gt =  -1.0  prediction = 0.04175031475061068
gt =  0.8571428571428571  prediction = 0.32518337428544536
gt =  -0.2857142857142857  prediction = 0.2586178509415456
Pearson correlation =  0.44884789512656875
test
gt =  0.42857142857142855  prediction = 0.23963386475978016
gt =  0.8571428571428571  prediction = 0.3292652240332746
gt =  -0.14285714285714285  prediction = 0.25314376822238466
gt =  0.42857142857142855  prediction = 0.20385603777460887
gt =  0.14285714285714285  prediction = 0.22617655377471563
gt =  0.5714285714285714  prediction = 0.06548535685194994
gt =  0.5714285714285714  prediction = 0.23619798763080152
gt =  0.14285714285714285  prediction = 0.1488078760070512
gt =  -0.25  prediction = 0.3597601014189216
gt =  0.2857142857142857  prediction = 0.16967124431816522
gt =  0.8571428571428571  prediction = 0.23209746053089247
gt =  -0.14285714285714285  prediction = 0.21738792944438406
gt =  -0.8571428571428571  prediction = -0.29229797312042016
gt =  0.2857142857142857  prediction = 0.32427009788088307
gt =  0.14285714285714285  prediction = 0.06113508100447844
gt =  1.0  prediction = 0.2909866306241142
gt =  0.42857142857142855  prediction = 0.3147557800902789
gt =  0.8571428571428571  prediction = 0.31615135776950637
gt =  0.0  prediction = 0.008081335531773037
Pearson correlation =  0.5877355703036282
  job_search_waiter_waitress
Training...
Testing...
train
gt =  0.14285714285714285  prediction = 0.410089880217139
gt =  0.14285714285714285  prediction = 0.47696350481242933
gt =  1.1428571428571428  prediction = 0.44467707124555933
gt =  1.1428571428571428  prediction = 0.4385574105073835
gt =  0.14285714285714285  prediction = 0.3460268964530042
gt =  1.4285714285714286  prediction = 0.5810241947244774
gt =  1.0  prediction = 0.4102735821644812
gt =  0.0  prediction = 0.39212840511427494
gt =  0.7142857142857143  prediction = 0.614423297316686
gt =  0.5714285714285714  prediction = 0.4790533763068273
gt =  1.4285714285714286  prediction = 0.72491629564143
gt =  0.42857142857142855  prediction = 0.3674029934160288
gt =  0.0  prediction = 0.44537696377377856
gt =  0.42857142857142855  prediction = 0.4715953558852676
gt =  0.2857142857142857  prediction = 0.46635932627618626
gt =  0.5714285714285714  prediction = 0.499671097931894
gt =  0.42857142857142855  prediction = 0.399329911403954
gt =  0.5714285714285714  prediction = 0.3390945342606254
gt =  0.14285714285714285  prediction = 0.33165372039988494
gt =  0.42857142857142855  prediction = 0.7334047809863836
gt =  0.7142857142857143  prediction = 0.4195437165460262
gt =  1.0  prediction = 0.4245399336610206
gt =  0.5714285714285714  prediction = 0.4716018759738895
gt =  0.42857142857142855  prediction = 0.32828433917459265
gt =  0.5714285714285714  prediction = 0.4545592613964934
gt =  1.1428571428571428  prediction = 0.46571720444941933
gt =  0.42857142857142855  prediction = 0.4294792306254631
gt =  1.0  prediction = 0.4670497488630305
gt =  0.5714285714285714  prediction = 0.4426912196819007
gt =  1.1428571428571428  prediction = 0.35894772126756913
gt =  0.0  prediction = 0.4173005885052248
gt =  0.5714285714285714  prediction = 0.3904010980052721
gt =  0.42857142857142855  prediction = 0.32872884880459274
gt =  0.14285714285714285  prediction = 0.24354742412405334
gt =  0.42857142857142855  prediction = 0.42097398030086997
gt =  0.7142857142857143  prediction = 0.5638279266686846
gt =  -0.42857142857142855  prediction = 0.3237255347572391
gt =  0.5714285714285714  prediction = 0.47862103677715173
gt =  -0.8571428571428571  prediction = -0.18302232212035396
gt =  0.0  prediction = 0.3240277925897368
gt =  0.8571428571428571  prediction = 0.7212714442051489
gt =  0.0  prediction = 0.3477530625780725
gt =  -0.14285714285714285  prediction = 0.44717978828628147
gt =  -0.5714285714285714  prediction = 0.5862467389356412
gt =  -1.0  prediction = 0.08015533108749073
gt =  0.625  prediction = 0.347318576658035
gt =  0.7142857142857143  prediction = 0.32701486280051373
gt =  0.14285714285714285  prediction = 0.4175422803736759
gt =  0.5714285714285714  prediction = 0.48165244907016613
gt =  1.2857142857142858  prediction = 0.5792071702046553
gt =  0.0  prediction = 0.29936068409527505
gt =  -0.2857142857142857  prediction = 0.3831315252363868
gt =  -0.42857142857142855  prediction = 0.35068940195346177
gt =  0.5714285714285714  prediction = 0.47115878014643364
gt =  0.42857142857142855  prediction = 0.49004238009369216
gt =  0.2857142857142857  prediction = 0.4251835327853213
gt =  1.1428571428571428  prediction = 0.5084960513413013
gt =  0.7142857142857143  prediction = 0.5352795970905714
gt =  0.2857142857142857  prediction = 0.2706327623792237
gt =  0.14285714285714285  prediction = 0.04282918319668849
gt =  0.2857142857142857  prediction = 0.3980525724514232
gt =  0.8571428571428571  prediction = 0.685483388006504
gt =  0.14285714285714285  prediction = 0.4555650408413936
gt =  0.42857142857142855  prediction = 0.5282673270708504
gt =  0.42857142857142855  prediction = 0.4505765856736855
gt =  -0.14285714285714285  prediction = 0.4737500379369993
gt =  0.42857142857142855  prediction = 0.32947979416823436
gt =  1.4285714285714286  prediction = 0.6199022994275145
gt =  0.2857142857142857  prediction = 0.38544435759223505
gt =  1.0  prediction = 0.47919112428463395
gt =  0.0  prediction = 0.3900624637521036
gt =  0.7142857142857143  prediction = 0.39380895236874824
gt =  0.14285714285714285  prediction = 0.23914303836155926
gt =  0.42857142857142855  prediction = 0.5325424632465796
gt =  -0.14285714285714285  prediction = 0.4051133756144263
gt =  0.8571428571428571  prediction = 0.43419197598086756
gt =  0.7142857142857143  prediction = 0.47868765379891043
gt =  0.7142857142857143  prediction = 0.5746974486255118
gt =  0.42857142857142855  prediction = 0.4205299228469671
gt =  0.0  prediction = 0.3981594194115524
Pearson correlation =  0.5676118215357798
test
gt =  0.42857142857142855  prediction = 0.42465083340331544
gt =  0.7142857142857143  prediction = 0.41413413063356386
gt =  0.7142857142857143  prediction = 0.4030532651823815
gt =  0.2857142857142857  prediction = 0.45147070479814755
gt =  0.0  prediction = 0.37304991622188777
gt =  0.7142857142857143  prediction = 0.2680417692714803
gt =  0.5714285714285714  prediction = 0.25589717675446766
gt =  0.7142857142857143  prediction = 0.32026533101443844
gt =  1.0  prediction = 0.3277607624132718
gt =  -0.2857142857142857  prediction = 0.442011471379651
gt =  0.5714285714285714  prediction = 0.37650371859594955
gt =  1.5714285714285714  prediction = 0.5905685816069718
gt =  0.7142857142857143  prediction = 0.3948950245851587
gt =  1.0  prediction = 0.3959060885038952
gt =  0.14285714285714285  prediction = 0.2566336904074148
gt =  0.5714285714285714  prediction = 0.38712067809693296
gt =  -0.42857142857142855  prediction = 0.34621576346897953
gt =  1.0  prediction = 0.47166653813993753
gt =  0.7142857142857143  prediction = 0.358518627333406
Pearson correlation =  0.3324750382899629
  accommodation_search
Training...
Testing...
train
gt =  -0.14285714285714285  prediction = 0.22290847501705974
gt =  1.0  prediction = 0.2248882767572376
gt =  0.8571428571428571  prediction = 0.31348359087844485
gt =  0.8571428571428571  prediction = 0.37014925645266067
gt =  0.0  prediction = 0.29396761906536256
gt =  -0.14285714285714285  prediction = 0.049244561555320046
gt =  0.2857142857142857  prediction = 0.2091447747266843
gt =  0.7142857142857143  prediction = 0.2986036425499817
gt =  0.14285714285714285  prediction = 0.04267921807341947
gt =  0.42857142857142855  prediction = 0.29598402931738205
gt =  0.0  prediction = 0.24385647227210433
gt =  0.8571428571428571  prediction = 0.29542731758661406
gt =  -0.7142857142857143  prediction = -0.4290436128518272
gt =  -0.2857142857142857  prediction = 0.3358709008464789
gt =  0.2857142857142857  prediction = 0.18580391368406862
gt =  0.0  prediction = 0.24179630392930845
gt =  0.8571428571428571  prediction = 0.3031162252039233
gt =  -0.8571428571428571  prediction = -0.7569554337339607
gt =  0.42857142857142855  prediction = 0.3689149544826423
gt =  -0.14285714285714285  prediction = 0.15983421990146024
gt =  1.0  prediction = 0.2862865917541552
gt =  1.0  prediction = 0.28825513688094156
gt =  0.0  prediction = 0.17845482385624362
gt =  1.0  prediction = 0.2369466923365659
gt =  0.42857142857142855  prediction = 0.2232676883146168
gt =  -0.2857142857142857  prediction = 0.17285143526859864
gt =  -0.2857142857142857  prediction = -0.18558674074668707
gt =  0.2857142857142857  prediction = 0.28574933316185785
gt =  0.7142857142857143  prediction = 0.12268970759041194
gt =  -0.7142857142857143  prediction = 0.34317622500967754
gt =  1.1428571428571428  prediction = 0.23667303899762554
gt =  0.7142857142857143  prediction = 0.3361547021693449
gt =  0.7142857142857143  prediction = 0.38248362737507935
gt =  -0.14285714285714285  prediction = 0.2323093109335373
gt =  0.14285714285714285  prediction = 0.3537646234680481
gt =  0.0  prediction = 0.12555004368520944
gt =  -0.2857142857142857  prediction = -0.4054218523035842
gt =  -0.14285714285714285  prediction = -0.0660459437825132
gt =  -0.42857142857142855  prediction = -0.32848168972124075
gt =  0.7142857142857143  prediction = 0.48918401791425664
gt =  0.42857142857142855  prediction = -0.0915359803035986
gt =  -0.5714285714285714  prediction = 0.2741130266370248
gt =  1.2857142857142858  prediction = 0.22207060595290212
gt =  0.42857142857142855  prediction = 0.2996074542443801
gt =  -0.7142857142857143  prediction = -0.31590965652030445
gt =  0.625  prediction = 0.2503992911586274
gt =  0.8571428571428571  prediction = 0.19010837224515625
gt =  0.7142857142857143  prediction = 0.3991565351657382
gt =  0.0  prediction = 0.10578445273995614
gt =  -0.14285714285714285  prediction = 0.16154674326909407
gt =  0.14285714285714285  prediction = 0.15223505626353334
gt =  -0.14285714285714285  prediction = -0.0925759097293169
gt =  -1.1428571428571428  prediction = 0.34543001300939097
gt =  -0.14285714285714285  prediction = 0.23546365017378995
gt =  -0.2857142857142857  prediction = 0.27722562264151945
gt =  0.42857142857142855  prediction = -0.2585997505118836
gt =  -0.8571428571428571  prediction = -0.4553376206373269
gt =  1.1428571428571428  prediction = 0.22447622005070272
gt =  0.2857142857142857  prediction = 0.24226524214028805
gt =  -0.14285714285714285  prediction = -0.08821895279766166
gt =  -0.14285714285714285  prediction = -0.02721282490128811
gt =  -0.42857142857142855  prediction = 0.07181511415270565
gt =  0.5714285714285714  prediction = 0.1960662645715821
gt =  0.0  prediction = 0.0327440446087582
gt =  0.5714285714285714  prediction = 0.3758981166301864
gt =  -0.2857142857142857  prediction = -0.18552717742919467
gt =  1.5714285714285714  prediction = 0.3512300646847762
gt =  -0.2857142857142857  prediction = 0.022764829994974714
gt =  -0.2857142857142857  prediction = -0.18621790587234116
gt =  -0.5714285714285714  prediction = 0.035802260470064476
gt =  0.42857142857142855  prediction = 0.2123685907651392
gt =  0.0  prediction = 0.3233269655270051
gt =  -0.2857142857142857  prediction = 0.3439474293885261
gt =  0.7142857142857143  prediction = 0.3488113087952775
gt =  0.8571428571428571  prediction = 0.32312582360299086
gt =  -0.14285714285714285  prediction = 0.228524425057181
gt =  0.14285714285714285  prediction = 0.33614632032538133
gt =  -0.42857142857142855  prediction = -0.12160105671000669
gt =  0.42857142857142855  prediction = 0.128882042488703
gt =  0.2857142857142857  prediction = 0.3283507938845945
Pearson correlation =  0.5353911404515657
test
gt =  0.42857142857142855  prediction = -0.1339355151743123
gt =  0.8571428571428571  prediction = 0.3389677279229189
gt =  0.2857142857142857  prediction = 0.23728475398086885
gt =  0.5714285714285714  prediction = 0.1754676846905377
gt =  0.2857142857142857  prediction = -0.1424090932684622
gt =  0.8571428571428571  prediction = 0.06590085176527967
gt =  0.7142857142857143  prediction = 0.2703225482659141
gt =  0.2857142857142857  prediction = 0.27918131586376954
gt =  0.25  prediction = 0.19750990159358334
gt =  0.5714285714285714  prediction = -0.10940723495204822
gt =  0.42857142857142855  prediction = 0.24662881471748072
gt =  0.0  prediction = 0.24070375429168261
gt =  -0.7142857142857143  prediction = -0.4131524645103429
gt =  0.42857142857142855  prediction = 0.3732460628028161
gt =  0.14285714285714285  prediction = -0.5018279793975667
gt =  1.2857142857142858  prediction = 0.29307129234158386
gt =  0.42857142857142855  prediction = 0.21870682983699158
gt =  0.8571428571428571  prediction = 0.25039261962813847
gt =  0.14285714285714285  prediction = -0.6706235874161107
Pearson correlation =  0.5345915423036125
Done!
