##########################################
######## Focusing Exposure Search ########
###########################################
+++++++++++++++++++++++++++++
+++++ gamma =  0 +++++
+++++++++++++++++++++++++++++
Estimate exposure user photos ...
Done!
#### CLUSTERING ####
Calculate clustering photo features ...
Done!
Calculate clusters of users ...
Done!
##### REGRESSION #####
Calculate regression features ...
Done!
Combine and convert to numpy format ...
   job_search_IT
Number of training data:  61
Number of test data:  27
   bank_credit
Number of training data:  57
Number of test data:  24
   job_search_waiter_waitress
Number of training data:  64
Number of test data:  29
   accommodation_search
Number of training data:  69
Number of test data:  30
      job_search_IT
x_train:  [ 0.         -1.73717022  1.73717022  0.23803964 -0.08647328  0.9813603 ]   y_train:  -0.2857142857142857
x_train:  [ 0.         -0.24802593  0.62927723  0.         -1.79223031  2.54008168]   y_train:  -0.42857142857142855
x_train:  [ 0.         -0.10132971  0.1441169   0.         -0.17138729  0.24238386]   y_train:  0.25
x_train:  [ 0.42656383  0.          1.32198525  0.02920426 -0.22868489  0.60654348]   y_train:  0.5714285714285714
x_train:  [ 0.27757913 -0.07966296  1.18322819  1.14352611  0.          1.14352611]   y_train:  0.5714285714285714
x_train:  [ 0.14538294 -0.07691554  0.76157281  0.66354192  0.          0.96061384]   y_train:  0.8571428571428571
x_train:  [ 0.         -0.30408696  0.89322957  0.         -1.112118    1.112118  ]   y_train:  -0.42857142857142855
x_train:  [ 0.47965835  0.          0.7008639   0.12042051 -0.08793899  0.36743518]   y_train:  0.8571428571428571
x_train:  [ 0.00000000e+00 -3.52234865e-01  7.38943401e-01  1.78698357e-01
  2.77555756e-17  4.12570564e-01]   y_train:  0.8571428571428571
x_train:  [ 0.05825954 -0.09497721  0.2695203   0.89154878  0.          2.06112398]   y_train:  0.2857142857142857
x_train:  [0.2897757  0.         0.78353315 0.85850969 0.         0.85850969]   y_train:  0.14285714285714285
x_train:  [-2.77555756e-17 -2.31151331e-01  5.64500668e-01  4.22394055e-01
  0.00000000e+00  1.03292350e+00]   y_train:  0.8571428571428571
x_train:  [ 0.10460972 -0.2027023   1.37235458  1.05667224  0.          1.57426105]   y_train:  -0.14285714285714285
x_train:  [ 0.         -0.20340942  0.36410262  0.4275098   0.          0.82965631]   y_train:  0.0
x_train:  [ 0.17988188 -0.02455987  0.5247515   0.         -0.87063077  0.87063077]   y_train:  0.42857142857142855
x_train:  [ 0.         -0.14059452  0.24647599  0.259687    0.          0.45089324]   y_train:  0.42857142857142855
x_train:  [ 1.97989747e-01 -5.28145595e-02  1.00217162e+00  1.26352565e+00
  6.93889390e-18  2.93058553e+00]   y_train:  0.42857142857142855
x_train:  [ 0.05476534 -0.11521919  0.49527318  0.         -0.63375265  0.63375265]   y_train:  -0.2857142857142857
x_train:  [0.20450913 0.         0.47936723 1.50511315 0.         1.50511315]   y_train:  0.5714285714285714
x_train:  [0.31700382 0.         0.92211082 0.96967828 0.         1.371354  ]   y_train:  0.7142857142857143
x_train:  [ 0.         -0.44981459  0.78456898  0.19045255  0.          0.19045255]   y_train:  0.5
x_train:  [ 0.15991862 -0.07543442  0.7749969   0.         -1.10166111  1.95693807]   y_train:  0.42857142857142855
x_train:  [ 2.82486813  0.          2.82486813  0.12268226 -0.1549419   0.84897934]   y_train:  0.14285714285714285
x_train:  [1.39614286 0.         1.97748595 0.48496121 0.         1.53205972]   y_train:  2.0
x_train:  [ 0.51441611  0.          1.19874735  0.12309207 -0.13153421  0.59997828]   y_train:  0.8571428571428571
x_train:  [ 1.15865280e-01 -1.46526583e-01  6.56402049e-01  5.71956044e-01
  1.38777878e-17  1.29009085e+00]   y_train:  0.2857142857142857
x_train:  [ 0.         -0.96853151  2.06872322  0.16736868 -0.19948061  1.2234395 ]   y_train:  -0.5714285714285714
x_train:  [ 0.2047342  -0.05772632  0.91549206  0.83441977 -0.06139057  1.74438742]   y_train:  0.7142857142857143
x_train:  [0.1880254  0.         0.6417523  0.90894786 0.         1.81889743]   y_train:  0.8571428571428571
x_train:  [ 0.3800387   0.          1.03312423  0.         -0.48644868  0.48644868]   y_train:  1.5714285714285714
x_train:  [0.18139831 0.         0.45497312 0.63391208 0.         1.28633815]   y_train:  1.1428571428571428
x_train:  [ 0.         -0.19077552  0.40110259  0.         -0.9901389   0.9901389 ]   y_train:  -0.2857142857142857
x_train:  [ 0.49290306 -0.02135104  1.56645691  0.         -0.97131726  0.97131726]   y_train:  0.7142857142857143
x_train:  [ 5.81007127e-01 -6.93889390e-18  1.45872365e+00  7.79499355e-02
 -1.55377377e-01  4.94594430e-01]   y_train:  0.7142857142857143
x_train:  [ 0.         -0.22960193  0.4007461   0.         -0.46052186  0.65865763]   y_train:  0.0
x_train:  [0.34393771 0.         1.25149581 0.67366425 0.         0.95334636]   y_train:  0.2857142857142857
x_train:  [ 0.39776164  0.          0.98695628  0.         -0.59219135  1.54515064]   y_train:  0.2857142857142857
x_train:  [ 0.68260266  0.          0.97415704  0.         -0.33994194  0.8818543 ]   y_train:  0.8571428571428571
x_train:  [ 0.16346552 -0.24037258  1.18611691  0.         -1.85923114  1.85923114]   y_train:  0.14285714285714285
x_train:  [ 0.82167953  0.          2.03453769  0.12995627 -0.27473319  1.25335188]   y_train:  1.1428571428571428
x_train:  [ 3.87919023e-01 -1.38777878e-17  9.96830314e-01  0.00000000e+00
 -2.87345916e-01  5.40524828e-01]   y_train:  0.5714285714285714
x_train:  [ 0.30663733 -0.01451274  1.25358887  0.87132942  0.          1.24192334]   y_train:  0.5714285714285714
x_train:  [0.19274823 0.         0.48964209 0.38575947 0.         0.67189311]   y_train:  1.0
x_train:  [ 0.         -0.18377407  0.45790033  0.64464023  0.          0.64464023]   y_train:  0.0
x_train:  [ 0.25186007 -0.0733468   1.09425686  1.04962772  0.          3.09077519]   y_train:  1.0
x_train:  [ 0.         -0.44716472  0.44716472  0.33256715  0.          0.83850172]   y_train:  1.1428571428571428
x_train:  [ 0.         -0.14589326  0.25552906  0.         -0.50538546  0.50538546]   y_train:  0.0
x_train:  [ 0.16873801 -0.18857719  0.8494121   0.84267809  0.          1.56046904]   y_train:  0.14285714285714285
x_train:  [ 0.19822905 -0.11032039  0.6484589   0.         -1.05417547  1.05417547]   y_train:  -0.14285714285714285
x_train:  [-1.38777878e-17 -5.27575782e-01  1.24386208e+00  2.13487842e-01
 -1.75444620e-02  6.10610060e-01]   y_train:  0.2857142857142857
x_train:  [ 3.24377990e-01  1.38777878e-17  1.28609963e+00  0.00000000e+00
 -4.05004724e-01  7.17611292e-01]   y_train:  0.5714285714285714
x_train:  [ 0.33033824  0.          1.27141107  0.         -1.0040406   1.0040406 ]   y_train:  0.5714285714285714
x_train:  [ 0.00000000e+00 -6.07247328e-01  9.30056071e-01  4.54133322e-01
 -1.38777878e-17  1.61767487e+00]   y_train:  0.14285714285714285
x_train:  [ 1.88359747e-01 -1.38777878e-17  3.34590050e-01  0.00000000e+00
 -3.11186411e-01  3.11186411e-01]   y_train:  0.42857142857142855
x_train:  [ 0.1064629  -0.10953365  0.49922686  0.65838237  0.          0.93109589]   y_train:  0.42857142857142855
x_train:  [0.57631059 0.         0.99979584 0.99385137 0.         1.41541315]   y_train:  0.7142857142857143
x_train:  [0.54581773 0.         0.54581773 0.18865552 0.         0.33584437]   y_train:  0.42857142857142855
x_train:  [-2.77555756e-17 -5.12122831e-01  1.25492810e+00  3.13670949e-01
 -2.23389992e-02  1.11823227e+00]   y_train:  0.42857142857142855
x_train:  [ 0.04086098 -0.31244758  0.92712497  0.83636409  0.          0.83636409]   y_train:  0.7142857142857143
x_train:  [0.38849306 0.         0.38849306 0.20290787 0.         0.35621274]   y_train:  0.2857142857142857
x_train:  [ 0.         -1.96291649  1.96291649  0.25773455 -0.10506083  1.12723377]   y_train:  0.2857142857142857
      bank_credit
x_train:  [ 0.01384685 -0.12833009  0.5691417   0.         -0.33121435  0.46854278]   y_train:  -0.2857142857142857
x_train:  [ 0.06703252 -0.18575666  0.65089574  0.         -2.20486989  2.20486989]   y_train:  0.0
x_train:  [ 0.         -2.03230477  2.87710209  0.02303165 -0.20065163  0.61197602]   y_train:  -0.2857142857142857
x_train:  [ 0.00987259 -0.14324543  0.55493274  0.         -0.95807871  0.95807871]   y_train:  -0.25
x_train:  [-3.46944695e-18 -2.36827545e-01  7.70519679e-01  1.70502856e-01
  0.00000000e+00  2.44703055e-01]   y_train:  -0.7142857142857143
x_train:  [ 0.23305221 -0.02008554  0.99820177  1.05556256  0.          1.05556256]   y_train:  0.42857142857142855
x_train:  [0.13594622 0.         0.23548372 0.17244931 0.         0.29888312]   y_train:  0.7142857142857143
x_train:  [ 0.         -1.92767119  1.92767119  0.         -0.24023979  0.64076632]   y_train:  -0.7142857142857143
x_train:  [ 0.11688006 -0.08061074  0.34636211  1.11561172  0.          1.11561172]   y_train:  0.5714285714285714
x_train:  [ 0.         -0.11507411  0.11507411  0.         -0.31211893  0.63221077]   y_train:  -0.2857142857142857
x_train:  [0.16037645 0.         0.39902028 0.42925484 0.         0.42925484]   y_train:  -0.14285714285714285
x_train:  [ 0.         -0.25064405  0.43717524  0.         -0.17052667  0.34512124]   y_train:  0.0
x_train:  [ 0.         -0.2599357   0.9652616   0.         -1.97521186  1.97521186]   y_train:  -1.0
x_train:  [ 1.04083409e-17 -2.32109839e-01  1.09804031e+00  4.46210008e-01
  0.00000000e+00  4.46210008e-01]   y_train:  -0.14285714285714285
x_train:  [ 0.03251123 -0.1938576   0.64076534  0.         -0.93907648  0.93907648]   y_train:  0.14285714285714285
x_train:  [ 1.02266268e-01 -1.38777878e-17  1.77213692e-01  0.00000000e+00
 -1.35039255e-01  3.08714346e-01]   y_train:  0.2857142857142857
x_train:  [ 0.16270637 -0.02670404  0.63283693  0.72926431  0.          1.29173195]   y_train:  0.14285714285714285
x_train:  [ 0.         -0.13216766  0.35735262  0.         -0.22105063  0.59136163]   y_train:  -0.8571428571428571
x_train:  [ 0.         -0.40507575  0.57356486  0.         -0.17482068  0.24840896]   y_train:  -0.14285714285714285
x_train:  [ 0.         -0.16921128  0.36003273  0.         -0.47374042  0.6711363 ]   y_train:  0.42857142857142855
x_train:  [ 0.         -0.18866329  0.328605    0.         -0.61235507  0.61235507]   y_train:  0.14285714285714285
x_train:  [0.1524849  0.         0.31089915 0.29266339 0.         0.41672989]   y_train:  0.625
x_train:  [ 8.92773070e-02 -7.53747271e-02  4.25662390e-01  6.93889390e-18
 -8.92569423e-01  1.64329299e+00]   y_train:  0.2857142857142857
x_train:  [ 0.22742328  0.          0.57069224  0.         -0.5134871   0.5134871 ]   y_train:  0.0
x_train:  [ 3.46944695e-18 -2.71609275e-01  4.81329148e-01  4.94097024e-02
 -7.12813046e-02  2.57390579e-01]   y_train:  -0.14285714285714285
x_train:  [ 0.27011058  0.          0.69529279  0.         -0.41678891  0.41678891]   y_train:  0.5714285714285714
x_train:  [0.19961239 0.         0.40595052 0.34225014 0.         0.34225014]   y_train:  0.14285714285714285
x_train:  [ 0.         -0.49918363  1.71115894  0.         -2.7606985   2.7606985 ]   y_train:  -0.5714285714285714
x_train:  [ 0.2093417  -0.01738257  0.53323119  0.         -0.20037577  0.55282596]   y_train:  0.2857142857142857
x_train:  [0.42228359 0.         0.59731801 0.21030224 0.         0.67466108]   y_train:  1.1428571428571428
x_train:  [0.20876399 0.         0.48291223 0.39761407 0.         0.56861452]   y_train:  1.4285714285714286
x_train:  [ 0.         -0.87951982  1.244135    0.         -0.15879153  0.25640892]   y_train:  -1.2857142857142858
x_train:  [ 0.         -0.19143341  0.43497811  0.1734231   0.          0.30288745]   y_train:  0.8571428571428571
x_train:  [ 0.         -1.18792377  1.18792377  0.02958335 -0.1519286   0.56187825]   y_train:  -0.42857142857142855
x_train:  [ 0.08166784 -0.1278473   0.62348518  0.         -0.71516703  1.06064983]   y_train:  0.0
x_train:  [ 0.17191439 -0.01545103  0.72705484  0.         -1.64641619  1.64641619]   y_train:  -0.2857142857142857
x_train:  [ 0.         -0.66838473  0.95996872  0.04823354 -0.19266484  0.4856811 ]   y_train:  0.0
x_train:  [ 0.11683022 -0.04159031  0.27761507  0.53419317  0.          0.53419317]   y_train:  0.5714285714285714
x_train:  [ 0.08722961 -0.14650909  0.68181637  0.         -1.8878347   1.8878347 ]   y_train:  0.14285714285714285
x_train:  [ 0.14434029 -0.0429801   0.60607419  0.         -0.7113094   0.7113094 ]   y_train:  0.8571428571428571
x_train:  [ 0.44045876  0.          0.88116309  0.         -0.25397119  0.25397119]   y_train:  0.7142857142857143
x_train:  [0.15847846 0.         0.31787343 0.58672222 0.         0.58672222]   y_train:  0.5714285714285714
x_train:  [ 0.         -0.16928466  0.59171368  0.         -0.63243353  0.63243353]   y_train:  -0.2857142857142857
x_train:  [0.23426147 0.         0.71834831 0.42106242 0.         0.59655877]   y_train:  0.8571428571428571
x_train:  [ 0.         -0.44926066  1.19454728  0.         -0.167532    0.23871279]   y_train:  -0.42857142857142855
x_train:  [ 0.         -0.70022754  0.70022754  0.07579225 -0.16490506  0.48890838]   y_train:  0.42857142857142855
x_train:  [ 0.         -0.13506739  0.27860092  0.         -1.82723749  1.82723749]   y_train:  -0.8571428571428571
x_train:  [ 0.18827028  0.          0.53429024  0.         -0.29086243  0.29086243]   y_train:  0.8571428571428571
x_train:  [ 0.16638257  0.          0.24214581  0.         -0.52954638  0.9437103 ]   y_train:  -0.14285714285714285
x_train:  [ 0.21419453  0.          0.30316689  0.         -0.18622214  0.33669697]   y_train:  -0.14285714285714285
x_train:  [0.20402871 0.         0.50857501 0.42641193 0.         0.95486157]   y_train:  0.5714285714285714
x_train:  [ 0.16655242  0.          0.37432069  0.         -0.10333669  0.10333669]   y_train:  0.14285714285714285
x_train:  [ 0.20752953  0.          0.53707644  0.         -0.20774163  0.29705961]   y_train:  0.42857142857142855
x_train:  [ 0.17705848  0.          0.31514295  0.         -0.31572077  0.48492702]   y_train:  0.2857142857142857
x_train:  [ 0.         -0.72248412  1.53771073  0.24723124 -0.04086738  1.01980664]   y_train:  0.14285714285714285
x_train:  [ 0.01641634 -0.13163592  0.35373976  0.30262691  0.          0.44392902]   y_train:  0.7142857142857143
x_train:  [ 0.15845884 -0.01135071  0.49266452  0.         -2.49139401  2.49139401]   y_train:  0.0
      job_search_waiter_waitress
x_train:  [0.48765868 0.         3.28966922 1.1235391  0.         4.43122984]   y_train:  1.4285714285714286
x_train:  [ 0.12347313 -0.10463409  0.77216726  0.         -1.42132109  1.42132109]   y_train:  -1.0
x_train:  [ 0.19582428 -0.04652961  0.91304253  0.         -1.31008076  1.85466085]   y_train:  -0.8571428571428571
x_train:  [ 0.72927763  0.          2.44442097  0.26323637 -0.00916822  1.25388162]   y_train:  1.0
x_train:  [0.86302214 0.         2.91566598 0.32037643 0.         1.88229254]   y_train:  1.0
x_train:  [0.26694072 0.         0.85597378 0.63433537 0.         1.45085321]   y_train:  1.0
x_train:  [0.13802696 0.         0.2780131  0.22860597 0.         0.22860597]   y_train:  0.5714285714285714
x_train:  [0.21867166 0.         0.45293473 0.40188168 0.         0.56937184]   y_train:  0.42857142857142855
x_train:  [ 0.25195548  0.          0.79638829  0.         -0.23729806  0.23729806]   y_train:  0.0
x_train:  [ 0.30316807 -0.01040879  1.38794886  1.54295284  0.          2.75121072]   y_train:  0.42857142857142855
x_train:  [0.25548912 0.         0.95221596 0.75267383 0.         1.71428471]   y_train:  0.8571428571428571
x_train:  [0.19246638 0.         0.86598023 0.77211987 0.         1.09219948]   y_train:  1.1428571428571428
x_train:  [0.35977721 0.         1.70129414 1.01931373 0.         2.32442988]   y_train:  0.7142857142857143
x_train:  [0.37476906 0.         2.06028911 1.52612666 0.         4.09001274]   y_train:  1.4285714285714286
x_train:  [ 1.05047188  0.          2.17560133  0.29560755 -0.01601292  1.27618026]   y_train:  0.5714285714285714
x_train:  [0.13516338 0.         0.36140696 0.48782711 0.         0.69776577]   y_train:  0.5714285714285714
x_train:  [ 1.68768323e-01 -3.77323342e-02  6.18159978e-01  1.87569225e+00
 -3.46944695e-18  3.28663260e+00]   y_train:  0.42857142857142855
x_train:  [0.98462909 0.         2.68557659 0.43439719 0.         1.88575319]   y_train:  0.8571428571428571
x_train:  [ 0.06746899 -0.13761127  0.46568339  0.62142792  0.          1.28095836]   y_train:  0.42857142857142855
x_train:  [ 0.         -0.20688579  0.36283733  0.         -0.55387171  0.55387171]   y_train:  -0.42857142857142855
x_train:  [ 0.15523736 -0.02226746  0.42608807  0.61954496  0.          1.26852268]   y_train:  0.0
x_train:  [ 0.30735497  0.          0.82969728  0.11610531 -0.02876854  0.32712031]   y_train:  0.625
x_train:  [0.12831602 0.         0.45497689 0.2619925  0.         0.64659032]   y_train:  1.0
x_train:  [ 0.00000000e+00 -3.66950315e-01  3.66950315e-01  1.80042801e-01
 -1.38777878e-17  3.20998701e-01]   y_train:  -0.14285714285714285
x_train:  [ 6.18645717e-01 -3.46944695e-18  1.81845977e+00  1.66477973e-01
 -3.36046475e-02  7.18581256e-01]   y_train:  0.7142857142857143
x_train:  [0.20438646 0.         0.46604822 0.38383719 0.         0.54284609]   y_train:  0.7142857142857143
x_train:  [ 1.70367911e-01  6.93889390e-18  6.21392786e-01  0.00000000e+00
 -2.39300133e-01  4.91312420e-01]   y_train:  -0.14285714285714285
x_train:  [0.208137   0.         1.02580011 0.70774924 0.         1.01373129]   y_train:  1.1428571428571428
x_train:  [ 2.16950992e-01 -1.38777878e-17  6.08191202e-01  0.00000000e+00
 -5.01945181e-01  5.01945181e-01]   y_train:  0.0
x_train:  [ 0.16030705 -0.01171634  0.50112718  0.65889572  0.          1.14365868]   y_train:  0.2857142857142857
x_train:  [ 0.1882273  -0.02178287  0.94819999  3.24829089  0.          3.24829089]   y_train:  0.42857142857142855
x_train:  [ 0.         -0.13354891  0.34868214  0.15920302  0.          0.33078857]   y_train:  0.0
x_train:  [ 1.89404210e-01 -3.46944695e-18  4.76320836e-01  0.00000000e+00
 -1.12243071e-01  1.60278167e-01]   y_train:  0.42857142857142855
x_train:  [ 0.27433429  0.          0.56400131  0.         -0.31329928  0.47209076]   y_train:  0.14285714285714285
x_train:  [0.34285827 0.         0.92133176 0.1913854  0.         0.52175317]   y_train:  0.7142857142857143
x_train:  [0.31054553 0.         1.27341025 0.69351593 0.         1.60970764]   y_train:  1.1428571428571428
x_train:  [ 0.29629811 -0.00785069  1.26250033  2.27270196  0.          3.22912078]   y_train:  0.42857142857142855
x_train:  [0.21369635 0.         1.0503062  2.65405214 0.         2.65405214]   y_train:  0.5714285714285714
x_train:  [ 0.33902065 -0.0460321   1.89099283  0.         -1.34873976  1.94632953]   y_train:  0.14285714285714285
x_train:  [ 0.30305743 -0.01073286  1.55000449  1.12903742  0.          2.30525467]   y_train:  1.0
x_train:  [ 0.14044169 -0.06707593  0.67910311  0.55091764  0.          1.16231071]   y_train:  0.5714285714285714
x_train:  [ 0.         -0.47133793  0.47133793  0.         -0.18044011  0.43555386]   y_train:  -0.5714285714285714
x_train:  [0.3181858  0.         1.29557172 2.41106753 0.         2.41106753]   y_train:  0.7142857142857143
x_train:  [ 4.05521125e-01  1.73472348e-18  1.91856908e+00  1.96575024e+00
 -4.66649944e-02  4.83300994e+00]   y_train:  0.5714285714285714
x_train:  [ 0.17655058 -0.0499168   0.69472637  0.62734409  0.          0.89604317]   y_train:  0.42857142857142855
x_train:  [ 1.16710988e-01 -6.39810005e-02  4.95178550e-01  5.50386071e-01
 -6.93889390e-18  9.88548871e-01]   y_train:  0.5714285714285714
x_train:  [ 0.23128475 -0.19524258  0.60535048  1.45307761  0.          2.0655572 ]   y_train:  0.14285714285714285
x_train:  [0.14872857 0.         0.29963524 0.30639295 0.         0.53589461]   y_train:  0.7142857142857143
x_train:  [0.36711243 0.         2.24438152 1.25424141 0.         2.55712858]   y_train:  0.7142857142857143
x_train:  [0.1807967  0.         0.65918792 0.56989131 0.         1.34624485]   y_train:  0.7142857142857143
x_train:  [ 0.21654856 -0.01410056  0.71847671  1.08488791  0.          1.08488791]   y_train:  0.2857142857142857
x_train:  [ 0.30061025 -0.02593195  1.05043491  0.90898188  0.          1.31417518]   y_train:  0.5714285714285714
x_train:  [ 0.58041595  0.          1.053032    0.17374426 -0.03549094  0.42791106]   y_train:  0.42857142857142855
x_train:  [0.45002462 0.         2.39760483 1.14627708 0.         2.59473666]   y_train:  0.42857142857142855
x_train:  [0.19331115 0.         0.6800291  0.5213786  0.         0.73885078]   y_train:  0.5714285714285714
x_train:  [0.21267974 0.         0.71273296 0.37197576 0.         0.9160607 ]   y_train:  1.0
x_train:  [ 0.18184848  0.          0.70902164  0.         -0.3169742   0.3169742 ]   y_train:  0.5714285714285714
x_train:  [0.26360369 0.         0.9014475  0.72390918 0.         1.62628217]   y_train:  0.7142857142857143
x_train:  [ 0.         -1.16498559  1.16498559  0.38191519 -0.0148972   1.73269335]   y_train:  0.2857142857142857
x_train:  [ 0.17231621 -0.02095486  0.49001755  0.72829938  0.          0.72829938]   y_train:  0.14285714285714285
x_train:  [0.16784087 0.         0.58547455 0.50784703 0.         1.03571747]   y_train:  0.5714285714285714
x_train:  [0.15912779 0.         0.47189025 0.5528199  0.         1.5089118 ]   y_train:  1.0
x_train:  [ 0.15550461 -0.02618314  0.74841804  0.54756951  0.          1.13410042]   y_train:  0.0
x_train:  [ 0.25608929 -0.03097114  1.09736706  0.         -1.87369302  1.87369302]   y_train:  0.14285714285714285
      accommodation_search
x_train:  [ 0.04395535 -0.13171736  0.75782167  0.53015302 -0.02569882  0.96317247]   y_train:  0.0
x_train:  [ 0.21025398 -0.10978574  1.28735566  0.         -2.40531261  2.40531261]   y_train:  -0.7142857142857143
x_train:  [ 0.18177596 -0.0876513   1.24796995  0.         -2.21705975  3.13865683]   y_train:  -0.42857142857142855
x_train:  [ 0.26257124  0.          0.94822772  0.         -0.23275407  0.63797941]   y_train:  0.25
x_train:  [ 6.45267374e-02 -9.02035787e-02  5.52090209e-01  5.07406538e-01
  6.93889390e-18  1.66159663e+00]   y_train:  -0.5714285714285714
x_train:  [ 0.14768826 -0.03225609  0.49356546  0.37589351  0.          0.65569075]   y_train:  0.2857142857142857
x_train:  [ 0.60308212  0.          1.22751615  0.1209805  -0.0520659   0.40402463]   y_train:  0.7142857142857143
x_train:  [ 0.09093323 -0.13942309  0.74467723  0.         -1.77938879  1.77938879]   y_train:  -0.8571428571428571
x_train:  [0.27516089 0.         0.69468782 1.11561172 0.         1.11561172]   y_train:  0.8571428571428571
x_train:  [ 2.61391369e-01  1.38777878e-17  8.39528949e-01 -2.77555756e-17
 -1.82642822e-01  4.45314832e-01]   y_train:  0.8571428571428571
x_train:  [ 0.16694012  0.          0.48233361  0.         -0.12822917  0.2398158 ]   y_train:  0.2857142857142857
x_train:  [ 0.19082352 -0.02037456  1.0451697   1.03266441  0.          1.79576659]   y_train:  -0.14285714285714285
x_train:  [ 0.40551685  0.          0.40551685  0.02552052 -0.17011919  0.45329518]   y_train:  -0.14285714285714285
x_train:  [ 1.92954411e-01  3.46944695e-18  6.94314015e-01  0.00000000e+00
 -2.30110577e-01  2.30110577e-01]   y_train:  0.8571428571428571
x_train:  [ 0.10927762 -0.10272102  0.9272749   0.         -1.82327248  1.82327248]   y_train:  -0.42857142857142855
x_train:  [ 0.0488175  -0.17664115  0.87319583  0.53895799  0.          1.48672311]   y_train:  -0.14285714285714285
x_train:  [ 0.27784261  0.          0.83013133  0.02410369 -0.24967655  0.55521917]   y_train:  0.0
x_train:  [ 0.10229655 -0.0281189   0.50075285  0.35698131  0.          0.71821938]   y_train:  0.7142857142857143
x_train:  [ 0.10984704 -0.16512201  1.20299815  0.         -2.02583748  2.02583748]   y_train:  -0.2857142857142857
x_train:  [ 0.         -0.19317564  0.6274837   0.35070466  0.          0.35070466]   y_train:  -0.42857142857142855
x_train:  [ 0.34506744  0.          1.31092161  0.06866813 -0.08672141  0.56421444]   y_train:  0.14285714285714285
x_train:  [ 0.11435145 -0.10200934  0.8848514   0.86862775  0.          2.48560803]   y_train:  0.42857142857142855
x_train:  [ 0.22176248 -0.01501764  0.73339698  1.11885956  0.          1.58233154]   y_train:  0.2857142857142857
x_train:  [ 1.81390877e-01  6.93889390e-18  6.04633103e-01  2.77555756e-17
 -1.90306173e-01  3.31933032e-01]   y_train:  0.625
x_train:  [ 1.09882106e-01 -1.91487363e-02  5.23345197e-01  4.72613252e-01
 -1.73472348e-18  1.20443205e+00]   y_train:  0.42857142857142855
x_train:  [ 6.73705114e-01 -3.46944695e-18  1.16710667e+00  1.74976805e-01
 -3.08481611e-02  9.01081705e-01]   y_train:  -0.2857142857142857
x_train:  [ 0.11837528 -0.041994    0.58755254  0.47785408  0.          0.96361392]   y_train:  0.2857142857142857
x_train:  [0.76256758 0.         0.76256758 0.21515208 0.         0.68505701]   y_train:  0.8571428571428571
x_train:  [ 1.46884798e-01 -1.71227970e-02  6.19058372e-01  5.10919627e-01
 -1.73472348e-18  9.09998097e-01]   y_train:  1.2857142857142858
x_train:  [ 4.07802344e-01  6.93889390e-18  9.19215727e-01  8.47588768e-02
 -7.55696688e-02  6.59278390e-01]   y_train:  -0.2857142857142857
x_train:  [ 0.18118836 -0.05852027  0.68735971  0.         -2.12361423  2.12361423]   y_train:  -0.7142857142857143
x_train:  [ 0.20572456 -0.02677834  0.91838183  0.7002781   0.          1.42560201]   y_train:  0.2857142857142857
x_train:  [0.29278847 0.         1.51902641 0.7568111  0.         2.01976474]   y_train:  1.0
x_train:  [ 0.45946616  0.          0.45946616  0.12511559 -0.02286725  0.47421567]   y_train:  1.5714285714285714
x_train:  [0.2220362  0.         0.90811605 1.62991182 0.         1.62991182]   y_train:  1.1428571428571428
x_train:  [ 0.         -0.21028357  0.55035049  0.23253471  0.          0.605936  ]   y_train:  -1.1428571428571428
x_train:  [ 0.         -0.41094192  0.41094192  0.20441827 -0.00656955  0.75508147]   y_train:  0.7142857142857143
x_train:  [ 0.00000000e+00 -3.08043030e-01  6.57198355e-01  2.35352677e-01
  2.77555756e-17  7.60110400e-01]   y_train:  -0.14285714285714285
x_train:  [ 0.56891722  0.          1.14000105  0.1189633  -0.07258819  0.62772096]   y_train:  0.14285714285714285
x_train:  [ 0.14251282 -0.13246872  0.70655661  0.         -1.51976879  1.51976879]   y_train:  -0.8571428571428571
x_train:  [ 3.42403608e-01  0.00000000e+00  1.00958708e+00 -2.77555756e-17
 -2.02276893e-01  5.09259290e-01]   y_train:  -0.2857142857142857
x_train:  [ 2.14400395e-01  6.93889390e-18  7.51022177e-01  0.00000000e+00
 -1.43821591e-01  3.73092203e-01]   y_train:  0.7142857142857143
x_train:  [ 0.12124623 -0.09620045  0.96650137  0.         -2.23107737  2.23107737]   y_train:  0.14285714285714285
x_train:  [ 0.43885559  0.          1.3241868   0.11343484 -0.03552055  0.64155268]   y_train:  0.8571428571428571
x_train:  [ 0.09618264 -0.17190985  0.95661474  1.08606831  0.          1.56537454]   y_train:  -0.14285714285714285
x_train:  [ 0.15026244 -0.02652832  0.55104507  0.59496556  0.          1.80747003]   y_train:  0.42857142857142855
x_train:  [0.21708648 0.         0.87665359 0.80585352 0.         1.42346912]   y_train:  0.8571428571428571
x_train:  [ 6.93889390e-18 -2.54154001e-01  7.59365907e-01  2.80769843e-01
  0.00000000e+00  4.09266382e-01]   y_train:  0.0
x_train:  [ 1.57114738e-01 -1.63322827e-02  7.93632696e-01  4.84308969e-01
  1.73472348e-18  1.67051168e+00]   y_train:  0.42857142857142855
x_train:  [ 0.27019621  0.          1.05962137  0.         -0.30082942  0.45379026]   y_train:  0.42857142857142855
x_train:  [ 0.04607726 -0.09392499  0.47247019  0.40913509  0.          1.03100017]   y_train:  0.0
x_train:  [ 0.27815498 -0.03545896  1.03568252  1.35207029  0.          1.96075586]   y_train:  0.0
x_train:  [ 4.18225286e-01 -3.46944695e-18  1.03539509e+00  9.40455422e-02
 -7.76084524e-02  2.43865831e-01]   y_train:  0.14285714285714285
x_train:  [ 0.22318005 -0.05490133  1.00489954  0.         -1.68668076  1.68668076]   y_train:  -0.7142857142857143
x_train:  [ 0.23538058  0.          1.12434564  0.         -0.19460629  0.40368832]   y_train:  1.1428571428571428
x_train:  [ 0.0547561  -0.17830198  0.73870972  0.50852594  0.          1.03345227]   y_train:  -0.14285714285714285
x_train:  [0.23751769 0.         0.9955297  0.80958334 0.         2.08025665]   y_train:  0.7142857142857143
x_train:  [ 2.64128151e-01 -6.93889390e-18  9.49513748e-01  0.00000000e+00
 -2.27737640e-01  4.21226055e-01]   y_train:  -0.2857142857142857
x_train:  [ 2.31576623e-01 -8.35183347e-03  1.05178967e+00  4.89379561e-01
 -8.67361738e-19  1.39789387e+00]   y_train:  0.0
x_train:  [ 0.53915734  0.          1.56657847  0.1530616  -0.05237889  0.84909699]   y_train:  0.42857142857142855
x_train:  [ 1.66612507e-01 -1.82562436e-02  6.66667012e-01  4.20238389e-01
  1.73472348e-18  1.35249187e+00]   y_train:  0.2857142857142857
x_train:  [ 1.53554739e-01 -3.92984505e-02  8.68686347e-01  4.11523361e-01
 -3.46944695e-18  1.03664684e+00]   y_train:  0.42857142857142855
x_train:  [ 0.00000000e+00 -1.25110655e-01  2.19771037e-01  2.65693054e-01
  6.93889390e-18  7.88606595e-01]   y_train:  0.14285714285714285
x_train:  [0.1316752  0.         0.27340974 0.42205272 0.         0.74896517]   y_train:  0.42857142857142855
x_train:  [0.70574526 0.         0.70574526 0.2628882  0.         0.78080293]   y_train:  0.42857142857142855
x_train:  [ 0.22578522 -0.06457086  1.36037311  0.         -1.50196651  1.50196651]   y_train:  -0.14285714285714285
x_train:  [ 0.26731426  0.          1.05883031  0.04853488 -0.07931362  0.43729468]   y_train:  1.0
x_train:  [0.15017382 0.         0.55189965 1.02829595 0.         1.45626299]   y_train:  0.42857142857142855
x_train:  [ 0.23003903 -0.02194235  1.19419035  0.         -2.94437474  2.94437474]   y_train:  -0.14285714285714285
Traceback (most recent call last):
  File "main.py", line 41, in <module>
    ablation_study()
  File "main.py", line 34, in ablation_study
    gamma_study(gamma_list, conf, root, gamma_file, normalize, regm, score_type, debug, train_all, feature_transform, load_active_detectors)
  File "/home/users/vnguyen/intern20/Vis-Priva-Expos/privacy/tools/ablation_studies/focusing_exposure.py", line 55, in gamma_study
    gamma_search[gamma] = parameter_search(root, gt_user_expo_situs, train_data, test_data, object_expo_situs, f_top, gamma, K, N, regm,
  File "/home/users/vnguyen/intern20/Vis-Priva-Expos/privacy/tools/ablation_studies/param_search.py", line 95, in parameter_search
    train_test_observe(train_test_batch_situs)
  File "/home/users/vnguyen/intern20/Vis-Priva-Expos/privacy/lib/analysis/train_test_regression.py", line 13, in train_test_observe
    assert 1 == 2
AssertionError
