##########################################
######## Focusing Exposure Search ########
###########################################
+++++++++++++++++++++++++++++
+++++ gamma =  0 +++++
+++++++++++++++++++++++++++++
Estimate exposure user photos ...
Done!
#### CLUSTERING ####
Calculate clustering photo features ...
Done!
Calculate clusters of users ...
Done!
##### REGRESSION #####
Calculate regression features ...
Done!
Combine and convert to numpy format ...
   job_search_IT
Number of training data:  80
Number of test data:  19
   bank_credit
Number of training data:  80
Number of test data:  19
   job_search_waiter_waitress
Number of training data:  80
Number of test data:  19
   accommodation_search
Number of training data:  80
Number of test data:  19
Done!
********************************************
  job_search_IT
Searching best parameters by regressor ...
Best parameters:
{'C': 1, 'gamma': 0.001, 'kernel': 'linear'}
Evaluation on train sets: 
Kendall score:  0.34754557350492676
mse:  0.14204224123681078
Evaluation on test sets: 
Kendall score:  0.22973414586817034
mse:  0.21390797494584843
********************************************
  bank_credit
Searching best parameters by regressor ...
Best parameters:
{'C': 7, 'gamma': 0.001, 'kernel': 'rbf'}
Evaluation on train sets: 
Kendall score:  0.2136917143239288
mse:  0.2698600687590894
Evaluation on test sets: 
Kendall score:  0.18251335818524614
mse:  0.226987774074419
********************************************
  job_search_waiter_waitress
Searching best parameters by regressor ...
Best parameters:
{'C': 10, 'gamma': 0.001, 'kernel': 'sigmoid'}
Evaluation on train sets: 
Kendall score:  0.2913000347206791
mse:  0.20453443937554278
Evaluation on test sets: 
Kendall score:  -0.01842711517991869
mse:  0.2143339928358254
********************************************
  accommodation_search
Searching best parameters by regressor ...
Best parameters:
{'C': 10, 'gamma': 0.001, 'kernel': 'sigmoid'}
Evaluation on train sets: 
Kendall score:  0.3009026422453927
mse:  0.2516466093057662
Evaluation on test sets: 
Kendall score:  0.39420010832527164
mse:  0.24464965861198118
Done!
+++++++++++++++++++++++++++++
+++++ gamma =  3 +++++
+++++++++++++++++++++++++++++
Estimate exposure user photos ...
Done!
#### CLUSTERING ####
Calculate clustering photo features ...
Done!
Calculate clusters of users ...
Done!
##### REGRESSION #####
Calculate regression features ...
Done!
Combine and convert to numpy format ...
   job_search_IT
Number of training data:  80
Number of test data:  19
   bank_credit
Number of training data:  80
Number of test data:  19
   job_search_waiter_waitress
Number of training data:  80
Number of test data:  19
   accommodation_search
Number of training data:  80
Number of test data:  19
Done!
********************************************
  job_search_IT
Searching best parameters by regressor ...
Best parameters:
{'C': 7, 'gamma': 0.001, 'kernel': 'rbf'}
Evaluation on train sets: 
Kendall score:  0.3647083178755405
mse:  0.1418528796775989
Evaluation on test sets: 
Kendall score:  0.2418254167033372
mse:  0.1864774234887159
********************************************
  bank_credit
Searching best parameters by regressor ...
Best parameters:
{'C': 5, 'gamma': 0.001, 'kernel': 'sigmoid'}
Evaluation on train sets: 
Kendall score:  0.20123728925596976
mse:  0.753177970220627
Evaluation on test sets: 
Kendall score:  -0.024335114424699485
mse:  1.8079984094315324
********************************************
  job_search_waiter_waitress
Searching best parameters by regressor ...
Best parameters:
{'C': 5, 'gamma': 0.001, 'kernel': 'sigmoid'}
Evaluation on train sets: 
Kendall score:  0.22046116264087762
mse:  0.23159828743317892
Evaluation on test sets: 
Kendall score:  0.15355929316598907
mse:  0.2056765173231426
********************************************
  accommodation_search
Searching best parameters by regressor ...
Best parameters:
{'C': 1, 'gamma': 0.001, 'kernel': 'sigmoid'}
Evaluation on train sets: 
Kendall score:  0.24052523093334008
mse:  0.27118749124331204
Evaluation on test sets: 
Kendall score:  0.5882678539623284
mse:  0.24223388487861489
Done!
+++++++++++++++++++++++++++++
+++++ gamma =  5 +++++
+++++++++++++++++++++++++++++
Estimate exposure user photos ...
Done!
#### CLUSTERING ####
Calculate clustering photo features ...
Done!
Calculate clusters of users ...
Done!
##### REGRESSION #####
Calculate regression features ...
Done!
Combine and convert to numpy format ...
   job_search_IT
Number of training data:  80
Number of test data:  19
   bank_credit
Number of training data:  80
Number of test data:  19
   job_search_waiter_waitress
Number of training data:  80
Number of test data:  19
   accommodation_search
Number of training data:  80
Number of test data:  19
Done!
********************************************
  job_search_IT
Searching best parameters by regressor ...
Best parameters:
{'C': 7, 'gamma': 0.001, 'kernel': 'rbf'}
Evaluation on train sets: 
Kendall score:  0.3171807180799949
mse:  0.1405629366468934
Evaluation on test sets: 
Kendall score:  0.07254762501100116
mse:  0.2415749450398072
********************************************
  bank_credit
Searching best parameters by regressor ...
Best parameters:
{'C': 10, 'gamma': 1e-05, 'kernel': 'sigmoid'}
Evaluation on train sets: 
Kendall score:  0.16452951010830102
mse:  0.27082050698960963
Evaluation on test sets: 
Kendall score:  0.2190160298222954
mse:  0.3810163710343109
********************************************
  job_search_waiter_waitress
Searching best parameters by regressor ...
Best parameters:
{'C': 7, 'gamma': 0.001, 'kernel': 'linear'}
Evaluation on train sets: 
Kendall score:  0.4654180100196305
mse:  0.11585142852108317
Evaluation on test sets: 
Kendall score:  0.1658440366192682
mse:  0.2767401115015429
********************************************
  accommodation_search
Searching best parameters by regressor ...
Best parameters:
{'C': 1, 'gamma': 0.0001, 'kernel': 'sigmoid'}
Evaluation on train sets: 
Kendall score:  0.21164907769714103
mse:  0.2821643345905699
Evaluation on test sets: 
Kendall score:  0.36994164012063957
mse:  0.23174122793472218
Done!
+++++++++++++++++++++++++++++
+++++ gamma =  7 +++++
+++++++++++++++++++++++++++++
Estimate exposure user photos ...
Done!
#### CLUSTERING ####
Calculate clustering photo features ...
Done!
Calculate clusters of users ...
Done!
##### REGRESSION #####
Calculate regression features ...
Done!
Combine and convert to numpy format ...
   job_search_IT
Number of training data:  80
Number of test data:  19
   bank_credit
Number of training data:  80
Number of test data:  19
   job_search_waiter_waitress
Number of training data:  80
Number of test data:  19
   accommodation_search
Number of training data:  80
Number of test data:  19
Done!
********************************************
  job_search_IT
Searching best parameters by regressor ...
Best parameters:
{'C': 5, 'gamma': 0.0001, 'kernel': 'rbf'}
Evaluation on train sets: 
Kendall score:  0.35348652347936993
mse:  0.1588570977698897
Evaluation on test sets: 
Kendall score:  -0.04836508334066744
mse:  0.2456400133766552
********************************************
  bank_credit
Searching best parameters by regressor ...
Best parameters:
{'C': 1, 'gamma': 0.001, 'kernel': 'linear'}
Evaluation on train sets: 
Kendall score:  0.37428824809497957
mse:  0.20903022302254248
Evaluation on test sets: 
Kendall score:  0.024335114424699485
mse:  1.422368826197739
********************************************
  job_search_waiter_waitress
Searching best parameters by regressor ...
Best parameters:
{'C': 10, 'gamma': 0.001, 'kernel': 'rbf'}
Evaluation on train sets: 
Kendall score:  0.4846173304898571
mse:  0.1108725886871483
Evaluation on test sets: 
Kendall score:  0.17812878007254734
mse:  0.16227506605489492
********************************************
  accommodation_search
Searching best parameters by regressor ...
Best parameters:
{'C': 1, 'gamma': 1e-05, 'kernel': 'rbf'}
Evaluation on train sets: 
Kendall score:  0.3002463660354791
mse:  0.2901855650876296
Evaluation on test sets: 
Kendall score:  0.2971662355067432
mse:  0.27708398945752555
Done!
Saving files ...
**** Plotting gamma ....
Done!
