##########################################
######## Focusing Exposure Search ########
###########################################
+++++++++++++++++++++++++++++
+++++ gamma =  0 +++++
+++++++++++++++++++++++++++++
Estimate exposure user photos ...
Done!
#### CLUSTERING ####
Calculate clustering photo features ...
Done!
Calculate clusters of users ...
Done!
##### REGRESSION #####
Calculate regression features ...
Done!
Combine and convert to numpy format ...
   job_search_IT
Number of training data:  63
Number of test data:  28
   bank_credit
Number of training data:  64
Number of test data:  28
   job_search_waiter_waitress
Number of training data:  67
Number of test data:  30
   accommodation_search
Number of training data:  69
Number of test data:  30
Done!
********************************************
  job_search_IT
Searching best parameters by regressor ...
Best parameters:
{'bootstrap': True, 'max_depth': 5, 'max_features': 'auto', 'min_samples_leaf': 4, 'min_samples_split': 3, 'n_estimators': 100}
Evaluation on train sets: 
Pearson score:  0.7974418216114034
mse:  0.09000816509682884
Evaluation on test sets: 
pearson score:  0.08990735451528328
mse:  0.2138670633909066
********************************************
  bank_credit
Searching best parameters by regressor ...
Best parameters:
{'bootstrap': True, 'max_depth': 3, 'max_features': 'auto', 'min_samples_leaf': 1, 'min_samples_split': 3, 'n_estimators': 100}
Evaluation on train sets: 
Pearson score:  0.8711371217578688
mse:  0.0953313161371178
Evaluation on test sets: 
pearson score:  0.2743647891588344
mse:  0.2614198607011014
********************************************
  job_search_waiter_waitress
Searching best parameters by regressor ...
Best parameters:
{'bootstrap': True, 'max_depth': 5, 'max_features': 'auto', 'min_samples_leaf': 1, 'min_samples_split': 3, 'n_estimators': 100}
Evaluation on train sets: 
Pearson score:  0.9380476312166577
mse:  0.03587660971510875
Evaluation on test sets: 
pearson score:  0.2629834781610024
mse:  0.24475189508871184
********************************************
  accommodation_search
Searching best parameters by regressor ...
Best parameters:
{'bootstrap': True, 'max_depth': 3, 'max_features': 'auto', 'min_samples_leaf': 4, 'min_samples_split': 2, 'n_estimators': 100}
Evaluation on train sets: 
Pearson score:  0.7779571211732311
mse:  0.13158135233883508
Evaluation on test sets: 
pearson score:  0.4487105198465379
mse:  0.2147956222061164
Done!
+++++++++++++++++++++++++++++
+++++ gamma =  1 +++++
+++++++++++++++++++++++++++++
Estimate exposure user photos ...
Done!
#### CLUSTERING ####
Calculate clustering photo features ...
Done!
Calculate clusters of users ...
Done!
##### REGRESSION #####
Calculate regression features ...
Done!
Combine and convert to numpy format ...
   job_search_IT
Number of training data:  63
Number of test data:  28
   bank_credit
Number of training data:  64
Number of test data:  28
   job_search_waiter_waitress
Number of training data:  67
Number of test data:  30
   accommodation_search
Number of training data:  69
Number of test data:  30
Done!
********************************************
  job_search_IT
Searching best parameters by regressor ...
Best parameters:
{'bootstrap': True, 'max_depth': 3, 'max_features': 'sqrt', 'min_samples_leaf': 1, 'min_samples_split': 5, 'n_estimators': 130}
Evaluation on train sets: 
Pearson score:  0.8271379536154662
mse:  0.09714199494731834
Evaluation on test sets: 
pearson score:  0.018720137425223243
mse:  0.20714664532811808
********************************************
  bank_credit
Searching best parameters by regressor ...
Best parameters:
{'bootstrap': True, 'max_depth': 4, 'max_features': 'auto', 'min_samples_leaf': 1, 'min_samples_split': 5, 'n_estimators': 100}
Evaluation on train sets: 
Pearson score:  0.8954594007000155
mse:  0.07722398696660804
Evaluation on test sets: 
pearson score:  0.2488476272283043
mse:  0.26821091910882855
********************************************
  job_search_waiter_waitress
Searching best parameters by regressor ...
Best parameters:
{'bootstrap': True, 'max_depth': 5, 'max_features': 'auto', 'min_samples_leaf': 1, 'min_samples_split': 5, 'n_estimators': 100}
Evaluation on train sets: 
Pearson score:  0.923877314075005
mse:  0.04264699924756065
Evaluation on test sets: 
pearson score:  0.2725511121903935
mse:  0.24886673824166336
********************************************
  accommodation_search
Searching best parameters by regressor ...
Best parameters:
{'bootstrap': True, 'max_depth': 4, 'max_features': 'auto', 'min_samples_leaf': 4, 'min_samples_split': 3, 'n_estimators': 100}
Evaluation on train sets: 
Pearson score:  0.8240733449774187
mse:  0.11363423342846071
Evaluation on test sets: 
pearson score:  0.4044119789404481
mse:  0.22215938114029923
Done!
+++++++++++++++++++++++++++++
+++++ gamma =  2 +++++
+++++++++++++++++++++++++++++
Estimate exposure user photos ...
Done!
#### CLUSTERING ####
Calculate clustering photo features ...
Done!
Calculate clusters of users ...
Done!
##### REGRESSION #####
Calculate regression features ...
Done!
Combine and convert to numpy format ...
   job_search_IT
Number of training data:  63
Number of test data:  28
   bank_credit
Number of training data:  64
Number of test data:  28
   job_search_waiter_waitress
Number of training data:  67
Number of test data:  30
   accommodation_search
Number of training data:  69
Number of test data:  30
Done!
********************************************
  job_search_IT
Searching best parameters by regressor ...
Best parameters:
{'bootstrap': True, 'max_depth': 3, 'max_features': 'sqrt', 'min_samples_leaf': 1, 'min_samples_split': 3, 'n_estimators': 100}
Evaluation on train sets: 
Pearson score:  0.8352634299450536
mse:  0.0991268557244434
Evaluation on test sets: 
pearson score:  0.12429452930744937
mse:  0.19028605695133846
********************************************
  bank_credit
Searching best parameters by regressor ...
Best parameters:
{'bootstrap': True, 'max_depth': 5, 'max_features': 'auto', 'min_samples_leaf': 1, 'min_samples_split': 2, 'n_estimators': 100}
Evaluation on train sets: 
Pearson score:  0.9444337406074832
mse:  0.0477126608488109
Evaluation on test sets: 
pearson score:  0.13755327180603258
mse:  0.2872480937364025
********************************************
  job_search_waiter_waitress
Searching best parameters by regressor ...
Best parameters:
{'bootstrap': True, 'max_depth': 3, 'max_features': 'sqrt', 'min_samples_leaf': 4, 'min_samples_split': 2, 'n_estimators': 100}
Evaluation on train sets: 
Pearson score:  0.8260629283179608
mse:  0.09541093398830854
Evaluation on test sets: 
pearson score:  0.1401634748889036
mse:  0.2559403261518374
********************************************
  accommodation_search
Searching best parameters by regressor ...
Best parameters:
{'bootstrap': True, 'max_depth': 4, 'max_features': 'sqrt', 'min_samples_leaf': 4, 'min_samples_split': 5, 'n_estimators': 100}
Evaluation on train sets: 
Pearson score:  0.7995738927205363
mse:  0.13772278896407844
Evaluation on test sets: 
pearson score:  0.44830342707249526
mse:  0.21089927428702154
Done!
+++++++++++++++++++++++++++++
+++++ gamma =  3 +++++
+++++++++++++++++++++++++++++
Estimate exposure user photos ...
Done!
#### CLUSTERING ####
Calculate clustering photo features ...
Done!
Calculate clusters of users ...
Done!
##### REGRESSION #####
Calculate regression features ...
Done!
Combine and convert to numpy format ...
   job_search_IT
Number of training data:  63
Number of test data:  28
   bank_credit
Number of training data:  64
Number of test data:  28
   job_search_waiter_waitress
Number of training data:  67
Number of test data:  30
   accommodation_search
Number of training data:  69
Number of test data:  30
Done!
********************************************
  job_search_IT
Searching best parameters by regressor ...
Best parameters:
{'bootstrap': True, 'max_depth': 4, 'max_features': 'sqrt', 'min_samples_leaf': 1, 'min_samples_split': 2, 'n_estimators': 130}
Evaluation on train sets: 
Pearson score:  0.8892955520350926
mse:  0.06760428841942269
Evaluation on test sets: 
pearson score:  0.19060905547532056
mse:  0.1905024357939182
********************************************
  bank_credit
Searching best parameters by regressor ...
Best parameters:
{'bootstrap': True, 'max_depth': 3, 'max_features': 'auto', 'min_samples_leaf': 1, 'min_samples_split': 5, 'n_estimators': 130}
Evaluation on train sets: 
Pearson score:  0.872998936071977
mse:  0.09499363409884787
Evaluation on test sets: 
pearson score:  0.2623478294294797
mse:  0.25639241844723
********************************************
  job_search_waiter_waitress
Searching best parameters by regressor ...
Best parameters:
{'bootstrap': True, 'max_depth': 3, 'max_features': 'sqrt', 'min_samples_leaf': 2, 'min_samples_split': 5, 'n_estimators': 100}
Evaluation on train sets: 
Pearson score:  0.8485632599261623
mse:  0.08469654738972089
Evaluation on test sets: 
pearson score:  0.28239427498648745
mse:  0.22579721620894463
********************************************
  accommodation_search
Searching best parameters by regressor ...
Best parameters:
{'bootstrap': True, 'max_depth': 5, 'max_features': 'sqrt', 'min_samples_leaf': 4, 'min_samples_split': 2, 'n_estimators': 130}
Evaluation on train sets: 
Pearson score:  0.8188461818721825
mse:  0.12384030233354362
Evaluation on test sets: 
pearson score:  0.5844596939218392
mse:  0.1747775594793259
Done!
Saving files ...
**** Plotting gamma ....
Done!
