/home/users/vnguyen/intern20/Vis-Priva-Expos/privacy/lib/clustering/clustering.py:47: ConvergenceWarning: Number of distinct clusters (1) found smaller than n_clusters (2). Possibly due to duplicate points in X.
  kmeans = KMeans(n_clusters=N, random_state=0).fit(aggregated_features)
/home/users/vnguyen/intern20/Vis-Priva-Expos/privacy/lib/clustering/clustering.py:47: ConvergenceWarning: Number of distinct clusters (1) found smaller than n_clusters (2). Possibly due to duplicate points in X.
  kmeans = KMeans(n_clusters=N, random_state=0).fit(aggregated_features)
##########################################
######## Focusing Exposure Search ########
###########################################
+++++++++++++++++++++++++++++
+++++ gamma =  0 +++++
+++++++++++++++++++++++++++++
Estimate exposure user photos ...
Done!                                                ### DIVIDE FOR OBJECTNESS
#### CLUSTERING ####
Calculate clustering photo features ...
Done!
Calculate clusters of users ...
Done!
##### REGRESSION #####
Calculate regression features ...
Done!
Combine and convert to numpy format ...
   job_search_IT
Number of training data:  61
Number of test data:  27
   bank_credit
Number of training data:  57
Number of test data:  24
   job_search_waiter_waitress
Number of training data:  64
Number of test data:  29
   accommodation_search
Number of training data:  69
Number of test data:  30
      job_search_IT
x_train:  [ 0.         -1.5         2.23606798  0.35714286 -0.03571429  1.08972474]   y_train:  -0.2857142857142857
x_train:  [ 0.         -0.29924242  0.78103819  0.         -2.25        3.20156212]   y_train:  -0.42857142857142855
x_train:  [ 0.         -0.25        0.4330127   0.         -0.27272727  0.27272727]   y_train:  0.25
x_train:  [ 0.48780136  0.          1.47314927  0.04545455 -0.45075758  1.18378333]   y_train:  0.5714285714285714
x_train:  [ 0.45490667  0.          1.42289038  0.         -0.40909091  0.60983672]   y_train:  0.5714285714285714
x_train:  [ 2.95083498e-01  6.93889390e-18  9.66791640e-01  0.00000000e+00
 -5.45454545e-01  5.45454545e-01]   y_train:  0.8571428571428571
x_train:  [ 0.         -0.46103896  1.26988319  0.         -1.15384615  1.15384615]   y_train:  -0.42857142857142855
x_train:  [ 0.375       0.          0.79056942  0.         -0.27272727  0.27272727]   y_train:  0.8571428571428571
x_train:  [ 0.         -0.54545455  1.09090909  0.30909091  0.          0.72371288]   y_train:  0.8571428571428571
x_train:  [ 0.         -0.39772727  0.60001722  0.91914329  0.          2.31156963]   y_train:  0.2857142857142857
x_train:  [0.26130751 0.         0.54029976 0.5        0.         1.        ]   y_train:  0.14285714285714285
x_train:  [-2.77555756e-17 -3.13636364e-01  7.47931031e-01  4.18181818e-01
  0.00000000e+00  1.05773421e+00]   y_train:  0.8571428571428571
x_train:  [ 4.06164765e-01 -2.77555756e-17  1.04759951e+00  2.77555756e-17
 -4.24575425e-01  1.39759142e+00]   y_train:  -0.14285714285714285
x_train:  [ 2.77555756e-17 -2.57575758e-01  4.46520061e-01  4.16666667e-01
  0.00000000e+00  7.50000000e-01]   y_train:  0.0
x_train:  [ 0.         -0.39772727  0.60001722  0.23498535  0.          0.50437534]   y_train:  0.42857142857142855
x_train:  [ 2.77555756e-17 -2.50000000e-01  4.33012702e-01  3.27500378e-01
  0.00000000e+00  6.28495893e-01]   y_train:  0.42857142857142855
x_train:  [ 4.15778086e-01 -1.38777878e-17  1.80621547e+00  0.00000000e+00
 -5.45454545e-01  9.44754986e-01]   y_train:  0.42857142857142855
x_train:  [ 6.93889390e-18 -2.92207792e-01  8.20073571e-01  2.18916630e-01
  0.00000000e+00  3.18810527e-01]   y_train:  -0.2857142857142857
x_train:  [0.62121212 0.         1.10315101 0.27272727 0.         0.47237749]   y_train:  0.5714285714285714
x_train:  [0.38636364 0.         0.98647884 0.93939394 0.         1.63383643]   y_train:  0.7142857142857143
x_train:  [ 0.         -0.54545455  0.94475499  0.25        0.          0.25      ]   y_train:  0.5
x_train:  [ 0.         -0.81818182  1.89605942  0.36038961  0.          1.00592254]   y_train:  0.42857142857142855
x_train:  [ 0.29882239  0.          0.81725835  0.         -0.54545455  0.94475499]   y_train:  0.14285714285714285
x_train:  [1.01498906 0.         2.28337507 0.43453057 0.         1.02196914]   y_train:  2.0
x_train:  [ 0.42444086  0.          1.25353386  0.         -0.54545455  0.54545455]   y_train:  0.8571428571428571
x_train:  [ 0.51136364  0.          1.57163651  0.         -0.54545455  0.94475499]   y_train:  0.2857142857142857
x_train:  [ 6.66666667e-01 -5.55111512e-17  1.22474487e+00  0.00000000e+00
 -6.38636364e-01  2.24862217e+00]   y_train:  -0.5714285714285714
x_train:  [ 0.24273617 -0.06060606  0.98010809  0.91363636 -0.10909091  2.13986657]   y_train:  0.7142857142857143
x_train:  [0.27479339 0.         0.94174315 0.91361012 0.         1.85156483]   y_train:  0.8571428571428571
x_train:  [ 0.47494003  0.          1.18625827  0.         -0.54545455  0.54545455]   y_train:  1.5714285714285714
x_train:  [0.26548472 0.         0.65291427 0.48717809 0.         0.8444015 ]   y_train:  1.1428571428571428
x_train:  [ 0.         -0.25        0.35355339  0.         -0.54545455  0.94475499]   y_train:  -0.2857142857142857
x_train:  [ 8.05194805e-01 -1.38777878e-17  2.21097936e+00  0.00000000e+00
 -5.45454545e-01  7.71389216e-01]   y_train:  0.7142857142857143
x_train:  [ 5.82350610e-01 -6.93889390e-18  1.44248995e+00  1.29847941e-01
 -1.81818182e-01  6.16030145e-01]   y_train:  0.7142857142857143
x_train:  [ 0.         -0.38811189  0.81197213  0.         -1.          1.        ]   y_train:  0.0
x_train:  [0.48376623 0.         1.82328828 0.81818182 0.         0.81818182]   y_train:  0.2857142857142857
x_train:  [ 3.51931169e-01  5.55111512e-17  8.32118475e-01  0.00000000e+00
 -7.72727273e-01  1.97295767e+00]   y_train:  0.2857142857142857
x_train:  [ 0.58144522  0.          0.85614164  0.         -0.54545455  1.33608531]   y_train:  0.8571428571428571
x_train:  [ 0.16666667 -0.40909091  1.50481321  0.         -2.5         2.5       ]   y_train:  0.14285714285714285
x_train:  [ 8.70129870e-01 -2.77555756e-17  2.38538941e+00  8.55589544e-02
 -3.76623377e-01  1.41990117e+00]   y_train:  1.1428571428571428
x_train:  [ 0.36902877  0.          0.97518534  0.         -0.4469697   0.81088922]   y_train:  0.5714285714285714
x_train:  [ 0.19701165 -0.04166667  0.59141376  0.52462187  0.          1.60691169]   y_train:  0.5714285714285714
x_train:  [0.59848485 0.         1.05357518 0.25472927 0.         0.62491003]   y_train:  1.0
x_train:  [ 0.         -0.25378788  0.62199692  0.27272727  0.          0.27272727]   y_train:  0.0
x_train:  [ 8.33333333e-02 -3.63636364e-01  8.10889217e-01  7.84345906e-01
 -2.08166817e-17  3.13862624e+00]   y_train:  1.0
x_train:  [ 0.37727273  0.          0.89794301  0.         -0.54545455  0.54545455]   y_train:  1.1428571428571428
x_train:  [ 0.         -0.25        0.35355339  0.         -0.54545455  0.77138922]   y_train:  0.0
x_train:  [ 0.81818182  0.          1.41713248  0.1875     -0.13636364  0.69643425]   y_train:  0.14285714285714285
x_train:  [ 0.33333333  0.          0.61237244  0.         -0.84965035  1.27627646]   y_train:  -0.14285714285714285
x_train:  [ 0.14244967 -0.24318182  1.31169042  0.         -2.5         2.5       ]   y_train:  0.2857142857142857
x_train:  [ 4.01169426e-01 -1.38777878e-17  1.62161133e+00  5.55111512e-17
 -4.46969697e-01  8.10889217e-01]   y_train:  0.5714285714285714
x_train:  [ 3.83295024e-01  5.55111512e-17  1.46789323e+00  0.00000000e+00
 -2.00000000e+00  2.00000000e+00]   y_train:  0.5714285714285714
x_train:  [ 0.48946563 -0.04545455  2.01546231  0.         -2.          2.        ]   y_train:  0.14285714285714285
x_train:  [ 0.26345292  0.          0.54122978  0.         -0.54545455  0.54545455]   y_train:  0.42857142857142855
x_train:  [ 0.15       -0.21818182  0.88461366  0.875       0.          1.25      ]   y_train:  0.42857142857142855
x_train:  [1.09090909 0.         1.88950997 0.5        0.         0.70710678]   y_train:  0.7142857142857143
x_train:  [0.81818182 0.         0.81818182 0.41666667 0.         0.75      ]   y_train:  0.42857142857142855
x_train:  [ 0.         -0.88636364  1.81590767  0.36157766 -0.06675143  1.41923249]   y_train:  0.42857142857142855
x_train:  [ 0.03021848 -0.45454545  1.23307621  1.          0.          1.        ]   y_train:  0.7142857142857143
x_train:  [0.5        0.         0.5        0.21766473 0.         0.38523658]   y_train:  0.2857142857142857
x_train:  [ 0.         -2.          2.          0.32142857 -0.07792208  1.11131483]   y_train:  0.2857142857142857
      bank_credit
x_train:  [-5.20417043e-18 -2.48798077e-01  9.95366484e-01  2.30769231e-01
  0.00000000e+00  2.30769231e-01]   y_train:  -0.2857142857142857
x_train:  [ 0.1        -0.30979021  1.0477003   0.         -2.53846154  2.53846154]   y_train:  0.0
x_train:  [ 0.         -2.53846154  3.58992674  0.02321117 -0.23051948  0.6788225 ]   y_train:  -0.2857142857142857
x_train:  [ 0.02083333 -0.25189394  0.97436141  0.         -1.5         1.5       ]   y_train:  -0.25
x_train:  [-6.93889390e-18 -2.52272727e-01  7.98047721e-01  1.92017092e-01
  0.00000000e+00  2.83663819e-01]   y_train:  -0.7142857142857143
x_train:  [ 0.21615752 -0.025       0.78178773  0.52892582  0.          0.94068928]   y_train:  0.42857142857142855
x_train:  [0.25       0.         0.55901699 0.11029694 0.         0.11029694]   y_train:  0.7142857142857143
x_train:  [ 0.         -1.75        2.5         0.         -0.31905594  0.68976452]   y_train:  -0.7142857142857143
x_train:  [ 0.         -0.25        0.25        0.32051282  0.          0.58139294]   y_train:  0.5714285714285714
x_train:  [ 0.         -0.26515152  0.45963065  0.         -0.52272727  0.73994639]   y_train:  -0.2857142857142857
x_train:  [0.25       0.         0.61237244 0.17876494 0.         0.17876494]   y_train:  -0.14285714285714285
x_train:  [ 0.         -0.25        0.61237244  0.         -0.27272727  0.27272727]   y_train:  0.0
x_train:  [ 0.         -0.30227822  0.99869435  0.         -2.          2.        ]   y_train:  -1.0
x_train:  [-3.46944695e-18 -2.79040404e-01  1.22958536e+00  4.61538462e-01
  0.00000000e+00  4.61538462e-01]   y_train:  -0.14285714285714285
x_train:  [ 0.03296703 -0.24450549  0.76077079  0.         -1.          1.        ]   y_train:  0.14285714285714285
x_train:  [ 2.30769231e-01  0.00000000e+00  3.99704033e-01 -1.38777878e-17
 -2.42307692e-01  5.42225853e-01]   y_train:  0.2857142857142857
x_train:  [ 2.63628921e-01  6.93889390e-18  9.12066768e-01  0.00000000e+00
 -2.72727273e-01  3.85694608e-01]   y_train:  0.14285714285714285
x_train:  [ 0.         -0.25189394  0.87285747  0.         -0.5         0.70710678]   y_train:  -0.8571428571428571
x_train:  [ 0.         -0.46153846  0.65271395  0.         -0.25        0.35355339]   y_train:  -0.14285714285714285
x_train:  [ 0.         -0.24358974  0.42220189  0.         -0.27272727  0.47237749]   y_train:  0.42857142857142855
x_train:  [ 0.         -0.26515152  0.45963065  0.         -1.5         1.5       ]   y_train:  0.14285714285714285
x_train:  [0.23461538 0.         0.52489785 0.18940588 0.         0.18940588]   y_train:  0.625
x_train:  [ 0.16346154 -0.07692308  0.58929052  0.         -0.92307692  1.59881613]   y_train:  0.2857142857142857
x_train:  [ 0.25089456  0.          0.61719442  0.         -0.54545455  0.54545455]   y_train:  0.0
x_train:  [ 6.93889390e-18 -3.20512821e-01  8.22213782e-01  2.50000000e-01
  0.00000000e+00  2.50000000e-01]   y_train:  -0.14285714285714285
x_train:  [ 0.31949801  0.          0.77643657  0.         -0.5         0.5       ]   y_train:  0.5714285714285714
x_train:  [0.25       0.         0.55901699 0.25       0.         0.        ]   y_train:  0.14285714285714285
x_train:  [ 0.         -1.05384615  2.40960848  0.         -0.3125      0.66143783]   y_train:  -0.5714285714285714
x_train:  [ 0.03296703 -0.2455045   0.69103728  0.30769231  0.          0.65441152]   y_train:  0.2857142857142857
x_train:  [0.48076923 0.         0.68045408 0.25034965 0.         0.79223393]   y_train:  1.1428571428571428
x_train:  [0.1824501  0.         0.38974605 0.48717949 0.         0.84440378]   y_train:  1.4285714285714286
x_train:  [ 0.         -0.93939394  1.63383643  0.         -0.23076923  0.23076923]   y_train:  -1.2857142857142858
x_train:  [-1.38777878e-17 -2.64335664e-01  5.92262694e-01  2.30769231e-01
  0.00000000e+00  3.99704033e-01]   y_train:  0.8571428571428571
x_train:  [ 0.         -1.3614084   1.3614084   0.03125    -0.23798077  0.78916479]   y_train:  -0.42857142857142855
x_train:  [ 0.0760033  -0.21367521  1.11291034  0.         -2.25        2.25      ]   y_train:  0.0
x_train:  [ 0.23214286 -0.01948052  0.94174315  0.         -2.          2.        ]   y_train:  -0.2857142857142857
x_train:  [ 0.         -0.88811189  1.54063737  0.08333333 -0.17424242  0.44652006]   y_train:  0.0
x_train:  [ 0.24862701  0.          0.4550044   0.         -0.27272727  0.27272727]   y_train:  0.5714285714285714
x_train:  [ 0.11038961 -0.20054945  0.86091237  0.         -2.53846154  2.53846154]   y_train:  0.14285714285714285
x_train:  [ 0.16012525 -0.08333333  0.73428512  0.         -0.92307692  0.92307692]   y_train:  0.8571428571428571
x_train:  [ 0.46153846  0.          0.92307692  0.         -0.27272727  0.27272727]   y_train:  0.7142857142857143
x_train:  [0.23753214 0.         0.47578667 0.1598855  0.         0.1598855 ]   y_train:  0.5714285714285714
x_train:  [ 0.         -0.25227273  0.79804772  0.         -0.44258034  0.63114875]   y_train:  -0.2857142857142857
x_train:  [0.5        0.         1.24273034 0.26363636 0.         0.59003432]   y_train:  0.8571428571428571
x_train:  [ 0.         -0.53977273  1.52729978  0.         -0.27272727  0.27272727]   y_train:  -0.42857142857142855
x_train:  [ 0.         -0.26704545  0.53445346  0.5         0.          0.5       ]   y_train:  0.42857142857142855
x_train:  [ 0.         -0.24519231  0.49066734  0.         -2.          2.        ]   y_train:  -0.8571428571428571
x_train:  [ 2.38158247e-01  6.93889390e-18  6.77276569e-01  0.00000000e+00
 -2.50000000e-01  2.50000000e-01]   y_train:  0.8571428571428571
x_train:  [ 0.16666667 -0.07692308  0.42220189  0.         -0.63962782  0.92587221]   y_train:  -0.14285714285714285
x_train:  [ 0.24038462  0.          0.34022704  0.         -0.25        0.4330127 ]   y_train:  -0.14285714285714285
x_train:  [0.25378788 0.         0.62199692 0.46153846 0.         1.03203137]   y_train:  0.5714285714285714
x_train:  [ 0.20851894  0.          0.47681611  0.         -0.25        0.25      ]   y_train:  0.14285714285714285
x_train:  [ 0.23192303  0.          0.66721222  0.         -0.27272727  0.38569461]   y_train:  0.42857142857142855
x_train:  [ 0.25        0.          0.4330127   0.         -0.40909091  0.60983672]   y_train:  0.2857142857142857
x_train:  [ 0.         -1.25480769  2.76020163  0.20239142 -0.07142857  0.76831127]   y_train:  0.14285714285714285
x_train:  [ 0.         -0.25087413  0.5026277   0.31410256  0.          0.5733866 ]   y_train:  0.7142857142857143
x_train:  [ 0.18363797 -0.03125     0.63195681  0.         -2.53846154  2.53846154]   y_train:  0.0
      job_search_waiter_waitress
x_train:  [0.48641129 0.         2.34000253 0.86802873 0.         5.03419221]   y_train:  1.4285714285714286
x_train:  [ 0.15151515 -0.15757576  0.96114601  0.         -1.63636364  1.63636364]   y_train:  -1.0
x_train:  [ 0.2289579  -0.06293706  1.05636522  0.         -1.63636364  2.31416765]   y_train:  -0.8571428571428571
x_train:  [ 6.70913666e-01  1.73472348e-18  2.92695673e+00  2.66265239e-01
 -2.27272727e-02  1.00309724e+00]   y_train:  1.0
x_train:  [0.84738408 0.         2.96214713 0.39884985 0.         2.21236222]   y_train:  1.0
x_train:  [0.69886364 0.         2.03962807 0.25901892 0.         0.63889152]   y_train:  1.0
x_train:  [0.3        0.         0.6        0.27272727 0.         0.27272727]   y_train:  0.5714285714285714
x_train:  [0.55636364 0.         1.24502315 0.3        0.         0.3       ]   y_train:  0.42857142857142855
x_train:  [ 0.72727273  0.          1.2792043   0.26163894 -0.03896104  0.7978808 ]   y_train:  0.0
x_train:  [ 2.60959238e-01 -3.40909091e-02  8.39306388e-01  6.13636364e-01
  1.73472348e-18  2.15091754e+00]   y_train:  0.42857142857142855
x_train:  [0.37090909 0.         1.22757572 0.79773676 0.         2.11476797]   y_train:  0.8571428571428571
x_train:  [0.31899804 0.         1.39859695 1.09090909 0.         1.54277843]   y_train:  1.1428571428571428
x_train:  [0.41658865 0.         1.76935615 0.87949988 0.         2.51315116]   y_train:  0.7142857142857143
x_train:  [0.84888573 0.         3.64934187 0.33083957 0.         1.32527359]   y_train:  1.4285714285714286
x_train:  [ 3.76859504e-01 -2.47933884e-02  1.34772536e+00  9.11025644e-01
 -3.46944695e-18  2.25321583e+00]   y_train:  0.5714285714285714
x_train:  [0.28441558 0.         0.75333967 0.81818182 0.         1.15708382]   y_train:  0.5714285714285714
x_train:  [ 0.00000000e+00 -3.00000000e-01  4.24264069e-01  4.87500000e-01
 -6.93889390e-18  1.43874946e+00]   y_train:  0.42857142857142855
x_train:  [0.85001007 0.         3.32210064 0.42727273 0.         1.34191796]   y_train:  0.8571428571428571
x_train:  [ 0.         -0.27272727  0.47237749  0.4726064   0.          1.19653343]   y_train:  0.42857142857142855
x_train:  [ 0.         -0.27272727  0.54545455  0.         -0.27272727  0.        ]   y_train:  -0.42857142857142855
x_train:  [ 0.26931926  0.          0.77496087  0.         -0.27272727  0.27272727]   y_train:  0.0
x_train:  [ 0.29752066 -0.02479339  1.12448335  1.09090909  0.          1.09090909]   y_train:  0.625
x_train:  [0.28909091 0.         1.12083941 0.15921843 0.         0.28907722]   y_train:  1.0
x_train:  [ 0.         -0.3         0.3         0.25219109  0.          0.44920285]   y_train:  -0.14285714285714285
x_train:  [ 3.32339393e-01 -4.54545455e-02  1.38081666e+00  9.96584979e-01
 -6.93889390e-18  2.68341108e+00]   y_train:  0.7142857142857143
x_train:  [0.30119009 0.         0.7488453  0.81818182 0.         0.81818182]   y_train:  0.7142857142857143
x_train:  [ 3.00000000e-01 -2.77555756e-17  9.00000000e-01  0.00000000e+00
 -3.72727273e-01  6.79632862e-01]   y_train:  -0.14285714285714285
x_train:  [0.2855615  0.         1.17873724 0.57818182 0.         1.29423387]   y_train:  1.1428571428571428
x_train:  [ 0.25631929  0.          0.64977331  0.         -0.27272727  0.27272727]   y_train:  0.0
x_train:  [ 0.68025761  0.          1.39059156  0.19189598 -0.04545455  0.61053619]   y_train:  0.2857142857142857
x_train:  [ 2.42975207e-01 -4.95867769e-02  9.71154208e-01  5.90909091e-01
 -6.93889390e-18  1.46868131e+00]   y_train:  0.42857142857142855
x_train:  [ 0.         -0.27272727  0.66804266  0.25996708  0.          0.53133444]   y_train:  0.0
x_train:  [ 0.25178481  0.          0.62732061  0.         -0.3         0.42426407]   y_train:  0.42857142857142855
x_train:  [ 0.         -0.38192066  0.56175899  0.37272727  0.          0.67963286]   y_train:  0.14285714285714285
x_train:  [0.54545455 0.         1.21967344 0.24343302 0.         0.74300872]   y_train:  0.7142857142857143
x_train:  [0.27954545 0.         0.55958958 0.63068182 0.         2.56711563]   y_train:  1.1428571428571428
x_train:  [ 7.79220779e-01 -3.46944695e-18  2.07702903e+00  2.45454545e-01
 -3.75000000e-02  8.01187136e-01]   y_train:  0.42857142857142855
x_train:  [0.29847904 0.         0.99140265 0.70909091 0.         1.0146041 ]   y_train:  0.5714285714285714
x_train:  [ 0.31753247 -0.05844156  1.62793283  0.         -1.90909091  2.72727273]   y_train:  0.14285714285714285
x_train:  [ 7.04743871e-01  3.46944695e-18  2.58693010e+00  2.25429508e-01
 -3.00000000e-02  8.38274761e-01]   y_train:  1.0
x_train:  [ 0.22121212 -0.06060606  0.84633385  0.76363636  0.          1.53891665]   y_train:  0.5714285714285714
x_train:  [ 0.         -0.54545455  0.54545455  0.         -0.28909091  0.64711694]   y_train:  -0.5714285714285714
x_train:  [0.28441558 0.         0.75333967 0.55454545 0.         1.35926572]   y_train:  0.7142857142857143
x_train:  [ 9.53993443e-01 -7.79220779e-02  2.60404906e+00  4.10109406e-01
  3.46944695e-18  1.62375801e+00]   y_train:  0.5714285714285714
x_train:  [ 0.07377044 -0.09090909  0.31762025  0.36623377  0.          1.0146041 ]   y_train:  0.42857142857142855
x_train:  [ 0.14366475 -0.09090909  0.60261231  0.61363636  0.          1.24979337]   y_train:  0.5714285714285714
x_train:  [ 0.63636364  0.          1.12448335  0.         -0.54545455  0.54545455]   y_train:  0.14285714285714285
x_train:  [0.57272727 0.         0.81087648 0.3        0.         0.67082039]   y_train:  0.7142857142857143
x_train:  [0.6989974  0.         3.06320544 0.27044096 0.         1.08936051]   y_train:  0.7142857142857143
x_train:  [0.27877244 0.         0.98428324 0.61090909 0.         1.38635618]   y_train:  0.7142857142857143
x_train:  [ 0.81818182  0.          0.81818182  0.22562143 -0.04285714  0.75148584]   y_train:  0.2857142857142857
x_train:  [ 0.2        -0.1         0.51961524  0.75        0.          2.14745669]   y_train:  0.5714285714285714
x_train:  [ 0.21818182 -0.05454545  0.60983672  0.68181818  0.          0.98333217]   y_train:  0.42857142857142855
x_train:  [0.55636364 0.         2.79462294 0.29756876 0.         0.7631263 ]   y_train:  0.42857142857142855
x_train:  [0.28909091 0.         0.91516155 0.56363636 0.         0.97726216]   y_train:  0.5714285714285714
x_train:  [0.54545455 0.         1.44313708 0.28154074 0.         0.89134221]   y_train:  1.0
x_train:  [ 2.97902098e-01 -6.93889390e-18  1.07442085e+00  0.00000000e+00
 -8.18181818e-01  8.18181818e-01]   y_train:  0.5714285714285714
x_train:  [0.40879384 0.         1.47896001 0.90909091 0.         1.59025961]   y_train:  0.7142857142857143
x_train:  [ 0.44876033 -0.02479339  1.64565544  0.         -1.63636364  1.63636364]   y_train:  0.2857142857142857
x_train:  [ 3.89278151e-01  6.93889390e-18  9.16685445e-01  0.00000000e+00
 -3.00000000e-01  3.00000000e-01]   y_train:  0.14285714285714285
x_train:  [0.26901149 0.         0.91243887 0.58181818 0.         1.00872229]   y_train:  0.5714285714285714
x_train:  [0.29605037 0.         0.90530857 0.58205761 0.         1.44979597]   y_train:  1.0
x_train:  [ 0.23389253 -0.04090909  1.04979771  0.81818182  0.          1.82951016]   y_train:  0.0
x_train:  [ 0.34441431 -0.06503497  1.55045964  0.         -1.90909091  1.90909091]   y_train:  0.14285714285714285
      accommodation_search
x_train:  [ 2.80219780e-01 -3.57142857e-02  8.06546807e-01 -1.38777878e-17
 -2.50000000e-01  7.90569415e-01]   y_train:  0.0
x_train:  [ 0.24395074 -0.16025641  1.67272768  0.         -2.76923077  2.76923077]   y_train:  -0.7142857142857143
x_train:  [ 0.23995698 -0.09401709  1.50612792  0.         -2.76923077  3.91628371]   y_train:  -0.42857142857142855
x_train:  [ 3.09440559e-01  0.00000000e+00  1.12018199e+00  2.77555756e-17
 -2.50000000e-01  6.12372436e-01]   y_train:  0.25
x_train:  [ 0.43420673  0.          1.7122622   0.         -0.23626374  0.62551754]   y_train:  -0.5714285714285714
x_train:  [ 0.18019581 -0.02884615  0.6017426   0.46153846  0.          0.65271395]   y_train:  0.2857142857142857
x_train:  [ 0.57692308  0.          1.17669681  0.17794061 -0.04615385  0.51016799]   y_train:  0.7142857142857143
x_train:  [ 0.1025641  -0.23504274  1.01504948  0.         -1.84615385  1.84615385]   y_train:  -0.8571428571428571
x_train:  [0.53846154 0.         0.95148591 0.25       0.         0.4330127 ]   y_train:  0.8571428571428571
x_train:  [ 3.27453918e-01  1.38777878e-17  1.03480633e+00  0.00000000e+00
 -2.34615385e-01  5.24897849e-01]   y_train:  0.8571428571428571
x_train:  [ 2.74038462e-01  0.00000000e+00  8.12258157e-01  2.77555756e-17
 -2.43589744e-01  4.22201892e-01]   y_train:  0.2857142857142857
x_train:  [ 0.23745844 -0.02564103  1.1451967   0.61062921  0.          1.38411983]   y_train:  -0.14285714285714285
x_train:  [ 0.46153846  0.          0.46153846  0.03846154 -0.24679487  0.64730895]   y_train:  -0.14285714285714285
x_train:  [ 2.64235764e-01 -3.46944695e-18  9.01216154e-01  0.00000000e+00
 -2.30769231e-01  2.30769231e-01]   y_train:  0.8571428571428571
x_train:  [ 0.11003823 -0.15504808  1.14196081  0.         -1.84615385  1.84615385]   y_train:  -0.42857142857142855
x_train:  [ 0.025      -0.25        0.8291562   0.44017094  0.          1.37200454]   y_train:  -0.14285714285714285
x_train:  [ 0.31015457  0.          0.94276692  0.01361829 -0.29807692  0.62788495]   y_train:  0.0
x_train:  [ 0.2043956  -0.05        0.9556531   0.51923077  0.          1.05751747]   y_train:  0.7142857142857143
x_train:  [ 0.11853764 -0.19526627  1.21104483  0.         -2.76923077  2.76923077]   y_train:  -0.2857142857142857
x_train:  [-1.38777878e-17 -2.48076923e-01  7.84700222e-01  4.61538462e-01
  0.00000000e+00  4.61538462e-01]   y_train:  -0.42857142857142855
x_train:  [ 3.64423077e-01  2.08166817e-17  1.69917749e+00  0.00000000e+00
 -2.93269231e-01  6.18083026e-01]   y_train:  0.14285714285714285
x_train:  [-2.77555756e-17 -2.50000000e-01  5.59016994e-01  2.47252747e-01
 -1.38777878e-17  9.25477647e-01]   y_train:  0.42857142857142855
x_train:  [ 0.32245879 -0.03125     1.05509528  1.15384615  0.          1.63178488]   y_train:  0.2857142857142857
x_train:  [ 2.28301975e-01  6.93889390e-18  7.26020764e-01  0.00000000e+00
 -2.30769231e-01  3.99704033e-01]   y_train:  0.625
x_train:  [ 2.09780036e-01 -2.88461538e-02  9.68340524e-01  5.53846154e-01
  3.46944695e-18  1.26397513e+00]   y_train:  0.42857142857142855
x_train:  [ 3.43772437e-01 -6.93889390e-18  1.47839655e+00  0.00000000e+00
 -2.30769231e-01  3.99704033e-01]   y_train:  -0.2857142857142857
x_train:  [ 0.18549543 -0.04370629  0.77647298  0.57692308  0.          1.17669681]   y_train:  0.2857142857142857
x_train:  [0.48966863 0.         0.69363777 0.24175824 0.         0.64012758]   y_train:  0.8571428571428571
x_train:  [ 2.26331361e-01 -1.77514793e-02  8.80634857e-01  5.38461538e-01
 -1.73472348e-18  9.51485914e-01]   y_train:  1.2857142857142858
x_train:  [ 2.95329670e-01 -2.77555756e-17  1.15176094e+00  2.77555756e-17
 -2.37179487e-01  5.81392941e-01]   y_train:  -0.2857142857142857
x_train:  [ 0.17307692 -0.06593407  0.63286472  0.         -1.15384615  1.15384615]   y_train:  -0.7142857142857143
x_train:  [ 4.86116391e-01  3.46944695e-18  1.30924184e+00  1.69726932e-01
 -4.61538462e-02  6.95452326e-01]   y_train:  0.2857142857142857
x_train:  [0.49519231 0.         2.00369481 0.26460105 0.         1.0012921 ]   y_train:  1.0
x_train:  [ 0.20604396 -0.02564103  0.69643264  0.69230769  0.          0.69230769]   y_train:  1.5714285714285714
x_train:  [0.51923077 0.         1.05751747 0.21540438 0.         0.69989352]   y_train:  1.1428571428571428
x_train:  [ 0.18653846 -0.09230769  0.92807142  0.         -1.          1.        ]   y_train:  -1.1428571428571428
x_train:  [ 0.         -0.23076923  0.32635698  0.2989011   0.          1.00415   ]   y_train:  0.7142857142857143
x_train:  [ 0.         -1.38461538  1.38461538  0.21621659 -0.08566434  1.08674937]   y_train:  -0.14285714285714285
x_train:  [ 3.58075764e-01  0.00000000e+00  1.21793755e+00  5.55111512e-17
 -3.14102564e-01  5.73386597e-01]   y_train:  0.14285714285714285
x_train:  [ 0.16346154 -0.15384615  0.81657207  0.         -1.84615385  1.84615385]   y_train:  -0.8571428571428571
x_train:  [ 4.67032967e-01 -2.77555756e-17  1.31249119e+00  0.00000000e+00
 -3.88461538e-01  1.10556018e+00]   y_train:  -0.2857142857142857
x_train:  [ 2.76551399e-01  1.38777878e-17  9.40619902e-01  0.00000000e+00
 -2.30769231e-01  5.65266864e-01]   y_train:  0.7142857142857143
x_train:  [ 0.16410256 -0.13974359  1.24079451  0.         -3.          3.        ]   y_train:  0.14285714285714285
x_train:  [ 2.85187238e-01  1.38777878e-17  1.42914335e+00  0.00000000e+00
 -2.30769231e-01  3.99704033e-01]   y_train:  0.8571428571428571
x_train:  [-2.77555756e-17 -3.30769231e-01  8.43088854e-01  3.69220947e-01
 -2.77555756e-17  9.88345684e-01]   y_train:  -0.14285714285714285
x_train:  [ 5.74759867e-01  3.46944695e-18  1.85651849e+00  1.67974882e-01
 -7.14285714e-02  6.34371534e-01]   y_train:  0.42857142857142855
x_train:  [0.44006336 0.         0.76918706 0.24470173 0.         0.91647545]   y_train:  0.8571428571428571
x_train:  [ 0.         -0.24450549  0.64730895  0.34615385  0.          0.51601569]   y_train:  0.0
x_train:  [ 0.21110927 -0.0242915   1.03102666  0.48601399  0.          1.61309361]   y_train:  0.42857142857142855
x_train:  [ 0.         -0.34615385  0.51601569  0.34467456  0.          1.34299079]   y_train:  0.42857142857142855
x_train:  [ 0.         -0.24450549  0.64730895  0.31623932  0.          0.9977786 ]   y_train:  0.0
x_train:  [ 6.26373626e-01 -3.46944695e-18  1.68002536e+00  1.82692308e-01
 -5.76923077e-02  4.81153692e-01]   y_train:  0.0
x_train:  [ 0.46428571  0.          1.26762719  0.         -0.23076923  0.23076923]   y_train:  0.14285714285714285
x_train:  [ 0.13728429 -0.07307692  0.70891853  0.         -1.84615385  1.84615385]   y_train:  -0.7142857142857143
x_train:  [ 0.00000000e+00 -2.30769231e-01  4.61538462e-01  3.19117228e-01
 -2.08166817e-17  1.46132249e+00]   y_train:  1.1428571428571428
x_train:  [ 0.02884615 -0.33173077  1.20188461  0.42628205  0.          1.11089947]   y_train:  -0.14285714285714285
x_train:  [0.52447552 0.         1.7725721  0.24358974 0.         0.73127513]   y_train:  0.7142857142857143
x_train:  [ 5.55111512e-17 -2.43589744e-01  4.22201892e-01  4.26282051e-01
 -6.93889390e-18  1.50172485e+00]   y_train:  -0.2857142857142857
x_train:  [ 2.66272189e-01 -1.73472348e-18  1.38781681e+00  0.00000000e+00
 -2.30769231e-01  2.30769231e-01]   y_train:  0.0
x_train:  [ 0.58386631  0.          1.56880108  0.19831731 -0.05769231  1.04644368]   y_train:  0.42857142857142855
x_train:  [ 4.84615385e-01  3.46944695e-18  1.54804706e+00  2.39014779e-01
 -1.92307692e-02  9.01919631e-01]   y_train:  0.2857142857142857
x_train:  [ 0.29284981 -0.01048951  1.55331021  0.25       -1.38461538  1.40700382]   y_train:  0.42857142857142855
x_train:  [ 2.89826168e-01 -1.38777878e-17  7.95960780e-01  0.00000000e+00
 -2.37179487e-01  4.11106891e-01]   y_train:  0.14285714285714285
x_train:  [0.57692308 0.         0.83205029 0.20661639 0.         0.49344813]   y_train:  0.42857142857142855
x_train:  [0.46153846 0.         1.03203137 0.26777161 0.         0.53907002]   y_train:  0.42857142857142855
x_train:  [ 0.24348815 -0.02307692  0.9197867   0.         -1.5         2.17707257]   y_train:  -0.14285714285714285
x_train:  [ 2.99727822e-01  1.38777878e-17  1.37509434e+00  0.00000000e+00
 -2.30769231e-01  5.16015687e-01]   y_train:  1.0
x_train:  [0.57692308 0.         0.83205029 0.23725186 0.         0.83481335]   y_train:  0.42857142857142855
x_train:  [ 0.24445091 -0.02564103  1.17119107  0.         -3.          3.        ]   y_train:  -0.14285714285714285
Traceback (most recent call last):
  File "main.py", line 41, in <module>
    ablation_study()
  File "main.py", line 34, in ablation_study
    gamma_study(gamma_list, conf, root, gamma_file, normalize, regm, score_type, debug, train_all, feature_transform, load_active_detectors)
  File "/home/users/vnguyen/intern20/Vis-Priva-Expos/privacy/tools/ablation_studies/focusing_exposure.py", line 55, in gamma_study
    gamma_search[gamma] = parameter_search(root, gt_user_expo_situs, train_data, test_data, object_expo_situs, f_top, gamma, K, N, regm,
  File "/home/users/vnguyen/intern20/Vis-Priva-Expos/privacy/tools/ablation_studies/param_search.py", line 95, in parameter_search
    train_test_observe(train_test_batch_situs)
  File "/home/users/vnguyen/intern20/Vis-Priva-Expos/privacy/lib/analysis/train_test_regression.py", line 13, in train_test_observe
    assert 1 == 2
AssertionError
