##########################################
######## Focusing Exposure Search ########
###########################################
+++++++++++++++++++++++++++++
+++++ gamma =  0 +++++
+++++++++++++++++++++++++++++
Estimate exposure user photos ...
Done!
#### CLUSTERING ####
Calculate clustering photo features ...
Done!
Calculate clusters of users ...
Done!
##### REGRESSION #####
Calculate regression features ...
Done!
Combine and convert to numpy format ...
   job_search_IT
Number of training data:  50
Number of test data:  49
   bank_credit
Number of training data:  50
Number of test data:  49
   job_search_waiter_waitress
Number of training data:  50
Number of test data:  49
   accommodation_search
Number of training data:  50
Number of test data:  49
Done!
********************************************
  job_search_IT
Searching best parameters by regressor ...
Best parameters:
{'bootstrap': True, 'max_depth': 3, 'max_features': 'auto', 'min_samples_leaf': 4, 'min_samples_split': 5, 'n_estimators': 100}
Evaluation on train sets: 
Kendall score:  0.6639100654289082
mse:  0.11411503526112585
Evaluation on test sets: 
Kendall score:  0.07631133215427069
mse:  0.16402703915617306
********************************************
  bank_credit
Searching best parameters by regressor ...
Best parameters:
{'bootstrap': True, 'max_depth': 5, 'max_features': 'sqrt', 'min_samples_leaf': 1, 'min_samples_split': 5, 'n_estimators': 100}
Evaluation on train sets: 
Kendall score:  0.8635860383056886
mse:  0.1031883044292686
Evaluation on test sets: 
Kendall score:  0.0617707763884251
mse:  0.23181682549798086
********************************************
  job_search_waiter_waitress
Searching best parameters by regressor ...
Best parameters:
{'bootstrap': True, 'max_depth': 5, 'max_features': 'sqrt', 'min_samples_leaf': 2, 'min_samples_split': 5, 'n_estimators': 100}
Evaluation on train sets: 
Kendall score:  0.7962569839831245
mse:  0.07679769219190845
Evaluation on test sets: 
Kendall score:  0.03667022406182671
mse:  0.23752305047118238
********************************************
  accommodation_search
Searching best parameters by regressor ...
Best parameters:
{'bootstrap': True, 'max_depth': 4, 'max_features': 'sqrt', 'min_samples_leaf': 4, 'min_samples_split': 2, 'n_estimators': 130}
Evaluation on train sets: 
Kendall score:  0.7064172113483369
mse:  0.16134604904187624
Evaluation on test sets: 
Kendall score:  0.22964470602798118
mse:  0.2222375308914008
Done!
+++++++++++++++++++++++++++++
+++++ gamma =  3 +++++
+++++++++++++++++++++++++++++
Estimate exposure user photos ...
Done!
#### CLUSTERING ####
Calculate clustering photo features ...
Done!
Calculate clusters of users ...
Done!
##### REGRESSION #####
Calculate regression features ...
Done!
Combine and convert to numpy format ...
   job_search_IT
Number of training data:  50
Number of test data:  49
   bank_credit
Number of training data:  50
Number of test data:  49
   job_search_waiter_waitress
Number of training data:  50
Number of test data:  49
   accommodation_search
Number of training data:  50
Number of test data:  49
Done!
********************************************
  job_search_IT
Searching best parameters by regressor ...
Best parameters:
{'bootstrap': True, 'max_depth': 5, 'max_features': 'auto', 'min_samples_leaf': 2, 'min_samples_split': 5, 'n_estimators': 130}
Evaluation on train sets: 
Kendall score:  0.8105094961200631
mse:  0.06884408632610692
Evaluation on test sets: 
Kendall score:  0.13736039787768725
mse:  0.14944297024914208
********************************************
  bank_credit
Searching best parameters by regressor ...
Best parameters:
{'bootstrap': True, 'max_depth': 4, 'max_features': 'auto', 'min_samples_leaf': 1, 'min_samples_split': 3, 'n_estimators': 130}
Evaluation on train sets: 
Kendall score:  0.7662332876317723
mse:  0.09976630895029716
Evaluation on test sets: 
Kendall score:  0.12530643210223377
mse:  0.22698367370295303
********************************************
  job_search_waiter_waitress
Searching best parameters by regressor ...
Best parameters:
{'bootstrap': True, 'max_depth': 4, 'max_features': 'auto', 'min_samples_leaf': 4, 'min_samples_split': 3, 'n_estimators': 100}
Evaluation on train sets: 
Kendall score:  0.7282008315059344
mse:  0.09484401934074638
Evaluation on test sets: 
Kendall score:  -0.08496759233837897
mse:  0.26871962771821345
********************************************
  accommodation_search
Searching best parameters by regressor ...
Best parameters:
{'bootstrap': True, 'max_depth': 4, 'max_features': 'auto', 'min_samples_leaf': 2, 'min_samples_split': 2, 'n_estimators': 130}
Evaluation on train sets: 
Kendall score:  0.7920944474452813
mse:  0.09510219822453948
Evaluation on test sets: 
Kendall score:  0.2367106969826883
mse:  0.2368392831603921
Done!
+++++++++++++++++++++++++++++
+++++ gamma =  5 +++++
+++++++++++++++++++++++++++++
Estimate exposure user photos ...
Done!
#### CLUSTERING ####
Calculate clustering photo features ...
Done!
Calculate clusters of users ...
Done!
##### REGRESSION #####
Calculate regression features ...
Done!
Combine and convert to numpy format ...
   job_search_IT
Number of training data:  50
Number of test data:  49
   bank_credit
Number of training data:  50
Number of test data:  49
   job_search_waiter_waitress
Number of training data:  50
Number of test data:  49
   accommodation_search
Number of training data:  50
Number of test data:  49
Done!
********************************************
  job_search_IT
Searching best parameters by regressor ...
Best parameters:
{'bootstrap': True, 'max_depth': 5, 'max_features': 'sqrt', 'min_samples_leaf': 2, 'min_samples_split': 3, 'n_estimators': 100}
Evaluation on train sets: 
Kendall score:  0.807139394265094
mse:  0.07081382020869843
Evaluation on test sets: 
Kendall score:  0.01167114491771199
mse:  0.17250969693502224
********************************************
  bank_credit
Searching best parameters by regressor ...
Best parameters:
{'bootstrap': True, 'max_depth': 5, 'max_features': 'auto', 'min_samples_leaf': 1, 'min_samples_split': 3, 'n_estimators': 130}
Evaluation on train sets: 
Kendall score:  0.8602290469031397
mse:  0.06520547038020945
Evaluation on test sets: 
Kendall score:  0.054711259086890805
mse:  0.25688845841659497
********************************************
  job_search_waiter_waitress
Searching best parameters by regressor ...
Best parameters:
{'bootstrap': True, 'max_depth': 3, 'max_features': 'sqrt', 'min_samples_leaf': 4, 'min_samples_split': 2, 'n_estimators': 100}
Evaluation on train sets: 
Kendall score:  0.6295194104140087
mse:  0.14236905831735147
Evaluation on test sets: 
Kendall score:  0.17440716322088312
mse:  0.15601553122560605
********************************************
  accommodation_search
Searching best parameters by regressor ...
Best parameters:
{'bootstrap': True, 'max_depth': 3, 'max_features': 'sqrt', 'min_samples_leaf': 1, 'min_samples_split': 5, 'n_estimators': 100}
Evaluation on train sets: 
Kendall score:  0.645939162338729
mse:  0.15028505020948266
Evaluation on test sets: 
Kendall score:  0.14308631683281903
mse:  0.2657107382749565
Done!
+++++++++++++++++++++++++++++
+++++ gamma =  7 +++++
+++++++++++++++++++++++++++++
Estimate exposure user photos ...
Done!
#### CLUSTERING ####
Calculate clustering photo features ...
Done!
Calculate clusters of users ...
Done!
##### REGRESSION #####
Calculate regression features ...
Done!
Combine and convert to numpy format ...
   job_search_IT
Number of training data:  50
Number of test data:  49
   bank_credit
Number of training data:  50
Number of test data:  49
   job_search_waiter_waitress
Number of training data:  50
Number of test data:  49
   accommodation_search
Number of training data:  50
Number of test data:  49
Done!
********************************************
  job_search_IT
Searching best parameters by regressor ...
Best parameters:
{'bootstrap': True, 'max_depth': 3, 'max_features': 'auto', 'min_samples_leaf': 1, 'min_samples_split': 5, 'n_estimators': 130}
Evaluation on train sets: 
Kendall score:  0.7094064404709908
mse:  0.08826103890217593
Evaluation on test sets: 
Kendall score:  0.10683586501597898
mse:  0.1611566192870926
********************************************
  bank_credit
Searching best parameters by regressor ...
Best parameters:
{'bootstrap': True, 'max_depth': 3, 'max_features': 'sqrt', 'min_samples_leaf': 1, 'min_samples_split': 5, 'n_estimators': 130}
Evaluation on train sets: 
Kendall score:  0.6453815971400142
mse:  0.16819103903979216
Evaluation on test sets: 
Kendall score:  0.06353565571380868
mse:  0.22246058356516266
********************************************
  job_search_waiter_waitress
Searching best parameters by regressor ...
Best parameters:
{'bootstrap': True, 'max_depth': 3, 'max_features': 'auto', 'min_samples_leaf': 4, 'min_samples_split': 3, 'n_estimators': 130}
Evaluation on train sets: 
Kendall score:  0.6465334485333063
mse:  0.12059000830784783
Evaluation on test sets: 
Kendall score:  0.07423484383247847
mse:  0.17942851511707225
********************************************
  accommodation_search
Searching best parameters by regressor ...
Best parameters:
{'bootstrap': True, 'max_depth': 3, 'max_features': 'sqrt', 'min_samples_leaf': 2, 'min_samples_split': 2, 'n_estimators': 130}
Evaluation on train sets: 
Kendall score:  0.7013773739308695
mse:  0.15635052107651842
Evaluation on test sets: 
Kendall score:  0.1943147512544456
mse:  0.22854631367077888
Done!
Saving files ...
**** Plotting gamma ....
Done!
