##########################################
######## Focusing Exposure Search ########
###########################################
+++++++++++++++++++++++++++++
+++++ gamma =  0 +++++
+++++++++++++++++++++++++++++
Estimate exposure user photos ...
Done!
#### CLUSTERING ####
Calculate clustering photo features ...
Done!
Calculate clusters of users ...
Done!
##### REGRESSION #####
Calculate regression features ...
Done!
Combine and convert to numpy format ...
   job_search_IT
Number of training data:  63
Number of test data:  28
   bank_credit
Number of training data:  64
Number of test data:  28
   job_search_waiter_waitress
Number of training data:  67
Number of test data:  30
   accommodation_search
Number of training data:  69
Number of test data:  30
Done!
********************************************
  job_search_IT
Searching best parameters by regressor ...
Best parameters:
{'C': 7, 'gamma': 0.001, 'kernel': 'linear'}
Evaluation on train sets: 
Kendall score:  0.3315238877394762
mse:  0.1838878101230279
Evaluation on test sets: 
Kendall score:  0.2852211832597798
mse:  0.14932170085488197
********************************************
  bank_credit
Searching best parameters by regressor ...
Best parameters:
{'C': 7, 'gamma': 0.001, 'kernel': 'linear'}
Evaluation on train sets: 
Kendall score:  0.5010287979617531
mse:  0.15557530651035684
Evaluation on test sets: 
Kendall score:  0.2679035970439002
mse:  0.4143740472881455
********************************************
  job_search_waiter_waitress
Searching best parameters by regressor ...
Best parameters:
{'C': 10, 'gamma': 0.001, 'kernel': 'sigmoid'}
Evaluation on train sets: 
Kendall score:  0.4248148113310964
mse:  0.2009308681519345
Evaluation on test sets: 
Kendall score:  0.18652495662553714
mse:  0.20268984983375066
********************************************
  accommodation_search
Searching best parameters by regressor ...
Best parameters:
{'C': 1, 'gamma': 0.001, 'kernel': 'rbf'}
Evaluation on train sets: 
Kendall score:  0.3296353029441958
mse:  0.296362734905129
Evaluation on test sets: 
Kendall score:  0.18514836986616268
mse:  0.26439114431045146
Done!
+++++++++++++++++++++++++++++
+++++ gamma =  1 +++++
+++++++++++++++++++++++++++++
Estimate exposure user photos ...
Done!
#### CLUSTERING ####
Calculate clustering photo features ...
Done!
Calculate clusters of users ...
Done!
##### REGRESSION #####
Calculate regression features ...
Done!
Combine and convert to numpy format ...
   job_search_IT
Number of training data:  63
Number of test data:  28
   bank_credit
Number of training data:  64
Number of test data:  28
   job_search_waiter_waitress
Number of training data:  67
Number of test data:  30
   accommodation_search
Number of training data:  69
Number of test data:  30
Done!
********************************************
  job_search_IT
Searching best parameters by regressor ...
Best parameters:
{'C': 7, 'gamma': 0.001, 'kernel': 'linear'}
Evaluation on train sets: 
Kendall score:  0.3559631486946299
mse:  0.17599101130471248
Evaluation on test sets: 
Kendall score:  0.19660877681013947
mse:  0.1632782705598777
********************************************
  bank_credit
Searching best parameters by regressor ...
Best parameters:
{'C': 10, 'gamma': 0.001, 'kernel': 'linear'}
Evaluation on train sets: 
Kendall score:  0.3739785506258485
mse:  0.21592756607262426
Evaluation on test sets: 
Kendall score:  0.28430585808740433
mse:  0.34204495000574087
********************************************
  job_search_waiter_waitress
Searching best parameters by regressor ...
Best parameters:
{'C': 5, 'gamma': 0.001, 'kernel': 'linear'}
Evaluation on train sets: 
Kendall score:  0.4741236733605987
mse:  0.14577174918920996
Evaluation on test sets: 
Kendall score:  0.19130764782106374
mse:  0.2324310545176521
********************************************
  accommodation_search
Searching best parameters by regressor ...
Best parameters:
{'C': 5, 'gamma': 0.001, 'kernel': 'rbf'}
Evaluation on train sets: 
Kendall score:  0.2960981101413057
mse:  0.26886401878407035
Evaluation on test sets: 
Kendall score:  0.14716921707310365
mse:  0.2543606567172249
Done!
+++++++++++++++++++++++++++++
+++++ gamma =  2 +++++
+++++++++++++++++++++++++++++
Estimate exposure user photos ...
Done!
#### CLUSTERING ####
Calculate clustering photo features ...
Done!
Calculate clusters of users ...
Done!
##### REGRESSION #####
Calculate regression features ...
Done!
Combine and convert to numpy format ...
   job_search_IT
Number of training data:  63
Number of test data:  28
   bank_credit
Number of training data:  64
Number of test data:  28
   job_search_waiter_waitress
Number of training data:  67
Number of test data:  30
   accommodation_search
Number of training data:  69
Number of test data:  30
Done!
********************************************
  job_search_IT
Searching best parameters by regressor ...
Best parameters:
{'C': 7, 'gamma': 0.001, 'kernel': 'rbf'}
Evaluation on train sets: 
Kendall score:  0.30495947365778747
mse:  0.20139614329648475
Evaluation on test sets: 
Kendall score:  0.024922239313961342
mse:  0.1784811051290837
********************************************
  bank_credit
Searching best parameters by regressor ...
Best parameters:
{'C': 1, 'gamma': 0.0001, 'kernel': 'rbf'}
Evaluation on train sets: 
Kendall score:  0.19774756238572258
mse:  0.2954615765750299
Evaluation on test sets: 
Kendall score:  0.09294614591318988
mse:  0.2519610457942659
********************************************
  job_search_waiter_waitress
Searching best parameters by regressor ...
Best parameters:
{'C': 10, 'gamma': 0.001, 'kernel': 'rbf'}
Evaluation on train sets: 
Kendall score:  0.4570552211196171
mse:  0.18803223085029253
Evaluation on test sets: 
Kendall score:  0.12434997108369143
mse:  0.2156546811905281
********************************************
  accommodation_search
Searching best parameters by regressor ...
Best parameters:
{'C': 5, 'gamma': 0.001, 'kernel': 'sigmoid'}
Evaluation on train sets: 
Kendall score:  0.3058062449000371
mse:  0.27774060332612766
Evaluation on test sets: 
Kendall score:  0.14716921707310365
mse:  0.24808125542917112
Done!
+++++++++++++++++++++++++++++
+++++ gamma =  3 +++++
+++++++++++++++++++++++++++++
Estimate exposure user photos ...
Done!
#### CLUSTERING ####
Calculate clustering photo features ...
Done!
Calculate clusters of users ...
Done!
##### REGRESSION #####
Calculate regression features ...
Done!
Combine and convert to numpy format ...
   job_search_IT
Number of training data:  63
Number of test data:  28
   bank_credit
Number of training data:  64
Number of test data:  28
   job_search_waiter_waitress
Number of training data:  67
Number of test data:  30
   accommodation_search
Number of training data:  69
Number of test data:  30
Done!
********************************************
  job_search_IT
Searching best parameters by regressor ...
Best parameters:
{'C': 7, 'gamma': 0.001, 'kernel': 'sigmoid'}
Evaluation on train sets: 
Kendall score:  0.3102723564741252
mse:  0.20405371856985624
Evaluation on test sets: 
Kendall score:  0.0027691377015512603
mse:  0.17941186123917205
********************************************
  bank_credit
Searching best parameters by regressor ...
Best parameters:
{'C': 5, 'gamma': 0.0001, 'kernel': 'sigmoid'}
Evaluation on train sets: 
Kendall score:  0.2243871303755091
mse:  0.29115330517502047
Evaluation on test sets: 
Kendall score:  0.14762034939153687
mse:  0.23310083521722938
********************************************
  job_search_waiter_waitress
Searching best parameters by regressor ...
Best parameters:
{'C': 5, 'gamma': 0.001, 'kernel': 'linear'}
Evaluation on train sets: 
Kendall score:  0.47981315744092584
mse:  0.15422745988017947
Evaluation on test sets: 
Kendall score:  0.12913266227921802
mse:  0.24861920672714855
********************************************
  accommodation_search
Searching best parameters by regressor ...
Best parameters:
{'C': 1, 'gamma': 0.001, 'kernel': 'rbf'}
Evaluation on train sets: 
Kendall score:  0.2996283409626626
mse:  0.2805469408844107
Evaluation on test sets: 
Kendall score:  0.17090618756876552
mse:  0.25042575821017726
Done!
Saving files ...
**** Plotting gamma ....
Done!
