##########################################
######## Focusing Exposure Search ########
###########################################
+++++++++++++++++++++++++++++
+++++ gamma =  0 +++++
+++++++++++++++++++++++++++++
Estimate exposure user photos ...
Done!
#### CLUSTERING ####
Calculate clustering photo features ...
Done!
Calculate clusters of users ...
Done!
##### REGRESSION #####
Calculate regression features ...
Done!
Combine and convert to numpy format ...
   job_search_IT
Number of training data:  61
Number of test data:  27
   bank_credit
Number of training data:  57
Number of test data:  24
   job_search_waiter_waitress
Number of training data:  64
Number of test data:  29
   accommodation_search
Number of training data:  69
Number of test data:  30
      job_search_IT
x_test:  [ 0.12357259 -0.16966031  1.00808117  0.88169168  0.          1.24695284]   y_test:  0.7142857142857143
x_test:  [ 1.17342088  0.          1.17342088  0.04141056 -0.2241049   0.57154583]   y_test:  0.0
x_test:  [ 0.48702503  0.          0.85411093  0.         -0.90566128  0.90566128]   y_test:  0.2857142857142857
x_test:  [0.23612122 0.         0.41672651 0.71158201 0.         0.71158201]   y_test:  0.42857142857142855
x_test:  [ 0.89155213  0.          1.29214589  0.26343274 -0.01585624  0.99515299]   y_test:  0.8571428571428571
x_test:  [ 0.32992874 -0.11161935  1.83226787  0.         -2.05160318  2.05160318]   y_test:  0.42857142857142855
x_test:  [ 0.65516916  0.          0.96476533  0.14207865 -0.04077958  0.32658636]   y_test:  0.14285714285714285
x_test:  [ 0.29131381 -0.03522004  1.21832831  0.         -1.13821638  1.13821638]   y_test:  0.42857142857142855
x_test:  [ 5.15764445e-01  6.93889390e-18  1.18265594e+00  1.46493753e-01
 -6.57529622e-02  6.55099424e-01]   y_test:  0.14285714285714285
x_test:  [ 0.         -0.1338479   0.23284629  0.23221648  0.          0.5461393 ]   y_test:  0.0
x_test:  [0.96246579 0.         1.92790918 0.47490683 0.         0.67612623]   y_test:  0.8571428571428571
x_test:  [ 0.16017412 -0.04631324  0.51743447  0.91749007  0.          0.91749007]   y_test:  0.2857142857142857
x_test:  [ 0.80921052  0.          2.31257312  0.15020788 -0.08659307  0.8182639 ]   y_test:  1.1428571428571428
x_test:  [ 0.0286737  -0.36890207  1.18397795  0.93629544  0.          0.93629544]   y_test:  -0.2857142857142857
x_test:  [ 0.14133776 -0.08242685  0.71906759  1.34958141  0.          1.34958141]   y_test:  -0.2857142857142857
x_test:  [0.21527875 0.         0.30760597 0.13175812 0.         0.23161364]   y_test:  0.8571428571428571
x_test:  [ 6.42061370e-01 -6.93889390e-18  1.60867284e+00  1.50211528e-01
 -7.04550310e-02  5.89729620e-01]   y_test:  0.42857142857142855
x_test:  [ 0.20912621  0.          0.42943241  0.         -0.28624144  0.40581149]   y_test:  1.4285714285714286
x_test:  [ 0.12512458  0.          0.38426359  0.         -0.166045    0.166045  ]   y_test:  0.14285714285714285
x_test:  [ 0.0605909  -0.17241856  0.47705165  0.94017574  0.          0.94017574]   y_test:  0.42857142857142855
x_test:  [ 2.28645717  0.          2.28645717  0.15058199 -0.02628639  0.37498286]   y_test:  0.14285714285714285
x_test:  [ 0.15445237 -0.11315847  0.86361467  0.82647633  0.          1.86779743]   y_test:  1.1428571428571428
x_test:  [0.26095477 0.         1.04729481 0.81617945 0.         1.65808626]   y_test:  0.8571428571428571
x_test:  [ 0.         -0.25095086  0.36911254  0.15622108  0.          0.22640903]   y_test:  0.7142857142857143
x_test:  [ 0.1534879  -0.07996159  0.75916414  0.86562902  0.          0.86562902]   y_test:  0.5714285714285714
x_test:  [0.6399913  0.         0.90862396 0.26169463 0.         0.38973373]   y_test:  0.42857142857142855
x_test:  [ 1.96611144e-01  1.38777878e-17  6.63064531e-01  0.00000000e+00
 -4.48358281e-01  6.48666474e-01]   y_test:  -0.14285714285714285
      bank_credit
x_test:  [ 0.16231197  0.          0.5191299   0.         -0.37710473  0.37710473]   y_test:  0.2857142857142857
x_test:  [ 0.16186783 -0.06111113  0.64582466  0.         -0.99544621  0.99544621]   y_test:  -0.42857142857142855
x_test:  [ 0.02819259 -0.16301685  0.38229648  0.         -0.83599503  0.83599503]   y_test:  -0.5714285714285714
x_test:  [ 0.22669411  0.          0.70525082  0.         -0.36739957  0.36739957]   y_test:  0.8571428571428571
x_test:  [ 0.10915309 -0.07986073  0.40703751  0.42291023  0.          0.96600311]   y_test:  0.5714285714285714
x_test:  [ 0.20654766 -0.13870702  1.26928199  0.         -3.55611217  3.55611217]   y_test:  0.2857142857142857
x_test:  [ 1.55771279e-01 -4.35784108e-02  6.68323383e-01 -1.38777878e-17
 -4.49405329e-01  1.06072421e+00]   y_test:  -0.14285714285714285
x_test:  [ 0.         -1.11942356  1.64856747  0.01639068 -0.19426151  0.60460993]   y_test:  -0.14285714285714285
x_test:  [ 0.23024496 -0.06474493  1.04477286  0.         -0.96680361  0.96680361]   y_test:  -0.2857142857142857
x_test:  [ 0.09065728 -0.08154627  0.44285772  0.         -0.45212866  0.45212866]   y_test:  -0.2857142857142857
x_test:  [ 0.00000000e+00 -2.90129148e-01  4.92941771e-01  2.81777955e-01
 -1.38777878e-17  7.41391880e-01]   y_test:  0.8571428571428571
x_test:  [0.28837443 0.         0.40794028 0.13067944 0.         0.19981654]   y_test:  0.2857142857142857
x_test:  [ 0.         -0.24538451  0.59296644  0.37028034  0.          0.52997468]   y_test:  0.14285714285714285
x_test:  [ 0.0504926  -0.27366299  1.1930677   0.         -5.27792443  5.27792443]   y_test:  -0.7142857142857143
x_test:  [-3.46944695e-18 -1.65089583e-01  6.71968000e-01  2.59898208e-01
  0.00000000e+00  2.59898208e-01]   y_test:  -0.5714285714285714
x_test:  [ 1.75241491e-01  1.38777878e-17  3.96450152e-01  0.00000000e+00
 -3.74418236e-01  5.29538814e-01]   y_test:  0.42857142857142855
x_test:  [ 0.03180662 -0.12397303  0.47159442  0.         -0.4348348   0.63188258]   y_test:  -0.14285714285714285
x_test:  [ 0.         -0.20472727  0.45966198  0.35257068  0.          0.35257068]   y_test:  0.42857142857142855
x_test:  [0.14003699 0.         0.14003699 0.22300142 0.         0.44639364]   y_test:  -0.5714285714285714
x_test:  [ 0.08503146 -0.14599315  0.86566187  0.         -0.9407987   1.33284403]   y_test:  0.7142857142857143
x_test:  [ 0.36388103  0.          1.21978945  0.13870663 -0.04465796  0.41647352]   y_test:  1.0
x_test:  [ 0.17197428  0.          0.35050032  0.         -0.2735206   0.42118654]   y_test:  0.7142857142857143
x_test:  [ 0.         -0.17202951  0.48221466  0.16916191  0.          0.24043282]   y_test:  0.8571428571428571
x_test:  [ 0.         -0.64808931  0.91883939  0.11835205 -0.04055092  0.54555395]   y_test:  0.0
      job_search_waiter_waitress
x_test:  [ 1.93273596e-01 -4.11386978e-02  7.74002105e-01  4.15312425e-01
 -3.46944695e-18  1.58019552e+00]   y_test:  0.42857142857142855
x_test:  [ 0.64343091  0.          2.27730443  0.2513842  -0.0184549   0.77348333]   y_test:  0.7142857142857143
x_test:  [ 0.16474053 -0.02651954  0.46555073  1.40810505  0.          1.40810505]   y_test:  0.14285714285714285
x_test:  [ 0.         -0.28229104  0.40368845  0.14008893  0.          0.30869578]   y_test:  1.1428571428571428
x_test:  [0.36049697 0.         1.35093036 1.21862434 0.         1.21862434]   y_test:  0.42857142857142855
x_test:  [0.23575884 0.         0.80869107 1.05027194 0.         2.37231786]   y_test:  0.8571428571428571
x_test:  [ 0.13580783 -0.0611527   0.57426867  0.69460877  0.          0.99337131]   y_test:  -0.2857142857142857
x_test:  [ 0.50553422 -0.00423254  4.03806909  2.71678786  0.          2.71678786]   y_test:  1.2857142857142858
x_test:  [ 1.50783172  0.          4.09885557  0.46476071 -0.05156743  3.11696067]   y_test:  1.4285714285714286
x_test:  [ 7.30229053e-01  1.73472348e-18  2.12259370e+00  2.29471487e-01
 -1.60990870e-02  1.00674803e+00]   y_test:  0.5714285714285714
x_test:  [ 0.16195165 -0.0205513   0.54448081  0.44337152  0.          1.1231038 ]   y_test:  0.0
x_test:  [ 0.13559678 -0.02796489  0.50654022  0.38047486  0.          0.54794667]   y_test:  0.7142857142857143
x_test:  [ 2.94624849e-01  6.93889390e-18  1.46419386e+00  0.00000000e+00
 -1.08947409e+00  1.08947409e+00]   y_test:  0.2857142857142857
x_test:  [ 0.78179771  0.          1.45864509  0.14778882 -0.06313163  0.78099539]   y_test:  0.7142857142857143
x_test:  [ 1.92593463  0.          1.92593463  0.23963376 -0.05426035  1.4492994 ]   y_test:  -0.42857142857142855
x_test:  [0.29714188 0.         1.34757967 0.83477061 0.         3.2461    ]   y_test:  0.7142857142857143
x_test:  [ 3.75138921e-01  3.46944695e-18  1.28200438e+00  1.27373620e-01
 -4.11773451e-02  6.38590035e-01]   y_test:  0.14285714285714285
x_test:  [ 0.22447903 -0.01057987  0.94102062  1.01066718  0.          1.01066718]   y_test:  -0.2857142857142857
x_test:  [ 1.80745936e-01  6.93889390e-18  6.37713626e-01  0.00000000e+00
 -4.20566189e-01  4.20566189e-01]   y_test:  0.5714285714285714
x_test:  [0.4220703  0.         3.28740797 1.2797811  0.         4.17501539]   y_test:  1.5714285714285714
x_test:  [ 1.82534669e-01  0.00000000e+00  1.05114043e+00  2.77555756e-17
 -1.86940923e-01  3.33221735e-01]   y_test:  0.42857142857142855
x_test:  [ 0.16604113 -0.04695134  1.03637881  0.60385793  0.          1.40675824]   y_test:  0.2857142857142857
x_test:  [0.48159786 0.         1.52994405 0.26147458 0.         0.59386591]   y_test:  0.2857142857142857
x_test:  [ 0.29633606 -0.01690258  1.32876231  0.88235683  0.          1.8634354 ]   y_test:  0.14285714285714285
x_test:  [0.27105226 0.         0.61053119 0.47947097 0.         1.19225798]   y_test:  1.1428571428571428
x_test:  [ 0.00000000e+00 -3.88016907e-01  3.88016907e-01  2.78494764e-01
 -1.04083409e-17  1.07669606e+00]   y_test:  0.14285714285714285
x_test:  [ 3.12328243e-01 -3.46944695e-18  8.56466742e-01  6.66189803e-02
 -5.77587268e-02  2.82951141e-01]   y_test:  0.7142857142857143
x_test:  [ 0.16909472 -0.01052734  0.85025853  0.         -0.74849783  0.74849783]   y_test:  0.42857142857142855
x_test:  [ 0.52208887 -0.01010505  2.65856343  2.68546134  0.          3.93008004]   y_test:  0.14285714285714285
      accommodation_search
x_test:  [0.26281639 0.         1.8798343  0.72745874 0.         2.33257958]   y_test:  0.7142857142857143
x_test:  [ 0.30869801 -0.0224489   1.69542562  0.         -1.43597218  1.43597218]   y_test:  0.14285714285714285
x_test:  [ 1.94143803e-01  1.38777878e-17  4.79083207e-01  0.00000000e+00
 -2.74627003e-01  5.74374339e-01]   y_test:  -0.2857142857142857
x_test:  [ 0.         -0.34304424  0.34304424  0.11345198  0.          0.26280253]   y_test:  -0.7142857142857143
x_test:  [0.17367737 0.         0.67831711 0.51935632 0.         1.18763691]   y_test:  0.8571428571428571
x_test:  [ 0.16392978 -0.04946068  0.85096545  0.56329973  0.          1.14154415]   y_test:  0.42857142857142855
x_test:  [ 0.26616146 -0.06279537  1.56960991  0.         -3.28256508  3.28256508]   y_test:  -0.14285714285714285
x_test:  [ 2.36473486e-01  1.38777878e-17  1.26781640e+00 -2.77555756e-17
 -2.19867091e-01  7.78904432e-01]   y_test:  -0.14285714285714285
x_test:  [ 0.25513497 -0.04111901  1.57800465  0.         -1.70732456  1.70732456]   y_test:  -0.2857142857142857
x_test:  [ 0.15053057 -0.03004661  0.7350682   0.38405807  0.          0.87434766]   y_test:  0.0
x_test:  [ 0.21063738  0.          0.68100249  0.         -0.21038982  0.3794511 ]   y_test:  -0.5714285714285714
x_test:  [0.2103841  0.         0.70037147 0.56032175 0.         1.41300664]   y_test:  0.8571428571428571
x_test:  [ 0.53438971  0.          1.45727756  0.17471633 -0.00783762  0.74873684]   y_test:  -0.2857142857142857
x_test:  [ 2.77555756e-17 -2.23110841e-01  7.70802926e-01  2.21799115e-01
  1.38777878e-17  7.48932287e-01]   y_test:  0.2857142857142857
x_test:  [ 0.177384   -0.11733123  1.39523001  0.         -2.70662791  2.70662791]   y_test:  -0.2857142857142857
x_test:  [ 0.2068336  -0.01496641  0.89750938  0.         -0.30856474  0.76479165]   y_test:  0.0
x_test:  [ 0.18429396 -0.04160203  0.99095101  0.85495907  0.          1.22960099]   y_test:  1.0
x_test:  [ 0.18740164 -0.01625885  0.69532272  0.46482517  0.          1.34438108]   y_test:  0.5714285714285714
x_test:  [ 0.51675699  0.          1.20243014  0.13453597 -0.0186311   0.57270177]   y_test:  1.2857142857142858
x_test:  [ 1.67937841e-01 -1.80457853e-02  8.74777045e-01  6.12678971e-01
 -1.73472348e-18  1.56928939e+00]   y_test:  0.0
x_test:  [0.14821996 0.         0.73815696 0.29202667 0.         0.5922372 ]   y_test:  0.5714285714285714
x_test:  [ 0.1398757  -0.06943736  1.04365063  0.67658521  0.          1.4166613 ]   y_test:  0.5714285714285714
x_test:  [0.27351009 0.         1.24324826 0.7388766  0.         1.70792233]   y_test:  0.2857142857142857
x_test:  [ 0.10903422 -0.07895867  0.94139267  0.92890917  0.          1.34193043]   y_test:  0.5714285714285714
x_test:  [0.17189281 0.         0.3006571  0.40582561 0.         1.31650798]   y_test:  0.8571428571428571
x_test:  [ 4.71017625e-01  3.46944695e-18  1.49298171e+00  1.36151769e-01
 -5.48818653e-02  6.95512266e-01]   y_test:  0.7142857142857143
x_test:  [ 0.00000000e+00 -2.99483994e-01  6.32060241e-01  2.38212931e-01
 -1.38777878e-17  9.24198274e-01]   y_test:  1.0
x_test:  [ 0.64209649  0.          0.95146925  0.14807809 -0.02226938  0.7341407 ]   y_test:  0.42857142857142855
x_test:  [0.26686173 0.         0.58238622 0.60807894 0.         0.86450026]   y_test:  0.7142857142857143
x_test:  [ 4.37217639e-01 -3.46944695e-18  1.37503917e+00  1.29263174e-01
 -3.44387766e-02  5.67169969e-01]   y_test:  -0.14285714285714285
Traceback (most recent call last):
  File "main.py", line 41, in <module>
    ablation_study()
  File "main.py", line 34, in ablation_study
    gamma_study(gamma_list, conf, root, gamma_file, normalize, regm, score_type, debug, train_all, feature_transform, load_active_detectors)
  File "/home/users/vnguyen/intern20/Vis-Priva-Expos/privacy/tools/ablation_studies/focusing_exposure.py", line 55, in gamma_study
    gamma_search[gamma] = parameter_search(root, gt_user_expo_situs, train_data, test_data, object_expo_situs, f_top, gamma, K, N, regm,
  File "/home/users/vnguyen/intern20/Vis-Priva-Expos/privacy/tools/ablation_studies/param_search.py", line 95, in parameter_search
    train_test_observe(train_test_batch_situs)
  File "/home/users/vnguyen/intern20/Vis-Priva-Expos/privacy/lib/analysis/train_test_regression.py", line 13, in train_test_observe
    assert 1 == 2
AssertionError
