##########################################
######## Focusing Exposure Search ########
###########################################
+++++++++++++++++++++++++++++
+++++ gamma =  0 +++++
+++++++++++++++++++++++++++++
Estimate exposure user photos ...
Done!
#### CLUSTERING ####
Calculate clustering photo features ...
Done!
Calculate clusters of users ...
Done!
##### REGRESSION #####
Calculate regression features ...
Done!
Combine and convert to numpy format ...
   job_search_IT
Number of training data:  80
Number of test data:  19
   bank_credit
Number of training data:  80
Number of test data:  19
   job_search_waiter_waitress
Number of training data:  80
Number of test data:  19
   accommodation_search
Number of training data:  80
Number of test data:  19
Done!
********************************************
  job_search_IT
Searching best parameters by regressor ...
Best parameters:
{'C': 1, 'gamma': 0.001, 'kernel': 'linear'}
Evaluation on train sets: 
Pearson score:  0.5459045976310213
mse:  0.14204224123681078
Evaluation on test sets: 
pearson score:  0.28594685785347296
mse:  0.21390797494584843
********************************************
  bank_credit
Searching best parameters by regressor ...
Best parameters:
{'C': 10, 'gamma': 0.001, 'kernel': 'sigmoid'}
Evaluation on train sets: 
Pearson score:  0.270155601821518
mse:  0.27143948368505944
Evaluation on test sets: 
pearson score:  0.45120042992844117
mse:  0.22746362233168896
********************************************
  job_search_waiter_waitress
Searching best parameters by regressor ...
Best parameters:
{'C': 5, 'gamma': 0.001, 'kernel': 'rbf'}
Evaluation on train sets: 
Pearson score:  0.43000237104619493
mse:  0.20028477087804522
Evaluation on test sets: 
pearson score:  0.14797036313427286
mse:  0.21757152678016656
********************************************
  accommodation_search
Searching best parameters by regressor ...
Best parameters:
{'C': 10, 'gamma': 0.001, 'kernel': 'sigmoid'}
Evaluation on train sets: 
Pearson score:  0.4202926661905658
mse:  0.2516466093057662
Evaluation on test sets: 
pearson score:  0.5804760855642643
mse:  0.24464965861198118
Done!
+++++++++++++++++++++++++++++
+++++ gamma =  3 +++++
+++++++++++++++++++++++++++++
Estimate exposure user photos ...
Done!
#### CLUSTERING ####
Calculate clustering photo features ...
Done!
Calculate clusters of users ...
Done!
##### REGRESSION #####
Calculate regression features ...
Done!
Combine and convert to numpy format ...
   job_search_IT
Number of training data:  80
Number of test data:  19
   bank_credit
Number of training data:  80
Number of test data:  19
   job_search_waiter_waitress
Number of training data:  80
Number of test data:  19
   accommodation_search
Number of training data:  80
Number of test data:  19
Done!
********************************************
  job_search_IT
Searching best parameters by regressor ...
Best parameters:
{'C': 10, 'gamma': 0.001, 'kernel': 'rbf'}
Evaluation on train sets: 
Pearson score:  0.5973717853997922
mse:  0.13610645307765687
Evaluation on test sets: 
pearson score:  0.4229838160841151
mse:  0.1822092107700467
********************************************
  bank_credit
Searching best parameters by regressor ...
Best parameters:
{'C': 10, 'gamma': 0.001, 'kernel': 'sigmoid'}
Evaluation on train sets: 
Pearson score:  -0.025185313843285897
mse:  4.9353480501669775
Evaluation on test sets: 
pearson score:  -0.47480237741087417
mse:  19.63030204334375
********************************************
  job_search_waiter_waitress
Searching best parameters by regressor ...
Best parameters:
{'C': 5, 'gamma': 0.001, 'kernel': 'linear'}
Evaluation on train sets: 
Pearson score:  0.6443207747530391
mse:  0.14095770764925586
Evaluation on test sets: 
pearson score:  0.38693957916236554
mse:  0.20139048742099083
********************************************
  accommodation_search
Searching best parameters by regressor ...
Best parameters:
{'C': 1, 'gamma': 0.001, 'kernel': 'sigmoid'}
Evaluation on train sets: 
Pearson score:  0.3374208955793796
mse:  0.27118749124331204
Evaluation on test sets: 
pearson score:  0.7289054119814774
mse:  0.24223388487861489
Done!
+++++++++++++++++++++++++++++
+++++ gamma =  5 +++++
+++++++++++++++++++++++++++++
Estimate exposure user photos ...
Done!
#### CLUSTERING ####
Calculate clustering photo features ...
Done!
Calculate clusters of users ...
Done!
##### REGRESSION #####
Calculate regression features ...
Done!
Combine and convert to numpy format ...
   job_search_IT
Number of training data:  80
Number of test data:  19
   bank_credit
Number of training data:  80
Number of test data:  19
   job_search_waiter_waitress
Number of training data:  80
Number of test data:  19
   accommodation_search
Number of training data:  80
Number of test data:  19
Done!
********************************************
  job_search_IT
Searching best parameters by regressor ...
Best parameters:
{'C': 7, 'gamma': 0.001, 'kernel': 'rbf'}
Evaluation on train sets: 
Pearson score:  0.5738267520855804
mse:  0.1405629366468934
Evaluation on test sets: 
pearson score:  0.09006522747399551
mse:  0.2415749450398072
********************************************
  bank_credit
Searching best parameters by regressor ...
Best parameters:
{'C': 10, 'gamma': 0.001, 'kernel': 'linear'}
Evaluation on train sets: 
Pearson score:  0.4999041556083944
mse:  0.22724772366892582
Evaluation on test sets: 
pearson score:  0.4869327077605661
mse:  1.6939677611006883
********************************************
  job_search_waiter_waitress
Searching best parameters by regressor ...
Best parameters:
{'C': 10, 'gamma': 0.001, 'kernel': 'linear'}
Evaluation on train sets: 
Pearson score:  0.7209924834028609
mse:  0.11581629623622065
Evaluation on test sets: 
pearson score:  0.267373972960176
mse:  0.3030228533558978
********************************************
  accommodation_search
Searching best parameters by regressor ...
Best parameters:
{'C': 10, 'gamma': 1e-05, 'kernel': 'sigmoid'}
Evaluation on train sets: 
Pearson score:  0.25001063888354347
mse:  0.2886323618753518
Evaluation on test sets: 
pearson score:  0.6401261795033228
mse:  0.27450520578537413
Done!
+++++++++++++++++++++++++++++
+++++ gamma =  7 +++++
+++++++++++++++++++++++++++++
Estimate exposure user photos ...
Done!
#### CLUSTERING ####
Calculate clustering photo features ...
Done!
Calculate clusters of users ...
Done!
##### REGRESSION #####
Calculate regression features ...
Done!
Combine and convert to numpy format ...
   job_search_IT
Number of training data:  80
Number of test data:  19
   bank_credit
Number of training data:  80
Number of test data:  19
   job_search_waiter_waitress
Number of training data:  80
Number of test data:  19
   accommodation_search
Number of training data:  80
Number of test data:  19
Done!
********************************************
  job_search_IT
Searching best parameters by regressor ...
Best parameters:
{'C': 5, 'gamma': 0.0001, 'kernel': 'rbf'}
Evaluation on train sets: 
Pearson score:  0.4798699556989904
mse:  0.1588570977698897
Evaluation on test sets: 
pearson score:  -0.10692516085478906
mse:  0.2456400133766552
********************************************
  bank_credit
Searching best parameters by regressor ...
Best parameters:
{'C': 10, 'gamma': 1e-05, 'kernel': 'sigmoid'}
Evaluation on train sets: 
Pearson score:  -0.061258980672715034
mse:  3.7545941164355363
Evaluation on test sets: 
pearson score:  -0.477058005218651
mse:  51.25629993874124
********************************************
  job_search_waiter_waitress
Searching best parameters by regressor ...
Best parameters:
{'C': 10, 'gamma': 0.001, 'kernel': 'rbf'}
Evaluation on train sets: 
Pearson score:  0.7448885997320697
mse:  0.1108725886871483
Evaluation on test sets: 
pearson score:  0.5522551165030344
mse:  0.16227506605489492
********************************************
  accommodation_search
Searching best parameters by regressor ...
Best parameters:
{'C': 1, 'gamma': 1e-05, 'kernel': 'rbf'}
Evaluation on train sets: 
Pearson score:  0.23652214307484115
mse:  0.2901855650876296
Evaluation on test sets: 
pearson score:  0.396655597800773
mse:  0.27708398945752555
Done!
Saving files ...
**** Plotting gamma ....
Done!
