##########################################
######## Focusing Exposure Search ########
###########################################
+++++++++++++++++++++++++++++
+++++ gamma =  0 +++++
+++++++++++++++++++++++++++++
Estimate exposure user photos ...
Done!
#### CLUSTERING ####
Calculate clustering photo features ...
Done!
Calculate clusters of users ...
Done!
##### REGRESSION #####
Calculate regression features ...
Done!
Combine and convert to numpy format ...
   job_search_IT
Number of training data:  63
Number of test data:  28
   bank_credit
Number of training data:  64
Number of test data:  28
   job_search_waiter_waitress
Number of training data:  67
Number of test data:  30
   accommodation_search
Number of training data:  69
Number of test data:  30
Done!
********************************************
  job_search_IT
Searching best parameters by regressor ...
