##########################################
######## Focusing Exposure Search ########
###########################################
+++++++++++++++++++++++++++++
+++++ gamma =  0 +++++
+++++++++++++++++++++++++++++
Estimate exposure user photos ...
Done!
#### CLUSTERING ####
Calculate clustering photo features ...
Done!
Calculate clusters of users ...
Done!
##### REGRESSION #####
Calculate regression features ...
Done!
Combine and convert to numpy format ...
   job_search_IT
Number of training data:  80
Number of test data:  19
   bank_credit
Number of training data:  80
Number of test data:  19
   job_search_waiter_waitress
Number of training data:  80
Number of test data:  19
   accommodation_search
Number of training data:  80
Number of test data:  19
Done!
********************************************
  job_search_IT
Searching best parameters by regressor ...
Best parameters:
{'bootstrap': True, 'max_depth': 7, 'max_features': 'auto', 'min_samples_leaf': 4, 'min_samples_split': 2, 'n_estimators': 160}
Evaluation on train sets: 
Pearson score:  0.8937965133361232
mse:  0.07936614548167767
Evaluation on test sets: 
pearson score:  0.38573905406093545
mse:  0.1904260009722212
********************************************
  bank_credit
Searching best parameters by regressor ...
Best parameters:
{'bootstrap': False, 'max_depth': 7, 'max_features': 'auto', 'min_samples_leaf': 1, 'min_samples_split': 3, 'n_estimators': 130}
Evaluation on train sets: 
Pearson score:  0.9140123849607273
mse:  0.04809947225520714
Evaluation on test sets: 
pearson score:  0.48447045465640254
mse:  0.2724549566689248
********************************************
  job_search_waiter_waitress
Searching best parameters by regressor ...
Best parameters:
{'bootstrap': False, 'max_depth': 3, 'max_features': 'auto', 'min_samples_leaf': 4, 'min_samples_split': 5, 'n_estimators': 160}
Evaluation on train sets: 
Pearson score:  0.7461676030960714
mse:  0.10663175977701349
Evaluation on test sets: 
pearson score:  -0.12731809685275391
mse:  0.46965139472245343
********************************************
  accommodation_search
Searching best parameters by regressor ...
Best parameters:
{'bootstrap': True, 'max_depth': 7, 'max_features': 'auto', 'min_samples_leaf': 4, 'min_samples_split': 5, 'n_estimators': 130}
Evaluation on train sets: 
Pearson score:  0.8802703487906973
mse:  0.10791357091361578
Evaluation on test sets: 
pearson score:  0.5590690455146723
mse:  0.20857815767052504
Done!
+++++++++++++++++++++++++++++
+++++ gamma =  3 +++++
+++++++++++++++++++++++++++++
Estimate exposure user photos ...
Done!
#### CLUSTERING ####
Calculate clustering photo features ...
Done!
Calculate clusters of users ...
Done!
##### REGRESSION #####
Calculate regression features ...
Done!
Combine and convert to numpy format ...
   job_search_IT
Number of training data:  80
Number of test data:  19
   bank_credit
Number of training data:  80
Number of test data:  19
   job_search_waiter_waitress
Number of training data:  80
Number of test data:  19
   accommodation_search
Number of training data:  80
Number of test data:  19
Done!
********************************************
  job_search_IT
Searching best parameters by regressor ...
Best parameters:
{'bootstrap': True, 'max_depth': 3, 'max_features': 'sqrt', 'min_samples_leaf': 4, 'min_samples_split': 3, 'n_estimators': 100}
Evaluation on train sets: 
Pearson score:  0.8164980450113081
mse:  0.1161498163058966
Evaluation on test sets: 
pearson score:  0.4757142236907344
mse:  0.19052796804615624
********************************************
  bank_credit
Searching best parameters by regressor ...
Best parameters:
{'bootstrap': True, 'max_depth': 3, 'max_features': 'sqrt', 'min_samples_leaf': 4, 'min_samples_split': 3, 'n_estimators': 160}
Evaluation on train sets: 
Pearson score:  0.7557877019844585
mse:  0.186767423881378
Evaluation on test sets: 
pearson score:  0.4085368816945441
mse:  0.23200498254877494
********************************************
  job_search_waiter_waitress
Searching best parameters by regressor ...
Best parameters:
{'bootstrap': False, 'max_depth': 3, 'max_features': 'auto', 'min_samples_leaf': 4, 'min_samples_split': 2, 'n_estimators': 100}
Evaluation on train sets: 
Pearson score:  0.6960317978376088
mse:  0.12404148336085644
Evaluation on test sets: 
pearson score:  -0.12831968322756246
mse:  0.3491212355683664
********************************************
  accommodation_search
Searching best parameters by regressor ...
Best parameters:
{'bootstrap': True, 'max_depth': 3, 'max_features': 'auto', 'min_samples_leaf': 2, 'min_samples_split': 2, 'n_estimators': 160}
Evaluation on train sets: 
Pearson score:  0.8189183612051902
mse:  0.1476600425011577
Evaluation on test sets: 
pearson score:  0.6208064667056693
mse:  0.19036602535710112
Done!
+++++++++++++++++++++++++++++
+++++ gamma =  5 +++++
+++++++++++++++++++++++++++++
Estimate exposure user photos ...
Done!
#### CLUSTERING ####
Calculate clustering photo features ...
Done!
Calculate clusters of users ...
Done!
##### REGRESSION #####
Calculate regression features ...
Done!
Combine and convert to numpy format ...
   job_search_IT
Number of training data:  80
Number of test data:  19
   bank_credit
Number of training data:  80
Number of test data:  19
   job_search_waiter_waitress
Number of training data:  80
Number of test data:  19
   accommodation_search
Number of training data:  80
Number of test data:  19
Done!
********************************************
  job_search_IT
Searching best parameters by regressor ...
Best parameters:
{'bootstrap': True, 'max_depth': 3, 'max_features': 'sqrt', 'min_samples_leaf': 4, 'min_samples_split': 2, 'n_estimators': 100}
Evaluation on train sets: 
Pearson score:  0.7714974427614439
mse:  0.1219276448953911
Evaluation on test sets: 
pearson score:  0.2367359593192092
mse:  0.21493255241221687
********************************************
  bank_credit
Searching best parameters by regressor ...
Best parameters:
{'bootstrap': True, 'max_depth': 3, 'max_features': 'sqrt', 'min_samples_leaf': 1, 'min_samples_split': 3, 'n_estimators': 130}
Evaluation on train sets: 
Pearson score:  0.8416885140564927
mse:  0.1601255492463048
Evaluation on test sets: 
pearson score:  0.44438120229119044
mse:  0.23072936820965032
********************************************
  job_search_waiter_waitress
Searching best parameters by regressor ...
Best parameters:
{'bootstrap': True, 'max_depth': 3, 'max_features': 'sqrt', 'min_samples_leaf': 4, 'min_samples_split': 2, 'n_estimators': 130}
Evaluation on train sets: 
Pearson score:  0.780389271805308
mse:  0.13441335105542854
Evaluation on test sets: 
pearson score:  0.5253426961806313
mse:  0.15728584046400465
********************************************
  accommodation_search
Searching best parameters by regressor ...
Best parameters:
{'bootstrap': False, 'max_depth': 3, 'max_features': 'auto', 'min_samples_leaf': 1, 'min_samples_split': 5, 'n_estimators': 130}
Evaluation on train sets: 
Pearson score:  0.633334092506374
mse:  0.18239294986611665
Evaluation on test sets: 
pearson score:  0.3010803865245154
mse:  0.2758882684478014
Done!
+++++++++++++++++++++++++++++
+++++ gamma =  7 +++++
+++++++++++++++++++++++++++++
Estimate exposure user photos ...
Done!
#### CLUSTERING ####
Calculate clustering photo features ...
Done!
Calculate clusters of users ...
Done!
##### REGRESSION #####
Calculate regression features ...
Done!
Combine and convert to numpy format ...
   job_search_IT
Number of training data:  80
Number of test data:  19
   bank_credit
Number of training data:  80
Number of test data:  19
   job_search_waiter_waitress
Number of training data:  80
Number of test data:  19
   accommodation_search
Number of training data:  80
Number of test data:  19
Done!
********************************************
  job_search_IT
Searching best parameters by regressor ...
Best parameters:
{'bootstrap': False, 'max_depth': 7, 'max_features': 'sqrt', 'min_samples_leaf': 1, 'min_samples_split': 2, 'n_estimators': 100}
Evaluation on train sets: 
Pearson score:  0.9816222437651972
mse:  0.008845249831780762
Evaluation on test sets: 
pearson score:  -0.2721542676816918
mse:  0.3075263056134933
********************************************
  bank_credit
Searching best parameters by regressor ...
Best parameters:
{'bootstrap': False, 'max_depth': 3, 'max_features': 'sqrt', 'min_samples_leaf': 4, 'min_samples_split': 2, 'n_estimators': 130}
Evaluation on train sets: 
Pearson score:  0.7643050585540601
mse:  0.1659401305470696
Evaluation on test sets: 
pearson score:  0.4664399322365517
mse:  0.2123011273501987
********************************************
  job_search_waiter_waitress
Searching best parameters by regressor ...
Best parameters:
{'bootstrap': True, 'max_depth': 3, 'max_features': 'sqrt', 'min_samples_leaf': 4, 'min_samples_split': 3, 'n_estimators': 160}
Evaluation on train sets: 
Pearson score:  0.7834648667213838
mse:  0.13056853333004384
Evaluation on test sets: 
pearson score:  0.39112672899221035
mse:  0.17770182840877777
********************************************
  accommodation_search
Searching best parameters by regressor ...
Best parameters:
{'bootstrap': True, 'max_depth': 3, 'max_features': 'sqrt', 'min_samples_leaf': 1, 'min_samples_split': 5, 'n_estimators': 100}
Evaluation on train sets: 
Pearson score:  0.7955050469091891
mse:  0.16146565542417468
Evaluation on test sets: 
pearson score:  0.4031979508271251
mse:  0.2277876679239655
Done!
Saving files ...
**** Plotting gamma ....
Done!
/home/users/vnguyen/.conda/envs/detectron2/lib/python3.8/site-packages/scipy/stats/stats.py:3845: PearsonRConstantInputWarning: An input array is constant; the correlation coefficent is not defined.
  warnings.warn(PearsonRConstantInputWarning())
/home/users/vnguyen/.conda/envs/detectron2/lib/python3.8/site-packages/scipy/stats/stats.py:3845: PearsonRConstantInputWarning: An input array is constant; the correlation coefficent is not defined.
  warnings.warn(PearsonRConstantInputWarning())
/home/users/vnguyen/.conda/envs/detectron2/lib/python3.8/site-packages/scipy/stats/stats.py:3845: PearsonRConstantInputWarning: An input array is constant; the correlation coefficent is not defined.
  warnings.warn(PearsonRConstantInputWarning())
/home/users/vnguyen/.conda/envs/detectron2/lib/python3.8/site-packages/scipy/stats/stats.py:3845: PearsonRConstantInputWarning: An input array is constant; the correlation coefficent is not defined.
  warnings.warn(PearsonRConstantInputWarning())
/home/users/vnguyen/.conda/envs/detectron2/lib/python3.8/site-packages/scipy/stats/stats.py:3845: PearsonRConstantInputWarning: An input array is constant; the correlation coefficent is not defined.
  warnings.warn(PearsonRConstantInputWarning())
/home/users/vnguyen/.conda/envs/detectron2/lib/python3.8/site-packages/scipy/stats/stats.py:3845: PearsonRConstantInputWarning: An input array is constant; the correlation coefficent is not defined.
  warnings.warn(PearsonRConstantInputWarning())
/home/users/vnguyen/.conda/envs/detectron2/lib/python3.8/site-packages/scipy/stats/stats.py:3845: PearsonRConstantInputWarning: An input array is constant; the correlation coefficent is not defined.
  warnings.warn(PearsonRConstantInputWarning())
/home/users/vnguyen/.conda/envs/detectron2/lib/python3.8/site-packages/scipy/stats/stats.py:3845: PearsonRConstantInputWarning: An input array is constant; the correlation coefficent is not defined.
  warnings.warn(PearsonRConstantInputWarning())
/home/users/vnguyen/.conda/envs/detectron2/lib/python3.8/site-packages/scipy/stats/stats.py:3845: PearsonRConstantInputWarning: An input array is constant; the correlation coefficent is not defined.
  warnings.warn(PearsonRConstantInputWarning())
/home/users/vnguyen/.conda/envs/detectron2/lib/python3.8/site-packages/scipy/stats/stats.py:3845: PearsonRConstantInputWarning: An input array is constant; the correlation coefficent is not defined.
  warnings.warn(PearsonRConstantInputWarning())
/home/users/vnguyen/.conda/envs/detectron2/lib/python3.8/site-packages/scipy/stats/stats.py:3845: PearsonRConstantInputWarning: An input array is constant; the correlation coefficent is not defined.
  warnings.warn(PearsonRConstantInputWarning())
/home/users/vnguyen/.conda/envs/detectron2/lib/python3.8/site-packages/scipy/stats/stats.py:3845: PearsonRConstantInputWarning: An input array is constant; the correlation coefficent is not defined.
  warnings.warn(PearsonRConstantInputWarning())
/home/users/vnguyen/.conda/envs/detectron2/lib/python3.8/site-packages/scipy/stats/stats.py:3845: PearsonRConstantInputWarning: An input array is constant; the correlation coefficent is not defined.
  warnings.warn(PearsonRConstantInputWarning())
/home/users/vnguyen/.conda/envs/detectron2/lib/python3.8/site-packages/scipy/stats/stats.py:3845: PearsonRConstantInputWarning: An input array is constant; the correlation coefficent is not defined.
  warnings.warn(PearsonRConstantInputWarning())
/home/users/vnguyen/.conda/envs/detectron2/lib/python3.8/site-packages/scipy/stats/stats.py:3845: PearsonRConstantInputWarning: An input array is constant; the correlation coefficent is not defined.
  warnings.warn(PearsonRConstantInputWarning())
/home/users/vnguyen/.conda/envs/detectron2/lib/python3.8/site-packages/scipy/stats/stats.py:3845: PearsonRConstantInputWarning: An input array is constant; the correlation coefficent is not defined.
  warnings.warn(PearsonRConstantInputWarning())
/home/users/vnguyen/.conda/envs/detectron2/lib/python3.8/site-packages/scipy/stats/stats.py:3845: PearsonRConstantInputWarning: An input array is constant; the correlation coefficent is not defined.
  warnings.warn(PearsonRConstantInputWarning())
/home/users/vnguyen/.conda/envs/detectron2/lib/python3.8/site-packages/scipy/stats/stats.py:3845: PearsonRConstantInputWarning: An input array is constant; the correlation coefficent is not defined.
  warnings.warn(PearsonRConstantInputWarning())
/home/users/vnguyen/.conda/envs/detectron2/lib/python3.8/site-packages/scipy/stats/stats.py:3845: PearsonRConstantInputWarning: An input array is constant; the correlation coefficent is not defined.
  warnings.warn(PearsonRConstantInputWarning())
/home/users/vnguyen/.conda/envs/detectron2/lib/python3.8/site-packages/scipy/stats/stats.py:3845: PearsonRConstantInputWarning: An input array is constant; the correlation coefficent is not defined.
  warnings.warn(PearsonRConstantInputWarning())
/home/users/vnguyen/.conda/envs/detectron2/lib/python3.8/site-packages/scipy/stats/stats.py:3845: PearsonRConstantInputWarning: An input array is constant; the correlation coefficent is not defined.
  warnings.warn(PearsonRConstantInputWarning())
/home/users/vnguyen/.conda/envs/detectron2/lib/python3.8/site-packages/scipy/stats/stats.py:3845: PearsonRConstantInputWarning: An input array is constant; the correlation coefficent is not defined.
  warnings.warn(PearsonRConstantInputWarning())
/home/users/vnguyen/.conda/envs/detectron2/lib/python3.8/site-packages/scipy/stats/stats.py:3845: PearsonRConstantInputWarning: An input array is constant; the correlation coefficent is not defined.
  warnings.warn(PearsonRConstantInputWarning())
/home/users/vnguyen/.conda/envs/detectron2/lib/python3.8/site-packages/scipy/stats/stats.py:3845: PearsonRConstantInputWarning: An input array is constant; the correlation coefficent is not defined.
  warnings.warn(PearsonRConstantInputWarning())
/home/users/vnguyen/.conda/envs/detectron2/lib/python3.8/site-packages/scipy/stats/stats.py:3845: PearsonRConstantInputWarning: An input array is constant; the correlation coefficent is not defined.
  warnings.warn(PearsonRConstantInputWarning())
/home/users/vnguyen/.conda/envs/detectron2/lib/python3.8/site-packages/scipy/stats/stats.py:3845: PearsonRConstantInputWarning: An input array is constant; the correlation coefficent is not defined.
  warnings.warn(PearsonRConstantInputWarning())
/home/users/vnguyen/.conda/envs/detectron2/lib/python3.8/site-packages/scipy/stats/stats.py:3845: PearsonRConstantInputWarning: An input array is constant; the correlation coefficent is not defined.
  warnings.warn(PearsonRConstantInputWarning())
/home/users/vnguyen/.conda/envs/detectron2/lib/python3.8/site-packages/scipy/stats/stats.py:3845: PearsonRConstantInputWarning: An input array is constant; the correlation coefficent is not defined.
  warnings.warn(PearsonRConstantInputWarning())
/home/users/vnguyen/.conda/envs/detectron2/lib/python3.8/site-packages/scipy/stats/stats.py:3845: PearsonRConstantInputWarning: An input array is constant; the correlation coefficent is not defined.
  warnings.warn(PearsonRConstantInputWarning())
/home/users/vnguyen/.conda/envs/detectron2/lib/python3.8/site-packages/scipy/stats/stats.py:3845: PearsonRConstantInputWarning: An input array is constant; the correlation coefficent is not defined.
  warnings.warn(PearsonRConstantInputWarning())
/home/users/vnguyen/.conda/envs/detectron2/lib/python3.8/site-packages/scipy/stats/stats.py:3845: PearsonRConstantInputWarning: An input array is constant; the correlation coefficent is not defined.
  warnings.warn(PearsonRConstantInputWarning())
/home/users/vnguyen/.conda/envs/detectron2/lib/python3.8/site-packages/scipy/stats/stats.py:3845: PearsonRConstantInputWarning: An input array is constant; the correlation coefficent is not defined.
  warnings.warn(PearsonRConstantInputWarning())
/home/users/vnguyen/.conda/envs/detectron2/lib/python3.8/site-packages/scipy/stats/stats.py:3845: PearsonRConstantInputWarning: An input array is constant; the correlation coefficent is not defined.
  warnings.warn(PearsonRConstantInputWarning())
/home/users/vnguyen/.conda/envs/detectron2/lib/python3.8/site-packages/scipy/stats/stats.py:3845: PearsonRConstantInputWarning: An input array is constant; the correlation coefficent is not defined.
  warnings.warn(PearsonRConstantInputWarning())
/home/users/vnguyen/.conda/envs/detectron2/lib/python3.8/site-packages/scipy/stats/stats.py:3845: PearsonRConstantInputWarning: An input array is constant; the correlation coefficent is not defined.
  warnings.warn(PearsonRConstantInputWarning())
/home/users/vnguyen/.conda/envs/detectron2/lib/python3.8/site-packages/scipy/stats/stats.py:3845: PearsonRConstantInputWarning: An input array is constant; the correlation coefficent is not defined.
  warnings.warn(PearsonRConstantInputWarning())
/home/users/vnguyen/.conda/envs/detectron2/lib/python3.8/site-packages/scipy/stats/stats.py:3845: PearsonRConstantInputWarning: An input array is constant; the correlation coefficent is not defined.
  warnings.warn(PearsonRConstantInputWarning())
/home/users/vnguyen/.conda/envs/detectron2/lib/python3.8/site-packages/scipy/stats/stats.py:3845: PearsonRConstantInputWarning: An input array is constant; the correlation coefficent is not defined.
  warnings.warn(PearsonRConstantInputWarning())
/home/users/vnguyen/.conda/envs/detectron2/lib/python3.8/site-packages/scipy/stats/stats.py:3845: PearsonRConstantInputWarning: An input array is constant; the correlation coefficent is not defined.
  warnings.warn(PearsonRConstantInputWarning())
/home/users/vnguyen/.conda/envs/detectron2/lib/python3.8/site-packages/scipy/stats/stats.py:3845: PearsonRConstantInputWarning: An input array is constant; the correlation coefficent is not defined.
  warnings.warn(PearsonRConstantInputWarning())
/home/users/vnguyen/.conda/envs/detectron2/lib/python3.8/site-packages/scipy/stats/stats.py:3845: PearsonRConstantInputWarning: An input array is constant; the correlation coefficent is not defined.
  warnings.warn(PearsonRConstantInputWarning())
/home/users/vnguyen/.conda/envs/detectron2/lib/python3.8/site-packages/scipy/stats/stats.py:3845: PearsonRConstantInputWarning: An input array is constant; the correlation coefficent is not defined.
  warnings.warn(PearsonRConstantInputWarning())
/home/users/vnguyen/.conda/envs/detectron2/lib/python3.8/site-packages/scipy/stats/stats.py:3845: PearsonRConstantInputWarning: An input array is constant; the correlation coefficent is not defined.
  warnings.warn(PearsonRConstantInputWarning())
/home/users/vnguyen/.conda/envs/detectron2/lib/python3.8/site-packages/scipy/stats/stats.py:3845: PearsonRConstantInputWarning: An input array is constant; the correlation coefficent is not defined.
  warnings.warn(PearsonRConstantInputWarning())
/home/users/vnguyen/.conda/envs/detectron2/lib/python3.8/site-packages/scipy/stats/stats.py:3845: PearsonRConstantInputWarning: An input array is constant; the correlation coefficent is not defined.
  warnings.warn(PearsonRConstantInputWarning())
/home/users/vnguyen/.conda/envs/detectron2/lib/python3.8/site-packages/scipy/stats/stats.py:3845: PearsonRConstantInputWarning: An input array is constant; the correlation coefficent is not defined.
  warnings.warn(PearsonRConstantInputWarning())
/home/users/vnguyen/.conda/envs/detectron2/lib/python3.8/site-packages/scipy/stats/stats.py:3845: PearsonRConstantInputWarning: An input array is constant; the correlation coefficent is not defined.
  warnings.warn(PearsonRConstantInputWarning())
/home/users/vnguyen/.conda/envs/detectron2/lib/python3.8/site-packages/scipy/stats/stats.py:3845: PearsonRConstantInputWarning: An input array is constant; the correlation coefficent is not defined.
  warnings.warn(PearsonRConstantInputWarning())
/home/users/vnguyen/.conda/envs/detectron2/lib/python3.8/site-packages/scipy/stats/stats.py:3845: PearsonRConstantInputWarning: An input array is constant; the correlation coefficent is not defined.
  warnings.warn(PearsonRConstantInputWarning())
/home/users/vnguyen/.conda/envs/detectron2/lib/python3.8/site-packages/scipy/stats/stats.py:3845: PearsonRConstantInputWarning: An input array is constant; the correlation coefficent is not defined.
  warnings.warn(PearsonRConstantInputWarning())
/home/users/vnguyen/.conda/envs/detectron2/lib/python3.8/site-packages/scipy/stats/stats.py:3845: PearsonRConstantInputWarning: An input array is constant; the correlation coefficent is not defined.
  warnings.warn(PearsonRConstantInputWarning())
/home/users/vnguyen/.conda/envs/detectron2/lib/python3.8/site-packages/scipy/stats/stats.py:3845: PearsonRConstantInputWarning: An input array is constant; the correlation coefficent is not defined.
  warnings.warn(PearsonRConstantInputWarning())
/home/users/vnguyen/.conda/envs/detectron2/lib/python3.8/site-packages/scipy/stats/stats.py:3845: PearsonRConstantInputWarning: An input array is constant; the correlation coefficent is not defined.
  warnings.warn(PearsonRConstantInputWarning())
/home/users/vnguyen/.conda/envs/detectron2/lib/python3.8/site-packages/scipy/stats/stats.py:3845: PearsonRConstantInputWarning: An input array is constant; the correlation coefficent is not defined.
  warnings.warn(PearsonRConstantInputWarning())
/home/users/vnguyen/.conda/envs/detectron2/lib/python3.8/site-packages/scipy/stats/stats.py:3845: PearsonRConstantInputWarning: An input array is constant; the correlation coefficent is not defined.
  warnings.warn(PearsonRConstantInputWarning())
/home/users/vnguyen/.conda/envs/detectron2/lib/python3.8/site-packages/scipy/stats/stats.py:3845: PearsonRConstantInputWarning: An input array is constant; the correlation coefficent is not defined.
  warnings.warn(PearsonRConstantInputWarning())
/home/users/vnguyen/.conda/envs/detectron2/lib/python3.8/site-packages/scipy/stats/stats.py:3845: PearsonRConstantInputWarning: An input array is constant; the correlation coefficent is not defined.
  warnings.warn(PearsonRConstantInputWarning())
/home/users/vnguyen/.conda/envs/detectron2/lib/python3.8/site-packages/scipy/stats/stats.py:3845: PearsonRConstantInputWarning: An input array is constant; the correlation coefficent is not defined.
  warnings.warn(PearsonRConstantInputWarning())
/home/users/vnguyen/.conda/envs/detectron2/lib/python3.8/site-packages/scipy/stats/stats.py:3845: PearsonRConstantInputWarning: An input array is constant; the correlation coefficent is not defined.
  warnings.warn(PearsonRConstantInputWarning())
/home/users/vnguyen/.conda/envs/detectron2/lib/python3.8/site-packages/scipy/stats/stats.py:3845: PearsonRConstantInputWarning: An input array is constant; the correlation coefficent is not defined.
  warnings.warn(PearsonRConstantInputWarning())
/home/users/vnguyen/.conda/envs/detectron2/lib/python3.8/site-packages/scipy/stats/stats.py:3845: PearsonRConstantInputWarning: An input array is constant; the correlation coefficent is not defined.
  warnings.warn(PearsonRConstantInputWarning())
/home/users/vnguyen/.conda/envs/detectron2/lib/python3.8/site-packages/scipy/stats/stats.py:3845: PearsonRConstantInputWarning: An input array is constant; the correlation coefficent is not defined.
  warnings.warn(PearsonRConstantInputWarning())
/home/users/vnguyen/.conda/envs/detectron2/lib/python3.8/site-packages/scipy/stats/stats.py:3845: PearsonRConstantInputWarning: An input array is constant; the correlation coefficent is not defined.
  warnings.warn(PearsonRConstantInputWarning())
