/home/users/vnguyen/intern20/Vis-Priva-Expos/privacy/lib/clustering/clustering.py:47: ConvergenceWarning: Number of distinct clusters (1) found smaller than n_clusters (2). Possibly due to duplicate points in X.
  kmeans = KMeans(n_clusters=N, random_state=0).fit(aggregated_features)
/home/users/vnguyen/intern20/Vis-Priva-Expos/privacy/lib/clustering/clustering.py:47: ConvergenceWarning: Number of distinct clusters (1) found smaller than n_clusters (2). Possibly due to duplicate points in X.
  kmeans = KMeans(n_clusters=N, random_state=0).fit(aggregated_features)
##########################################
######## Focusing Exposure Search ########
###########################################
+++++++++++++++++++++++++++++
+++++ gamma =  0 +++++
+++++++++++++++++++++++++++++
Estimate exposure user photos ...
Done!
#### CLUSTERING ####
Calculate clustering photo features ...
Done!
Calculate clusters of users ...
Done!
##### REGRESSION #####
Calculate regression features ...
Done!
Combine and convert to numpy format ...
   job_search_IT
Number of training data:  61
Number of test data:  27
   bank_credit
Number of training data:  57
Number of test data:  24
   job_search_waiter_waitress
Number of training data:  64
Number of test data:  29
   accommodation_search
Number of training data:  69
Number of test data:  30
##########################
~~~~~~~~~~~~~~~~~~~~~~~~~~~
  job_search_IT
sum_diff_situ:  1.5761689827273277
val1:  0.7142857142857143   val2:  0.0
diff =  0.8896902377211852
val1:  0.7142857142857143   val2:  0.2857142857142857
diff =  0.8284054372138376
val1:  0.7142857142857143   val2:  0.42857142857142855
diff =  0.7271980510065965
val1:  0.7142857142857143   val2:  0.8571428571428571
diff =  1.4038414692488979
val1:  0.7142857142857143   val2:  0.42857142857142855
diff =  0.8797785768565608
val1:  0.7142857142857143   val2:  0.14285714285714285
diff =  0.6854708467963031
val1:  0.7142857142857143   val2:  0.14285714285714285
diff =  1.4755533703180845
val1:  0.7142857142857143   val2:  0.0
diff =  1.2165464478083396
val1:  0.7142857142857143   val2:  0.8571428571428571
diff =  1.2843508319163903
val1:  0.7142857142857143   val2:  0.2857142857142857
diff =  1.2241784675185163
val1:  0.7142857142857143   val2:  -0.2857142857142857
diff =  1.3968266660024327
val1:  0.7142857142857143   val2:  -0.2857142857142857
diff =  1.3545335944074242
val1:  0.7142857142857143   val2:  0.8571428571428571
diff =  1.194406288544606
val1:  0.7142857142857143   val2:  0.42857142857142855
diff =  1.2830314929330358
val1:  0.7142857142857143   val2:  1.4285714285714286
diff =  1.04758209385476
val1:  0.7142857142857143   val2:  0.14285714285714285
diff =  1.101181007606273
val1:  0.7142857142857143   val2:  0.42857142857142855
diff =  1.0165024671485121
val1:  0.7142857142857143   val2:  0.14285714285714285
diff =  0.6821797491929213
val1:  0.7142857142857143   val2:  0.7142857142857143
diff =  1.0771508484788643
val1:  0.7142857142857143   val2:  0.5714285714285714
diff =  1.308086030994104
val1:  0.7142857142857143   val2:  0.42857142857142855
diff =  0.6528208278630073
val1:  0.7142857142857143   val2:  -0.14285714285714285
diff =  0.9660566790396037
val1:  0.0   val2:  0.2857142857142857
diff =  1.1065954710383952
val1:  0.0   val2:  0.42857142857142855
diff =  0.709919895534775
val1:  0.0   val2:  0.8571428571428571
diff =  1.1384261835493539
val1:  0.0   val2:  0.42857142857142855
diff =  1.4305736358764933
val1:  0.0   val2:  0.14285714285714285
diff =  1.0415063621358174
val1:  0.0   val2:  0.14285714285714285
diff =  1.3106894006150527
val1:  0.0   val2:  0.0
diff =  0.7475875960191707
val1:  0.0   val2:  0.8571428571428571
diff =  1.4929776311971703
val1:  0.0   val2:  0.2857142857142857
diff =  1.2052905596216648
val1:  0.0   val2:  -0.2857142857142857
diff =  1.393734969129239
val1:  0.0   val2:  -0.2857142857142857
diff =  1.0696376739921494
val1:  0.0   val2:  0.8571428571428571
diff =  0.5443557578693421
val1:  0.0   val2:  0.42857142857142855
diff =  1.5427945684844324
val1:  0.0   val2:  1.4285714285714286
diff =  0.2726355326137613
val1:  0.0   val2:  0.14285714285714285
diff =  0.4345114128950034
val1:  0.0   val2:  0.42857142857142855
diff =  0.9820963694535412
val1:  0.0   val2:  0.14285714285714285
diff =  1.0284136361772722
val1:  0.0   val2:  0.7142857142857143
diff =  0.8633895695043852
val1:  0.0   val2:  0.5714285714285714
diff =  1.392346776630702
val1:  0.0   val2:  0.42857142857142855
diff =  0.8249804963083818
val1:  0.0   val2:  -0.14285714285714285
diff =  0.7132106774154668
val1:  0.2857142857142857   val2:  0.42857142857142855
diff =  1.3477875856893113
val1:  0.2857142857142857   val2:  0.42857142857142855
diff =  0.7943358849062514
val1:  0.2857142857142857   val2:  0.14285714285714285
diff =  1.1277422686785261
val1:  0.2857142857142857   val2:  0.42857142857142855
diff =  1.462013217391017
val1:  0.2857142857142857   val2:  0.0
diff =  1.541511908979065
val1:  0.2857142857142857   val2:  0.8571428571428571
diff =  1.487588094291458
val1:  0.2857142857142857   val2:  0.2857142857142857
diff =  1.5442704879022042
val1:  0.2857142857142857   val2:  -0.2857142857142857
diff =  1.5752169727738616
val1:  0.2857142857142857   val2:  0.42857142857142855
diff =  1.5145683336637754
val1:  0.2857142857142857   val2:  1.4285714285714286
diff =  1.0998781081400055
val1:  0.2857142857142857   val2:  0.14285714285714285
diff =  1.4617128416676892
val1:  0.2857142857142857   val2:  0.42857142857142855
diff =  1.4685565254221027
val1:  0.2857142857142857   val2:  0.14285714285714285
diff =  1.1651647957451343
val1:  0.2857142857142857   val2:  0.7142857142857143
diff =  1.5741451802007216
val1:  0.2857142857142857   val2:  0.5714285714285714
diff =  1.5193486907485259
val1:  0.2857142857142857   val2:  0.42857142857142855
diff =  1.3229161016697024
val1:  0.2857142857142857   val2:  -0.14285714285714285
diff =  0.7165051604419916
val1:  0.42857142857142855   val2:  0.8571428571428571
diff =  1.3930893762496084
val1:  0.42857142857142855   val2:  0.42857142857142855
diff =  1.5376030260764857
val1:  0.42857142857142855   val2:  0.14285714285714285
diff =  0.7461619842435785
val1:  0.42857142857142855   val2:  0.14285714285714285
diff =  1.56676083554801
val1:  0.42857142857142855   val2:  0.0
diff =  0.984266969466365
val1:  0.42857142857142855   val2:  0.8571428571428571
diff =  1.4061117416355053
val1:  0.42857142857142855   val2:  0.2857142857142857
diff =  1.101480328357967
val1:  0.42857142857142855   val2:  -0.2857142857142857
diff =  1.3206450945297896
val1:  0.42857142857142855   val2:  -0.2857142857142857
diff =  1.2934726589727774
val1:  0.42857142857142855   val2:  0.8571428571428571
diff =  0.6983229326234288
val1:  0.42857142857142855   val2:  0.42857142857142855
diff =  1.4509129020922602
val1:  0.42857142857142855   val2:  1.4285714285714286
diff =  0.9625359399273795
val1:  0.42857142857142855   val2:  0.14285714285714285
diff =  0.6800047020678497
val1:  0.42857142857142855   val2:  0.42857142857142855
diff =  0.9051939571263448
val1:  0.42857142857142855   val2:  0.14285714285714285
diff =  0.6787005261571574
val1:  0.42857142857142855   val2:  0.7142857142857143
diff =  0.7631541026829237
val1:  0.42857142857142855   val2:  0.5714285714285714
diff =  1.4956871304443404
val1:  0.42857142857142855   val2:  0.42857142857142855
diff =  0.18059184276309873
val1:  0.42857142857142855   val2:  -0.14285714285714285
diff =  1.238784851654579
val1:  0.8571428571428571   val2:  0.42857142857142855
diff =  1.4671356966934284
val1:  0.8571428571428571   val2:  0.14285714285714285
diff =  1.5191644942102167
val1:  0.8571428571428571   val2:  0.14285714285714285
diff =  0.370406718256211
val1:  0.8571428571428571   val2:  0.0
diff =  0.5592074341239882
val1:  0.8571428571428571   val2:  0.8571428571428571
diff =  1.1543571816115479
val1:  0.8571428571428571   val2:  0.2857142857142857
diff =  0.9446718992153218
val1:  0.8571428571428571   val2:  -0.2857142857142857
diff =  0.8837433224885143
val1:  0.8571428571428571   val2:  -0.2857142857142857
diff =  0.3313224687558604
val1:  0.8571428571428571   val2:  0.8571428571428571
diff =  1.104727445650201
val1:  0.8571428571428571   val2:  0.42857142857142855
diff =  1.125660452676961
val1:  0.8571428571428571   val2:  1.4285714285714286
diff =  1.0721622635412242
val1:  0.8571428571428571   val2:  0.14285714285714285
diff =  1.3363330197935752
val1:  0.8571428571428571   val2:  0.42857142857142855
diff =  0.7741172141980396
val1:  0.8571428571428571   val2:  1.1428571428571428
diff =  1.3175487240179873
val1:  0.8571428571428571   val2:  0.8571428571428571
diff =  1.219096512119222
val1:  0.8571428571428571   val2:  0.7142857142857143
diff =  1.032518941972059
val1:  0.8571428571428571   val2:  0.5714285714285714
diff =  0.562872433073188
val1:  0.8571428571428571   val2:  0.42857142857142855
diff =  1.505876721661696
val1:  0.8571428571428571   val2:  -0.14285714285714285
diff =  1.0948167700343256
val1:  0.42857142857142855   val2:  0.14285714285714285
diff =  1.256798340774367
val1:  0.42857142857142855   val2:  0.14285714285714285
diff =  1.358716431088191
val1:  0.42857142857142855   val2:  0.0
diff =  1.5676835271704328
val1:  0.42857142857142855   val2:  0.8571428571428571
diff =  1.243158069123087
val1:  0.42857142857142855   val2:  0.2857142857142857
diff =  1.4677825869037928
val1:  0.42857142857142855   val2:  1.1428571428571428
diff =  1.2517768630498507
val1:  0.42857142857142855   val2:  -0.2857142857142857
diff =  1.552876942386986
val1:  0.42857142857142855   val2:  -0.2857142857142857
diff =  1.4556049303792318
val1:  0.42857142857142855   val2:  0.42857142857142855
diff =  1.194496833224964
val1:  0.42857142857142855   val2:  1.4285714285714286
diff =  1.4308226396050983
val1:  0.42857142857142855   val2:  0.42857142857142855
diff =  1.4276798299743383
val1:  0.42857142857142855   val2:  0.14285714285714285
diff =  1.3442253330819005
val1:  0.42857142857142855   val2:  0.8571428571428571
diff =  1.3728314828217352
val1:  0.42857142857142855   val2:  0.5714285714285714
diff =  1.1714235768118766
val1:  0.42857142857142855   val2:  0.42857142857142855
diff =  1.5029983024261728
val1:  0.42857142857142855   val2:  -0.14285714285714285
diff =  0.9958828268301263
val1:  0.14285714285714285   val2:  0.0
diff =  1.3276241693169142
val1:  0.14285714285714285   val2:  0.8571428571428571
diff =  1.1920196633886977
val1:  0.14285714285714285   val2:  0.2857142857142857
diff =  1.2202024336461024
val1:  0.14285714285714285   val2:  -0.2857142857142857
diff =  1.4580523509963328
val1:  0.14285714285714285   val2:  -0.2857142857142857
diff =  1.4456100843735114
val1:  0.14285714285714285   val2:  0.8571428571428571
diff =  1.169962135045602
val1:  0.14285714285714285   val2:  0.42857142857142855
diff =  1.3245142970603436
val1:  0.14285714285714285   val2:  1.4285714285714286
diff =  1.2355291008766753
val1:  0.14285714285714285   val2:  0.14285714285714285
diff =  1.2688474047345064
val1:  0.14285714285714285   val2:  0.42857142857142855
diff =  1.2488149766692722
val1:  0.14285714285714285   val2:  0.14285714285714285
diff =  0.16231847973966096
val1:  0.14285714285714285   val2:  0.7142857142857143
diff =  1.295640100691928
val1:  0.14285714285714285   val2:  0.5714285714285714
diff =  1.5049424996885854
val1:  0.14285714285714285   val2:  0.42857142857142855
diff =  0.6912336611672053
val1:  0.14285714285714285   val2:  -0.14285714285714285
diff =  1.2740457609128804
val1:  0.14285714285714285   val2:  0.0
diff =  0.7901420138334326
val1:  0.14285714285714285   val2:  0.8571428571428571
diff =  1.0117469154592273
val1:  0.14285714285714285   val2:  0.2857142857142857
diff =  0.9544981392536644
val1:  0.14285714285714285   val2:  -0.2857142857142857
diff =  0.9068922831997667
val1:  0.14285714285714285   val2:  -0.2857142857142857
diff =  0.3840528840392647
val1:  0.14285714285714285   val2:  0.8571428571428571
diff =  1.3106455299693505
val1:  0.14285714285714285   val2:  0.42857142857142855
diff =  0.9738958121246177
val1:  0.14285714285714285   val2:  1.4285714285714286
diff =  1.2216902975083033
val1:  0.14285714285714285   val2:  0.14285714285714285
diff =  1.5579832481795455
val1:  0.14285714285714285   val2:  0.42857142857142855
diff =  1.0094135971647653
val1:  0.14285714285714285   val2:  1.1428571428571428
diff =  0.9856620386752429
val1:  0.14285714285714285   val2:  0.8571428571428571
diff =  0.9180929068241134
val1:  0.14285714285714285   val2:  0.7142857142857143
diff =  1.3218523021787714
val1:  0.14285714285714285   val2:  0.5714285714285714
diff =  0.46891962226707473
val1:  0.14285714285714285   val2:  -0.14285714285714285
diff =  1.1205227908946929
val1:  0.0   val2:  0.8571428571428571
diff =  1.2289908391171147
val1:  0.0   val2:  0.2857142857142857
diff =  0.827384001637782
val1:  0.0   val2:  -0.2857142857142857
diff =  0.9066372195627791
val1:  0.0   val2:  -0.2857142857142857
diff =  0.45858402715637364
val1:  0.0   val2:  0.8571428571428571
diff =  0.5850611276756136
val1:  0.0   val2:  0.42857142857142855
diff =  1.229142353509176
val1:  0.0   val2:  1.4285714285714286
diff =  0.7411143384066673
val1:  0.0   val2:  0.14285714285714285
diff =  0.840393674495744
val1:  0.0   val2:  0.42857142857142855
diff =  0.6311621587822255
val1:  0.0   val2:  0.14285714285714285
diff =  1.3702046781504502
val1:  0.0   val2:  0.8571428571428571
diff =  1.4837194972578214
val1:  0.0   val2:  0.7142857142857143
diff =  0.7091359520953384
val1:  0.0   val2:  0.5714285714285714
diff =  0.9279522225249254
val1:  0.0   val2:  0.42857142857142855
diff =  1.1333510544494632
val1:  0.0   val2:  -0.14285714285714285
diff =  1.0087243722340218
val1:  0.8571428571428571   val2:  0.2857142857142857
diff =  0.5946260380203088
val1:  0.8571428571428571   val2:  -0.2857142857142857
diff =  0.7249107773107484
val1:  0.8571428571428571   val2:  -0.2857142857142857
diff =  0.970131628392117
val1:  0.8571428571428571   val2:  0.8571428571428571
diff =  1.481633199364521
val1:  0.8571428571428571   val2:  0.42857142857142855
diff =  0.2797134381131126
val1:  0.8571428571428571   val2:  1.4285714285714286
diff =  1.5194115314659349
val1:  0.8571428571428571   val2:  0.42857142857142855
diff =  1.191013086499159
val1:  0.8571428571428571   val2:  0.14285714285714285
diff =  1.3293204052495993
val1:  0.8571428571428571   val2:  1.1428571428571428
diff =  1.1804883409744258
val1:  0.8571428571428571   val2:  0.8571428571428571
diff =  0.6441386227410966
val1:  0.8571428571428571   val2:  0.7142857142857143
diff =  1.5372066874457342
val1:  0.8571428571428571   val2:  0.5714285714285714
diff =  0.8880262400605078
val1:  0.8571428571428571   val2:  0.42857142857142855
diff =  1.4532781979993206
val1:  0.8571428571428571   val2:  -0.14285714285714285
diff =  1.373987291145276
val1:  0.2857142857142857   val2:  -0.2857142857142857
diff =  0.33867131647547327
val1:  0.2857142857142857   val2:  -0.2857142857142857
diff =  0.7076586884167811
val1:  0.2857142857142857   val2:  0.8571428571428571
diff =  1.0827718461021747
val1:  0.2857142857142857   val2:  0.42857142857142855
diff =  0.5888270420068038
val1:  0.2857142857142857   val2:  1.4285714285714286
diff =  1.2439926162452557
val1:  0.2857142857142857   val2:  0.14285714285714285
diff =  1.3508787799629063
val1:  0.2857142857142857   val2:  0.42857142857142855
diff =  0.7987988699132413
val1:  0.2857142857142857   val2:  0.14285714285714285
diff =  1.3080764473527986
val1:  0.2857142857142857   val2:  1.1428571428571428
diff =  1.4473805239786932
val1:  0.2857142857142857   val2:  0.8571428571428571
diff =  1.0350228315392387
val1:  0.2857142857142857   val2:  0.7142857142857143
diff =  1.0994369829078239
val1:  0.2857142857142857   val2:  0.5714285714285714
diff =  0.8624630900481068
val1:  0.2857142857142857   val2:  0.42857142857142855
diff =  1.1979508175228297
val1:  0.2857142857142857   val2:  -0.14285714285714285
diff =  1.2770830917458218
val1:  -0.2857142857142857   val2:  -0.2857142857142857
diff =  0.7143389224083757
val1:  -0.2857142857142857   val2:  0.8571428571428571
diff =  1.2823893645439408
val1:  -0.2857142857142857   val2:  0.42857142857142855
diff =  0.6268340432244658
val1:  -0.2857142857142857   val2:  1.4285714285714286
diff =  1.4052967211761234
val1:  -0.2857142857142857   val2:  0.14285714285714285
diff =  1.52340238486965
val1:  -0.2857142857142857   val2:  0.42857142857142855
diff =  0.7644444344423399
val1:  -0.2857142857142857   val2:  0.14285714285714285
diff =  1.5448843578846816
val1:  -0.2857142857142857   val2:  1.1428571428571428
diff =  1.3694262919247682
val1:  -0.2857142857142857   val2:  0.8571428571428571
diff =  1.021711651954949
val1:  -0.2857142857142857   val2:  0.7142857142857143
diff =  1.1285083922801216
val1:  -0.2857142857142857   val2:  0.5714285714285714
diff =  0.734396605243593
val1:  -0.2857142857142857   val2:  0.42857142857142855
diff =  1.4114958676750062
val1:  -0.2857142857142857   val2:  -0.14285714285714285
diff =  1.39994561753763
val1:  -0.2857142857142857   val2:  0.8571428571428571
diff =  0.9832189716217719
val1:  -0.2857142857142857   val2:  0.42857142857142855
diff =  0.9536155728427652
val1:  -0.2857142857142857   val2:  1.4285714285714286
diff =  1.0071172902257801
val1:  -0.2857142857142857   val2:  0.14285714285714285
diff =  1.262438446684286
val1:  -0.2857142857142857   val2:  0.42857142857142855
diff =  0.7847923217056096
val1:  -0.2857142857142857   val2:  0.14285714285714285
diff =  1.5328319726724646
val1:  -0.2857142857142857   val2:  1.1428571428571428
diff =  1.2422639247318383
val1:  -0.2857142857142857   val2:  0.8571428571428571
diff =  1.076339815228428
val1:  -0.2857142857142857   val2:  0.7142857142857143
diff =  1.053092005729583
val1:  -0.2857142857142857   val2:  0.5714285714285714
diff =  0.6105307427789723
val1:  -0.2857142857142857   val2:  0.42857142857142855
diff =  1.4192683105430914
val1:  -0.2857142857142857   val2:  -0.14285714285714285
diff =  1.054215823187638
val1:  0.8571428571428571   val2:  0.42857142857142855
diff =  1.5479942630203352
val1:  0.8571428571428571   val2:  1.4285714285714286
diff =  0.6799662980779648
val1:  0.8571428571428571   val2:  0.14285714285714285
diff =  0.4827266499146281
val1:  0.8571428571428571   val2:  0.42857142857142855
diff =  0.9556564479763459
val1:  0.8571428571428571   val2:  0.14285714285714285
diff =  1.1608341254339507
val1:  0.8571428571428571   val2:  0.7142857142857143
diff =  0.7984990057037459
val1:  0.8571428571428571   val2:  0.5714285714285714
diff =  1.4382838520908447
val1:  0.8571428571428571   val2:  0.42857142857142855
diff =  0.8727653821602032
val1:  0.8571428571428571   val2:  -0.14285714285714285
diff =  1.1542740164982308
val1:  0.42857142857142855   val2:  1.4285714285714286
diff =  1.5597900291635258
val1:  0.42857142857142855   val2:  0.42857142857142855
diff =  1.1107969850900086
val1:  0.42857142857142855   val2:  0.14285714285714285
diff =  1.4493170753927211
val1:  0.42857142857142855   val2:  1.1428571428571428
diff =  1.1568044911243751
val1:  0.42857142857142855   val2:  0.8571428571428571
diff =  0.6112712805712189
val1:  0.42857142857142855   val2:  0.7142857142857143
diff =  1.4933591009099587
val1:  0.42857142857142855   val2:  0.5714285714285714
diff =  0.7578277947456755
val1:  0.42857142857142855   val2:  0.42857142857142855
diff =  1.493229721492092
val1:  0.42857142857142855   val2:  -0.14285714285714285
diff =  1.3848790635978858
val1:  1.4285714285714286   val2:  0.14285714285714285
diff =  0.6036786085832229
val1:  1.4285714285714286   val2:  0.42857142857142855
diff =  1.0575873692505977
val1:  1.4285714285714286   val2:  0.14285714285714285
diff =  1.2446123066170103
val1:  1.4285714285714286   val2:  0.7142857142857143
diff =  0.99234621659434
val1:  1.4285714285714286   val2:  0.5714285714285714
diff =  1.3557286474928651
val1:  1.4285714285714286   val2:  0.42857142857142855
diff =  1.0795642523666253
val1:  1.4285714285714286   val2:  -0.14285714285714285
diff =  0.5608450644408408
val1:  0.14285714285714285   val2:  0.42857142857142855
diff =  1.031492520485423
val1:  0.14285714285714285   val2:  0.14285714285714285
diff =  1.216453667381652
val1:  0.14285714285714285   val2:  0.7142857142857143
diff =  0.7573912261101277
val1:  0.14285714285714285   val2:  0.42857142857142855
diff =  0.8129827629402839
val1:  0.14285714285714285   val2:  -0.14285714285714285
diff =  1.0934919088008108
val1:  0.42857142857142855   val2:  0.14285714285714285
diff =  1.2761548777171996
val1:  0.42857142857142855   val2:  0.8571428571428571
diff =  1.5336583764751426
val1:  0.42857142857142855   val2:  0.7142857142857143
diff =  0.4333406102618126
val1:  0.42857142857142855   val2:  0.5714285714285714
diff =  0.8196226893401058
val1:  0.42857142857142855   val2:  0.42857142857142855
diff =  0.9862559321940076
val1:  0.42857142857142855   val2:  -0.14285714285714285
diff =  1.168910849574246
val1:  0.14285714285714285   val2:  0.7142857142857143
diff =  1.2727526578107746
val1:  0.14285714285714285   val2:  0.42857142857142855
diff =  0.601347782406835
val1:  0.14285714285714285   val2:  -0.14285714285714285
diff =  1.324093358963182
val1:  1.1428571428571428   val2:  0.8571428571428571
diff =  0.5947211387844046
val1:  1.1428571428571428   val2:  0.5714285714285714
diff =  1.1134546656119524
val1:  0.8571428571428571   val2:  0.5714285714285714
diff =  0.8832662717446074
val1:  0.8571428571428571   val2:  -0.14285714285714285
diff =  1.5635764220271977
val1:  0.7142857142857143   val2:  0.5714285714285714
diff =  1.2186725157925178
val1:  0.7142857142857143   val2:  0.42857142857142855
diff =  0.858189331334566
val1:  0.7142857142857143   val2:  -0.14285714285714285
diff =  1.2685820890688035
val1:  0.5714285714285714   val2:  0.42857142857142855
diff =  1.561753456080606
val1:  0.5714285714285714   val2:  -0.14285714285714285
diff =  1.1874933214577306
val1:  0.42857142857142855   val2:  -0.14285714285714285
diff =  1.3028541983362227
~~~~~~~~~~~~~~~~~~~~~~~~~~~
  bank_credit
sum_diff_situ:  1.3713821122114978
val1:  0.2857142857142857   val2:  -0.42857142857142855
diff =  0.7182353557219006
val1:  0.2857142857142857   val2:  -0.5714285714285714
diff =  0.6567513683332968
val1:  0.2857142857142857   val2:  0.8571428571428571
diff =  0.049488573324084684
val1:  0.2857142857142857   val2:  0.5714285714285714
diff =  0.7547518406798829
val1:  0.2857142857142857   val2:  -0.14285714285714285
diff =  0.875545218478776
val1:  0.2857142857142857   val2:  -0.2857142857142857
diff =  0.8957832584397848
val1:  0.2857142857142857   val2:  -0.2857142857142857
diff =  0.3892387412285451
val1:  0.2857142857142857   val2:  0.8571428571428571
diff =  0.3185773828373872
val1:  0.2857142857142857   val2:  0.2857142857142857
diff =  0.6738543717982864
val1:  0.2857142857142857   val2:  0.14285714285714285
diff =  0.6812651620071305
val1:  0.2857142857142857   val2:  -0.5714285714285714
diff =  0.7636547231356903
val1:  0.2857142857142857   val2:  0.42857142857142855
diff =  0.19750781320654573
val1:  0.2857142857142857   val2:  -0.14285714285714285
diff =  0.596544278392406
val1:  0.2857142857142857   val2:  0.42857142857142855
diff =  0.7161462539370426
val1:  0.2857142857142857   val2:  -0.5714285714285714
diff =  0.7707176108522191
val1:  0.2857142857142857   val2:  0.7142857142857143
diff =  1.1005364207866046
val1:  0.2857142857142857   val2:  1.0
diff =  1.2147432724461076
val1:  0.2857142857142857   val2:  0.7142857142857143
diff =  0.17941447081221276
val1:  0.2857142857142857   val2:  0.8571428571428571
diff =  0.9364951382864344
val1:  0.2857142857142857   val2:  0.0
diff =  0.6608023047321646
val1:  -0.42857142857142855   val2:  -0.5714285714285714
diff =  0.20085785840608286
val1:  -0.42857142857142855   val2:  0.8571428571428571
diff =  0.7228992457137378
val1:  -0.42857142857142855   val2:  0.5714285714285714
diff =  1.271885393555503
val1:  -0.42857142857142855   val2:  -0.14285714285714285
diff =  1.2876012890148982
val1:  -0.42857142857142855   val2:  -0.2857142857142857
diff =  0.8987986109189633
val1:  -0.42857142857142855   val2:  -0.2857142857142857
diff =  0.37993402793593506
val1:  -0.42857142857142855   val2:  0.8571428571428571
diff =  1.0148126537552908
val1:  -0.42857142857142855   val2:  0.2857142857142857
diff =  1.3539111849481942
val1:  -0.42857142857142855   val2:  0.14285714285714285
diff =  1.2561555573177552
val1:  -0.42857142857142855   val2:  0.42857142857142855
diff =  0.6529448180677817
val1:  -0.42857142857142855   val2:  -0.14285714285714285
diff =  1.1497175639896078
val1:  -0.42857142857142855   val2:  0.42857142857142855
diff =  1.3077638779695722
val1:  -0.42857142857142855   val2:  -0.5714285714285714
diff =  1.247049596319439
val1:  -0.42857142857142855   val2:  0.7142857142857143
diff =  0.5592205346629988
val1:  -0.42857142857142855   val2:  1.0
diff =  1.2272141826514902
val1:  -0.42857142857142855   val2:  0.7142857142857143
diff =  0.8226914322476478
val1:  -0.42857142857142855   val2:  0.8571428571428571
diff =  1.182609797491714
val1:  -0.42857142857142855   val2:  0.0
diff =  1.0987169005640784
val1:  -0.5714285714285714   val2:  0.8571428571428571
diff =  0.6670013477538064
val1:  -0.5714285714285714   val2:  0.5714285714285714
diff =  1.21622523659949
val1:  -0.5714285714285714   val2:  -0.14285714285714285
diff =  1.1607925107256947
val1:  -0.5714285714285714   val2:  -0.2857142857142857
diff =  0.9008386372688526
val1:  -0.5714285714285714   val2:  -0.2857142857142857
diff =  0.28754759542456854
val1:  -0.5714285714285714   val2:  0.8571428571428571
diff =  0.9449801698448856
val1:  -0.5714285714285714   val2:  0.2857142857142857
diff =  1.2782106550846353
val1:  -0.5714285714285714   val2:  0.14285714285714285
diff =  1.1271769485002783
val1:  -0.5714285714285714   val2:  -0.5714285714285714
diff =  1.2525402807540833
val1:  -0.5714285714285714   val2:  0.42857142857142855
diff =  0.6098206932525289
val1:  -0.5714285714285714   val2:  -0.14285714285714285
diff =  1.0176028929309378
val1:  -0.5714285714285714   val2:  0.42857142857142855
diff =  1.1771543799407211
val1:  -0.5714285714285714   val2:  -0.5714285714285714
diff =  1.1877541431042045
val1:  -0.5714285714285714   val2:  0.7142857142857143
diff =  0.5985074037491375
val1:  -0.5714285714285714   val2:  1.0
diff =  1.219636440505815
val1:  -0.5714285714285714   val2:  0.7142857142857143
diff =  0.7631043171789804
val1:  -0.5714285714285714   val2:  0.8571428571428571
diff =  1.0040775086521334
val1:  -0.5714285714285714   val2:  0.0
diff =  0.9884493959422699
val1:  0.8571428571428571   val2:  0.5714285714285714
diff =  0.7321088760899506
val1:  0.8571428571428571   val2:  -0.14285714285714285
diff =  0.8842426541743704
val1:  0.8571428571428571   val2:  -0.2857142857142857
diff =  0.8815556741520602
val1:  0.8571428571428571   val2:  -0.2857142857142857
diff =  0.3983137864396814
val1:  0.8571428571428571   val2:  0.8571428571428571
diff =  0.30532979157411105
val1:  0.8571428571428571   val2:  0.2857142857142857
diff =  0.6726966479346554
val1:  0.8571428571428571   val2:  0.14285714285714285
diff =  0.6957495669803057
val1:  0.8571428571428571   val2:  -0.5714285714285714
diff =  0.7749570191212622
val1:  0.8571428571428571   val2:  0.42857142857142855
diff =  0.19825480717043603
val1:  0.8571428571428571   val2:  -0.14285714285714285
diff =  0.6114831636153794
val1:  0.8571428571428571   val2:  0.42857142857142855
diff =  0.7301348734798315
val1:  0.8571428571428571   val2:  -0.5714285714285714
diff =  0.7816464386474048
val1:  0.8571428571428571   val2:  0.7142857142857143
diff =  1.1047383825619683
val1:  0.8571428571428571   val2:  1.0
diff =  1.214258116187981
val1:  0.8571428571428571   val2:  0.7142857142857143
diff =  0.1775845599774563
val1:  0.8571428571428571   val2:  0.8571428571428571
diff =  0.9464178684501015
val1:  0.8571428571428571   val2:  0.0
diff =  0.6768635302649473
val1:  0.5714285714285714   val2:  -0.14285714285714285
diff =  0.634557421770921
val1:  0.5714285714285714   val2:  -0.2857142857142857
diff =  0.780945227756416
val1:  0.5714285714285714   val2:  -0.2857142857142857
diff =  0.9579759466697977
val1:  0.5714285714285714   val2:  0.8571428571428571
diff =  0.5423527269711799
val1:  0.5714285714285714   val2:  0.2857142857142857
diff =  0.8349968370365872
val1:  0.5714285714285714   val2:  0.14285714285714285
diff =  0.7412217704469891
val1:  0.5714285714285714   val2:  -0.5714285714285714
diff =  0.6705315574465963
val1:  0.5714285714285714   val2:  0.42857142857142855
diff =  0.8164099615694506
val1:  0.5714285714285714   val2:  -0.14285714285714285
diff =  0.6372767341918035
val1:  0.5714285714285714   val2:  0.42857142857142855
diff =  0.7884413966748571
val1:  0.5714285714285714   val2:  -0.5714285714285714
diff =  1.1041201133546934
val1:  0.5714285714285714   val2:  1.0
diff =  1.1643809781303824
val1:  0.5714285714285714   val2:  0.7142857142857143
diff =  0.7228753858591458
val1:  0.5714285714285714   val2:  0.8571428571428571
diff =  1.03250382352597
val1:  0.5714285714285714   val2:  0.0
diff =  0.8179817141368724
val1:  0.2857142857142857   val2:  0.7142857142857143
diff =  1.1691738941193188
val1:  -0.14285714285714285   val2:  -0.2857142857142857
diff =  0.9128588134550103
val1:  -0.14285714285714285   val2:  -0.2857142857142857
diff =  0.9635866290496506
val1:  -0.14285714285714285   val2:  0.8571428571428571
diff =  0.7665700260217312
val1:  -0.14285714285714285   val2:  0.2857142857142857
diff =  0.9871901435933689
val1:  -0.14285714285714285   val2:  0.14285714285714285
diff =  0.5261322587494186
val1:  -0.14285714285714285   val2:  -0.5714285714285714
diff =  0.49927298164883427
val1:  -0.14285714285714285   val2:  0.42857142857142855
diff =  0.9283007052616504
val1:  -0.14285714285714285   val2:  -0.14285714285714285
diff =  0.39640177080261124
val1:  -0.14285714285714285   val2:  0.42857142857142855
diff =  0.5985179524967358
val1:  -0.14285714285714285   val2:  -0.5714285714285714
diff =  1.119876697232356
val1:  -0.14285714285714285   val2:  0.7142857142857143
diff =  1.3408654165569074
val1:  -0.14285714285714285   val2:  1.0
diff =  1.0851954990703283
val1:  -0.14285714285714285   val2:  0.7142857142857143
diff =  0.8604444919545378
val1:  -0.14285714285714285   val2:  0.8571428571428571
diff =  0.6267629284519888
val1:  -0.14285714285714285   val2:  0.0
diff =  0.6039525347994728
val1:  -0.2857142857142857   val2:  -0.2857142857142857
diff =  0.7793296851319849
val1:  -0.2857142857142857   val2:  0.8571428571428571
diff =  0.9555920328214164
val1:  -0.2857142857142857   val2:  0.14285714285714285
diff =  1.1840174099031802
val1:  -0.2857142857142857   val2:  -0.5714285714285714
diff =  1.2059864692008226
val1:  -0.2857142857142857   val2:  0.42857142857142855
diff =  0.8704275581809645
val1:  -0.2857142857142857   val2:  -0.14285714285714285
diff =  1.0243934805611812
val1:  -0.2857142857142857   val2:  0.42857142857142855
diff =  1.2642329198332107
val1:  -0.2857142857142857   val2:  0.7142857142857143
diff =  0.7627366461283019
val1:  -0.2857142857142857   val2:  1.0
diff =  0.9141748540665118
val1:  -0.2857142857142857   val2:  0.7142857142857143
diff =  0.9374856870570303
val1:  -0.2857142857142857   val2:  0.8571428571428571
diff =  1.1338801514499361
val1:  -0.2857142857142857   val2:  0.0
diff =  1.0556768760947743
val1:  -0.2857142857142857   val2:  0.8571428571428571
diff =  0.6692071174254403
val1:  -0.2857142857142857   val2:  0.2857142857142857
diff =  1.0381503815464546
val1:  -0.2857142857142857   val2:  0.14285714285714285
diff =  0.9112348453015278
val1:  -0.2857142857142857   val2:  -0.5714285714285714
diff =  1.0079331903668705
val1:  -0.2857142857142857   val2:  0.42857142857142855
diff =  0.3872867067036393
val1:  -0.2857142857142857   val2:  -0.14285714285714285
diff =  0.7861147057038678
val1:  -0.2857142857142857   val2:  0.42857142857142855
diff =  0.9606220972022623
val1:  -0.2857142857142857   val2:  -0.5714285714285714
diff =  1.0296938265230249
val1:  -0.2857142857142857   val2:  0.7142857142857143
diff =  0.7485897968264708
val1:  -0.2857142857142857   val2:  1.0
diff =  1.1710039043829235
val1:  -0.2857142857142857   val2:  0.7142857142857143
diff =  0.5159175448935784
val1:  -0.2857142857142857   val2:  0.8571428571428571
diff =  0.9092287840232656
val1:  -0.2857142857142857   val2:  0.0
diff =  0.8179977916425897
val1:  0.8571428571428571   val2:  0.2857142857142857
diff =  0.4724462471577674
val1:  0.8571428571428571   val2:  0.14285714285714285
diff =  0.5422363258732854
val1:  0.8571428571428571   val2:  -0.5714285714285714
diff =  0.564836861655469
val1:  0.8571428571428571   val2:  0.42857142857142855
diff =  0.425384020051648
val1:  0.8571428571428571   val2:  -0.14285714285714285
diff =  0.478968133881149
val1:  0.8571428571428571   val2:  0.42857142857142855
diff =  0.5676791234959194
val1:  0.8571428571428571   val2:  -0.5714285714285714
diff =  0.749509754961777
val1:  0.8571428571428571   val2:  0.7142857142857143
diff =  1.3359083730502739
val1:  0.8571428571428571   val2:  1.0
diff =  1.2630469493932512
val1:  0.8571428571428571   val2:  0.7142857142857143
diff =  0.26481226894032467
val1:  0.8571428571428571   val2:  0.8571428571428571
diff =  0.9312067423963518
val1:  0.8571428571428571   val2:  0.0
diff =  0.6249736371607394
val1:  0.2857142857142857   val2:  0.14285714285714285
diff =  0.5409169383588559
val1:  0.2857142857142857   val2:  -0.5714285714285714
diff =  0.6293185790917502
val1:  0.2857142857142857   val2:  0.42857142857142855
diff =  0.7241138085797855
val1:  0.2857142857142857   val2:  -0.14285714285714285
diff =  0.6620489431166457
val1:  0.2857142857142857   val2:  0.42857142857142855
diff =  0.5082172465786804
val1:  0.2857142857142857   val2:  -0.5714285714285714
diff =  0.5276328574356927
val1:  0.2857142857142857   val2:  0.7142857142857143
diff =  0.5551843480089659
val1:  0.2857142857142857   val2:  0.8571428571428571
diff =  1.107685509462972
val1:  0.2857142857142857   val2:  0.0
diff =  0.6830367116865771
val1:  0.14285714285714285   val2:  -0.5714285714285714
diff =  0.3019526662849518
val1:  0.14285714285714285   val2:  0.42857142857142855
diff =  0.7365751495027164
val1:  0.14285714285714285   val2:  -0.14285714285714285
diff =  0.24077039888559318
val1:  0.14285714285714285   val2:  0.42857142857142855
diff =  0.0967612778316941
val1:  0.14285714285714285   val2:  -0.5714285714285714
diff =  0.6931104636872967
val1:  0.14285714285714285   val2:  1.0
diff =  1.2233176703536552
val1:  0.14285714285714285   val2:  0.7142857142857143
diff =  0.6119715042523866
val1:  0.14285714285714285   val2:  0.8571428571428571
diff =  0.6719967253516205
val1:  0.14285714285714285   val2:  0.0
diff =  0.36767347960263375
val1:  -0.5714285714285714   val2:  0.42857142857142855
diff =  0.8753242474381493
val1:  -0.5714285714285714   val2:  -0.14285714285714285
diff =  0.25326279961389536
val1:  -0.5714285714285714   val2:  0.42857142857142855
diff =  0.29603161780679504
val1:  -0.5714285714285714   val2:  -0.5714285714285714
diff =  0.9361604573315057
val1:  -0.5714285714285714   val2:  0.7142857142857143
diff =  0.7338099446737331
val1:  -0.5714285714285714   val2:  0.8571428571428571
diff =  0.7875401748314722
val1:  -0.5714285714285714   val2:  0.0
diff =  0.6311485103677983
val1:  0.42857142857142855   val2:  -0.14285714285714285
diff =  0.6881071782026891
val1:  0.42857142857142855   val2:  0.42857142857142855
diff =  0.7827987399214588
val1:  0.42857142857142855   val2:  -0.5714285714285714
diff =  0.6990899584188582
val1:  0.42857142857142855   val2:  0.7142857142857143
diff =  1.0400928810489471
val1:  0.42857142857142855   val2:  1.0
diff =  1.0876420955141775
val1:  0.42857142857142855   val2:  0.7142857142857143
diff =  0.18195375199396546
val1:  0.42857142857142855   val2:  0.8571428571428571
diff =  0.946873336283562
val1:  0.42857142857142855   val2:  0.0
diff =  0.6164132579325299
val1:  -0.14285714285714285   val2:  0.42857142857142855
diff =  0.2944369787129292
val1:  -0.14285714285714285   val2:  -0.5714285714285714
diff =  0.8566967045476364
val1:  -0.14285714285714285   val2:  0.7142857142857143
diff =  1.3630159932665034
val1:  -0.14285714285714285   val2:  1.0
diff =  1.2217455419184013
val1:  -0.14285714285714285   val2:  0.7142857142857143
diff =  0.5800409485049348
val1:  -0.14285714285714285   val2:  0.8571428571428571
diff =  0.621248095837669
val1:  -0.14285714285714285   val2:  0.0
diff =  0.46481270650653717
val1:  0.42857142857142855   val2:  -0.5714285714285714
diff =  0.7003568073464266
val1:  0.42857142857142855   val2:  1.0
diff =  1.310193838739692
val1:  0.42857142857142855   val2:  0.7142857142857143
diff =  0.6493865146178966
val1:  0.42857142857142855   val2:  0.8571428571428571
diff =  0.7162944570993399
val1:  0.42857142857142855   val2:  0.0
diff =  0.4458951267055183
val1:  -0.5714285714285714   val2:  1.0
diff =  1.2044193827574607
val1:  -0.5714285714285714   val2:  0.7142857142857143
diff =  0.6279223816443301
val1:  -0.5714285714285714   val2:  0.8571428571428571
diff =  1.1407614145147482
val1:  -0.5714285714285714   val2:  0.0
diff =  0.5647882103546172
val1:  0.7142857142857143   val2:  1.0
diff =  1.1608828764938284
val1:  0.7142857142857143   val2:  0.7142857142857143
diff =  1.1927956371603026
val1:  0.7142857142857143   val2:  0.8571428571428571
diff =  1.2840370606443874
val1:  0.7142857142857143   val2:  0.0
diff =  1.3209663791877484
val1:  1.0   val2:  0.7142857142857143
diff =  1.152100641471409
val1:  1.0   val2:  0.8571428571428571
diff =  1.2499733837189997
val1:  1.0   val2:  0.0
diff =  0.91375024528696
val1:  0.7142857142857143   val2:  0.8571428571428571
diff =  0.9232956180899078
val1:  0.7142857142857143   val2:  0.0
diff =  0.5589498500313022
val1:  0.8571428571428571   val2:  0.0
diff =  0.677575487794197
~~~~~~~~~~~~~~~~~~~~~~~~~~~
  job_search_waiter_waitress
sum_diff_situ:  1.6450570751829126
val1:  0.42857142857142855   val2:  0.14285714285714285
diff =  1.1088587641974696
val1:  0.42857142857142855   val2:  1.1428571428571428
diff =  1.6328074251998226
val1:  0.42857142857142855   val2:  0.8571428571428571
diff =  0.6920572668062018
val1:  0.42857142857142855   val2:  -0.2857142857142857
diff =  0.9043816142067441
val1:  0.42857142857142855   val2:  0.0
diff =  1.4156374547428916
val1:  0.42857142857142855   val2:  0.7142857142857143
diff =  1.1880056526364495
val1:  0.42857142857142855   val2:  0.7142857142857143
diff =  1.5452698090888892
val1:  0.42857142857142855   val2:  -0.42857142857142855
diff =  0.0987025700983169
val1:  0.42857142857142855   val2:  -0.2857142857142857
diff =  1.1162175256817728
val1:  0.42857142857142855   val2:  0.2857142857142857
diff =  1.5507200178483644
val1:  0.42857142857142855   val2:  0.14285714285714285
diff =  1.501201110438352
val1:  0.42857142857142855   val2:  1.1428571428571428
diff =  0.6058545754547091
val1:  0.42857142857142855   val2:  0.42857142857142855
diff =  0.7837201570152236
val1:  0.42857142857142855   val2:  0.14285714285714285
diff =  0.7925551958226377
val1:  0.7142857142857143   val2:  0.42857142857142855
diff =  0.7922575114582087
val1:  0.7142857142857143   val2:  0.8571428571428571
diff =  1.6102520307174102
val1:  0.7142857142857143   val2:  0.5714285714285714
diff =  0.21267385614157644
val1:  0.7142857142857143   val2:  0.0
diff =  0.85614153029982
val1:  0.7142857142857143   val2:  0.7142857142857143
diff =  0.7866508548766687
val1:  0.7142857142857143   val2:  0.7142857142857143
diff =  1.430710945464507
val1:  0.7142857142857143   val2:  0.14285714285714285
diff =  1.0085442260829098
val1:  0.7142857142857143   val2:  -0.2857142857142857
diff =  1.4956725367208534
val1:  0.7142857142857143   val2:  0.5714285714285714
diff =  1.5267111009764143
val1:  0.7142857142857143   val2:  0.42857142857142855
diff =  1.047158061864073
val1:  0.7142857142857143   val2:  0.2857142857142857
diff =  0.883876144267349
val1:  0.7142857142857143   val2:  0.2857142857142857
diff =  0.7427486866530493
val1:  0.7142857142857143   val2:  0.14285714285714285
diff =  0.6222326736913569
val1:  0.7142857142857143   val2:  0.14285714285714285
diff =  1.4537405314719702
val1:  0.7142857142857143   val2:  0.7142857142857143
diff =  1.2148252641661357
val1:  0.14285714285714285   val2:  1.1428571428571428
diff =  1.1116706199172226
val1:  0.14285714285714285   val2:  0.42857142857142855
diff =  1.586234239485423
val1:  0.14285714285714285   val2:  0.8571428571428571
diff =  1.2035180091873174
val1:  0.14285714285714285   val2:  -0.2857142857142857
diff =  0.5496011876031203
val1:  0.14285714285714285   val2:  0.0
diff =  1.1811137279781456
val1:  0.14285714285714285   val2:  0.7142857142857143
diff =  0.9991156850415314
val1:  0.14285714285714285   val2:  0.7142857142857143
diff =  1.2873302356846672
val1:  0.14285714285714285   val2:  -0.42857142857142855
diff =  1.0566846800324947
val1:  0.14285714285714285   val2:  0.14285714285714285
diff =  1.5800020924684548
val1:  0.14285714285714285   val2:  -0.2857142857142857
diff =  0.5837190847223682
val1:  0.14285714285714285   val2:  0.5714285714285714
diff =  1.4068659912346184
val1:  0.14285714285714285   val2:  0.42857142857142855
diff =  1.4807759281819701
val1:  0.14285714285714285   val2:  0.2857142857142857
diff =  1.5341632028071521
val1:  0.14285714285714285   val2:  0.2857142857142857
diff =  1.2353458461900955
val1:  0.14285714285714285   val2:  0.14285714285714285
diff =  1.618612164543481
val1:  0.14285714285714285   val2:  1.1428571428571428
diff =  0.9258270049001845
val1:  0.14285714285714285   val2:  0.14285714285714285
diff =  1.4378702194492103
val1:  0.14285714285714285   val2:  0.7142857142857143
diff =  1.4388526518207496
val1:  0.14285714285714285   val2:  0.42857142857142855
diff =  1.0084849302309085
val1:  0.14285714285714285   val2:  0.14285714285714285
diff =  1.6349079112116156
val1:  1.1428571428571428   val2:  0.42857142857142855
diff =  1.6268787695059694
val1:  1.1428571428571428   val2:  -0.2857142857142857
diff =  0.8684220221160982
val1:  1.1428571428571428   val2:  0.0
diff =  1.4178206989011248
val1:  1.1428571428571428   val2:  0.7142857142857143
diff =  0.5920246550513336
val1:  1.1428571428571428   val2:  0.7142857142857143
diff =  1.4221782213514633
val1:  1.1428571428571428   val2:  -0.42857142857142855
diff =  1.616969612633252
val1:  1.1428571428571428   val2:  0.14285714285714285
diff =  1.4301802961326904
val1:  1.1428571428571428   val2:  -0.2857142857142857
diff =  0.8114059830114204
val1:  1.1428571428571428   val2:  0.5714285714285714
diff =  0.9524586334146483
val1:  1.1428571428571428   val2:  0.42857142857142855
diff =  1.3251619968384152
val1:  1.1428571428571428   val2:  0.2857142857142857
diff =  1.4932107348307582
val1:  1.1428571428571428   val2:  0.2857142857142857
diff =  1.4239861751912772
val1:  1.1428571428571428   val2:  1.1428571428571428
diff =  1.2784180331075055
val1:  1.1428571428571428   val2:  0.14285714285714285
diff =  1.0251926055142435
val1:  1.1428571428571428   val2:  0.7142857142857143
diff =  1.188619195325114
val1:  1.1428571428571428   val2:  0.42857142857142855
diff =  0.9846340230901889
val1:  0.42857142857142855   val2:  0.5714285714285714
diff =  0.8395351770881979
val1:  0.42857142857142855   val2:  0.0
diff =  0.7378899316457506
val1:  0.42857142857142855   val2:  0.7142857142857143
diff =  0.5723910597422894
val1:  0.42857142857142855   val2:  0.14285714285714285
diff =  0.4731853801901826
val1:  0.42857142857142855   val2:  -0.2857142857142857
diff =  1.1891341828490878
val1:  0.42857142857142855   val2:  0.5714285714285714
diff =  0.9086485806700657
val1:  0.42857142857142855   val2:  0.42857142857142855
diff =  0.5750117887602367
val1:  0.42857142857142855   val2:  0.2857142857142857
diff =  0.6036325281949574
val1:  0.42857142857142855   val2:  0.2857142857142857
diff =  0.5048415048179855
val1:  0.42857142857142855   val2:  0.14285714285714285
diff =  1.1861475271914443
val1:  0.42857142857142855   val2:  0.14285714285714285
diff =  0.8168542891932223
val1:  0.42857142857142855   val2:  0.7142857142857143
diff =  0.6404744743781706
val1:  0.8571428571428571   val2:  -0.2857142857142857
diff =  1.3102890638906772
val1:  0.8571428571428571   val2:  0.0
diff =  1.3628796740057063
val1:  0.8571428571428571   val2:  0.7142857142857143
diff =  1.5011281755094692
val1:  0.8571428571428571   val2:  -0.42857142857142855
diff =  0.6434281036859216
val1:  0.8571428571428571   val2:  -0.2857142857142857
diff =  1.3121880682802762
val1:  0.8571428571428571   val2:  0.2857142857142857
diff =  1.4744152048885055
val1:  0.8571428571428571   val2:  0.14285714285714285
diff =  1.1594006489051982
val1:  0.8571428571428571   val2:  1.1428571428571428
diff =  1.1661191581930814
val1:  0.8571428571428571   val2:  0.42857142857142855
diff =  1.3271857803499383
val1:  0.8571428571428571   val2:  0.14285714285714285
diff =  0.6085256482652077
val1:  -0.2857142857142857   val2:  0.0
diff =  1.3279908643271612
val1:  -0.2857142857142857   val2:  0.7142857142857143
diff =  0.5153868011540886
val1:  -0.2857142857142857   val2:  0.7142857142857143
diff =  1.4239819948514116
val1:  -0.2857142857142857   val2:  -0.42857142857142855
diff =  0.8818322771191364
val1:  -0.2857142857142857   val2:  -0.2857142857142857
diff =  0.6118479864101273
val1:  -0.2857142857142857   val2:  0.5714285714285714
diff =  1.4011763173868628
val1:  -0.2857142857142857   val2:  0.42857142857142855
diff =  1.5461817215612514
val1:  -0.2857142857142857   val2:  0.2857142857142857
diff =  1.6153807726202614
val1:  -0.2857142857142857   val2:  0.2857142857142857
diff =  1.4098686943147904
val1:  -0.2857142857142857   val2:  1.1428571428571428
diff =  0.5458889599768326
val1:  -0.2857142857142857   val2:  0.14285714285714285
diff =  1.4568377140468292
val1:  -0.2857142857142857   val2:  0.7142857142857143
diff =  1.4941799641553084
val1:  -0.2857142857142857   val2:  0.42857142857142855
diff =  0.5753893057816845
val1:  -0.2857142857142857   val2:  0.14285714285714285
diff =  1.605910315468661
val1:  1.2857142857142858   val2:  1.4285714285714286
diff =  0.5000264668895253
val1:  1.2857142857142858   val2:  0.7142857142857143
diff =  0.9859042774755873
val1:  1.2857142857142858   val2:  1.5714285714285714
diff =  0.985118140504184
val1:  1.4285714285714286   val2:  0.7142857142857143
diff =  1.0714526707234768
val1:  1.4285714285714286   val2:  1.5714285714285714
diff =  0.6715193013587802
val1:  0.5714285714285714   val2:  0.0
diff =  1.0382337695554755
val1:  0.5714285714285714   val2:  0.7142857142857143
diff =  0.9429317038592129
val1:  0.5714285714285714   val2:  0.7142857142857143
diff =  1.349756733135276
val1:  0.5714285714285714   val2:  0.14285714285714285
diff =  1.0650150568267827
val1:  0.5714285714285714   val2:  0.5714285714285714
diff =  1.6240635831446364
val1:  0.5714285714285714   val2:  0.42857142857142855
diff =  1.126558270261579
val1:  0.5714285714285714   val2:  0.2857142857142857
diff =  0.9650788742282176
val1:  0.5714285714285714   val2:  0.2857142857142857
diff =  0.8974733342312805
val1:  0.5714285714285714   val2:  0.14285714285714285
diff =  0.8104766805883549
val1:  0.5714285714285714   val2:  0.14285714285714285
diff =  1.5432493670720608
val1:  0.5714285714285714   val2:  0.7142857142857143
diff =  1.307069959380752
val1:  0.0   val2:  0.7142857142857143
diff =  1.4982123742886155
val1:  0.0   val2:  0.7142857142857143
diff =  0.2189265792580977
val1:  0.0   val2:  -0.42857142857142855
diff =  1.39454202608354
val1:  0.0   val2:  0.14285714285714285
diff =  0.7847789946910843
val1:  0.0   val2:  -0.2857142857142857
diff =  0.7908515196906326
val1:  0.0   val2:  0.5714285714285714
diff =  0.9493426177794619
val1:  0.0   val2:  0.42857142857142855
diff =  0.723232865568791
val1:  0.0   val2:  0.2857142857142857
diff =  0.6877188960298745
val1:  0.0   val2:  0.2857142857142857
diff =  0.27359396121907853
val1:  0.0   val2:  0.14285714285714285
diff =  0.7738802409150897
val1:  0.0   val2:  1.1428571428571428
diff =  1.4731868535990884
val1:  0.0   val2:  0.14285714285714285
diff =  0.9198895483099069
val1:  0.0   val2:  0.7142857142857143
diff =  0.7322910736628209
val1:  0.0   val2:  0.42857142857142855
diff =  1.3860471977249456
val1:  0.7142857142857143   val2:  0.7142857142857143
diff =  1.5610732038560036
val1:  0.7142857142857143   val2:  -0.42857142857142855
diff =  1.1860755196740098
val1:  0.7142857142857143   val2:  -0.2857142857142857
diff =  0.8324324990132279
val1:  0.7142857142857143   val2:  0.5714285714285714
diff =  1.3349620543626783
val1:  0.7142857142857143   val2:  0.42857142857142855
diff =  1.584830079688957
val1:  0.7142857142857143   val2:  0.2857142857142857
diff =  1.5742170657021508
val1:  0.7142857142857143   val2:  1.1428571428571428
diff =  0.7747570663617303
val1:  0.7142857142857143   val2:  0.14285714285714285
diff =  1.4080485998581684
val1:  0.7142857142857143   val2:  0.7142857142857143
diff =  1.4981204775124475
val1:  0.7142857142857143   val2:  0.42857142857142855
diff =  0.526441133449457
val1:  0.2857142857142857   val2:  0.2857142857142857
diff =  1.6272719784089473
val1:  0.7142857142857143   val2:  -0.42857142857142855
diff =  1.5223120987433034
val1:  0.7142857142857143   val2:  0.14285714285714285
diff =  0.5732609337209925
val1:  0.7142857142857143   val2:  -0.2857142857142857
diff =  0.8520476631799103
val1:  0.7142857142857143   val2:  0.5714285714285714
diff =  0.8325028176161959
val1:  0.7142857142857143   val2:  0.42857142857142855
diff =  0.5231787134094302
val1:  0.7142857142857143   val2:  0.2857142857142857
diff =  0.48183527394281045
val1:  0.7142857142857143   val2:  0.2857142857142857
diff =  0.1697744396177369
val1:  0.7142857142857143   val2:  0.14285714285714285
diff =  0.8494470900060005
val1:  0.7142857142857143   val2:  1.1428571428571428
diff =  1.6087894975461066
val1:  0.7142857142857143   val2:  0.14285714285714285
diff =  0.7865895874934907
val1:  0.7142857142857143   val2:  0.7142857142857143
diff =  0.5691242153311047
val1:  0.7142857142857143   val2:  0.42857142857142855
diff =  1.465096996421152
val1:  -0.42857142857142855   val2:  -0.2857142857142857
diff =  1.0855169596936773
val1:  -0.42857142857142855   val2:  0.2857142857142857
diff =  1.5207158456526395
val1:  -0.42857142857142855   val2:  0.14285714285714285
diff =  1.476506691413986
val1:  -0.42857142857142855   val2:  1.1428571428571428
diff =  0.6358517133676758
val1:  -0.42857142857142855   val2:  0.42857142857142855
diff =  0.7721513181541149
val1:  -0.42857142857142855   val2:  0.14285714285714285
diff =  0.7840060193856683
val1:  0.7142857142857143   val2:  1.5714285714285714
diff =  1.546635739097034
val1:  0.7142857142857143   val2:  0.14285714285714285
diff =  1.5429985970076858
val1:  0.14285714285714285   val2:  -0.2857142857142857
diff =  1.097883309432069
val1:  0.14285714285714285   val2:  0.5714285714285714
diff =  0.6118180489884935
val1:  0.14285714285714285   val2:  0.42857142857142855
diff =  0.15921977284280792
val1:  0.14285714285714285   val2:  0.2857142857142857
diff =  0.2793285997421761
val1:  0.14285714285714285   val2:  0.2857142857142857
diff =  0.598146049773397
val1:  0.14285714285714285   val2:  0.14285714285714285
diff =  1.313985080890433
val1:  0.14285714285714285   val2:  0.14285714285714285
diff =  0.5241904587805032
val1:  0.14285714285714285   val2:  0.7142857142857143
diff =  0.32251723892085704
val1:  -0.2857142857142857   val2:  0.5714285714285714
diff =  0.9075680245186184
val1:  -0.2857142857142857   val2:  0.42857142857142855
diff =  0.9798721454884148
val1:  -0.2857142857142857   val2:  0.2857142857142857
diff =  1.060228065340456
val1:  -0.2857142857142857   val2:  0.2857142857142857
diff =  0.8242824959181316
val1:  -0.2857142857142857   val2:  0.14285714285714285
diff =  1.3934159773759804
val1:  -0.2857142857142857   val2:  1.1428571428571428
diff =  0.9709885923309037
val1:  -0.2857142857142857   val2:  0.14285714285714285
diff =  0.9368228493437152
val1:  -0.2857142857142857   val2:  0.7142857142857143
diff =  0.9335524152817668
val1:  -0.2857142857142857   val2:  0.42857142857142855
diff =  0.8523219059416436
val1:  0.5714285714285714   val2:  0.42857142857142855
diff =  0.5461375268874857
val1:  0.5714285714285714   val2:  0.2857142857142857
diff =  0.7552644393912379
val1:  0.5714285714285714   val2:  0.2857142857142857
diff =  0.8810362053685051
val1:  0.5714285714285714   val2:  0.14285714285714285
diff =  0.10314235780546142
val1:  0.5714285714285714   val2:  0.7142857142857143
diff =  0.3257836923323747
val1:  0.5714285714285714   val2:  0.42857142857142855
diff =  1.4889300925827842
val1:  0.42857142857142855   val2:  0.2857142857142857
diff =  0.229393353970033
val1:  0.42857142857142855   val2:  0.2857142857142857
diff =  0.5639476018036345
val1:  0.42857142857142855   val2:  0.14285714285714285
diff =  1.2833750295591657
val1:  0.42857142857142855   val2:  0.14285714285714285
diff =  0.47509964231912905
val1:  0.42857142857142855   val2:  0.7142857142857143
diff =  0.2677167294102777
val1:  0.42857142857142855   val2:  0.42857142857142855
diff =  1.5629105148369153
val1:  0.2857142857142857   val2:  0.2857142857142857
diff =  0.5377395862101355
val1:  0.2857142857142857   val2:  0.14285714285714285
diff =  1.1219929296066864
val1:  0.2857142857142857   val2:  0.14285714285714285
diff =  0.6921355489829133
val1:  0.2857142857142857   val2:  0.7142857142857143
diff =  0.4626606990296181
val1:  0.2857142857142857   val2:  0.42857142857142855
diff =  1.6028109267096247
val1:  0.2857142857142857   val2:  0.14285714285714285
diff =  0.8538022042039866
val1:  0.2857142857142857   val2:  1.1428571428571428
diff =  1.6260060862560248
val1:  0.2857142857142857   val2:  0.14285714285714285
diff =  0.8281448384331903
val1:  0.2857142857142857   val2:  0.7142857142857143
diff =  0.6285345255298163
val1:  0.2857142857142857   val2:  0.42857142857142855
diff =  1.4766743596663192
val1:  0.14285714285714285   val2:  0.14285714285714285
diff =  1.6304231653400192
val1:  0.14285714285714285   val2:  0.7142857142857143
diff =  1.4015873594130057
val1:  1.1428571428571428   val2:  0.42857142857142855
diff =  0.6310621754640265
val1:  1.1428571428571428   val2:  0.14285714285714285
diff =  1.2996722958965872
val1:  0.14285714285714285   val2:  0.7142857142857143
diff =  0.2550669682171097
val1:  0.14285714285714285   val2:  0.42857142857142855
diff =  1.5406906113246082
val1:  0.7142857142857143   val2:  0.42857142857142855
diff =  1.5498419971646102
val1:  0.42857142857142855   val2:  0.14285714285714285
diff =  1.5309488153132327
~~~~~~~~~~~~~~~~~~~~~~~~~~~
  accommodation_search
sum_diff_situ:  1.2880100245279786
val1:  0.7142857142857143   val2:  -0.14285714285714285
diff =  1.0317020664378391
val1:  0.7142857142857143   val2:  1.0
diff =  1.2454405525546965
val1:  0.7142857142857143   val2:  0.0
diff =  1.13714097841618
val1:  0.7142857142857143   val2:  0.5714285714285714
diff =  1.0786144732141298
val1:  0.7142857142857143   val2:  0.7142857142857143
diff =  1.0337723659175109
val1:  0.7142857142857143   val2:  1.0
diff =  1.2453833483828376
val1:  0.14285714285714285   val2:  -0.14285714285714285
diff =  0.4145914873437171
val1:  0.14285714285714285   val2:  -0.2857142857142857
diff =  1.1905306447588242
val1:  -0.2857142857142857   val2:  -0.7142857142857143
diff =  0.7521888798144047
val1:  -0.2857142857142857   val2:  0.8571428571428571
diff =  0.7068422685884066
val1:  -0.2857142857142857   val2:  0.42857142857142855
diff =  1.0420295141129616
val1:  -0.2857142857142857   val2:  -0.14285714285714285
diff =  0.8639548370602879
val1:  -0.2857142857142857   val2:  0.0
diff =  0.6765910919073117
val1:  -0.2857142857142857   val2:  -0.5714285714285714
diff =  0.12643564126422333
val1:  -0.2857142857142857   val2:  0.8571428571428571
diff =  0.8182384787848402
val1:  -0.2857142857142857   val2:  -0.2857142857142857
diff =  0.9276120572773162
val1:  -0.2857142857142857   val2:  0.2857142857142857
diff =  0.4977058590147554
val1:  -0.2857142857142857   val2:  -0.2857142857142857
diff =  1.129691416967799
val1:  -0.2857142857142857   val2:  0.0
diff =  0.6565704234463997
val1:  -0.2857142857142857   val2:  1.0
diff =  0.6973665530910892
val1:  -0.2857142857142857   val2:  0.5714285714285714
diff =  0.9264786989624502
val1:  -0.2857142857142857   val2:  1.2857142857142858
diff =  0.8057495875575945
val1:  -0.2857142857142857   val2:  0.0
diff =  1.0231394040168893
val1:  -0.2857142857142857   val2:  0.5714285714285714
diff =  0.8967582326736304
val1:  -0.2857142857142857   val2:  0.5714285714285714
diff =  0.7694959123873847
val1:  -0.2857142857142857   val2:  0.2857142857142857
diff =  1.1754875772442905
val1:  -0.2857142857142857   val2:  0.5714285714285714
diff =  1.196864468013234
val1:  -0.2857142857142857   val2:  0.8571428571428571
diff =  1.092109475275815
val1:  -0.2857142857142857   val2:  0.7142857142857143
diff =  1.026100567088817
val1:  -0.2857142857142857   val2:  1.0
diff =  0.8629436868112049
val1:  -0.2857142857142857   val2:  0.42857142857142855
diff =  0.9436362585178564
val1:  -0.2857142857142857   val2:  0.7142857142857143
diff =  0.6864223090980638
val1:  -0.2857142857142857   val2:  -0.14285714285714285
diff =  0.9328658159676666
val1:  -0.7142857142857143   val2:  0.8571428571428571
diff =  0.9216900482637659
val1:  -0.7142857142857143   val2:  0.42857142857142855
diff =  1.0531811519267178
val1:  -0.7142857142857143   val2:  -0.14285714285714285
diff =  1.2723697799477653
val1:  -0.7142857142857143   val2:  0.0
diff =  1.0301848685049773
val1:  -0.7142857142857143   val2:  -0.5714285714285714
diff =  0.7927766253176243
val1:  -0.7142857142857143   val2:  0.8571428571428571
diff =  1.0150935196348563
val1:  -0.7142857142857143   val2:  -0.2857142857142857
diff =  1.1400148685752896
val1:  -0.7142857142857143   val2:  0.2857142857142857
diff =  1.03193949452908
val1:  -0.7142857142857143   val2:  0.0
diff =  0.6764128485628722
val1:  -0.7142857142857143   val2:  1.0
diff =  1.1614730892757443
val1:  -0.7142857142857143   val2:  0.5714285714285714
diff =  1.1290692795302975
val1:  -0.7142857142857143   val2:  1.2857142857142858
diff =  0.9836014800850238
val1:  -0.7142857142857143   val2:  0.5714285714285714
diff =  1.0178424047916703
val1:  -0.7142857142857143   val2:  0.5714285714285714
diff =  1.2393309623956275
val1:  -0.7142857142857143   val2:  0.42857142857142855
diff =  0.8128009410912355
val1:  -0.7142857142857143   val2:  0.7142857142857143
diff =  0.9646652094641337
val1:  -0.7142857142857143   val2:  -0.14285714285714285
diff =  1.1208966824919835
val1:  0.8571428571428571   val2:  0.42857142857142855
diff =  0.6770236866675011
val1:  0.8571428571428571   val2:  -0.14285714285714285
diff =  0.8966607266798746
val1:  0.8571428571428571   val2:  0.0
diff =  0.8496734536551069
val1:  0.8571428571428571   val2:  -0.5714285714285714
diff =  0.7217151875685381
val1:  0.8571428571428571   val2:  0.8571428571428571
diff =  0.19205847428386696
val1:  0.8571428571428571   val2:  -0.2857142857142857
diff =  0.3121855389113492
val1:  0.8571428571428571   val2:  0.2857142857142857
diff =  0.6205998441998332
val1:  0.8571428571428571   val2:  -0.2857142857142857
diff =  1.082284821142661
val1:  0.8571428571428571   val2:  0.0
diff =  0.37495624403932337
val1:  0.8571428571428571   val2:  1.0
diff =  0.8313095847292413
val1:  0.8571428571428571   val2:  0.5714285714285714
diff =  0.3314742599388497
val1:  0.8571428571428571   val2:  1.2857142857142858
diff =  0.1528618096316122
val1:  0.8571428571428571   val2:  0.0
diff =  1.1324507225704419
val1:  0.8571428571428571   val2:  0.5714285714285714
diff =  0.7571131930424204
val1:  0.8571428571428571   val2:  0.5714285714285714
diff =  0.8045092577955418
val1:  0.8571428571428571   val2:  0.2857142857142857
diff =  0.6574591120936653
val1:  0.8571428571428571   val2:  0.5714285714285714
diff =  0.5759734463879268
val1:  0.8571428571428571   val2:  0.8571428571428571
diff =  0.682627399879436
val1:  0.8571428571428571   val2:  0.7142857142857143
diff =  1.1066421269780862
val1:  0.8571428571428571   val2:  1.0
diff =  0.8728004722930652
val1:  0.8571428571428571   val2:  0.42857142857142855
diff =  0.7257428793110603
val1:  0.8571428571428571   val2:  0.7142857142857143
diff =  0.5266366887193176
val1:  0.8571428571428571   val2:  -0.14285714285714285
diff =  0.3584046424132014
val1:  0.42857142857142855   val2:  -0.5714285714285714
diff =  1.0953220238481056
val1:  0.42857142857142855   val2:  0.8571428571428571
diff =  0.5576126720243383
val1:  0.42857142857142855   val2:  -0.2857142857142857
diff =  0.5189474114261274
val1:  0.42857142857142855   val2:  0.2857142857142857
diff =  1.0611665005987172
val1:  0.42857142857142855   val2:  -0.2857142857142857
diff =  1.2069354017691831
val1:  0.42857142857142855   val2:  0.0
diff =  0.509389018332384
val1:  0.42857142857142855   val2:  0.5714285714285714
diff =  0.48196543009086956
val1:  0.42857142857142855   val2:  1.2857142857142858
diff =  0.558202978546761
val1:  0.42857142857142855   val2:  0.5714285714285714
diff =  1.2662245999017112
val1:  0.42857142857142855   val2:  0.2857142857142857
diff =  0.5085223553176645
val1:  0.42857142857142855   val2:  0.5714285714285714
diff =  0.5739224004242858
val1:  0.42857142857142855   val2:  0.8571428571428571
diff =  0.7756303956053429
val1:  0.42857142857142855   val2:  1.0
diff =  1.1300599021635305
val1:  0.42857142857142855   val2:  0.42857142857142855
diff =  0.2934559482498441
val1:  0.42857142857142855   val2:  0.7142857142857143
diff =  0.9974884493304896
val1:  0.42857142857142855   val2:  -0.14285714285714285
diff =  0.43396424193031696
val1:  -0.14285714285714285   val2:  -0.2857142857142857
diff =  1.1534765321283664
val1:  -0.14285714285714285   val2:  0.0
diff =  0.36040527769385433
val1:  -0.14285714285714285   val2:  -0.5714285714285714
diff =  0.7614852826538254
val1:  -0.14285714285714285   val2:  0.8571428571428571
diff =  1.057482506094676
val1:  -0.14285714285714285   val2:  -0.2857142857142857
diff =  1.0768218682789767
val1:  -0.14285714285714285   val2:  0.2857142857142857
diff =  0.4318142305061198
val1:  -0.14285714285714285   val2:  -0.2857142857142857
diff =  0.9720233104783073
val1:  -0.14285714285714285   val2:  0.0
diff =  0.9888343575180706
val1:  -0.14285714285714285   val2:  1.0
diff =  0.31042004859506406
val1:  -0.14285714285714285   val2:  0.5714285714285714
diff =  1.1260927168396093
val1:  -0.14285714285714285   val2:  1.2857142857142858
diff =  1.0036967455185268
val1:  -0.14285714285714285   val2:  0.0
diff =  0.33128227621391093
val1:  -0.14285714285714285   val2:  0.5714285714285714
diff =  0.6414631525109121
val1:  -0.14285714285714285   val2:  0.5714285714285714
diff =  0.17905327864349654
val1:  -0.14285714285714285   val2:  0.5714285714285714
diff =  1.226913806853895
val1:  -0.14285714285714285   val2:  0.7142857142857143
diff =  0.2526304745071088
val1:  -0.14285714285714285   val2:  1.0
diff =  0.6816927619833613
val1:  -0.14285714285714285   val2:  0.7142857142857143
diff =  1.0459617938079884
val1:  -0.14285714285714285   val2:  -0.14285714285714285
diff =  1.147610847227633
val1:  0.0   val2:  -0.5714285714285714
diff =  0.5711091869025247
val1:  0.0   val2:  0.8571428571428571
diff =  1.0326497306647122
val1:  0.0   val2:  -0.2857142857142857
diff =  1.106902991913829
val1:  0.0   val2:  0.2857142857142857
diff =  0.45746891721992805
val1:  0.0   val2:  -0.2857142857142857
diff =  1.1836390661490257
val1:  0.0   val2:  0.0
diff =  0.9167611962436364
val1:  0.0   val2:  1.0
diff =  0.3103595606260555
val1:  0.0   val2:  0.5714285714285714
diff =  1.1438789460630876
val1:  0.0   val2:  1.2857142857142858
diff =  0.9835500423885646
val1:  0.0   val2:  0.0
diff =  0.3713555596862777
val1:  0.0   val2:  0.5714285714285714
diff =  0.4526373649404298
val1:  0.0   val2:  0.5714285714285714
diff =  0.4238403689069099
val1:  0.0   val2:  0.7142857142857143
diff =  0.4227159120815378
val1:  0.0   val2:  1.0
diff =  0.8694660998607582
val1:  0.0   val2:  0.7142857142857143
diff =  0.9195307579045543
val1:  0.0   val2:  -0.14285714285714285
diff =  1.1657798155546177
val1:  -0.5714285714285714   val2:  0.8571428571428571
diff =  0.8497023875464683
val1:  -0.5714285714285714   val2:  -0.2857142857142857
diff =  0.9503357569961675
val1:  -0.5714285714285714   val2:  0.2857142857142857
diff =  0.42395200135204
val1:  -0.5714285714285714   val2:  -0.2857142857142857
diff =  1.0837702945493084
val1:  -0.5714285714285714   val2:  0.0
diff =  0.6886221555821646
val1:  -0.5714285714285714   val2:  1.0
diff =  0.5826772122271181
val1:  -0.5714285714285714   val2:  0.5714285714285714
diff =  0.9575618399628815
val1:  -0.5714285714285714   val2:  1.2857142857142858
diff =  0.8281123253825597
val1:  -0.5714285714285714   val2:  0.0
diff =  0.9121546040358117
val1:  -0.5714285714285714   val2:  0.5714285714285714
diff =  0.8283040993381777
val1:  -0.5714285714285714   val2:  0.5714285714285714
diff =  0.6734263716115287
val1:  -0.5714285714285714   val2:  0.2857142857142857
diff =  1.2146410450799316
val1:  -0.5714285714285714   val2:  0.5714285714285714
diff =  1.2055154527517555
val1:  -0.5714285714285714   val2:  0.8571428571428571
diff =  1.1453324647630068
val1:  -0.5714285714285714   val2:  0.7142857142857143
diff =  0.9156151075302665
val1:  -0.5714285714285714   val2:  1.0
diff =  0.8021448059930089
val1:  -0.5714285714285714   val2:  0.42857142857142855
diff =  1.0066027993440338
val1:  -0.5714285714285714   val2:  0.7142857142857143
diff =  0.7351100486931766
val1:  -0.5714285714285714   val2:  -0.14285714285714285
diff =  0.9663329239292252
val1:  0.8571428571428571   val2:  -0.2857142857142857
diff =  0.1742183167686103
val1:  0.8571428571428571   val2:  0.2857142857142857
diff =  0.7603664400768129
val1:  0.8571428571428571   val2:  -0.2857142857142857
diff =  1.0906939204713213
val1:  0.8571428571428571   val2:  0.0
diff =  0.42605707470065185
val1:  0.8571428571428571   val2:  1.0
diff =  0.9867708682037442
val1:  0.8571428571428571   val2:  0.5714285714285714
diff =  0.16381043761056077
val1:  0.8571428571428571   val2:  1.2857142857142858
diff =  0.083538767530448
val1:  0.8571428571428571   val2:  0.5714285714285714
diff =  0.9398878156059262
val1:  0.8571428571428571   val2:  0.5714285714285714
diff =  0.949718328458936
val1:  0.8571428571428571   val2:  0.2857142857142857
diff =  0.4879223774310119
val1:  0.8571428571428571   val2:  0.5714285714285714
diff =  0.46091356244370774
val1:  0.8571428571428571   val2:  0.8571428571428571
diff =  0.5598970543997965
val1:  0.8571428571428571   val2:  0.7142857142857143
diff =  1.2734153631293876
val1:  0.8571428571428571   val2:  1.0
diff =  0.9289183964797858
val1:  0.8571428571428571   val2:  0.42857142857142855
diff =  0.661996703318556
val1:  0.8571428571428571   val2:  0.7142857142857143
diff =  0.5897472552119116
val1:  0.8571428571428571   val2:  -0.14285714285714285
diff =  0.19333366685179337
val1:  -0.2857142857142857   val2:  0.2857142857142857
diff =  0.8004411343156214
val1:  -0.2857142857142857   val2:  -0.2857142857142857
diff =  1.0124946853200294
val1:  -0.2857142857142857   val2:  0.0
diff =  0.49774324368168027
val1:  -0.2857142857142857   val2:  1.0
diff =  1.0310152452897225
val1:  -0.2857142857142857   val2:  0.5714285714285714
diff =  0.067128891964551
val1:  -0.2857142857142857   val2:  1.2857142857142858
diff =  0.18052117141852855
val1:  -0.2857142857142857   val2:  0.5714285714285714
diff =  1.0291533689060026
val1:  -0.2857142857142857   val2:  0.5714285714285714
diff =  0.9611163597187204
val1:  -0.2857142857142857   val2:  0.2857142857142857
diff =  0.3590066891674654
val1:  -0.2857142857142857   val2:  0.5714285714285714
diff =  0.3206557447119595
val1:  -0.2857142857142857   val2:  0.8571428571428571
diff =  0.5425876282868527
val1:  -0.2857142857142857   val2:  1.0
diff =  0.8881706348509422
val1:  -0.2857142857142857   val2:  0.42857142857142855
diff =  0.6875985620130352
val1:  -0.2857142857142857   val2:  0.7142857142857143
diff =  0.7236265169571517
val1:  -0.2857142857142857   val2:  -0.14285714285714285
diff =  0.09877624323047961
val1:  0.2857142857142857   val2:  -0.2857142857142857
diff =  0.8181355989531492
val1:  0.2857142857142857   val2:  0.0
diff =  0.6802438003451353
val1:  0.2857142857142857   val2:  1.0
diff =  0.36981417766171765
val1:  0.2857142857142857   val2:  0.5714285714285714
diff =  0.8326106816753112
val1:  0.2857142857142857   val2:  1.2857142857142858
diff =  0.7219094069512144
val1:  0.2857142857142857   val2:  0.0
diff =  0.6990937958972437
val1:  0.2857142857142857   val2:  0.5714285714285714
diff =  0.7274912375898337
val1:  0.2857142857142857   val2:  0.5714285714285714
diff =  0.2974524711529014
val1:  0.2857142857142857   val2:  0.2857142857142857
diff =  1.0690063523413282
val1:  0.2857142857142857   val2:  0.5714285714285714
diff =  1.0191101267855616
val1:  0.2857142857142857   val2:  0.8571428571428571
diff =  1.0293192959414357
val1:  0.2857142857142857   val2:  0.7142857142857143
diff =  0.6477544458240175
val1:  0.2857142857142857   val2:  1.0
diff =  0.5083046916103728
val1:  0.2857142857142857   val2:  0.42857142857142855
diff =  1.0532251045751115
val1:  0.2857142857142857   val2:  0.7142857142857143
diff =  0.7553653353979254
val1:  0.2857142857142857   val2:  -0.14285714285714285
diff =  0.8483517938607739
val1:  -0.2857142857142857   val2:  0.0
diff =  1.1504184784541116
val1:  -0.2857142857142857   val2:  1.0
diff =  0.9144951911372595
val1:  -0.2857142857142857   val2:  0.5714285714285714
diff =  1.0427400808514435
val1:  -0.2857142857142857   val2:  1.2857142857142858
diff =  1.0712552624602152
val1:  -0.2857142857142857   val2:  0.0
diff =  1.266311724250262
val1:  -0.2857142857142857   val2:  0.5714285714285714
diff =  0.8120850640518624
val1:  -0.2857142857142857   val2:  0.2857142857142857
diff =  1.0625361164717353
val1:  -0.2857142857142857   val2:  0.5714285714285714
diff =  1.067017299693175
val1:  -0.2857142857142857   val2:  0.8571428571428571
diff =  1.1408645216984457
val1:  -0.2857142857142857   val2:  0.7142857142857143
diff =  1.1383602069564456
val1:  -0.2857142857142857   val2:  1.0
diff =  0.31806163605746557
val1:  -0.2857142857142857   val2:  -0.14285714285714285
diff =  1.04657313260298
val1:  0.0   val2:  1.0
diff =  0.9227766732420132
val1:  0.0   val2:  0.5714285714285714
diff =  0.4956502161706017
val1:  0.0   val2:  1.2857142857142858
diff =  0.3797543665952349
val1:  0.0   val2:  0.0
diff =  1.2162229941399287
val1:  0.0   val2:  0.5714285714285714
diff =  0.8984105865457115
val1:  0.0   val2:  0.5714285714285714
diff =  0.8965585798052715
val1:  0.0   val2:  0.2857142857142857
diff =  0.7622805010603603
val1:  0.0   val2:  0.5714285714285714
diff =  0.69256317960941
val1:  0.0   val2:  0.8571428571428571
diff =  0.854399397386981
val1:  0.0   val2:  0.7142857142857143
diff =  1.2081054477626487
val1:  0.0   val2:  1.0
diff =  0.947986871926578
val1:  0.0   val2:  0.42857142857142855
diff =  0.43842937493186085
val1:  0.0   val2:  0.7142857142857143
diff =  0.7037983733799068
val1:  0.0   val2:  -0.14285714285714285
diff =  0.4817925757235481
val1:  1.0   val2:  0.5714285714285714
diff =  1.071482492017035
val1:  1.0   val2:  1.2857142857142858
diff =  0.9392725347183902
val1:  1.0   val2:  0.0
diff =  0.467931379276237
val1:  1.0   val2:  0.5714285714285714
diff =  0.6224588096000929
val1:  1.0   val2:  0.5714285714285714
diff =  0.2739535413483608
val1:  1.0   val2:  0.5714285714285714
diff =  1.195395909719212
val1:  1.0   val2:  0.7142857142857143
diff =  0.4174788651838257
val1:  1.0   val2:  1.0
diff =  0.6126166330329699
val1:  1.0   val2:  0.7142857142857143
diff =  0.9570671727283181
val1:  1.0   val2:  -0.14285714285714285
diff =  1.0929893228616399
val1:  0.5714285714285714   val2:  1.2857142857142858
diff =  0.19328395549109506
val1:  0.5714285714285714   val2:  0.5714285714285714
diff =  1.0682769147362599
val1:  0.5714285714285714   val2:  0.5714285714285714
diff =  1.0076517722176963
val1:  0.5714285714285714   val2:  0.2857142857142857
diff =  0.3319165143016916
val1:  0.5714285714285714   val2:  0.5714285714285714
diff =  0.3456826433569007
val1:  0.5714285714285714   val2:  0.8571428571428571
diff =  0.5107538203033841
val1:  0.5714285714285714   val2:  1.0
diff =  0.9234131022135995
val1:  0.5714285714285714   val2:  0.42857142857142855
diff =  0.6528904725079944
val1:  0.5714285714285714   val2:  0.7142857142857143
diff =  0.7127777805628033
val1:  0.5714285714285714   val2:  -0.14285714285714285
diff =  0.050038177062628385
val1:  1.2857142857142858   val2:  0.0
diff =  1.255305325263526
val1:  1.2857142857142858   val2:  0.5714285714285714
diff =  0.8880224224125934
val1:  1.2857142857142858   val2:  0.5714285714285714
diff =  0.9005904590816491
val1:  1.2857142857142858   val2:  0.2857142857142857
diff =  0.5247700444063986
val1:  1.2857142857142858   val2:  0.5714285714285714
diff =  0.4431764058222949
val1:  1.2857142857142858   val2:  0.8571428571428571
diff =  0.6199228098506147
val1:  1.2857142857142858   val2:  0.7142857142857143
diff =  1.2208141047670147
val1:  1.2857142857142858   val2:  1.0
diff =  0.9002009971761857
val1:  1.2857142857142858   val2:  0.42857142857142855
diff =  0.6519309577253306
val1:  1.2857142857142858   val2:  0.7142857142857143
diff =  0.6144044874153214
val1:  1.2857142857142858   val2:  -0.14285714285714285
diff =  0.21654133075101814
val1:  0.0   val2:  0.5714285714285714
diff =  0.633436889842843
val1:  0.0   val2:  0.5714285714285714
diff =  0.49538007850189403
val1:  0.0   val2:  0.7142857142857143
diff =  0.16261293532485896
val1:  0.0   val2:  1.0
diff =  0.9796030932135356
val1:  0.0   val2:  0.7142857142857143
diff =  1.2184965924835007
val1:  0.5714285714285714   val2:  0.5714285714285714
diff =  0.7101424140661613
val1:  0.5714285714285714   val2:  0.5714285714285714
diff =  1.1829809668857627
val1:  0.5714285714285714   val2:  0.7142857142857143
diff =  0.6945740241811874
val1:  0.5714285714285714   val2:  1.0
diff =  1.1154818368019273
val1:  0.5714285714285714   val2:  0.7142857142857143
diff =  0.8733454803513271
val1:  0.5714285714285714   val2:  -0.14285714285714285
diff =  1.0970844425743838
val1:  0.5714285714285714   val2:  0.2857142857142857
diff =  1.230414823842469
val1:  0.5714285714285714   val2:  0.5714285714285714
diff =  1.1203950712122641
val1:  0.5714285714285714   val2:  0.8571428571428571
diff =  1.2124634281567015
val1:  0.5714285714285714   val2:  0.7142857142857143
diff =  0.402919139430256
val1:  0.5714285714285714   val2:  1.0
diff =  0.5120789019585416
val1:  0.5714285714285714   val2:  0.42857142857142855
diff =  1.2794838272002318
val1:  0.5714285714285714   val2:  0.7142857142857143
diff =  0.9664602929720355
val1:  0.5714285714285714   val2:  -0.14285714285714285
diff =  1.0274344588724051
val1:  0.2857142857142857   val2:  0.5714285714285714
diff =  0.3964890571609402
val1:  0.2857142857142857   val2:  0.8571428571428571
diff =  0.48587595582152776
val1:  0.2857142857142857   val2:  1.0
diff =  1.0361303452386206
val1:  0.2857142857142857   val2:  0.42857142857142855
diff =  0.7677464551451206
val1:  0.2857142857142857   val2:  0.7142857142857143
diff =  0.9598932354064561
val1:  0.2857142857142857   val2:  -0.14285714285714285
diff =  0.3148109406466109
val1:  0.5714285714285714   val2:  0.8571428571428571
diff =  0.719601962445712
val1:  0.5714285714285714   val2:  1.0
diff =  1.0076202162988102
val1:  0.5714285714285714   val2:  0.42857142857142855
diff =  0.7898884182350956
val1:  0.5714285714285714   val2:  0.7142857142857143
diff =  0.998705631588017
val1:  0.5714285714285714   val2:  -0.14285714285714285
diff =  0.34123305738308435
val1:  0.8571428571428571   val2:  1.0
diff =  1.0696926953666848
val1:  0.8571428571428571   val2:  0.42857142857142855
diff =  0.9140150371033917
val1:  0.8571428571428571   val2:  0.7142857142857143
diff =  0.6741345064382749
val1:  0.8571428571428571   val2:  -0.14285714285714285
diff =  0.527470265316678
val1:  0.7142857142857143   val2:  1.0
diff =  0.8635661429519669
val1:  0.7142857142857143   val2:  0.7142857142857143
diff =  1.1967148640349616
val1:  1.0   val2:  0.42857142857142855
diff =  1.2075170551631529
val1:  1.0   val2:  0.7142857142857143
diff =  1.074262933468045
val1:  1.0   val2:  -0.14285714285714285
diff =  0.933233730395849
val1:  0.42857142857142855   val2:  0.7142857142857143
diff =  0.963678919513283
val1:  0.42857142857142855   val2:  -0.14285714285714285
diff =  0.6144200110011533
val1:  0.7142857142857143   val2:  -0.14285714285714285
diff =  0.742141420027888
Traceback (most recent call last):
  File "main.py", line 41, in <module>
    ablation_study()
  File "main.py", line 34, in ablation_study
    gamma_study(gamma_list, conf, root, gamma_file, normalize, regm, score_type, debug, train_all, feature_transform, load_active_detectors)
  File "/home/users/vnguyen/intern20/Vis-Priva-Expos/privacy/tools/ablation_studies/focusing_exposure.py", line 55, in gamma_study
    gamma_search[gamma] = parameter_search(root, gt_user_expo_situs, train_data, test_data, object_expo_situs, f_top, gamma, K, N, regm,
  File "/home/users/vnguyen/intern20/Vis-Priva-Expos/privacy/tools/ablation_studies/param_search.py", line 95, in parameter_search
    train_test_observe(train_test_batch_situs)
  File "/home/users/vnguyen/intern20/Vis-Priva-Expos/privacy/lib/analysis/train_test_regression.py", line 69, in train_test_observe
    assert 1 == 2
AssertionError
