##########################################
######## Focusing Exposure Search ########
###########################################
+++++++++++++++++++++++++++++
+++++ gamma =  0 +++++
+++++++++++++++++++++++++++++
Estimate exposure user photos ...
Done!
#### CLUSTERING ####
Calculate clustering photo features ...
Done!
Calculate clusters of users ...
Done!
##### REGRESSION #####
Calculate regression features ...
Done!
Combine and convert to numpy format ...
   job_search_IT
Number of training data:  63
Number of test data:  28
   bank_credit
Number of training data:  64
Number of test data:  28
   job_search_waiter_waitress
Number of training data:  67
Number of test data:  30
   accommodation_search
Number of training data:  69
Number of test data:  30
Done!
********************************************
  job_search_IT
Searching best parameters by regressor ...
Best parameters:
{'bootstrap': True, 'max_depth': 5, 'max_features': 'sqrt', 'min_samples_leaf': 1, 'min_samples_split': 2, 'n_estimators': 130}
Evaluation on train sets: 
Kendall score:  0.7629299724261023
mse:  0.0540979611487378
Evaluation on test sets: 
Kendall score:  0.10245809495739663
mse:  0.20267523982386818
********************************************
  bank_credit
Searching best parameters by regressor ...
Best parameters:
{'bootstrap': True, 'max_depth': 4, 'max_features': 'sqrt', 'min_samples_leaf': 1, 'min_samples_split': 3, 'n_estimators': 130}
Evaluation on train sets: 
Kendall score:  0.7346373172568037
mse:  0.08650684600083905
Evaluation on test sets: 
Kendall score:  0.19682713252204917
mse:  0.24950123569597407
********************************************
  job_search_waiter_waitress
Searching best parameters by regressor ...
Best parameters:
{'bootstrap': True, 'max_depth': 4, 'max_features': 'auto', 'min_samples_leaf': 1, 'min_samples_split': 5, 'n_estimators': 100}
Evaluation on train sets: 
Kendall score:  0.7206679835081099
mse:  0.059057974438686336
Evaluation on test sets: 
Kendall score:  0.21522110379869672
mse:  0.25729879413393814
********************************************
  accommodation_search
Searching best parameters by regressor ...
Best parameters:
{'bootstrap': True, 'max_depth': 5, 'max_features': 'auto', 'min_samples_leaf': 4, 'min_samples_split': 5, 'n_estimators': 100}
Evaluation on train sets: 
Kendall score:  0.6870711736065768
mse:  0.10901679087036995
Evaluation on test sets: 
Kendall score:  0.28484364594794254
mse:  0.21725020209345744
Done!
+++++++++++++++++++++++++++++
+++++ gamma =  1 +++++
+++++++++++++++++++++++++++++
Estimate exposure user photos ...
Done!
#### CLUSTERING ####
Calculate clustering photo features ...
Done!
Calculate clusters of users ...
Done!
##### REGRESSION #####
Calculate regression features ...
Done!
Combine and convert to numpy format ...
   job_search_IT
Number of training data:  63
Number of test data:  28
   bank_credit
Number of training data:  64
Number of test data:  28
   job_search_waiter_waitress
Number of training data:  67
Number of test data:  30
   accommodation_search
Number of training data:  69
Number of test data:  30
Done!
********************************************
  job_search_IT
Searching best parameters by regressor ...
Best parameters:
{'bootstrap': True, 'max_depth': 3, 'max_features': 'sqrt', 'min_samples_leaf': 2, 'min_samples_split': 3, 'n_estimators': 100}
Evaluation on train sets: 
Kendall score:  0.6322330551441934
mse:  0.10084253611171094
Evaluation on test sets: 
Kendall score:  0.11353464576360167
mse:  0.19961900556464665
********************************************
  bank_credit
Searching best parameters by regressor ...
Best parameters:
{'bootstrap': True, 'max_depth': 5, 'max_features': 'auto', 'min_samples_leaf': 1, 'min_samples_split': 3, 'n_estimators': 100}
Evaluation on train sets: 
Kendall score:  0.8053346323066216
mse:  0.047385388444164143
Evaluation on test sets: 
Kendall score:  0.19135971217421446
mse:  0.2725746672665346
********************************************
  job_search_waiter_waitress
Searching best parameters by regressor ...
Best parameters:
{'bootstrap': True, 'max_depth': 5, 'max_features': 'auto', 'min_samples_leaf': 1, 'min_samples_split': 3, 'n_estimators': 100}
Evaluation on train sets: 
Kendall score:  0.7908382871654785
mse:  0.03746216452261146
Evaluation on test sets: 
Kendall score:  0.12434997108369143
mse:  0.2723871104283416
********************************************
  accommodation_search
Searching best parameters by regressor ...
Best parameters:
{'bootstrap': True, 'max_depth': 5, 'max_features': 'auto', 'min_samples_leaf': 4, 'min_samples_split': 5, 'n_estimators': 130}
Evaluation on train sets: 
Kendall score:  0.6870711736065768
mse:  0.1065481928494933
Evaluation on test sets: 
Kendall score:  0.18514836986616268
mse:  0.23061359988003388
Done!
+++++++++++++++++++++++++++++
+++++ gamma =  2 +++++
+++++++++++++++++++++++++++++
Estimate exposure user photos ...
Done!
#### CLUSTERING ####
Calculate clustering photo features ...
Done!
Calculate clusters of users ...
Done!
##### REGRESSION #####
Calculate regression features ...
Done!
Combine and convert to numpy format ...
   job_search_IT
Number of training data:  63
Number of test data:  28
   bank_credit
Number of training data:  64
Number of test data:  28
   job_search_waiter_waitress
Number of training data:  67
Number of test data:  30
   accommodation_search
Number of training data:  69
Number of test data:  30
Done!
********************************************
  job_search_IT
Searching best parameters by regressor ...
Best parameters:
{'bootstrap': True, 'max_depth': 5, 'max_features': 'sqrt', 'min_samples_leaf': 4, 'min_samples_split': 2, 'n_estimators': 130}
Evaluation on train sets: 
Kendall score:  0.6184195598217153
mse:  0.10522104839779814
Evaluation on test sets: 
Kendall score:  0.14676429818221678
mse:  0.18908111782138345
********************************************
  bank_credit
Searching best parameters by regressor ...
Best parameters:
{'bootstrap': True, 'max_depth': 3, 'max_features': 'sqrt', 'min_samples_leaf': 1, 'min_samples_split': 2, 'n_estimators': 100}
Evaluation on train sets: 
Kendall score:  0.6762351874330411
mse:  0.1166779466457343
Evaluation on test sets: 
Kendall score:  0.09294614591318988
mse:  0.2574760805031325
********************************************
  job_search_waiter_waitress
Searching best parameters by regressor ...
Best parameters:
{'bootstrap': True, 'max_depth': 5, 'max_features': 'auto', 'min_samples_leaf': 4, 'min_samples_split': 3, 'n_estimators': 100}
Evaluation on train sets: 
Kendall score:  0.69696179984008
mse:  0.06530016232195614
Evaluation on test sets: 
Kendall score:  0.0813057503239521
mse:  0.27062251444205604
********************************************
  accommodation_search
Searching best parameters by regressor ...
Best parameters:
{'bootstrap': True, 'max_depth': 4, 'max_features': 'sqrt', 'min_samples_leaf': 2, 'min_samples_split': 2, 'n_estimators': 100}
Evaluation on train sets: 
Kendall score:  0.7320816165788766
mse:  0.10292204340874049
Evaluation on test sets: 
Kendall score:  0.34181237513753104
mse:  0.1972410432727338
Done!
+++++++++++++++++++++++++++++
+++++ gamma =  3 +++++
+++++++++++++++++++++++++++++
Estimate exposure user photos ...
Done!
#### CLUSTERING ####
Calculate clustering photo features ...
Done!
Calculate clusters of users ...
Done!
##### REGRESSION #####
Calculate regression features ...
Done!
Combine and convert to numpy format ...
   job_search_IT
Number of training data:  63
Number of test data:  28
   bank_credit
Number of training data:  64
Number of test data:  28
   job_search_waiter_waitress
Number of training data:  67
Number of test data:  30
   accommodation_search
Number of training data:  69
Number of test data:  30
Done!
********************************************
  job_search_IT
Searching best parameters by regressor ...
Best parameters:
{'bootstrap': True, 'max_depth': 3, 'max_features': 'sqrt', 'min_samples_leaf': 2, 'min_samples_split': 2, 'n_estimators': 100}
Evaluation on train sets: 
Kendall score:  0.5992931816828994
mse:  0.10430113247830636
Evaluation on test sets: 
Kendall score:  0.13014947197290924
mse:  0.18207982089303903
********************************************
  bank_credit
Searching best parameters by regressor ...
Best parameters:
{'bootstrap': True, 'max_depth': 4, 'max_features': 'auto', 'min_samples_leaf': 1, 'min_samples_split': 3, 'n_estimators': 100}
Evaluation on train sets: 
Kendall score:  0.7592276877089144
mse:  0.060313884432540925
Evaluation on test sets: 
Kendall score:  0.14762034939153687
mse:  0.26438380311427906
********************************************
  job_search_waiter_waitress
Searching best parameters by regressor ...
Best parameters:
{'bootstrap': True, 'max_depth': 4, 'max_features': 'sqrt', 'min_samples_leaf': 1, 'min_samples_split': 3, 'n_estimators': 130}
Evaluation on train sets: 
Kendall score:  0.7073925206540131
mse:  0.05918825849545252
Evaluation on test sets: 
Kendall score:  0.20087303021211694
mse:  0.2344960388015503
********************************************
  accommodation_search
Searching best parameters by regressor ...
Best parameters:
{'bootstrap': True, 'max_depth': 5, 'max_features': 'sqrt', 'min_samples_leaf': 2, 'min_samples_split': 2, 'n_estimators': 130}
Evaluation on train sets: 
Kendall score:  0.7532630015070177
mse:  0.08594268993666467
Evaluation on test sets: 
Kendall score:  0.4652446217149728
mse:  0.15493179297675128
Done!
Saving files ...
**** Plotting gamma ....
Done!
