##########################################
######## Focusing Exposure Search ########
###########################################
+++++++++++++++++++++++++++++
+++++ gamma =  2 +++++
+++++++++++++++++++++++++++++
Estimate exposure user photos ...
bank_credit
train
user=  64751997@N06  nb_photos=  27
user=  64334309@N00  nb_photos=  15
user=  85967538@N06  nb_photos=  24
user=  36382844@N00  nb_photos=  23
user=  38501716@N08  nb_photos=  37
user=  52219226@N04  nb_photos=  22
user=  52146651@N05  nb_photos=  12
user=  51035702270@N01  nb_photos=  19
user=  36002603@N00  nb_photos=  11
user=  89386169@N00  nb_photos=  13
user=  85213049@N00  nb_photos=  11
user=  89495020@N00  nb_photos=  18
user=  84097316@N00  nb_photos=  22
user=  29045663@N04  nb_photos=  12
user=  50519631@N03  nb_photos=  27
user=  33372350@N07  nb_photos=  32
user=  18468763@N00  nb_photos=  23
user=  7682911@N05  nb_photos=  16
user=  95841855@N00  nb_photos=  40
user=  34087769@N06  nb_photos=  31
user=  21933992@N00  nb_photos=  22
user=  69072483@N00  nb_photos=  17
user=  94988625@N00  nb_photos=  22
user=  23768558@N04  nb_photos=  16
user=  13891036@N07  nb_photos=  27
user=  67478016@N00  nb_photos=  14
user=  14541918@N06  nb_photos=  17
user=  7976350@N07  nb_photos=  13
user=  8281328@N03  nb_photos=  21
user=  24743802@N07  nb_photos=  32
user=  46212275@N00  nb_photos=  24
user=  27539972@N07  nb_photos=  19
user=  15685876@N00  nb_photos=  23
user=  28917310@N03  nb_photos=  14
user=  63474264@N00  nb_photos=  28
user=  86391067@N00  nb_photos=  14
user=  12621630@N05  nb_photos=  20
user=  51757533@N00  nb_photos=  18
user=  8404611@N06  nb_photos=  20
user=  67832712@N00  nb_photos=  30
user=  31122730@N05  nb_photos=  19
user=  63717805@N05  nb_photos=  19
user=  63303870@N00  nb_photos=  25
user=  76404534@N00  nb_photos=  31
user=  7911584@N03  nb_photos=  14
user=  83733325@N00  nb_photos=  16
user=  48763139@N00  nb_photos=  17
user=  77935962@N00  nb_photos=  22
user=  30940619@N05  nb_photos=  25
user=  80719942@N00  nb_photos=  13
user=  66090527@N08  nb_photos=  24
user=  37183694@N00  nb_photos=  18
user=  82173624@N00  nb_photos=  8
user=  52756090@N05  nb_photos=  13
user=  59073208@N08  nb_photos=  25
user=  37996580043@N01  nb_photos=  24
user=  37078731@N06  nb_photos=  10
user=  86978295@N00  nb_photos=  17
user=  62961837@N00  nb_photos=  12
user=  24172628@N08  nb_photos=  23
user=  35361836@N00  nb_photos=  18
user=  50394729@N00  nb_photos=  10
user=  84068301@N00  nb_photos=  20
user=  65977087@N00  nb_photos=  16
user=  42941795@N00  nb_photos=  11
user=  49457106@N00  nb_photos=  27
user=  34427466510@N01  nb_photos=  20
user=  47327682@N00  nb_photos=  13
user=  28490141@N03  nb_photos=  19
test
user=  46487806@N08  nb_photos=  22
user=  74233090@N00  nb_photos=  19
user=  32170948@N08  nb_photos=  12
user=  48735455@N00  nb_photos=  9
user=  44863905@N00  nb_photos=  18
user=  81395338@N00  nb_photos=  25
user=  97705886@N00  nb_photos=  20
user=  35989785@N00  nb_photos=  31
user=  72421266@N00  nb_photos=  19
user=  37457154@N02  nb_photos=  23
user=  14805648@N00  nb_photos=  18
user=  7961121@N04  nb_photos=  15
user=  70172955@N00  nb_photos=  13
user=  31932603@N00  nb_photos=  25
user=  10128633@N07  nb_photos=  22
user=  53655112@N00  nb_photos=  28
user=  38517504@N00  nb_photos=  15
user=  58827557@N06  nb_photos=  15
user=  74738073@N00  nb_photos=  6
user=  43029859@N02  nb_photos=  24
user=  9021833@N06  nb_photos=  6
user=  20765888@N04  nb_photos=  15
user=  57667389@N02  nb_photos=  12
user=  70317244@N00  nb_photos=  28
user=  11542509@N00  nb_photos=  25
user=  23028720@N00  nb_photos=  15
user=  22043318@N00  nb_photos=  22
user=  75026831@N00  nb_photos=  6
user=  26476389@N02  nb_photos=  14
user=  24638902@N03  nb_photos=  22
job_search_IT
train
user=  64751997@N06  nb_photos=  22
user=  64334309@N00  nb_photos=  15
user=  85967538@N06  nb_photos=  28
user=  36382844@N00  nb_photos=  20
user=  38501716@N08  nb_photos=  36
user=  52219226@N04  nb_photos=  24
user=  52146651@N05  nb_photos=  17
user=  51035702270@N01  nb_photos=  19
user=  36002603@N00  nb_photos=  12
user=  89386169@N00  nb_photos=  20
user=  85213049@N00  nb_photos=  21
user=  89495020@N00  nb_photos=  20
user=  84097316@N00  nb_photos=  24
user=  29045663@N04  nb_photos=  21
user=  50519631@N03  nb_photos=  29
user=  33372350@N07  nb_photos=  21
user=  18468763@N00  nb_photos=  19
user=  7682911@N05  nb_photos=  22
user=  95841855@N00  nb_photos=  41
user=  34087769@N06  nb_photos=  27
user=  21933992@N00  nb_photos=  10
user=  69072483@N00  nb_photos=  12
user=  94988625@N00  nb_photos=  22
user=  23768558@N04  nb_photos=  9
user=  13891036@N07  nb_photos=  27
user=  67478016@N00  nb_photos=  17
user=  14541918@N06  nb_photos=  12
user=  7976350@N07  nb_photos=  24
user=  8281328@N03  nb_photos=  21
user=  24743802@N07  nb_photos=  35
user=  46212275@N00  nb_photos=  26
user=  27539972@N07  nb_photos=  22
user=  15685876@N00  nb_photos=  26
user=  28917310@N03  nb_photos=  15
user=  63474264@N00  nb_photos=  32
user=  86391067@N00  nb_photos=  20
user=  12621630@N05  nb_photos=  21
user=  51757533@N00  nb_photos=  20
user=  8404611@N06  nb_photos=  17
user=  67832712@N00  nb_photos=  38
user=  31122730@N05  nb_photos=  22
user=  63717805@N05  nb_photos=  13
user=  63303870@N00  nb_photos=  32
user=  76404534@N00  nb_photos=  23
user=  7911584@N03  nb_photos=  17
user=  83733325@N00  nb_photos=  18
user=  48763139@N00  nb_photos=  21
user=  77935962@N00  nb_photos=  28
user=  30940619@N05  nb_photos=  37
user=  80719942@N00  nb_photos=  22
user=  66090527@N08  nb_photos=  14
user=  37183694@N00  nb_photos=  22
user=  82173624@N00  nb_photos=  16
user=  52756090@N05  nb_photos=  14
user=  59073208@N08  nb_photos=  23
user=  37996580043@N01  nb_photos=  26
user=  37078731@N06  nb_photos=  18
user=  86978295@N00  nb_photos=  10
user=  62961837@N00  nb_photos=  30
user=  24172628@N08  nb_photos=  26
user=  35361836@N00  nb_photos=  21
user=  50394729@N00  nb_photos=  17
user=  84068301@N00  nb_photos=  19
user=  65977087@N00  nb_photos=  19
user=  42941795@N00  nb_photos=  13
user=  49457106@N00  nb_photos=  26
user=  34427466510@N01  nb_photos=  14
user=  47327682@N00  nb_photos=  18
user=  28490141@N03  nb_photos=  13
test
user=  46487806@N08  nb_photos=  11
user=  74233090@N00  nb_photos=  24
user=  32170948@N08  nb_photos=  12
user=  48735455@N00  nb_photos=  6
user=  44863905@N00  nb_photos=  10
user=  81395338@N00  nb_photos=  29
user=  97705886@N00  nb_photos=  24
user=  35989785@N00  nb_photos=  31
user=  72421266@N00  nb_photos=  29
user=  37457154@N02  nb_photos=  28
user=  14805648@N00  nb_photos=  15
user=  7961121@N04  nb_photos=  21
user=  70172955@N00  nb_photos=  14
user=  31932603@N00  nb_photos=  29
user=  10128633@N07  nb_photos=  20
user=  53655112@N00  nb_photos=  21
user=  38517504@N00  nb_photos=  19
user=  58827557@N06  nb_photos=  23
user=  74738073@N00  nb_photos=  25
user=  43029859@N02  nb_photos=  34
user=  9021833@N06  nb_photos=  15
user=  20765888@N04  nb_photos=  25
user=  57667389@N02  nb_photos=  13
user=  70317244@N00  nb_photos=  30
user=  11542509@N00  nb_photos=  26
user=  23028720@N00  nb_photos=  18
user=  22043318@N00  nb_photos=  24
user=  75026831@N00  nb_photos=  15
user=  26476389@N02  nb_photos=  11
user=  24638902@N03  nb_photos=  18
accommodation_search
train
user=  64751997@N06  nb_photos=  72
user=  64334309@N00  nb_photos=  20
user=  85967538@N06  nb_photos=  41
user=  36382844@N00  nb_photos=  35
user=  38501716@N08  nb_photos=  55
user=  52219226@N04  nb_photos=  22
user=  52146651@N05  nb_photos=  19
user=  51035702270@N01  nb_photos=  22
user=  36002603@N00  nb_photos=  18
user=  89386169@N00  nb_photos=  27
user=  85213049@N00  nb_photos=  27
user=  89495020@N00  nb_photos=  38
user=  84097316@N00  nb_photos=  30
user=  29045663@N04  nb_photos=  29
user=  50519631@N03  nb_photos=  39
user=  33372350@N07  nb_photos=  48
user=  18468763@N00  nb_photos=  33
user=  7682911@N05  nb_photos=  32
user=  95841855@N00  nb_photos=  35
user=  34087769@N06  nb_photos=  43
user=  21933992@N00  nb_photos=  44
user=  69072483@N00  nb_photos=  25
user=  94988625@N00  nb_photos=  28
user=  23768558@N04  nb_photos=  20
user=  13891036@N07  nb_photos=  38
user=  67478016@N00  nb_photos=  33
user=  14541918@N06  nb_photos=  32
user=  7976350@N07  nb_photos=  26
user=  8281328@N03  nb_photos=  37
user=  24743802@N07  nb_photos=  45
user=  46212275@N00  nb_photos=  30
user=  27539972@N07  nb_photos=  31
user=  15685876@N00  nb_photos=  47
user=  28917310@N03  nb_photos=  12
user=  63474264@N00  nb_photos=  35
user=  86391067@N00  nb_photos=  18
user=  12621630@N05  nb_photos=  23
user=  51757533@N00  nb_photos=  32
user=  8404611@N06  nb_photos=  29
user=  67832712@N00  nb_photos=  43
user=  31122730@N05  nb_photos=  33
user=  63717805@N05  nb_photos=  29
user=  63303870@N00  nb_photos=  38
user=  76404534@N00  nb_photos=  40
user=  7911584@N03  nb_photos=  28
user=  83733325@N00  nb_photos=  21
user=  48763139@N00  nb_photos=  32
user=  77935962@N00  nb_photos=  31
user=  30940619@N05  nb_photos=  40
user=  80719942@N00  nb_photos=  34
user=  66090527@N08  nb_photos=  27
user=  37183694@N00  nb_photos=  27
user=  82173624@N00  nb_photos=  18
user=  52756090@N05  nb_photos=  48
user=  59073208@N08  nb_photos=  35
user=  37996580043@N01  nb_photos=  33
user=  37078731@N06  nb_photos=  31
user=  86978295@N00  nb_photos=  31
user=  62961837@N00  nb_photos=  45
user=  24172628@N08  nb_photos=  38
user=  35361836@N00  nb_photos=  38
user=  50394729@N00  nb_photos=  32
user=  84068301@N00  nb_photos=  29
user=  65977087@N00  nb_photos=  24
user=  42941795@N00  nb_photos=  19
user=  49457106@N00  nb_photos=  33
user=  34427466510@N01  nb_photos=  33
user=  47327682@N00  nb_photos=  33
user=  28490141@N03  nb_photos=  34
test
user=  46487806@N08  nb_photos=  63
user=  74233090@N00  nb_photos=  40
user=  32170948@N08  nb_photos=  17
user=  48735455@N00  nb_photos=  10
user=  44863905@N00  nb_photos=  35
user=  81395338@N00  nb_photos=  34
user=  97705886@N00  nb_photos=  28
user=  35989785@N00  nb_photos=  69
user=  72421266@N00  nb_photos=  52
user=  37457154@N02  nb_photos=  41
user=  14805648@N00  nb_photos=  23
user=  7961121@N04  nb_photos=  30
user=  70172955@N00  nb_photos=  38
user=  31932603@N00  nb_photos=  34
user=  10128633@N07  nb_photos=  37
user=  53655112@N00  nb_photos=  53
user=  38517504@N00  nb_photos=  32
user=  58827557@N06  nb_photos=  39
user=  74738073@N00  nb_photos=  37
user=  43029859@N02  nb_photos=  70
user=  9021833@N06  nb_photos=  45
user=  20765888@N04  nb_photos=  43
user=  57667389@N02  nb_photos=  33
user=  70317244@N00  nb_photos=  41
user=  11542509@N00  nb_photos=  30
user=  23028720@N00  nb_photos=  33
user=  22043318@N00  nb_photos=  30
user=  75026831@N00  nb_photos=  34
user=  26476389@N02  nb_photos=  13
user=  24638902@N03  nb_photos=  29
job_search_waiter_waitress
train
user=  64751997@N06  nb_photos=  69
user=  64334309@N00  nb_photos=  31
user=  85967538@N06  nb_photos=  33
user=  36382844@N00  nb_photos=  36
user=  38501716@N08  nb_photos=  50
user=  52219226@N04  nb_photos=  19
user=  52146651@N05  nb_photos=  23
user=  51035702270@N01  nb_photos=  20
user=  36002603@N00  nb_photos=  16
user=  89386169@N00  nb_photos=  20
user=  85213049@N00  nb_photos=  17
user=  89495020@N00  nb_photos=  41
user=  84097316@N00  nb_photos=  28
user=  29045663@N04  nb_photos=  29
user=  50519631@N03  nb_photos=  37
user=  33372350@N07  nb_photos=  45
user=  18468763@N00  nb_photos=  33
user=  7682911@N05  nb_photos=  25
user=  95841855@N00  nb_photos=  38
user=  34087769@N06  nb_photos=  35
user=  21933992@N00  nb_photos=  24
user=  69072483@N00  nb_photos=  24
user=  94988625@N00  nb_photos=  20
user=  23768558@N04  nb_photos=  21
user=  13891036@N07  nb_photos=  37
user=  67478016@N00  nb_photos=  29
user=  14541918@N06  nb_photos=  29
user=  7976350@N07  nb_photos=  14
user=  8281328@N03  nb_photos=  37
user=  24743802@N07  nb_photos=  44
user=  46212275@N00  nb_photos=  28
user=  27539972@N07  nb_photos=  30
user=  15685876@N00  nb_photos=  35
user=  28917310@N03  nb_photos=  8
user=  63474264@N00  nb_photos=  27
user=  86391067@N00  nb_photos=  13
user=  12621630@N05  nb_photos=  20
user=  51757533@N00  nb_photos=  31
user=  8404611@N06  nb_photos=  23
user=  67832712@N00  nb_photos=  35
user=  31122730@N05  nb_photos=  41
user=  63717805@N05  nb_photos=  23
user=  63303870@N00  nb_photos=  35
user=  76404534@N00  nb_photos=  36
user=  7911584@N03  nb_photos=  29
user=  83733325@N00  nb_photos=  26
user=  48763139@N00  nb_photos=  30
user=  77935962@N00  nb_photos=  29
user=  30940619@N05  nb_photos=  28
user=  80719942@N00  nb_photos=  22
user=  66090527@N08  nb_photos=  19
user=  37183694@N00  nb_photos=  22
user=  82173624@N00  nb_photos=  16
user=  52756090@N05  nb_photos=  49
user=  59073208@N08  nb_photos=  39
user=  37996580043@N01  nb_photos=  26
user=  37078731@N06  nb_photos=  26
user=  86978295@N00  nb_photos=  22
user=  62961837@N00  nb_photos=  55
user=  24172628@N08  nb_photos=  39
user=  35361836@N00  nb_photos=  31
user=  50394729@N00  nb_photos=  29
user=  84068301@N00  nb_photos=  24
user=  65977087@N00  nb_photos=  24
user=  42941795@N00  nb_photos=  11
user=  49457106@N00  nb_photos=  30
user=  34427466510@N01  nb_photos=  32
user=  47327682@N00  nb_photos=  33
user=  28490141@N03  nb_photos=  36
test
user=  46487806@N08  nb_photos=  42
user=  74233090@N00  nb_photos=  39
user=  32170948@N08  nb_photos=  17
user=  48735455@N00  nb_photos=  13
user=  44863905@N00  nb_photos=  29
user=  81395338@N00  nb_photos=  33
user=  97705886@N00  nb_photos=  18
user=  35989785@N00  nb_photos=  65
user=  72421266@N00  nb_photos=  52
user=  37457154@N02  nb_photos=  34
user=  14805648@N00  nb_photos=  25
user=  7961121@N04  nb_photos=  23
user=  70172955@N00  nb_photos=  35
user=  31932603@N00  nb_photos=  22
user=  10128633@N07  nb_photos=  34
user=  53655112@N00  nb_photos=  50
user=  38517504@N00  nb_photos=  34
user=  58827557@N06  nb_photos=  35
user=  74738073@N00  nb_photos=  26
user=  43029859@N02  nb_photos=  68
user=  9021833@N06  nb_photos=  54
user=  20765888@N04  nb_photos=  46
user=  57667389@N02  nb_photos=  21
user=  70317244@N00  nb_photos=  37
user=  11542509@N00  nb_photos=  28
user=  23028720@N00  nb_photos=  33
user=  22043318@N00  nb_photos=  27
user=  75026831@N00  nb_photos=  32
user=  26476389@N02  nb_photos=  12
user=  24638902@N03  nb_photos=  31
Done!
